          Evm          Svm            E11          E22          E33          E23          E13          E12         SCAU11       SCAU22       SCAU33       SCAU23       SCAU13       SCAU12      TEMP
  0.00000E+00  0.92759E+02    0.00000E+00  0.00000E+00  0.00000E+00  0.00000E+00  0.00000E+00  0.00000E+00    0.92757E+02  0.00000E+00  0.00000E+00 -0.21514E+00  0.13338E+00  0.25631E+00
  0.99998E-03  0.93391E+02    0.10000E-02 -0.47967E-03 -0.52033E-03  0.00000E+00  0.00000E+00  0.00000E+00    0.93389E+02  0.00000E+00  0.00000E+00 -0.22011E+00  0.13663E+00  0.25978E+00
  0.20000E-02  0.93986E+02    0.20000E-02 -0.95784E-03 -0.10422E-02  0.00000E+00  0.00000E+00  0.00000E+00    0.93984E+02  0.00000E+00  0.00000E+00 -0.22052E+00  0.13778E+00  0.26211E+00
  0.29999E-02  0.94644E+02    0.30000E-02 -0.14356E-02 -0.15644E-02  0.00000E+00  0.00000E+00  0.00000E+00    0.94642E+02  0.00000E+00  0.00000E+00 -0.22177E+00  0.13905E+00  0.26374E+00
  0.39999E-02  0.95300E+02    0.40000E-02 -0.19132E-02 -0.20868E-02  0.00000E+00  0.00000E+00  0.00000E+00    0.95298E+02  0.00000E+00  0.00000E+00 -0.22286E+00  0.14033E+00  0.26510E+00
  0.49999E-02  0.95952E+02    0.50000E-02 -0.23905E-02 -0.26095E-02  0.00000E+00  0.00000E+00  0.00000E+00    0.95950E+02  0.00000E+00  0.00000E+00 -0.22390E+00  0.14165E+00  0.26636E+00
  0.59999E-02  0.96600E+02    0.60000E-02 -0.28678E-02 -0.31322E-02  0.00000E+00  0.00000E+00  0.00000E+00    0.96598E+02  0.00000E+00  0.00000E+00 -0.22490E+00  0.14301E+00  0.26753E+00
  0.69998E-02  0.97231E+02    0.70000E-02 -0.33451E-02 -0.36549E-02  0.00000E+00  0.00000E+00  0.00000E+00    0.97228E+02  0.00000E+00  0.00000E+00 -0.22367E+00  0.14529E+00  0.26871E+00
  0.79998E-02  0.97879E+02    0.80000E-02 -0.38222E-02 -0.41778E-02  0.00000E+00  0.00000E+00  0.00000E+00    0.97877E+02  0.00000E+00  0.00000E+00 -0.22457E+00  0.14685E+00  0.26983E+00
  0.89998E-02  0.98515E+02    0.90000E-02 -0.42993E-02 -0.47007E-02  0.00000E+00  0.00000E+00  0.00000E+00    0.98513E+02  0.00000E+00  0.00000E+00 -0.22542E+00  0.14829E+00  0.27090E+00
  0.99998E-02  0.99147E+02    0.10000E-01 -0.47764E-02 -0.52236E-02  0.00000E+00  0.00000E+00  0.00000E+00    0.99145E+02  0.00000E+00  0.00000E+00 -0.22621E+00  0.14975E+00  0.27195E+00
  0.11000E-01  0.99775E+02    0.11000E-01 -0.52535E-02 -0.57465E-02  0.00000E+00  0.00000E+00  0.00000E+00    0.99773E+02  0.00000E+00  0.00000E+00 -0.22695E+00  0.15124E+00  0.27298E+00
  0.12000E-01  0.10040E+03    0.12000E-01 -0.57305E-02 -0.62695E-02  0.00000E+00  0.00000E+00  0.00000E+00    0.10040E+03  0.00000E+00  0.00000E+00 -0.22765E+00  0.15275E+00  0.27399E+00
  0.13000E-01  0.10102E+03    0.13000E-01 -0.62075E-02 -0.67925E-02  0.00000E+00  0.00000E+00  0.00000E+00    0.10102E+03  0.00000E+00  0.00000E+00 -0.22830E+00  0.15428E+00  0.27499E+00
  0.14000E-01  0.10164E+03    0.14000E-01 -0.66845E-02 -0.73155E-02  0.00000E+00  0.00000E+00  0.00000E+00    0.10163E+03  0.00000E+00  0.00000E+00 -0.22890E+00  0.15584E+00  0.27597E+00
  0.15000E-01  0.10225E+03    0.15000E-01 -0.71614E-02 -0.78386E-02  0.00000E+00  0.00000E+00  0.00000E+00    0.10225E+03  0.00000E+00  0.00000E+00 -0.22947E+00  0.15742E+00  0.27694E+00
  0.16000E-01  0.10286E+03    0.16000E-01 -0.76384E-02 -0.83616E-02  0.00000E+00  0.00000E+00  0.00000E+00    0.10286E+03  0.00000E+00  0.00000E+00 -0.22998E+00  0.15903E+00  0.27789E+00
  0.17000E-01  0.10346E+03    0.17000E-01 -0.81153E-02 -0.88847E-02  0.00000E+00  0.00000E+00  0.00000E+00    0.10346E+03  0.00000E+00  0.00000E+00 -0.23045E+00  0.16065E+00  0.27883E+00
  0.18000E-01  0.10406E+03    0.18000E-01 -0.85922E-02 -0.94078E-02  0.00000E+00  0.00000E+00  0.00000E+00    0.10406E+03  0.00000E+00  0.00000E+00 -0.23088E+00  0.16231E+00  0.27976E+00
  0.19000E-01  0.10466E+03    0.19000E-01 -0.90690E-02 -0.99310E-02  0.00000E+00  0.00000E+00  0.00000E+00    0.10466E+03  0.00000E+00  0.00000E+00 -0.23127E+00  0.16398E+00  0.28068E+00
  0.20000E-01  0.10526E+03    0.20000E-01 -0.95459E-02 -0.10454E-01  0.00000E+00  0.00000E+00  0.00000E+00    0.10525E+03  0.00000E+00  0.00000E+00 -0.23161E+00  0.16568E+00  0.28158E+00
  0.21000E-01  0.10585E+03    0.21000E-01 -0.10023E-01 -0.10977E-01  0.00000E+00  0.00000E+00  0.00000E+00    0.10585E+03  0.00000E+00  0.00000E+00 -0.23191E+00  0.16741E+00  0.28247E+00
  0.22000E-01  0.10644E+03    0.22000E-01 -0.10500E-01 -0.11500E-01  0.00000E+00  0.00000E+00  0.00000E+00    0.10643E+03  0.00000E+00  0.00000E+00 -0.23216E+00  0.16915E+00  0.28336E+00
  0.22999E-01  0.10702E+03    0.23000E-01 -0.10976E-01 -0.12024E-01  0.00000E+00  0.00000E+00  0.00000E+00    0.10702E+03  0.00000E+00  0.00000E+00 -0.23238E+00  0.17092E+00  0.28423E+00
  0.23999E-01  0.10760E+03    0.24000E-01 -0.11453E-01 -0.12547E-01  0.00000E+00  0.00000E+00  0.00000E+00    0.10760E+03  0.00000E+00  0.00000E+00 -0.23255E+00  0.17271E+00  0.28509E+00
  0.24999E-01  0.10818E+03    0.25000E-01 -0.11930E-01 -0.13070E-01  0.00000E+00  0.00000E+00  0.00000E+00    0.10817E+03  0.00000E+00  0.00000E+00 -0.23269E+00  0.17453E+00  0.28594E+00
  0.25999E-01  0.10875E+03    0.26000E-01 -0.12406E-01 -0.13594E-01  0.00000E+00  0.00000E+00  0.00000E+00    0.10875E+03  0.00000E+00  0.00000E+00 -0.23278E+00  0.17636E+00  0.28678E+00
  0.26999E-01  0.10932E+03    0.27000E-01 -0.12883E-01 -0.14117E-01  0.00000E+00  0.00000E+00  0.00000E+00    0.10932E+03  0.00000E+00  0.00000E+00 -0.23283E+00  0.17823E+00  0.28761E+00
  0.27999E-01  0.10989E+03    0.28000E-01 -0.13360E-01 -0.14640E-01  0.00000E+00  0.00000E+00  0.00000E+00    0.10988E+03  0.00000E+00  0.00000E+00 -0.23284E+00  0.18011E+00  0.28844E+00
  0.28999E-01  0.11045E+03    0.29000E-01 -0.13836E-01 -0.15164E-01  0.00000E+00  0.00000E+00  0.00000E+00    0.11045E+03  0.00000E+00  0.00000E+00 -0.23282E+00  0.18201E+00  0.28925E+00
  0.29999E-01  0.11101E+03    0.30000E-01 -0.14313E-01 -0.15687E-01  0.00000E+00  0.00000E+00  0.00000E+00    0.11101E+03  0.00000E+00  0.00000E+00 -0.23275E+00  0.18393E+00  0.29006E+00
  0.30999E-01  0.11157E+03    0.31000E-01 -0.14790E-01 -0.16210E-01  0.00000E+00  0.00000E+00  0.00000E+00    0.11156E+03  0.00000E+00  0.00000E+00 -0.23265E+00  0.18588E+00  0.29086E+00
  0.31999E-01  0.11212E+03    0.32000E-01 -0.15266E-01 -0.16734E-01  0.00000E+00  0.00000E+00  0.00000E+00    0.11212E+03  0.00000E+00  0.00000E+00 -0.23250E+00  0.18785E+00  0.29165E+00
  0.32999E-01  0.11267E+03    0.33000E-01 -0.15743E-01 -0.17257E-01  0.00000E+00  0.00000E+00  0.00000E+00    0.11267E+03  0.00000E+00  0.00000E+00 -0.23232E+00  0.18984E+00  0.29243E+00
  0.33999E-01  0.11322E+03    0.34000E-01 -0.16219E-01 -0.17781E-01  0.00000E+00  0.00000E+00  0.00000E+00    0.11321E+03  0.00000E+00  0.00000E+00 -0.23210E+00  0.19184E+00  0.29321E+00
  0.34999E-01  0.11376E+03    0.35000E-01 -0.16696E-01 -0.18304E-01  0.00000E+00  0.00000E+00  0.00000E+00    0.11376E+03  0.00000E+00  0.00000E+00 -0.23185E+00  0.19387E+00  0.29397E+00
  0.35999E-01  0.11430E+03    0.36000E-01 -0.17172E-01 -0.18828E-01  0.00000E+00  0.00000E+00  0.00000E+00    0.11430E+03  0.00000E+00  0.00000E+00 -0.23156E+00  0.19592E+00  0.29474E+00
  0.36999E-01  0.11484E+03    0.37000E-01 -0.17649E-01 -0.19351E-01  0.00000E+00  0.00000E+00  0.00000E+00    0.11484E+03  0.00000E+00  0.00000E+00 -0.23124E+00  0.19799E+00  0.29549E+00
  0.37999E-01  0.11537E+03    0.38000E-01 -0.18125E-01 -0.19875E-01  0.00000E+00  0.00000E+00  0.00000E+00    0.11537E+03  0.00000E+00  0.00000E+00 -0.23087E+00  0.20008E+00  0.29624E+00
  0.38999E-01  0.11590E+03    0.39000E-01 -0.18601E-01 -0.20399E-01  0.00000E+00  0.00000E+00  0.00000E+00    0.11590E+03  0.00000E+00  0.00000E+00 -0.23048E+00  0.20219E+00  0.29698E+00
  0.39999E-01  0.11643E+03    0.40000E-01 -0.19078E-01 -0.20922E-01  0.00000E+00  0.00000E+00  0.00000E+00    0.11643E+03  0.00000E+00  0.00000E+00 -0.23005E+00  0.20432E+00  0.29772E+00
  0.40999E-01  0.11696E+03    0.41000E-01 -0.19554E-01 -0.21446E-01  0.00000E+00  0.00000E+00  0.00000E+00    0.11695E+03  0.00000E+00  0.00000E+00 -0.22958E+00  0.20647E+00  0.29845E+00
  0.41999E-01  0.11748E+03    0.42000E-01 -0.20030E-01 -0.21970E-01  0.00000E+00  0.00000E+00  0.00000E+00    0.11748E+03  0.00000E+00  0.00000E+00 -0.22909E+00  0.20864E+00  0.29917E+00
  0.42999E-01  0.11800E+03    0.43000E-01 -0.20507E-01 -0.22493E-01  0.00000E+00  0.00000E+00  0.00000E+00    0.11800E+03  0.00000E+00  0.00000E+00 -0.22855E+00  0.21083E+00  0.29989E+00
  0.43999E-01  0.11851E+03    0.44000E-01 -0.20983E-01 -0.23017E-01  0.00000E+00  0.00000E+00  0.00000E+00    0.11851E+03  0.00000E+00  0.00000E+00 -0.22799E+00  0.21303E+00  0.30061E+00
  0.44999E-01  0.11899E+03    0.45000E-01 -0.21459E-01 -0.23541E-01  0.00000E+00  0.00000E+00  0.00000E+00    0.11899E+03  0.00000E+00  0.00000E+00 -0.23079E+00  0.21347E+00  0.30133E+00
  0.45999E-01  0.11953E+03    0.46000E-01 -0.21935E-01 -0.24065E-01  0.00000E+00  0.00000E+00  0.00000E+00    0.11953E+03  0.00000E+00  0.00000E+00 -0.22699E+00  0.21733E+00  0.30198E+00
  0.46999E-01  0.12001E+03    0.47000E-01 -0.22412E-01 -0.24588E-01  0.00000E+00  0.00000E+00  0.00000E+00    0.12000E+03  0.00000E+00  0.00000E+00 -0.22952E+00  0.21792E+00  0.30275E+00
  0.47999E-01  0.12051E+03    0.48000E-01 -0.22888E-01 -0.25112E-01  0.00000E+00  0.00000E+00  0.00000E+00    0.12051E+03  0.00000E+00  0.00000E+00 -0.22891E+00  0.22009E+00  0.30345E+00
  0.48999E-01  0.12102E+03    0.49000E-01 -0.23364E-01 -0.25636E-01  0.00000E+00  0.00000E+00  0.00000E+00    0.12101E+03  0.00000E+00  0.00000E+00 -0.22820E+00  0.22236E+00  0.30415E+00
  0.49999E-01  0.12151E+03    0.50000E-01 -0.23840E-01 -0.26160E-01  0.00000E+00  0.00000E+00  0.00000E+00    0.12151E+03  0.00000E+00  0.00000E+00 -0.22745E+00  0.22465E+00  0.30485E+00
  0.50999E-01  0.12201E+03    0.51000E-01 -0.24316E-01 -0.26684E-01  0.00000E+00  0.00000E+00  0.00000E+00    0.12201E+03  0.00000E+00  0.00000E+00 -0.22667E+00  0.22695E+00  0.30554E+00
  0.51999E-01  0.12250E+03    0.52000E-01 -0.24792E-01 -0.27208E-01  0.00000E+00  0.00000E+00  0.00000E+00    0.12250E+03  0.00000E+00  0.00000E+00 -0.22585E+00  0.22928E+00  0.30623E+00
  0.52999E-01  0.12299E+03    0.53000E-01 -0.25268E-01 -0.27732E-01  0.00000E+00  0.00000E+00  0.00000E+00    0.12299E+03  0.00000E+00  0.00000E+00 -0.22501E+00  0.23162E+00  0.30692E+00
  0.53999E-01  0.12348E+03    0.54000E-01 -0.25744E-01 -0.28256E-01  0.00000E+00  0.00000E+00  0.00000E+00    0.12348E+03  0.00000E+00  0.00000E+00 -0.22413E+00  0.23398E+00  0.30761E+00
  0.54999E-01  0.12397E+03    0.55000E-01 -0.26220E-01 -0.28780E-01  0.00000E+00  0.00000E+00  0.00000E+00    0.12396E+03  0.00000E+00  0.00000E+00 -0.22324E+00  0.23635E+00  0.30829E+00
  0.55999E-01  0.12447E+03    0.56000E-01 -0.26696E-01 -0.29304E-01  0.00000E+00  0.00000E+00  0.00000E+00    0.12447E+03  0.00000E+00  0.00000E+00 -0.21908E+00  0.24057E+00  0.30882E+00
  0.56999E-01  0.12493E+03    0.57000E-01 -0.27172E-01 -0.29828E-01  0.00000E+00  0.00000E+00  0.00000E+00    0.12492E+03  0.00000E+00  0.00000E+00 -0.22129E+00  0.24124E+00  0.30965E+00
  0.57999E-01  0.12542E+03    0.58000E-01 -0.27648E-01 -0.30352E-01  0.00000E+00  0.00000E+00  0.00000E+00    0.12542E+03  0.00000E+00  0.00000E+00 -0.21715E+00  0.24544E+00  0.31016E+00
  0.58999E-01  0.12588E+03    0.59000E-01 -0.28124E-01 -0.30876E-01  0.00000E+00  0.00000E+00  0.00000E+00    0.12588E+03  0.00000E+00  0.00000E+00 -0.21929E+00  0.24611E+00  0.31100E+00
  0.59999E-01  0.12634E+03    0.60000E-01 -0.28600E-01 -0.31400E-01  0.00000E+00  0.00000E+00  0.00000E+00    0.12634E+03  0.00000E+00  0.00000E+00 -0.21870E+00  0.24831E+00  0.31166E+00
  0.60999E-01  0.12682E+03    0.61000E-01 -0.29075E-01 -0.31925E-01  0.00000E+00  0.00000E+00  0.00000E+00    0.12682E+03  0.00000E+00  0.00000E+00 -0.21726E+00  0.25095E+00  0.31235E+00
  0.61999E-01  0.12727E+03    0.62000E-01 -0.29551E-01 -0.32449E-01  0.00000E+00  0.00000E+00  0.00000E+00    0.12727E+03  0.00000E+00  0.00000E+00 -0.21653E+00  0.25327E+00  0.31300E+00
  0.62999E-01  0.12775E+03    0.63000E-01 -0.30027E-01 -0.32973E-01  0.00000E+00  0.00000E+00  0.00000E+00    0.12775E+03  0.00000E+00  0.00000E+00 -0.21503E+00  0.25595E+00  0.31370E+00
  0.63999E-01  0.12820E+03    0.64000E-01 -0.30503E-01 -0.33497E-01  0.00000E+00  0.00000E+00  0.00000E+00    0.12820E+03  0.00000E+00  0.00000E+00 -0.21426E+00  0.25830E+00  0.31436E+00
  0.64999E-01  0.12867E+03    0.65000E-01 -0.30979E-01 -0.34021E-01  0.00000E+00  0.00000E+00  0.00000E+00    0.12867E+03  0.00000E+00  0.00000E+00 -0.21271E+00  0.26101E+00  0.31504E+00
  0.65999E-01  0.12911E+03    0.66000E-01 -0.31454E-01 -0.34546E-01  0.00000E+00  0.00000E+00  0.00000E+00    0.12911E+03  0.00000E+00  0.00000E+00 -0.21188E+00  0.26339E+00  0.31571E+00
  0.66999E-01  0.12958E+03    0.67000E-01 -0.31930E-01 -0.35070E-01  0.00000E+00  0.00000E+00  0.00000E+00    0.12958E+03  0.00000E+00  0.00000E+00 -0.21027E+00  0.26613E+00  0.31639E+00
  0.67999E-01  0.13002E+03    0.68000E-01 -0.32405E-01 -0.35595E-01  0.00000E+00  0.00000E+00  0.00000E+00    0.13002E+03  0.00000E+00  0.00000E+00 -0.20939E+00  0.26855E+00  0.31706E+00
  0.68999E-01  0.13048E+03    0.69000E-01 -0.32881E-01 -0.36119E-01  0.00000E+00  0.00000E+00  0.00000E+00    0.13048E+03  0.00000E+00  0.00000E+00 -0.20774E+00  0.27132E+00  0.31774E+00
  0.69999E-01  0.13092E+03    0.70000E-01 -0.33357E-01 -0.36643E-01  0.00000E+00  0.00000E+00  0.00000E+00    0.13091E+03  0.00000E+00  0.00000E+00 -0.20681E+00  0.27377E+00  0.31842E+00
  0.70999E-01  0.13136E+03    0.71000E-01 -0.33832E-01 -0.37168E-01  0.00000E+00  0.00000E+00  0.00000E+00    0.13136E+03  0.00000E+00  0.00000E+00 -0.20555E+00  0.27637E+00  0.31910E+00
  0.71999E-01  0.13180E+03    0.72000E-01 -0.34308E-01 -0.37692E-01  0.00000E+00  0.00000E+00  0.00000E+00    0.13180E+03  0.00000E+00  0.00000E+00 -0.20421E+00  0.27902E+00  0.31979E+00
  0.72998E-01  0.13224E+03    0.73000E-01 -0.34783E-01 -0.38217E-01  0.00000E+00  0.00000E+00  0.00000E+00    0.13224E+03  0.00000E+00  0.00000E+00 -0.20283E+00  0.28169E+00  0.32047E+00
  0.73998E-01  0.13268E+03    0.74000E-01 -0.35259E-01 -0.38741E-01  0.00000E+00  0.00000E+00  0.00000E+00    0.13267E+03  0.00000E+00  0.00000E+00 -0.20143E+00  0.28437E+00  0.32116E+00
  0.74998E-01  0.13311E+03    0.75000E-01 -0.35734E-01 -0.39266E-01  0.00000E+00  0.00000E+00  0.00000E+00    0.13311E+03  0.00000E+00  0.00000E+00 -0.20001E+00  0.28707E+00  0.32186E+00
  0.75998E-01  0.13354E+03    0.76000E-01 -0.36210E-01 -0.39790E-01  0.00000E+00  0.00000E+00  0.00000E+00    0.13354E+03  0.00000E+00  0.00000E+00 -0.19856E+00  0.28979E+00  0.32256E+00
  0.76998E-01  0.13397E+03    0.77000E-01 -0.36685E-01 -0.40315E-01  0.00000E+00  0.00000E+00  0.00000E+00    0.13397E+03  0.00000E+00  0.00000E+00 -0.19709E+00  0.29252E+00  0.32326E+00
  0.77998E-01  0.13440E+03    0.78000E-01 -0.37160E-01 -0.40840E-01  0.00000E+00  0.00000E+00  0.00000E+00    0.13440E+03  0.00000E+00  0.00000E+00 -0.19560E+00  0.29527E+00  0.32396E+00
  0.78998E-01  0.13483E+03    0.79000E-01 -0.37636E-01 -0.41364E-01  0.00000E+00  0.00000E+00  0.00000E+00    0.13483E+03  0.00000E+00  0.00000E+00 -0.19408E+00  0.29804E+00  0.32468E+00
  0.79998E-01  0.13525E+03    0.80000E-01 -0.38111E-01 -0.41889E-01  0.00000E+00  0.00000E+00  0.00000E+00    0.13525E+03  0.00000E+00  0.00000E+00 -0.19254E+00  0.30082E+00  0.32540E+00
  0.80998E-01  0.13567E+03    0.81000E-01 -0.38586E-01 -0.42414E-01  0.00000E+00  0.00000E+00  0.00000E+00    0.13567E+03  0.00000E+00  0.00000E+00 -0.19099E+00  0.30362E+00  0.32612E+00
  0.81998E-01  0.13609E+03    0.82000E-01 -0.39062E-01 -0.42938E-01  0.00000E+00  0.00000E+00  0.00000E+00    0.13609E+03  0.00000E+00  0.00000E+00 -0.18940E+00  0.30644E+00  0.32685E+00
  0.82998E-01  0.13651E+03    0.83000E-01 -0.39537E-01 -0.43463E-01  0.00000E+00  0.00000E+00  0.00000E+00    0.13651E+03  0.00000E+00  0.00000E+00 -0.18780E+00  0.30927E+00  0.32759E+00
  0.83998E-01  0.13692E+03    0.84000E-01 -0.40012E-01 -0.43988E-01  0.00000E+00  0.00000E+00  0.00000E+00    0.13692E+03  0.00000E+00  0.00000E+00 -0.18617E+00  0.31213E+00  0.32833E+00
  0.84998E-01  0.13734E+03    0.85000E-01 -0.40487E-01 -0.44513E-01  0.00000E+00  0.00000E+00  0.00000E+00    0.13733E+03  0.00000E+00  0.00000E+00 -0.17692E+00  0.31860E+00  0.32912E+00
  0.85998E-01  0.13772E+03    0.86000E-01 -0.40962E-01 -0.45038E-01  0.00000E+00  0.00000E+00  0.00000E+00    0.13772E+03  0.00000E+00  0.00000E+00 -0.17724E+00  0.32104E+00  0.33000E+00
  0.86998E-01  0.13812E+03    0.87000E-01 -0.41437E-01 -0.45563E-01  0.00000E+00  0.00000E+00  0.00000E+00    0.13812E+03  0.00000E+00  0.00000E+00 -0.17526E+00  0.32406E+00  0.33080E+00
  0.87998E-01  0.13853E+03    0.88000E-01 -0.41913E-01 -0.46087E-01  0.00000E+00  0.00000E+00  0.00000E+00    0.13852E+03  0.00000E+00  0.00000E+00 -0.17354E+00  0.32701E+00  0.33159E+00
  0.88998E-01  0.13893E+03    0.89000E-01 -0.42388E-01 -0.46612E-01  0.00000E+00  0.00000E+00  0.00000E+00    0.13893E+03  0.00000E+00  0.00000E+00 -0.17182E+00  0.32998E+00  0.33238E+00
  0.89998E-01  0.13933E+03    0.90000E-01 -0.42863E-01 -0.47137E-01  0.00000E+00  0.00000E+00  0.00000E+00    0.13933E+03  0.00000E+00  0.00000E+00 -0.17007E+00  0.33296E+00  0.33318E+00
  0.90998E-01  0.13979E+03    0.91000E-01 -0.43338E-01 -0.47662E-01  0.00000E+00  0.00000E+00  0.00000E+00    0.13978E+03  0.00000E+00  0.00000E+00 -0.16656E+00  0.33671E+00  0.33389E+00
  0.91998E-01  0.14019E+03    0.92000E-01 -0.43813E-01 -0.48187E-01  0.00000E+00  0.00000E+00  0.00000E+00    0.14019E+03  0.00000E+00  0.00000E+00 -0.16521E+00  0.33963E+00  0.33469E+00
  0.92998E-01  0.14059E+03    0.93000E-01 -0.44288E-01 -0.48712E-01  0.00000E+00  0.00000E+00  0.00000E+00    0.14059E+03  0.00000E+00  0.00000E+00 -0.16341E+00  0.34268E+00  0.33552E+00
  0.93998E-01  0.14098E+03    0.94000E-01 -0.44762E-01 -0.49238E-01  0.00000E+00  0.00000E+00  0.00000E+00    0.14098E+03  0.00000E+00  0.00000E+00 -0.16158E+00  0.34575E+00  0.33636E+00
  0.94998E-01  0.14137E+03    0.95000E-01 -0.45237E-01 -0.49763E-01  0.00000E+00  0.00000E+00  0.00000E+00    0.14137E+03  0.00000E+00  0.00000E+00 -0.15974E+00  0.34884E+00  0.33722E+00
  0.95998E-01  0.14176E+03    0.96000E-01 -0.45712E-01 -0.50288E-01  0.00000E+00  0.00000E+00  0.00000E+00    0.14176E+03  0.00000E+00  0.00000E+00 -0.15789E+00  0.35194E+00  0.33809E+00
  0.96998E-01  0.14215E+03    0.97000E-01 -0.46187E-01 -0.50813E-01  0.00000E+00  0.00000E+00  0.00000E+00    0.14215E+03  0.00000E+00  0.00000E+00 -0.15601E+00  0.35507E+00  0.33897E+00
  0.97998E-01  0.14254E+03    0.98000E-01 -0.46662E-01 -0.51338E-01  0.00000E+00  0.00000E+00  0.00000E+00    0.14253E+03  0.00000E+00  0.00000E+00 -0.15412E+00  0.35822E+00  0.33987E+00
  0.98998E-01  0.14292E+03    0.99000E-01 -0.47137E-01 -0.51863E-01  0.00000E+00  0.00000E+00  0.00000E+00    0.14292E+03  0.00000E+00  0.00000E+00 -0.15221E+00  0.36138E+00  0.34078E+00
  0.99998E-01  0.14330E+03    0.10000E+00 -0.47612E-01 -0.52388E-01  0.00000E+00  0.00000E+00  0.00000E+00    0.14330E+03  0.00000E+00  0.00000E+00 -0.15028E+00  0.36457E+00  0.34170E+00
