          Evm          Svm            E11          E22          E33          E23          E13          E12         SCAU11       SCAU22       SCAU33       SCAU23       SCAU13       SCAU12      TEMP
  0.00000E+00  0.11087E+03    0.00000E+00  0.00000E+00  0.00000E+00  0.00000E+00  0.00000E+00  0.00000E+00    0.11087E+03  0.00000E+00  0.00000E+00 -0.25714E+00  0.15942E+00  0.30635E+00
  0.99998E-03  0.11143E+03    0.10000E-02 -0.47967E-03 -0.52033E-03  0.00000E+00  0.00000E+00  0.00000E+00    0.11143E+03  0.00000E+00  0.00000E+00 -0.26165E+00  0.16475E+00  0.30934E+00
  0.20000E-02  0.11209E+03    0.20000E-02 -0.95794E-03 -0.10421E-02  0.00000E+00  0.00000E+00  0.00000E+00    0.11209E+03  0.00000E+00  0.00000E+00 -0.26252E+00  0.16439E+00  0.31259E+00
  0.29999E-02  0.11274E+03    0.30000E-02 -0.14358E-02 -0.15642E-02  0.00000E+00  0.00000E+00  0.00000E+00    0.11274E+03  0.00000E+00  0.00000E+00 -0.26139E+00  0.16668E+00  0.31402E+00
  0.39999E-02  0.11341E+03    0.40000E-02 -0.19134E-02 -0.20866E-02  0.00000E+00  0.00000E+00  0.00000E+00    0.11341E+03  0.00000E+00  0.00000E+00 -0.26237E+00  0.16819E+00  0.31549E+00
  0.49999E-02  0.11406E+03    0.50000E-02 -0.23909E-02 -0.26091E-02  0.00000E+00  0.00000E+00  0.00000E+00    0.11406E+03  0.00000E+00  0.00000E+00 -0.26326E+00  0.16962E+00  0.31669E+00
  0.59999E-02  0.11471E+03    0.60000E-02 -0.28683E-02 -0.31317E-02  0.00000E+00  0.00000E+00  0.00000E+00    0.11471E+03  0.00000E+00  0.00000E+00 -0.26409E+00  0.17108E+00  0.31781E+00
  0.69998E-02  0.11535E+03    0.70000E-02 -0.33455E-02 -0.36545E-02  0.00000E+00  0.00000E+00  0.00000E+00    0.11535E+03  0.00000E+00  0.00000E+00 -0.26488E+00  0.17257E+00  0.31888E+00
  0.79998E-02  0.11599E+03    0.80000E-02 -0.38227E-02 -0.41773E-02  0.00000E+00  0.00000E+00  0.00000E+00    0.11599E+03  0.00000E+00  0.00000E+00 -0.26561E+00  0.17409E+00  0.31990E+00
  0.89998E-02  0.11663E+03    0.90000E-02 -0.42999E-02 -0.47001E-02  0.00000E+00  0.00000E+00  0.00000E+00    0.11663E+03  0.00000E+00  0.00000E+00 -0.26629E+00  0.17565E+00  0.32089E+00
  0.99998E-02  0.11726E+03    0.10000E-01 -0.47770E-02 -0.52230E-02  0.00000E+00  0.00000E+00  0.00000E+00    0.11726E+03  0.00000E+00  0.00000E+00 -0.26692E+00  0.17722E+00  0.32185E+00
  0.11000E-01  0.11789E+03    0.11000E-01 -0.52541E-02 -0.57459E-02  0.00000E+00  0.00000E+00  0.00000E+00    0.11789E+03  0.00000E+00  0.00000E+00 -0.26751E+00  0.17883E+00  0.32279E+00
  0.12000E-01  0.11852E+03    0.12000E-01 -0.57311E-02 -0.62689E-02  0.00000E+00  0.00000E+00  0.00000E+00    0.11851E+03  0.00000E+00  0.00000E+00 -0.26804E+00  0.18047E+00  0.32371E+00
  0.13000E-01  0.11914E+03    0.13000E-01 -0.62081E-02 -0.67919E-02  0.00000E+00  0.00000E+00  0.00000E+00    0.11913E+03  0.00000E+00  0.00000E+00 -0.26853E+00  0.18213E+00  0.32461E+00
  0.14000E-01  0.11975E+03    0.14000E-01 -0.66851E-02 -0.73149E-02  0.00000E+00  0.00000E+00  0.00000E+00    0.11975E+03  0.00000E+00  0.00000E+00 -0.26897E+00  0.18382E+00  0.32550E+00
  0.15000E-01  0.12037E+03    0.15000E-01 -0.71621E-02 -0.78379E-02  0.00000E+00  0.00000E+00  0.00000E+00    0.12036E+03  0.00000E+00  0.00000E+00 -0.26936E+00  0.18554E+00  0.32636E+00
  0.16000E-01  0.12098E+03    0.16000E-01 -0.76390E-02 -0.83610E-02  0.00000E+00  0.00000E+00  0.00000E+00    0.12097E+03  0.00000E+00  0.00000E+00 -0.26970E+00  0.18728E+00  0.32722E+00
  0.17000E-01  0.12158E+03    0.17000E-01 -0.81159E-02 -0.88841E-02  0.00000E+00  0.00000E+00  0.00000E+00    0.12158E+03  0.00000E+00  0.00000E+00 -0.27000E+00  0.18905E+00  0.32806E+00
  0.18000E-01  0.12218E+03    0.18000E-01 -0.85928E-02 -0.94072E-02  0.00000E+00  0.00000E+00  0.00000E+00    0.12218E+03  0.00000E+00  0.00000E+00 -0.27024E+00  0.19084E+00  0.32889E+00
  0.19000E-01  0.12278E+03    0.19000E-01 -0.90696E-02 -0.99304E-02  0.00000E+00  0.00000E+00  0.00000E+00    0.12278E+03  0.00000E+00  0.00000E+00 -0.27045E+00  0.19266E+00  0.32971E+00
  0.20000E-01  0.12338E+03    0.20000E-01 -0.95465E-02 -0.10454E-01  0.00000E+00  0.00000E+00  0.00000E+00    0.12338E+03  0.00000E+00  0.00000E+00 -0.27061E+00  0.19450E+00  0.33051E+00
  0.21000E-01  0.12397E+03    0.21000E-01 -0.10023E-01 -0.10977E-01  0.00000E+00  0.00000E+00  0.00000E+00    0.12397E+03  0.00000E+00  0.00000E+00 -0.27072E+00  0.19638E+00  0.33131E+00
  0.22000E-01  0.12456E+03    0.22000E-01 -0.10500E-01 -0.11500E-01  0.00000E+00  0.00000E+00  0.00000E+00    0.12456E+03  0.00000E+00  0.00000E+00 -0.27079E+00  0.19827E+00  0.33210E+00
  0.22999E-01  0.12514E+03    0.23000E-01 -0.10977E-01 -0.12023E-01  0.00000E+00  0.00000E+00  0.00000E+00    0.12514E+03  0.00000E+00  0.00000E+00 -0.27081E+00  0.20020E+00  0.33287E+00
  0.23999E-01  0.12572E+03    0.24000E-01 -0.11454E-01 -0.12546E-01  0.00000E+00  0.00000E+00  0.00000E+00    0.12572E+03  0.00000E+00  0.00000E+00 -0.27079E+00  0.20214E+00  0.33363E+00
  0.24999E-01  0.12630E+03    0.25000E-01 -0.11930E-01 -0.13070E-01  0.00000E+00  0.00000E+00  0.00000E+00    0.12630E+03  0.00000E+00  0.00000E+00 -0.27073E+00  0.20411E+00  0.33438E+00
  0.25999E-01  0.12688E+03    0.26000E-01 -0.12407E-01 -0.13593E-01  0.00000E+00  0.00000E+00  0.00000E+00    0.12687E+03  0.00000E+00  0.00000E+00 -0.27062E+00  0.20610E+00  0.33513E+00
  0.26999E-01  0.12745E+03    0.27000E-01 -0.12884E-01 -0.14116E-01  0.00000E+00  0.00000E+00  0.00000E+00    0.12744E+03  0.00000E+00  0.00000E+00 -0.27048E+00  0.20813E+00  0.33587E+00
  0.27999E-01  0.12801E+03    0.28000E-01 -0.13360E-01 -0.14640E-01  0.00000E+00  0.00000E+00  0.00000E+00    0.12801E+03  0.00000E+00  0.00000E+00 -0.27029E+00  0.21017E+00  0.33659E+00
  0.28999E-01  0.12853E+03    0.29000E-01 -0.13837E-01 -0.15163E-01  0.00000E+00  0.00000E+00  0.00000E+00    0.12853E+03  0.00000E+00  0.00000E+00 -0.27341E+00  0.21069E+00  0.33727E+00
  0.29999E-01  0.12913E+03    0.30000E-01 -0.14314E-01 -0.15686E-01  0.00000E+00  0.00000E+00  0.00000E+00    0.12913E+03  0.00000E+00  0.00000E+00 -0.26999E+00  0.21419E+00  0.33798E+00
  0.30999E-01  0.12965E+03    0.31000E-01 -0.14790E-01 -0.16210E-01  0.00000E+00  0.00000E+00  0.00000E+00    0.12965E+03  0.00000E+00  0.00000E+00 -0.27286E+00  0.21485E+00  0.33869E+00
  0.31999E-01  0.13024E+03    0.32000E-01 -0.15267E-01 -0.16733E-01  0.00000E+00  0.00000E+00  0.00000E+00    0.13024E+03  0.00000E+00  0.00000E+00 -0.26934E+00  0.21844E+00  0.33938E+00
  0.32999E-01  0.13075E+03    0.33000E-01 -0.15743E-01 -0.17257E-01  0.00000E+00  0.00000E+00  0.00000E+00    0.13075E+03  0.00000E+00  0.00000E+00 -0.27213E+00  0.21911E+00  0.34009E+00
  0.33999E-01  0.13133E+03    0.34000E-01 -0.16220E-01 -0.17780E-01  0.00000E+00  0.00000E+00  0.00000E+00    0.13133E+03  0.00000E+00  0.00000E+00 -0.26856E+00  0.22266E+00  0.34076E+00
  0.34999E-01  0.13185E+03    0.35000E-01 -0.16696E-01 -0.18304E-01  0.00000E+00  0.00000E+00  0.00000E+00    0.13184E+03  0.00000E+00  0.00000E+00 -0.27127E+00  0.22344E+00  0.34146E+00
  0.35999E-01  0.13242E+03    0.36000E-01 -0.17173E-01 -0.18827E-01  0.00000E+00  0.00000E+00  0.00000E+00    0.13242E+03  0.00000E+00  0.00000E+00 -0.26758E+00  0.22710E+00  0.34210E+00
  0.36999E-01  0.13293E+03    0.37000E-01 -0.17649E-01 -0.19351E-01  0.00000E+00  0.00000E+00  0.00000E+00    0.13292E+03  0.00000E+00  0.00000E+00 -0.27023E+00  0.22788E+00  0.34281E+00
  0.37999E-01  0.13349E+03    0.38000E-01 -0.18126E-01 -0.19874E-01  0.00000E+00  0.00000E+00  0.00000E+00    0.13349E+03  0.00000E+00  0.00000E+00 -0.26647E+00  0.23161E+00  0.34342E+00
  0.38999E-01  0.13400E+03    0.39000E-01 -0.18602E-01 -0.20398E-01  0.00000E+00  0.00000E+00  0.00000E+00    0.13399E+03  0.00000E+00  0.00000E+00 -0.26905E+00  0.23241E+00  0.34414E+00
  0.39999E-01  0.13455E+03    0.40000E-01 -0.19078E-01 -0.20922E-01  0.00000E+00  0.00000E+00  0.00000E+00    0.13455E+03  0.00000E+00  0.00000E+00 -0.26521E+00  0.23622E+00  0.34472E+00
  0.40999E-01  0.13505E+03    0.41000E-01 -0.19555E-01 -0.21445E-01  0.00000E+00  0.00000E+00  0.00000E+00    0.13505E+03  0.00000E+00  0.00000E+00 -0.26771E+00  0.23701E+00  0.34545E+00
  0.41999E-01  0.13560E+03    0.42000E-01 -0.20031E-01 -0.21969E-01  0.00000E+00  0.00000E+00  0.00000E+00    0.13560E+03  0.00000E+00  0.00000E+00 -0.26380E+00  0.24091E+00  0.34600E+00
  0.42999E-01  0.13609E+03    0.43000E-01 -0.20507E-01 -0.22493E-01  0.00000E+00  0.00000E+00  0.00000E+00    0.13609E+03  0.00000E+00  0.00000E+00 -0.26623E+00  0.24170E+00  0.34674E+00
  0.43999E-01  0.13660E+03    0.44000E-01 -0.20983E-01 -0.23017E-01  0.00000E+00  0.00000E+00  0.00000E+00    0.13660E+03  0.00000E+00  0.00000E+00 -0.26589E+00  0.24385E+00  0.34735E+00
  0.44999E-01  0.13713E+03    0.45000E-01 -0.21460E-01 -0.23540E-01  0.00000E+00  0.00000E+00  0.00000E+00    0.13712E+03  0.00000E+00  0.00000E+00 -0.26472E+00  0.24638E+00  0.34801E+00
  0.45999E-01  0.13762E+03    0.46000E-01 -0.21936E-01 -0.24064E-01  0.00000E+00  0.00000E+00  0.00000E+00    0.13762E+03  0.00000E+00  0.00000E+00 -0.26422E+00  0.24865E+00  0.34861E+00
  0.46999E-01  0.13815E+03    0.47000E-01 -0.22412E-01 -0.24588E-01  0.00000E+00  0.00000E+00  0.00000E+00    0.13814E+03  0.00000E+00  0.00000E+00 -0.26297E+00  0.25123E+00  0.34927E+00
  0.47999E-01  0.13864E+03    0.48000E-01 -0.22888E-01 -0.25112E-01  0.00000E+00  0.00000E+00  0.00000E+00    0.13864E+03  0.00000E+00  0.00000E+00 -0.26241E+00  0.25354E+00  0.34987E+00
  0.48999E-01  0.13916E+03    0.49000E-01 -0.23364E-01 -0.25636E-01  0.00000E+00  0.00000E+00  0.00000E+00    0.13915E+03  0.00000E+00  0.00000E+00 -0.26109E+00  0.25616E+00  0.35051E+00
  0.49999E-01  0.13964E+03    0.50000E-01 -0.23840E-01 -0.26160E-01  0.00000E+00  0.00000E+00  0.00000E+00    0.13964E+03  0.00000E+00  0.00000E+00 -0.26047E+00  0.25850E+00  0.35111E+00
  0.50999E-01  0.14015E+03    0.51000E-01 -0.24317E-01 -0.26683E-01  0.00000E+00  0.00000E+00  0.00000E+00    0.14015E+03  0.00000E+00  0.00000E+00 -0.25909E+00  0.26116E+00  0.35175E+00
  0.51999E-01  0.14063E+03    0.52000E-01 -0.24793E-01 -0.27207E-01  0.00000E+00  0.00000E+00  0.00000E+00    0.14063E+03  0.00000E+00  0.00000E+00 -0.25839E+00  0.26354E+00  0.35235E+00
  0.52999E-01  0.14112E+03    0.53000E-01 -0.25269E-01 -0.27731E-01  0.00000E+00  0.00000E+00  0.00000E+00    0.14112E+03  0.00000E+00  0.00000E+00 -0.25738E+00  0.26606E+00  0.35295E+00
  0.53999E-01  0.14161E+03    0.54000E-01 -0.25745E-01 -0.28255E-01  0.00000E+00  0.00000E+00  0.00000E+00    0.14161E+03  0.00000E+00  0.00000E+00 -0.25628E+00  0.26863E+00  0.35357E+00
  0.54999E-01  0.14210E+03    0.55000E-01 -0.26221E-01 -0.28779E-01  0.00000E+00  0.00000E+00  0.00000E+00    0.14209E+03  0.00000E+00  0.00000E+00 -0.25513E+00  0.27121E+00  0.35418E+00
  0.55999E-01  0.14258E+03    0.56000E-01 -0.26696E-01 -0.29304E-01  0.00000E+00  0.00000E+00  0.00000E+00    0.14258E+03  0.00000E+00  0.00000E+00 -0.25396E+00  0.27381E+00  0.35479E+00
  0.56999E-01  0.14306E+03    0.57000E-01 -0.27172E-01 -0.29828E-01  0.00000E+00  0.00000E+00  0.00000E+00    0.14306E+03  0.00000E+00  0.00000E+00 -0.25276E+00  0.27643E+00  0.35540E+00
  0.57999E-01  0.14354E+03    0.58000E-01 -0.27648E-01 -0.30352E-01  0.00000E+00  0.00000E+00  0.00000E+00    0.14354E+03  0.00000E+00  0.00000E+00 -0.25153E+00  0.27907E+00  0.35601E+00
  0.58999E-01  0.14401E+03    0.59000E-01 -0.28124E-01 -0.30876E-01  0.00000E+00  0.00000E+00  0.00000E+00    0.14401E+03  0.00000E+00  0.00000E+00 -0.25026E+00  0.28172E+00  0.35662E+00
  0.59999E-01  0.14449E+03    0.60000E-01 -0.28600E-01 -0.31400E-01  0.00000E+00  0.00000E+00  0.00000E+00    0.14448E+03  0.00000E+00  0.00000E+00 -0.24898E+00  0.28440E+00  0.35723E+00
  0.60999E-01  0.14496E+03    0.61000E-01 -0.29076E-01 -0.31924E-01  0.00000E+00  0.00000E+00  0.00000E+00    0.14495E+03  0.00000E+00  0.00000E+00 -0.24766E+00  0.28709E+00  0.35784E+00
  0.61999E-01  0.14543E+03    0.62000E-01 -0.29552E-01 -0.32448E-01  0.00000E+00  0.00000E+00  0.00000E+00    0.14542E+03  0.00000E+00  0.00000E+00 -0.24631E+00  0.28980E+00  0.35845E+00
  0.62999E-01  0.14589E+03    0.63000E-01 -0.30027E-01 -0.32973E-01  0.00000E+00  0.00000E+00  0.00000E+00    0.14589E+03  0.00000E+00  0.00000E+00 -0.24493E+00  0.29253E+00  0.35906E+00
  0.63999E-01  0.14635E+03    0.64000E-01 -0.30503E-01 -0.33497E-01  0.00000E+00  0.00000E+00  0.00000E+00    0.14635E+03  0.00000E+00  0.00000E+00 -0.24352E+00  0.29527E+00  0.35967E+00
  0.64999E-01  0.14681E+03    0.65000E-01 -0.30979E-01 -0.34021E-01  0.00000E+00  0.00000E+00  0.00000E+00    0.14681E+03  0.00000E+00  0.00000E+00 -0.24209E+00  0.29803E+00  0.36029E+00
  0.65999E-01  0.14727E+03    0.66000E-01 -0.31454E-01 -0.34546E-01  0.00000E+00  0.00000E+00  0.00000E+00    0.14727E+03  0.00000E+00  0.00000E+00 -0.24063E+00  0.30081E+00  0.36090E+00
  0.66999E-01  0.14773E+03    0.67000E-01 -0.31930E-01 -0.35070E-01  0.00000E+00  0.00000E+00  0.00000E+00    0.14772E+03  0.00000E+00  0.00000E+00 -0.23915E+00  0.30360E+00  0.36152E+00
  0.67999E-01  0.14818E+03    0.68000E-01 -0.32406E-01 -0.35594E-01  0.00000E+00  0.00000E+00  0.00000E+00    0.14818E+03  0.00000E+00  0.00000E+00 -0.23764E+00  0.30642E+00  0.36215E+00
  0.68999E-01  0.14863E+03    0.69000E-01 -0.32881E-01 -0.36119E-01  0.00000E+00  0.00000E+00  0.00000E+00    0.14863E+03  0.00000E+00  0.00000E+00 -0.23610E+00  0.30925E+00  0.36277E+00
  0.69999E-01  0.14908E+03    0.70000E-01 -0.33357E-01 -0.36643E-01  0.00000E+00  0.00000E+00  0.00000E+00    0.14907E+03  0.00000E+00  0.00000E+00 -0.23454E+00  0.31209E+00  0.36340E+00
  0.70999E-01  0.14952E+03    0.71000E-01 -0.33832E-01 -0.37168E-01  0.00000E+00  0.00000E+00  0.00000E+00    0.14952E+03  0.00000E+00  0.00000E+00 -0.23296E+00  0.31496E+00  0.36403E+00
  0.71999E-01  0.14997E+03    0.72000E-01 -0.34308E-01 -0.37692E-01  0.00000E+00  0.00000E+00  0.00000E+00    0.14997E+03  0.00000E+00  0.00000E+00 -0.22366E+00  0.32117E+00  0.36472E+00
  0.72998E-01  0.15044E+03    0.73000E-01 -0.34783E-01 -0.38217E-01  0.00000E+00  0.00000E+00  0.00000E+00    0.15044E+03  0.00000E+00  0.00000E+00 -0.22236E+00  0.32433E+00  0.36537E+00
  0.73998E-01  0.15088E+03    0.74000E-01 -0.35259E-01 -0.38741E-01  0.00000E+00  0.00000E+00  0.00000E+00    0.15088E+03  0.00000E+00  0.00000E+00 -0.22080E+00  0.32729E+00  0.36600E+00
  0.74998E-01  0.15132E+03    0.75000E-01 -0.35734E-01 -0.39266E-01  0.00000E+00  0.00000E+00  0.00000E+00    0.15131E+03  0.00000E+00  0.00000E+00 -0.21910E+00  0.33027E+00  0.36665E+00
  0.75998E-01  0.15175E+03    0.76000E-01 -0.36209E-01 -0.39791E-01  0.00000E+00  0.00000E+00  0.00000E+00    0.15175E+03  0.00000E+00  0.00000E+00 -0.21738E+00  0.33325E+00  0.36731E+00
  0.76998E-01  0.15218E+03    0.77000E-01 -0.36685E-01 -0.40315E-01  0.00000E+00  0.00000E+00  0.00000E+00    0.15218E+03  0.00000E+00  0.00000E+00 -0.21564E+00  0.33626E+00  0.36797E+00
  0.77998E-01  0.15261E+03    0.78000E-01 -0.37160E-01 -0.40840E-01  0.00000E+00  0.00000E+00  0.00000E+00    0.15261E+03  0.00000E+00  0.00000E+00 -0.21388E+00  0.33928E+00  0.36863E+00
  0.78998E-01  0.15304E+03    0.79000E-01 -0.37635E-01 -0.41365E-01  0.00000E+00  0.00000E+00  0.00000E+00    0.15303E+03  0.00000E+00  0.00000E+00 -0.21210E+00  0.34232E+00  0.36931E+00
  0.79998E-01  0.15346E+03    0.80000E-01 -0.38111E-01 -0.41889E-01  0.00000E+00  0.00000E+00  0.00000E+00    0.15346E+03  0.00000E+00  0.00000E+00 -0.21029E+00  0.34538E+00  0.36999E+00
  0.80998E-01  0.15388E+03    0.81000E-01 -0.38586E-01 -0.42414E-01  0.00000E+00  0.00000E+00  0.00000E+00    0.15388E+03  0.00000E+00  0.00000E+00 -0.20846E+00  0.34846E+00  0.37068E+00
  0.81998E-01  0.15430E+03    0.82000E-01 -0.39061E-01 -0.42939E-01  0.00000E+00  0.00000E+00  0.00000E+00    0.15430E+03  0.00000E+00  0.00000E+00 -0.20661E+00  0.35156E+00  0.37138E+00
  0.82998E-01  0.15472E+03    0.83000E-01 -0.39536E-01 -0.43464E-01  0.00000E+00  0.00000E+00  0.00000E+00    0.15472E+03  0.00000E+00  0.00000E+00 -0.20474E+00  0.35467E+00  0.37208E+00
  0.83998E-01  0.15514E+03    0.84000E-01 -0.40012E-01 -0.43988E-01  0.00000E+00  0.00000E+00  0.00000E+00    0.15513E+03  0.00000E+00  0.00000E+00 -0.20284E+00  0.35781E+00  0.37280E+00
  0.84998E-01  0.15555E+03    0.85000E-01 -0.40487E-01 -0.44513E-01  0.00000E+00  0.00000E+00  0.00000E+00    0.15555E+03  0.00000E+00  0.00000E+00 -0.20093E+00  0.36096E+00  0.37352E+00
  0.85998E-01  0.15596E+03    0.86000E-01 -0.40962E-01 -0.45038E-01  0.00000E+00  0.00000E+00  0.00000E+00    0.15596E+03  0.00000E+00  0.00000E+00 -0.19899E+00  0.36413E+00  0.37426E+00
  0.86998E-01  0.15637E+03    0.87000E-01 -0.41437E-01 -0.45563E-01  0.00000E+00  0.00000E+00  0.00000E+00    0.15637E+03  0.00000E+00  0.00000E+00 -0.19703E+00  0.36732E+00  0.37500E+00
  0.87998E-01  0.15678E+03    0.88000E-01 -0.41912E-01 -0.46088E-01  0.00000E+00  0.00000E+00  0.00000E+00    0.15678E+03  0.00000E+00  0.00000E+00 -0.19505E+00  0.37053E+00  0.37576E+00
  0.88998E-01  0.15719E+03    0.89000E-01 -0.42387E-01 -0.46613E-01  0.00000E+00  0.00000E+00  0.00000E+00    0.15718E+03  0.00000E+00  0.00000E+00 -0.19305E+00  0.37377E+00  0.37653E+00
  0.89998E-01  0.15759E+03    0.90000E-01 -0.42862E-01 -0.47138E-01  0.00000E+00  0.00000E+00  0.00000E+00    0.15759E+03  0.00000E+00  0.00000E+00 -0.19103E+00  0.37702E+00  0.37731E+00
  0.90998E-01  0.15799E+03    0.91000E-01 -0.43337E-01 -0.47663E-01  0.00000E+00  0.00000E+00  0.00000E+00    0.15799E+03  0.00000E+00  0.00000E+00 -0.18899E+00  0.38029E+00  0.37810E+00
  0.91998E-01  0.15839E+03    0.92000E-01 -0.43812E-01 -0.48188E-01  0.00000E+00  0.00000E+00  0.00000E+00    0.15839E+03  0.00000E+00  0.00000E+00 -0.18694E+00  0.38358E+00  0.37890E+00
  0.92998E-01  0.15879E+03    0.93000E-01 -0.44287E-01 -0.48713E-01  0.00000E+00  0.00000E+00  0.00000E+00    0.15878E+03  0.00000E+00  0.00000E+00 -0.18486E+00  0.38690E+00  0.37972E+00
  0.93998E-01  0.15918E+03    0.94000E-01 -0.44762E-01 -0.49238E-01  0.00000E+00  0.00000E+00  0.00000E+00    0.15918E+03  0.00000E+00  0.00000E+00 -0.18276E+00  0.39023E+00  0.38055E+00
  0.94998E-01  0.15957E+03    0.95000E-01 -0.45237E-01 -0.49763E-01  0.00000E+00  0.00000E+00  0.00000E+00    0.15957E+03  0.00000E+00  0.00000E+00 -0.18065E+00  0.39358E+00  0.38140E+00
  0.95998E-01  0.15997E+03    0.96000E-01 -0.45711E-01 -0.50289E-01  0.00000E+00  0.00000E+00  0.00000E+00    0.15996E+03  0.00000E+00  0.00000E+00 -0.17852E+00  0.39696E+00  0.38226E+00
  0.96998E-01  0.16036E+03    0.97000E-01 -0.46186E-01 -0.50814E-01  0.00000E+00  0.00000E+00  0.00000E+00    0.16035E+03  0.00000E+00  0.00000E+00 -0.17637E+00  0.40036E+00  0.38314E+00
  0.97998E-01  0.16074E+03    0.98000E-01 -0.46661E-01 -0.51339E-01  0.00000E+00  0.00000E+00  0.00000E+00    0.16074E+03  0.00000E+00  0.00000E+00 -0.17420E+00  0.40378E+00  0.38403E+00
  0.98998E-01  0.16113E+03    0.99000E-01 -0.47136E-01 -0.51864E-01  0.00000E+00  0.00000E+00  0.00000E+00    0.16113E+03  0.00000E+00  0.00000E+00 -0.17201E+00  0.40722E+00  0.38494E+00
  0.99998E-01  0.16151E+03    0.10000E+00 -0.47611E-01 -0.52389E-01  0.00000E+00  0.00000E+00  0.00000E+00    0.16151E+03  0.00000E+00  0.00000E+00 -0.16981E+00  0.41069E+00  0.38586E+00
