          Evm          Svm            E11          E22          E33          E23          E13          E12         SCAU11       SCAU22       SCAU33       SCAU23       SCAU13       SCAU12      TEMP
  0.00000E+00  0.97268E+02    0.00000E+00  0.00000E+00  0.00000E+00  0.00000E+00  0.00000E+00  0.00000E+00    0.97266E+02  0.00000E+00  0.00000E+00 -0.22559E+00  0.13986E+00  0.26877E+00
  0.99998E-03  0.97900E+02    0.10000E-02 -0.47967E-03 -0.52033E-03  0.00000E+00  0.00000E+00  0.00000E+00    0.97897E+02  0.00000E+00  0.00000E+00 -0.23059E+00  0.14323E+00  0.27233E+00
  0.20000E-02  0.98495E+02    0.20000E-02 -0.95784E-03 -0.10422E-02  0.00000E+00  0.00000E+00  0.00000E+00    0.98493E+02  0.00000E+00  0.00000E+00 -0.23096E+00  0.14439E+00  0.27470E+00
  0.29999E-02  0.99153E+02    0.30000E-02 -0.14356E-02 -0.15644E-02  0.00000E+00  0.00000E+00  0.00000E+00    0.99151E+02  0.00000E+00  0.00000E+00 -0.23217E+00  0.14567E+00  0.27633E+00
  0.39999E-02  0.99798E+02    0.40000E-02 -0.19132E-02 -0.20868E-02  0.00000E+00  0.00000E+00  0.00000E+00    0.99796E+02  0.00000E+00  0.00000E+00 -0.23107E+00  0.14792E+00  0.27765E+00
  0.49999E-02  0.10046E+03    0.50000E-02 -0.23906E-02 -0.26094E-02  0.00000E+00  0.00000E+00  0.00000E+00    0.10046E+03  0.00000E+00  0.00000E+00 -0.23210E+00  0.14940E+00  0.27895E+00
  0.59999E-02  0.10111E+03    0.60000E-02 -0.28679E-02 -0.31321E-02  0.00000E+00  0.00000E+00  0.00000E+00    0.10110E+03  0.00000E+00  0.00000E+00 -0.23305E+00  0.15079E+00  0.28011E+00
  0.69998E-02  0.10175E+03    0.70000E-02 -0.33451E-02 -0.36549E-02  0.00000E+00  0.00000E+00  0.00000E+00    0.10175E+03  0.00000E+00  0.00000E+00 -0.23394E+00  0.15220E+00  0.28122E+00
  0.79998E-02  0.10239E+03    0.80000E-02 -0.38223E-02 -0.41777E-02  0.00000E+00  0.00000E+00  0.00000E+00    0.10239E+03  0.00000E+00  0.00000E+00 -0.23479E+00  0.15364E+00  0.28230E+00
  0.89998E-02  0.10303E+03    0.90000E-02 -0.42994E-02 -0.47006E-02  0.00000E+00  0.00000E+00  0.00000E+00    0.10302E+03  0.00000E+00  0.00000E+00 -0.23559E+00  0.15510E+00  0.28335E+00
  0.99998E-02  0.10366E+03    0.10000E-01 -0.47765E-02 -0.52235E-02  0.00000E+00  0.00000E+00  0.00000E+00    0.10366E+03  0.00000E+00  0.00000E+00 -0.23634E+00  0.15659E+00  0.28438E+00
  0.11000E-01  0.10429E+03    0.11000E-01 -0.52535E-02 -0.57465E-02  0.00000E+00  0.00000E+00  0.00000E+00    0.10428E+03  0.00000E+00  0.00000E+00 -0.23704E+00  0.15811E+00  0.28539E+00
  0.12000E-01  0.10491E+03    0.12000E-01 -0.57306E-02 -0.62694E-02  0.00000E+00  0.00000E+00  0.00000E+00    0.10491E+03  0.00000E+00  0.00000E+00 -0.23770E+00  0.15965E+00  0.28638E+00
  0.13000E-01  0.10553E+03    0.13000E-01 -0.62076E-02 -0.67924E-02  0.00000E+00  0.00000E+00  0.00000E+00    0.10553E+03  0.00000E+00  0.00000E+00 -0.23831E+00  0.16122E+00  0.28735E+00
  0.14000E-01  0.10615E+03    0.14000E-01 -0.66846E-02 -0.73154E-02  0.00000E+00  0.00000E+00  0.00000E+00    0.10615E+03  0.00000E+00  0.00000E+00 -0.23888E+00  0.16281E+00  0.28831E+00
  0.15000E-01  0.10676E+03    0.15000E-01 -0.71615E-02 -0.78385E-02  0.00000E+00  0.00000E+00  0.00000E+00    0.10676E+03  0.00000E+00  0.00000E+00 -0.23940E+00  0.16442E+00  0.28925E+00
  0.16000E-01  0.10737E+03    0.16000E-01 -0.76384E-02 -0.83616E-02  0.00000E+00  0.00000E+00  0.00000E+00    0.10737E+03  0.00000E+00  0.00000E+00 -0.23987E+00  0.16606E+00  0.29018E+00
  0.17000E-01  0.10798E+03    0.17000E-01 -0.81154E-02 -0.88846E-02  0.00000E+00  0.00000E+00  0.00000E+00    0.10797E+03  0.00000E+00  0.00000E+00 -0.24030E+00  0.16773E+00  0.29109E+00
  0.18000E-01  0.10858E+03    0.18000E-01 -0.85922E-02 -0.94078E-02  0.00000E+00  0.00000E+00  0.00000E+00    0.10857E+03  0.00000E+00  0.00000E+00 -0.24068E+00  0.16941E+00  0.29200E+00
  0.19000E-01  0.10918E+03    0.19000E-01 -0.90691E-02 -0.99309E-02  0.00000E+00  0.00000E+00  0.00000E+00    0.10917E+03  0.00000E+00  0.00000E+00 -0.24102E+00  0.17113E+00  0.29289E+00
  0.20000E-01  0.10977E+03    0.20000E-01 -0.95460E-02 -0.10454E-01  0.00000E+00  0.00000E+00  0.00000E+00    0.10977E+03  0.00000E+00  0.00000E+00 -0.24132E+00  0.17286E+00  0.29377E+00
  0.21000E-01  0.11036E+03    0.21000E-01 -0.10023E-01 -0.10977E-01  0.00000E+00  0.00000E+00  0.00000E+00    0.11036E+03  0.00000E+00  0.00000E+00 -0.24157E+00  0.17462E+00  0.29463E+00
  0.22000E-01  0.11095E+03    0.22000E-01 -0.10500E-01 -0.11500E-01  0.00000E+00  0.00000E+00  0.00000E+00    0.11095E+03  0.00000E+00  0.00000E+00 -0.24178E+00  0.17641E+00  0.29550E+00
  0.22999E-01  0.11153E+03    0.23000E-01 -0.10976E-01 -0.12024E-01  0.00000E+00  0.00000E+00  0.00000E+00    0.11153E+03  0.00000E+00  0.00000E+00 -0.24195E+00  0.17821E+00  0.29634E+00
  0.23999E-01  0.11211E+03    0.24000E-01 -0.11453E-01 -0.12547E-01  0.00000E+00  0.00000E+00  0.00000E+00    0.11211E+03  0.00000E+00  0.00000E+00 -0.24207E+00  0.18005E+00  0.29718E+00
  0.24999E-01  0.11269E+03    0.25000E-01 -0.11930E-01 -0.13070E-01  0.00000E+00  0.00000E+00  0.00000E+00    0.11269E+03  0.00000E+00  0.00000E+00 -0.24216E+00  0.18190E+00  0.29800E+00
  0.25999E-01  0.11326E+03    0.26000E-01 -0.12407E-01 -0.13593E-01  0.00000E+00  0.00000E+00  0.00000E+00    0.11326E+03  0.00000E+00  0.00000E+00 -0.24220E+00  0.18377E+00  0.29882E+00
  0.26999E-01  0.11383E+03    0.27000E-01 -0.12883E-01 -0.14117E-01  0.00000E+00  0.00000E+00  0.00000E+00    0.11383E+03  0.00000E+00  0.00000E+00 -0.24220E+00  0.18567E+00  0.29963E+00
  0.27999E-01  0.11440E+03    0.28000E-01 -0.13360E-01 -0.14640E-01  0.00000E+00  0.00000E+00  0.00000E+00    0.11440E+03  0.00000E+00  0.00000E+00 -0.24217E+00  0.18759E+00  0.30043E+00
  0.28999E-01  0.11496E+03    0.29000E-01 -0.13837E-01 -0.15163E-01  0.00000E+00  0.00000E+00  0.00000E+00    0.11496E+03  0.00000E+00  0.00000E+00 -0.24209E+00  0.18954E+00  0.30122E+00
  0.29999E-01  0.11552E+03    0.30000E-01 -0.14313E-01 -0.15687E-01  0.00000E+00  0.00000E+00  0.00000E+00    0.11552E+03  0.00000E+00  0.00000E+00 -0.24197E+00  0.19150E+00  0.30200E+00
  0.30999E-01  0.11608E+03    0.31000E-01 -0.14790E-01 -0.16210E-01  0.00000E+00  0.00000E+00  0.00000E+00    0.11608E+03  0.00000E+00  0.00000E+00 -0.24181E+00  0.19349E+00  0.30278E+00
  0.31999E-01  0.11663E+03    0.32000E-01 -0.15266E-01 -0.16734E-01  0.00000E+00  0.00000E+00  0.00000E+00    0.11663E+03  0.00000E+00  0.00000E+00 -0.24162E+00  0.19550E+00  0.30355E+00
  0.32999E-01  0.11719E+03    0.33000E-01 -0.15743E-01 -0.17257E-01  0.00000E+00  0.00000E+00  0.00000E+00    0.11718E+03  0.00000E+00  0.00000E+00 -0.24139E+00  0.19753E+00  0.30431E+00
  0.33999E-01  0.11773E+03    0.34000E-01 -0.16219E-01 -0.17781E-01  0.00000E+00  0.00000E+00  0.00000E+00    0.11773E+03  0.00000E+00  0.00000E+00 -0.24112E+00  0.19958E+00  0.30506E+00
  0.34999E-01  0.11828E+03    0.35000E-01 -0.16696E-01 -0.18304E-01  0.00000E+00  0.00000E+00  0.00000E+00    0.11827E+03  0.00000E+00  0.00000E+00 -0.24081E+00  0.20166E+00  0.30580E+00
  0.35999E-01  0.11882E+03    0.36000E-01 -0.17172E-01 -0.18828E-01  0.00000E+00  0.00000E+00  0.00000E+00    0.11881E+03  0.00000E+00  0.00000E+00 -0.24047E+00  0.20375E+00  0.30654E+00
  0.36999E-01  0.11935E+03    0.37000E-01 -0.17649E-01 -0.19351E-01  0.00000E+00  0.00000E+00  0.00000E+00    0.11935E+03  0.00000E+00  0.00000E+00 -0.24009E+00  0.20586E+00  0.30727E+00
  0.37999E-01  0.11989E+03    0.38000E-01 -0.18125E-01 -0.19875E-01  0.00000E+00  0.00000E+00  0.00000E+00    0.11989E+03  0.00000E+00  0.00000E+00 -0.23967E+00  0.20800E+00  0.30800E+00
  0.38999E-01  0.12042E+03    0.39000E-01 -0.18601E-01 -0.20399E-01  0.00000E+00  0.00000E+00  0.00000E+00    0.12042E+03  0.00000E+00  0.00000E+00 -0.23922E+00  0.21016E+00  0.30872E+00
  0.39999E-01  0.12095E+03    0.40000E-01 -0.19078E-01 -0.20922E-01  0.00000E+00  0.00000E+00  0.00000E+00    0.12095E+03  0.00000E+00  0.00000E+00 -0.23873E+00  0.21233E+00  0.30943E+00
  0.40999E-01  0.12143E+03    0.41000E-01 -0.19554E-01 -0.21446E-01  0.00000E+00  0.00000E+00  0.00000E+00    0.12143E+03  0.00000E+00  0.00000E+00 -0.24161E+00  0.21281E+00  0.31014E+00
  0.41999E-01  0.12199E+03    0.42000E-01 -0.20030E-01 -0.21970E-01  0.00000E+00  0.00000E+00  0.00000E+00    0.12199E+03  0.00000E+00  0.00000E+00 -0.23788E+00  0.21659E+00  0.31080E+00
  0.42999E-01  0.12248E+03    0.43000E-01 -0.20507E-01 -0.22493E-01  0.00000E+00  0.00000E+00  0.00000E+00    0.12247E+03  0.00000E+00  0.00000E+00 -0.24049E+00  0.21720E+00  0.31155E+00
  0.43999E-01  0.12299E+03    0.44000E-01 -0.20983E-01 -0.23017E-01  0.00000E+00  0.00000E+00  0.00000E+00    0.12299E+03  0.00000E+00  0.00000E+00 -0.23995E+00  0.21935E+00  0.31225E+00
  0.44999E-01  0.12351E+03    0.45000E-01 -0.21459E-01 -0.23541E-01  0.00000E+00  0.00000E+00  0.00000E+00    0.12350E+03  0.00000E+00  0.00000E+00 -0.23931E+00  0.22159E+00  0.31294E+00
  0.45999E-01  0.12402E+03    0.46000E-01 -0.21935E-01 -0.24065E-01  0.00000E+00  0.00000E+00  0.00000E+00    0.12402E+03  0.00000E+00  0.00000E+00 -0.23863E+00  0.22386E+00  0.31363E+00
  0.46999E-01  0.12453E+03    0.47000E-01 -0.22412E-01 -0.24588E-01  0.00000E+00  0.00000E+00  0.00000E+00    0.12452E+03  0.00000E+00  0.00000E+00 -0.23791E+00  0.22614E+00  0.31432E+00
  0.47999E-01  0.12503E+03    0.48000E-01 -0.22888E-01 -0.25112E-01  0.00000E+00  0.00000E+00  0.00000E+00    0.12503E+03  0.00000E+00  0.00000E+00 -0.23717E+00  0.22845E+00  0.31501E+00
  0.48999E-01  0.12553E+03    0.49000E-01 -0.23364E-01 -0.25636E-01  0.00000E+00  0.00000E+00  0.00000E+00    0.12553E+03  0.00000E+00  0.00000E+00 -0.23639E+00  0.23077E+00  0.31569E+00
  0.49999E-01  0.12603E+03    0.50000E-01 -0.23840E-01 -0.26160E-01  0.00000E+00  0.00000E+00  0.00000E+00    0.12603E+03  0.00000E+00  0.00000E+00 -0.23557E+00  0.23311E+00  0.31637E+00
  0.50999E-01  0.12655E+03    0.51000E-01 -0.24316E-01 -0.26684E-01  0.00000E+00  0.00000E+00  0.00000E+00    0.12655E+03  0.00000E+00  0.00000E+00 -0.23149E+00  0.23722E+00  0.31691E+00
  0.51999E-01  0.12702E+03    0.52000E-01 -0.24792E-01 -0.27208E-01  0.00000E+00  0.00000E+00  0.00000E+00    0.12702E+03  0.00000E+00  0.00000E+00 -0.23380E+00  0.23792E+00  0.31772E+00
  0.52999E-01  0.12753E+03    0.53000E-01 -0.25268E-01 -0.27732E-01  0.00000E+00  0.00000E+00  0.00000E+00    0.12753E+03  0.00000E+00  0.00000E+00 -0.22973E+00  0.24202E+00  0.31824E+00
  0.53999E-01  0.12800E+03    0.54000E-01 -0.25744E-01 -0.28256E-01  0.00000E+00  0.00000E+00  0.00000E+00    0.12800E+03  0.00000E+00  0.00000E+00 -0.23197E+00  0.24273E+00  0.31906E+00
  0.54999E-01  0.12851E+03    0.55000E-01 -0.26220E-01 -0.28780E-01  0.00000E+00  0.00000E+00  0.00000E+00    0.12850E+03  0.00000E+00  0.00000E+00 -0.22784E+00  0.24690E+00  0.31956E+00
  0.55999E-01  0.12897E+03    0.56000E-01 -0.26696E-01 -0.29304E-01  0.00000E+00  0.00000E+00  0.00000E+00    0.12896E+03  0.00000E+00  0.00000E+00 -0.23001E+00  0.24761E+00  0.32038E+00
  0.56999E-01  0.12943E+03    0.57000E-01 -0.27172E-01 -0.29828E-01  0.00000E+00  0.00000E+00  0.00000E+00    0.12943E+03  0.00000E+00  0.00000E+00 -0.22944E+00  0.24981E+00  0.32102E+00
  0.57999E-01  0.12993E+03    0.58000E-01 -0.27648E-01 -0.30352E-01  0.00000E+00  0.00000E+00  0.00000E+00    0.12992E+03  0.00000E+00  0.00000E+00 -0.22803E+00  0.25245E+00  0.32170E+00
  0.58999E-01  0.13039E+03    0.59000E-01 -0.28124E-01 -0.30876E-01  0.00000E+00  0.00000E+00  0.00000E+00    0.13038E+03  0.00000E+00  0.00000E+00 -0.22732E+00  0.25478E+00  0.32234E+00
  0.59999E-01  0.13087E+03    0.60000E-01 -0.28600E-01 -0.31400E-01  0.00000E+00  0.00000E+00  0.00000E+00    0.13087E+03  0.00000E+00  0.00000E+00 -0.22585E+00  0.25746E+00  0.32302E+00
  0.60999E-01  0.13133E+03    0.61000E-01 -0.29075E-01 -0.31925E-01  0.00000E+00  0.00000E+00  0.00000E+00    0.13132E+03  0.00000E+00  0.00000E+00 -0.22509E+00  0.25982E+00  0.32366E+00
  0.61999E-01  0.13181E+03    0.62000E-01 -0.29551E-01 -0.32449E-01  0.00000E+00  0.00000E+00  0.00000E+00    0.13180E+03  0.00000E+00  0.00000E+00 -0.22355E+00  0.26254E+00  0.32433E+00
  0.62999E-01  0.13226E+03    0.63000E-01 -0.30027E-01 -0.32973E-01  0.00000E+00  0.00000E+00  0.00000E+00    0.13226E+03  0.00000E+00  0.00000E+00 -0.22274E+00  0.26492E+00  0.32498E+00
  0.63999E-01  0.13273E+03    0.64000E-01 -0.30503E-01 -0.33497E-01  0.00000E+00  0.00000E+00  0.00000E+00    0.13273E+03  0.00000E+00  0.00000E+00 -0.22115E+00  0.26768E+00  0.32565E+00
  0.64999E-01  0.13318E+03    0.65000E-01 -0.30978E-01 -0.34022E-01  0.00000E+00  0.00000E+00  0.00000E+00    0.13318E+03  0.00000E+00  0.00000E+00 -0.22029E+00  0.27010E+00  0.32630E+00
  0.65999E-01  0.13363E+03    0.66000E-01 -0.31454E-01 -0.34546E-01  0.00000E+00  0.00000E+00  0.00000E+00    0.13363E+03  0.00000E+00  0.00000E+00 -0.21909E+00  0.27268E+00  0.32695E+00
  0.66999E-01  0.13409E+03    0.67000E-01 -0.31930E-01 -0.35070E-01  0.00000E+00  0.00000E+00  0.00000E+00    0.13409E+03  0.00000E+00  0.00000E+00 -0.21781E+00  0.27530E+00  0.32762E+00
  0.67999E-01  0.13454E+03    0.68000E-01 -0.32405E-01 -0.35595E-01  0.00000E+00  0.00000E+00  0.00000E+00    0.13454E+03  0.00000E+00  0.00000E+00 -0.21649E+00  0.27794E+00  0.32828E+00
  0.68999E-01  0.13499E+03    0.69000E-01 -0.32881E-01 -0.36119E-01  0.00000E+00  0.00000E+00  0.00000E+00    0.13499E+03  0.00000E+00  0.00000E+00 -0.21515E+00  0.28061E+00  0.32895E+00
  0.69999E-01  0.13544E+03    0.70000E-01 -0.33357E-01 -0.36643E-01  0.00000E+00  0.00000E+00  0.00000E+00    0.13543E+03  0.00000E+00  0.00000E+00 -0.21378E+00  0.28328E+00  0.32961E+00
  0.70999E-01  0.13588E+03    0.71000E-01 -0.33832E-01 -0.37168E-01  0.00000E+00  0.00000E+00  0.00000E+00    0.13588E+03  0.00000E+00  0.00000E+00 -0.21239E+00  0.28597E+00  0.33028E+00
  0.71999E-01  0.13632E+03    0.72000E-01 -0.34308E-01 -0.37692E-01  0.00000E+00  0.00000E+00  0.00000E+00    0.13632E+03  0.00000E+00  0.00000E+00 -0.21097E+00  0.28868E+00  0.33095E+00
  0.72998E-01  0.13676E+03    0.73000E-01 -0.34783E-01 -0.38217E-01  0.00000E+00  0.00000E+00  0.00000E+00    0.13676E+03  0.00000E+00  0.00000E+00 -0.20953E+00  0.29141E+00  0.33163E+00
  0.73998E-01  0.13720E+03    0.74000E-01 -0.35259E-01 -0.38741E-01  0.00000E+00  0.00000E+00  0.00000E+00    0.13720E+03  0.00000E+00  0.00000E+00 -0.20806E+00  0.29415E+00  0.33231E+00
  0.74998E-01  0.13764E+03    0.75000E-01 -0.35734E-01 -0.39266E-01  0.00000E+00  0.00000E+00  0.00000E+00    0.13763E+03  0.00000E+00  0.00000E+00 -0.20657E+00  0.29690E+00  0.33299E+00
  0.75998E-01  0.13807E+03    0.76000E-01 -0.36209E-01 -0.39791E-01  0.00000E+00  0.00000E+00  0.00000E+00    0.13807E+03  0.00000E+00  0.00000E+00 -0.20506E+00  0.29968E+00  0.33367E+00
  0.76998E-01  0.13850E+03    0.77000E-01 -0.36685E-01 -0.40315E-01  0.00000E+00  0.00000E+00  0.00000E+00    0.13850E+03  0.00000E+00  0.00000E+00 -0.20352E+00  0.30248E+00  0.33437E+00
  0.77998E-01  0.13893E+03    0.78000E-01 -0.37160E-01 -0.40840E-01  0.00000E+00  0.00000E+00  0.00000E+00    0.13892E+03  0.00000E+00  0.00000E+00 -0.20196E+00  0.30529E+00  0.33507E+00
  0.78998E-01  0.13935E+03    0.79000E-01 -0.37636E-01 -0.41364E-01  0.00000E+00  0.00000E+00  0.00000E+00    0.13935E+03  0.00000E+00  0.00000E+00 -0.20038E+00  0.30811E+00  0.33577E+00
  0.79998E-01  0.13978E+03    0.80000E-01 -0.38111E-01 -0.41889E-01  0.00000E+00  0.00000E+00  0.00000E+00    0.13977E+03  0.00000E+00  0.00000E+00 -0.19878E+00  0.31096E+00  0.33648E+00
  0.80998E-01  0.14020E+03    0.81000E-01 -0.38586E-01 -0.42414E-01  0.00000E+00  0.00000E+00  0.00000E+00    0.14020E+03  0.00000E+00  0.00000E+00 -0.19715E+00  0.31382E+00  0.33719E+00
  0.81998E-01  0.14062E+03    0.82000E-01 -0.39061E-01 -0.42939E-01  0.00000E+00  0.00000E+00  0.00000E+00    0.14062E+03  0.00000E+00  0.00000E+00 -0.18788E+00  0.32025E+00  0.33795E+00
  0.82998E-01  0.14101E+03    0.83000E-01 -0.39537E-01 -0.43463E-01  0.00000E+00  0.00000E+00  0.00000E+00    0.14101E+03  0.00000E+00  0.00000E+00 -0.18820E+00  0.32272E+00  0.33879E+00
  0.83998E-01  0.14142E+03    0.84000E-01 -0.40012E-01 -0.43988E-01  0.00000E+00  0.00000E+00  0.00000E+00    0.14141E+03  0.00000E+00  0.00000E+00 -0.18620E+00  0.32574E+00  0.33955E+00
  0.84998E-01  0.14183E+03    0.85000E-01 -0.40487E-01 -0.44513E-01  0.00000E+00  0.00000E+00  0.00000E+00    0.14183E+03  0.00000E+00  0.00000E+00 -0.18448E+00  0.32870E+00  0.34031E+00
  0.85998E-01  0.14224E+03    0.86000E-01 -0.40962E-01 -0.45038E-01  0.00000E+00  0.00000E+00  0.00000E+00    0.14224E+03  0.00000E+00  0.00000E+00 -0.18275E+00  0.33167E+00  0.34107E+00
  0.86998E-01  0.14270E+03    0.87000E-01 -0.41437E-01 -0.45563E-01  0.00000E+00  0.00000E+00  0.00000E+00    0.14270E+03  0.00000E+00  0.00000E+00 -0.17926E+00  0.33538E+00  0.34174E+00
  0.87998E-01  0.14312E+03    0.88000E-01 -0.41912E-01 -0.46088E-01  0.00000E+00  0.00000E+00  0.00000E+00    0.14312E+03  0.00000E+00  0.00000E+00 -0.17793E+00  0.33830E+00  0.34249E+00
  0.88998E-01  0.14352E+03    0.89000E-01 -0.42387E-01 -0.46613E-01  0.00000E+00  0.00000E+00  0.00000E+00    0.14352E+03  0.00000E+00  0.00000E+00 -0.17613E+00  0.34134E+00  0.34327E+00
  0.89998E-01  0.14392E+03    0.90000E-01 -0.42862E-01 -0.47138E-01  0.00000E+00  0.00000E+00  0.00000E+00    0.14392E+03  0.00000E+00  0.00000E+00 -0.17431E+00  0.34440E+00  0.34406E+00
  0.90998E-01  0.14432E+03    0.91000E-01 -0.43337E-01 -0.47663E-01  0.00000E+00  0.00000E+00  0.00000E+00    0.14432E+03  0.00000E+00  0.00000E+00 -0.17248E+00  0.34747E+00  0.34487E+00
  0.91998E-01  0.14472E+03    0.92000E-01 -0.43812E-01 -0.48188E-01  0.00000E+00  0.00000E+00  0.00000E+00    0.14472E+03  0.00000E+00  0.00000E+00 -0.17062E+00  0.35057E+00  0.34569E+00
  0.92998E-01  0.14512E+03    0.93000E-01 -0.44287E-01 -0.48713E-01  0.00000E+00  0.00000E+00  0.00000E+00    0.14512E+03  0.00000E+00  0.00000E+00 -0.16875E+00  0.35368E+00  0.34652E+00
  0.93998E-01  0.14551E+03    0.94000E-01 -0.44762E-01 -0.49238E-01  0.00000E+00  0.00000E+00  0.00000E+00    0.14551E+03  0.00000E+00  0.00000E+00 -0.16686E+00  0.35682E+00  0.34736E+00
  0.94998E-01  0.14591E+03    0.95000E-01 -0.45237E-01 -0.49763E-01  0.00000E+00  0.00000E+00  0.00000E+00    0.14590E+03  0.00000E+00  0.00000E+00 -0.16495E+00  0.35997E+00  0.34821E+00
  0.95998E-01  0.14630E+03    0.96000E-01 -0.45712E-01 -0.50288E-01  0.00000E+00  0.00000E+00  0.00000E+00    0.14629E+03  0.00000E+00  0.00000E+00 -0.16303E+00  0.36314E+00  0.34908E+00
  0.96998E-01  0.14668E+03    0.97000E-01 -0.46187E-01 -0.50813E-01  0.00000E+00  0.00000E+00  0.00000E+00    0.14668E+03  0.00000E+00  0.00000E+00 -0.16108E+00  0.36634E+00  0.34996E+00
  0.97998E-01  0.14707E+03    0.98000E-01 -0.46662E-01 -0.51338E-01  0.00000E+00  0.00000E+00  0.00000E+00    0.14707E+03  0.00000E+00  0.00000E+00 -0.15912E+00  0.36955E+00  0.35086E+00
  0.98998E-01  0.14745E+03    0.99000E-01 -0.47136E-01 -0.51864E-01  0.00000E+00  0.00000E+00  0.00000E+00    0.14745E+03  0.00000E+00  0.00000E+00 -0.15714E+00  0.37279E+00  0.35177E+00
  0.99998E-01  0.14784E+03    0.10000E+00 -0.47611E-01 -0.52389E-01  0.00000E+00  0.00000E+00  0.00000E+00    0.14783E+03  0.00000E+00  0.00000E+00 -0.15515E+00  0.37605E+00  0.35269E+00
