          Evm          Svm            E11          E22          E33          E23          E13          E12         SCAU11       SCAU22       SCAU33       SCAU23       SCAU13       SCAU12      TEMP
  0.00000E+00  0.14513E+03    0.00000E+00  0.00000E+00  0.00000E+00  0.00000E+00  0.00000E+00  0.00000E+00    0.14513E+03  0.00000E+00  0.00000E+00 -0.33660E+00  0.20868E+00  0.40101E+00
  0.99998E-03  0.14575E+03    0.10000E-02 -0.47967E-03 -0.52033E-03  0.00000E+00  0.00000E+00  0.00000E+00    0.14574E+03  0.00000E+00  0.00000E+00 -0.34437E+00  0.21303E+00  0.40530E+00
  0.20000E-02  0.14633E+03    0.20000E-02 -0.95785E-03 -0.10421E-02  0.00000E+00  0.00000E+00  0.00000E+00    0.14633E+03  0.00000E+00  0.00000E+00 -0.33956E+00  0.21556E+00  0.40771E+00
  0.29999E-02  0.14694E+03    0.30000E-02 -0.14357E-02 -0.15643E-02  0.00000E+00  0.00000E+00  0.00000E+00    0.14694E+03  0.00000E+00  0.00000E+00 -0.34356E+00  0.21574E+00  0.40963E+00
  0.39999E-02  0.14765E+03    0.40000E-02 -0.19133E-02 -0.20867E-02  0.00000E+00  0.00000E+00  0.00000E+00    0.14765E+03  0.00000E+00  0.00000E+00 -0.34124E+00  0.21866E+00  0.41080E+00
  0.49999E-02  0.14825E+03    0.50000E-02 -0.23907E-02 -0.26093E-02  0.00000E+00  0.00000E+00  0.00000E+00    0.14825E+03  0.00000E+00  0.00000E+00 -0.34487E+00  0.21895E+00  0.41189E+00
  0.59999E-02  0.14895E+03    0.60000E-02 -0.28681E-02 -0.31319E-02  0.00000E+00  0.00000E+00  0.00000E+00    0.14895E+03  0.00000E+00  0.00000E+00 -0.34242E+00  0.22193E+00  0.41291E+00
  0.69998E-02  0.14955E+03    0.70000E-02 -0.33454E-02 -0.36546E-02  0.00000E+00  0.00000E+00  0.00000E+00    0.14955E+03  0.00000E+00  0.00000E+00 -0.34596E+00  0.22233E+00  0.41376E+00
  0.79998E-02  0.15024E+03    0.80000E-02 -0.38226E-02 -0.41774E-02  0.00000E+00  0.00000E+00  0.00000E+00    0.15024E+03  0.00000E+00  0.00000E+00 -0.34338E+00  0.22537E+00  0.41469E+00
  0.89998E-02  0.15083E+03    0.90000E-02 -0.42997E-02 -0.47003E-02  0.00000E+00  0.00000E+00  0.00000E+00    0.15083E+03  0.00000E+00  0.00000E+00 -0.34683E+00  0.22585E+00  0.41543E+00
  0.99998E-02  0.15151E+03    0.10000E-01 -0.47768E-02 -0.52232E-02  0.00000E+00  0.00000E+00  0.00000E+00    0.15151E+03  0.00000E+00  0.00000E+00 -0.34411E+00  0.22895E+00  0.41629E+00
  0.11000E-01  0.15209E+03    0.11000E-01 -0.52539E-02 -0.57461E-02  0.00000E+00  0.00000E+00  0.00000E+00    0.15209E+03  0.00000E+00  0.00000E+00 -0.34748E+00  0.22950E+00  0.41697E+00
  0.12000E-01  0.15277E+03    0.12000E-01 -0.57309E-02 -0.62691E-02  0.00000E+00  0.00000E+00  0.00000E+00    0.15276E+03  0.00000E+00  0.00000E+00 -0.34463E+00  0.23266E+00  0.41778E+00
  0.13000E-01  0.15334E+03    0.13000E-01 -0.62080E-02 -0.67920E-02  0.00000E+00  0.00000E+00  0.00000E+00    0.15334E+03  0.00000E+00  0.00000E+00 -0.34791E+00  0.23327E+00  0.41844E+00
  0.14000E-01  0.15401E+03    0.14000E-01 -0.66850E-02 -0.73150E-02  0.00000E+00  0.00000E+00  0.00000E+00    0.15400E+03  0.00000E+00  0.00000E+00 -0.34492E+00  0.23651E+00  0.41919E+00
  0.15000E-01  0.15458E+03    0.15000E-01 -0.71619E-02 -0.78381E-02  0.00000E+00  0.00000E+00  0.00000E+00    0.15457E+03  0.00000E+00  0.00000E+00 -0.34812E+00  0.23717E+00  0.41984E+00
  0.16000E-01  0.15523E+03    0.16000E-01 -0.76389E-02 -0.83611E-02  0.00000E+00  0.00000E+00  0.00000E+00    0.15523E+03  0.00000E+00  0.00000E+00 -0.34501E+00  0.24047E+00  0.42055E+00
  0.17000E-01  0.15580E+03    0.17000E-01 -0.81158E-02 -0.88842E-02  0.00000E+00  0.00000E+00  0.00000E+00    0.15579E+03  0.00000E+00  0.00000E+00 -0.34812E+00  0.24118E+00  0.42118E+00
  0.18000E-01  0.15639E+03    0.18000E-01 -0.85927E-02 -0.94073E-02  0.00000E+00  0.00000E+00  0.00000E+00    0.15638E+03  0.00000E+00  0.00000E+00 -0.34848E+00  0.24304E+00  0.42180E+00
  0.19000E-01  0.15704E+03    0.19000E-01 -0.90696E-02 -0.99304E-02  0.00000E+00  0.00000E+00  0.00000E+00    0.15704E+03  0.00000E+00  0.00000E+00 -0.34477E+00  0.24665E+00  0.42247E+00
  0.20000E-01  0.15760E+03    0.20000E-01 -0.95464E-02 -0.10454E-01  0.00000E+00  0.00000E+00  0.00000E+00    0.15760E+03  0.00000E+00  0.00000E+00 -0.34774E+00  0.24742E+00  0.42310E+00
  0.21000E-01  0.15818E+03    0.21000E-01 -0.10023E-01 -0.10977E-01  0.00000E+00  0.00000E+00  0.00000E+00    0.15817E+03  0.00000E+00  0.00000E+00 -0.34795E+00  0.24937E+00  0.42370E+00
  0.22000E-01  0.15876E+03    0.22000E-01 -0.10500E-01 -0.11500E-01  0.00000E+00  0.00000E+00  0.00000E+00    0.15876E+03  0.00000E+00  0.00000E+00 -0.34775E+00  0.25152E+00  0.42429E+00
  0.22999E-01  0.15935E+03    0.23000E-01 -0.10977E-01 -0.12023E-01  0.00000E+00  0.00000E+00  0.00000E+00    0.15935E+03  0.00000E+00  0.00000E+00 -0.34744E+00  0.25371E+00  0.42489E+00
  0.23999E-01  0.15993E+03    0.24000E-01 -0.11454E-01 -0.12546E-01  0.00000E+00  0.00000E+00  0.00000E+00    0.15993E+03  0.00000E+00  0.00000E+00 -0.34706E+00  0.25593E+00  0.42548E+00
  0.24999E-01  0.16051E+03    0.25000E-01 -0.11930E-01 -0.13070E-01  0.00000E+00  0.00000E+00  0.00000E+00    0.16051E+03  0.00000E+00  0.00000E+00 -0.34664E+00  0.25818E+00  0.42606E+00
  0.25999E-01  0.16109E+03    0.26000E-01 -0.12407E-01 -0.13593E-01  0.00000E+00  0.00000E+00  0.00000E+00    0.16108E+03  0.00000E+00  0.00000E+00 -0.34617E+00  0.26046E+00  0.42663E+00
  0.26999E-01  0.16166E+03    0.27000E-01 -0.12884E-01 -0.14116E-01  0.00000E+00  0.00000E+00  0.00000E+00    0.16166E+03  0.00000E+00  0.00000E+00 -0.34566E+00  0.26277E+00  0.42720E+00
  0.27999E-01  0.16223E+03    0.28000E-01 -0.13360E-01 -0.14640E-01  0.00000E+00  0.00000E+00  0.00000E+00    0.16223E+03  0.00000E+00  0.00000E+00 -0.34511E+00  0.26510E+00  0.42775E+00
  0.28999E-01  0.16280E+03    0.29000E-01 -0.13837E-01 -0.15163E-01  0.00000E+00  0.00000E+00  0.00000E+00    0.16279E+03  0.00000E+00  0.00000E+00 -0.34450E+00  0.26747E+00  0.42830E+00
  0.29999E-01  0.16336E+03    0.30000E-01 -0.14314E-01 -0.15686E-01  0.00000E+00  0.00000E+00  0.00000E+00    0.16336E+03  0.00000E+00  0.00000E+00 -0.34384E+00  0.26986E+00  0.42885E+00
  0.30999E-01  0.16392E+03    0.31000E-01 -0.14790E-01 -0.16210E-01  0.00000E+00  0.00000E+00  0.00000E+00    0.16392E+03  0.00000E+00  0.00000E+00 -0.34315E+00  0.27227E+00  0.42939E+00
  0.31999E-01  0.16448E+03    0.32000E-01 -0.15267E-01 -0.16733E-01  0.00000E+00  0.00000E+00  0.00000E+00    0.16447E+03  0.00000E+00  0.00000E+00 -0.34241E+00  0.27471E+00  0.42991E+00
  0.32999E-01  0.16503E+03    0.33000E-01 -0.15743E-01 -0.17257E-01  0.00000E+00  0.00000E+00  0.00000E+00    0.16503E+03  0.00000E+00  0.00000E+00 -0.34163E+00  0.27719E+00  0.43044E+00
  0.33999E-01  0.16558E+03    0.34000E-01 -0.16220E-01 -0.17780E-01  0.00000E+00  0.00000E+00  0.00000E+00    0.16557E+03  0.00000E+00  0.00000E+00 -0.34080E+00  0.27968E+00  0.43097E+00
  0.34999E-01  0.16613E+03    0.35000E-01 -0.16696E-01 -0.18304E-01  0.00000E+00  0.00000E+00  0.00000E+00    0.16612E+03  0.00000E+00  0.00000E+00 -0.33993E+00  0.28220E+00  0.43148E+00
  0.35999E-01  0.16667E+03    0.36000E-01 -0.17173E-01 -0.18827E-01  0.00000E+00  0.00000E+00  0.00000E+00    0.16667E+03  0.00000E+00  0.00000E+00 -0.33902E+00  0.28475E+00  0.43200E+00
  0.36999E-01  0.16721E+03    0.37000E-01 -0.17649E-01 -0.19351E-01  0.00000E+00  0.00000E+00  0.00000E+00    0.16721E+03  0.00000E+00  0.00000E+00 -0.33806E+00  0.28732E+00  0.43250E+00
  0.37999E-01  0.16775E+03    0.38000E-01 -0.18125E-01 -0.19875E-01  0.00000E+00  0.00000E+00  0.00000E+00    0.16774E+03  0.00000E+00  0.00000E+00 -0.33707E+00  0.28992E+00  0.43301E+00
  0.38999E-01  0.16828E+03    0.39000E-01 -0.18602E-01 -0.20398E-01  0.00000E+00  0.00000E+00  0.00000E+00    0.16828E+03  0.00000E+00  0.00000E+00 -0.33604E+00  0.29255E+00  0.43351E+00
  0.39999E-01  0.16881E+03    0.40000E-01 -0.19078E-01 -0.20922E-01  0.00000E+00  0.00000E+00  0.00000E+00    0.16881E+03  0.00000E+00  0.00000E+00 -0.33497E+00  0.29519E+00  0.43400E+00
  0.40999E-01  0.16934E+03    0.41000E-01 -0.19554E-01 -0.21446E-01  0.00000E+00  0.00000E+00  0.00000E+00    0.16934E+03  0.00000E+00  0.00000E+00 -0.33385E+00  0.29787E+00  0.43449E+00
  0.41999E-01  0.16987E+03    0.42000E-01 -0.20031E-01 -0.21969E-01  0.00000E+00  0.00000E+00  0.00000E+00    0.16986E+03  0.00000E+00  0.00000E+00 -0.33270E+00  0.30056E+00  0.43498E+00
  0.42999E-01  0.17039E+03    0.43000E-01 -0.20507E-01 -0.22493E-01  0.00000E+00  0.00000E+00  0.00000E+00    0.17038E+03  0.00000E+00  0.00000E+00 -0.33152E+00  0.30328E+00  0.43546E+00
  0.43999E-01  0.17091E+03    0.44000E-01 -0.20983E-01 -0.23017E-01  0.00000E+00  0.00000E+00  0.00000E+00    0.17090E+03  0.00000E+00  0.00000E+00 -0.33029E+00  0.30602E+00  0.43595E+00
  0.44999E-01  0.17142E+03    0.45000E-01 -0.21459E-01 -0.23541E-01  0.00000E+00  0.00000E+00  0.00000E+00    0.17142E+03  0.00000E+00  0.00000E+00 -0.32904E+00  0.30879E+00  0.43643E+00
  0.45999E-01  0.17194E+03    0.46000E-01 -0.21936E-01 -0.24064E-01  0.00000E+00  0.00000E+00  0.00000E+00    0.17193E+03  0.00000E+00  0.00000E+00 -0.32774E+00  0.31158E+00  0.43691E+00
  0.46999E-01  0.17245E+03    0.47000E-01 -0.22412E-01 -0.24588E-01  0.00000E+00  0.00000E+00  0.00000E+00    0.17244E+03  0.00000E+00  0.00000E+00 -0.32641E+00  0.31439E+00  0.43739E+00
  0.47999E-01  0.17291E+03    0.48000E-01 -0.22888E-01 -0.25112E-01  0.00000E+00  0.00000E+00  0.00000E+00    0.17290E+03  0.00000E+00  0.00000E+00 -0.31881E+00  0.31941E+00  0.43800E+00
  0.48999E-01  0.17343E+03    0.49000E-01 -0.23364E-01 -0.25636E-01  0.00000E+00  0.00000E+00  0.00000E+00    0.17343E+03  0.00000E+00  0.00000E+00 -0.31747E+00  0.32259E+00  0.43848E+00
  0.49999E-01  0.17394E+03    0.50000E-01 -0.23840E-01 -0.26160E-01  0.00000E+00  0.00000E+00  0.00000E+00    0.17393E+03  0.00000E+00  0.00000E+00 -0.31607E+00  0.32553E+00  0.43895E+00
  0.50999E-01  0.17444E+03    0.51000E-01 -0.24316E-01 -0.26684E-01  0.00000E+00  0.00000E+00  0.00000E+00    0.17443E+03  0.00000E+00  0.00000E+00 -0.31459E+00  0.32847E+00  0.43942E+00
  0.51999E-01  0.17493E+03    0.52000E-01 -0.24792E-01 -0.27208E-01  0.00000E+00  0.00000E+00  0.00000E+00    0.17493E+03  0.00000E+00  0.00000E+00 -0.31308E+00  0.33143E+00  0.43990E+00
  0.52999E-01  0.17543E+03    0.53000E-01 -0.25268E-01 -0.27732E-01  0.00000E+00  0.00000E+00  0.00000E+00    0.17542E+03  0.00000E+00  0.00000E+00 -0.31153E+00  0.33441E+00  0.44038E+00
  0.53999E-01  0.17599E+03    0.54000E-01 -0.25744E-01 -0.28256E-01  0.00000E+00  0.00000E+00  0.00000E+00    0.17598E+03  0.00000E+00  0.00000E+00 -0.30828E+00  0.33790E+00  0.44088E+00
  0.54999E-01  0.17649E+03    0.55000E-01 -0.26220E-01 -0.28780E-01  0.00000E+00  0.00000E+00  0.00000E+00    0.17648E+03  0.00000E+00  0.00000E+00 -0.30718E+00  0.34088E+00  0.44131E+00
  0.55999E-01  0.17697E+03    0.56000E-01 -0.26696E-01 -0.29304E-01  0.00000E+00  0.00000E+00  0.00000E+00    0.17697E+03  0.00000E+00  0.00000E+00 -0.30554E+00  0.34393E+00  0.44178E+00
  0.56999E-01  0.17745E+03    0.57000E-01 -0.27172E-01 -0.29828E-01  0.00000E+00  0.00000E+00  0.00000E+00    0.17745E+03  0.00000E+00  0.00000E+00 -0.30385E+00  0.34700E+00  0.44225E+00
  0.57999E-01  0.17793E+03    0.58000E-01 -0.27647E-01 -0.30353E-01  0.00000E+00  0.00000E+00  0.00000E+00    0.17793E+03  0.00000E+00  0.00000E+00 -0.30214E+00  0.35008E+00  0.44273E+00
  0.58999E-01  0.17841E+03    0.59000E-01 -0.28123E-01 -0.30877E-01  0.00000E+00  0.00000E+00  0.00000E+00    0.17841E+03  0.00000E+00  0.00000E+00 -0.30041E+00  0.35319E+00  0.44321E+00
  0.59999E-01  0.17888E+03    0.60000E-01 -0.28599E-01 -0.31401E-01  0.00000E+00  0.00000E+00  0.00000E+00    0.17888E+03  0.00000E+00  0.00000E+00 -0.29864E+00  0.35631E+00  0.44369E+00
  0.60999E-01  0.17935E+03    0.61000E-01 -0.29075E-01 -0.31925E-01  0.00000E+00  0.00000E+00  0.00000E+00    0.17935E+03  0.00000E+00  0.00000E+00 -0.29684E+00  0.35946E+00  0.44418E+00
  0.61999E-01  0.17982E+03    0.62000E-01 -0.29550E-01 -0.32450E-01  0.00000E+00  0.00000E+00  0.00000E+00    0.17982E+03  0.00000E+00  0.00000E+00 -0.29501E+00  0.36263E+00  0.44467E+00
  0.62999E-01  0.18029E+03    0.63000E-01 -0.30026E-01 -0.32974E-01  0.00000E+00  0.00000E+00  0.00000E+00    0.18029E+03  0.00000E+00  0.00000E+00 -0.29315E+00  0.36581E+00  0.44516E+00
  0.63999E-01  0.18076E+03    0.64000E-01 -0.30502E-01 -0.33498E-01  0.00000E+00  0.00000E+00  0.00000E+00    0.18075E+03  0.00000E+00  0.00000E+00 -0.29126E+00  0.36902E+00  0.44566E+00
  0.64999E-01  0.18122E+03    0.65000E-01 -0.30977E-01 -0.34023E-01  0.00000E+00  0.00000E+00  0.00000E+00    0.18121E+03  0.00000E+00  0.00000E+00 -0.28935E+00  0.37224E+00  0.44616E+00
  0.65999E-01  0.18168E+03    0.66000E-01 -0.31453E-01 -0.34547E-01  0.00000E+00  0.00000E+00  0.00000E+00    0.18167E+03  0.00000E+00  0.00000E+00 -0.28740E+00  0.37549E+00  0.44666E+00
  0.66999E-01  0.18213E+03    0.67000E-01 -0.31929E-01 -0.35071E-01  0.00000E+00  0.00000E+00  0.00000E+00    0.18213E+03  0.00000E+00  0.00000E+00 -0.28543E+00  0.37875E+00  0.44717E+00
  0.67999E-01  0.18259E+03    0.68000E-01 -0.32404E-01 -0.35596E-01  0.00000E+00  0.00000E+00  0.00000E+00    0.18258E+03  0.00000E+00  0.00000E+00 -0.28343E+00  0.38203E+00  0.44768E+00
  0.68999E-01  0.18304E+03    0.69000E-01 -0.32880E-01 -0.36120E-01  0.00000E+00  0.00000E+00  0.00000E+00    0.18304E+03  0.00000E+00  0.00000E+00 -0.28140E+00  0.38534E+00  0.44820E+00
  0.69999E-01  0.18349E+03    0.70000E-01 -0.33355E-01 -0.36645E-01  0.00000E+00  0.00000E+00  0.00000E+00    0.18349E+03  0.00000E+00  0.00000E+00 -0.27934E+00  0.38866E+00  0.44873E+00
  0.70999E-01  0.18394E+03    0.71000E-01 -0.33831E-01 -0.37169E-01  0.00000E+00  0.00000E+00  0.00000E+00    0.18393E+03  0.00000E+00  0.00000E+00 -0.27726E+00  0.39200E+00  0.44927E+00
  0.71998E-01  0.18438E+03    0.72000E-01 -0.34306E-01 -0.37694E-01  0.00000E+00  0.00000E+00  0.00000E+00    0.18438E+03  0.00000E+00  0.00000E+00 -0.27515E+00  0.39536E+00  0.44981E+00
  0.72998E-01  0.18483E+03    0.73000E-01 -0.34782E-01 -0.38218E-01  0.00000E+00  0.00000E+00  0.00000E+00    0.18482E+03  0.00000E+00  0.00000E+00 -0.27302E+00  0.39874E+00  0.45035E+00
  0.73998E-01  0.18527E+03    0.74000E-01 -0.35257E-01 -0.38743E-01  0.00000E+00  0.00000E+00  0.00000E+00    0.18526E+03  0.00000E+00  0.00000E+00 -0.27086E+00  0.40214E+00  0.45091E+00
  0.74998E-01  0.18570E+03    0.75000E-01 -0.35732E-01 -0.39268E-01  0.00000E+00  0.00000E+00  0.00000E+00    0.18570E+03  0.00000E+00  0.00000E+00 -0.26867E+00  0.40556E+00  0.45147E+00
  0.75998E-01  0.18614E+03    0.76000E-01 -0.36208E-01 -0.39792E-01  0.00000E+00  0.00000E+00  0.00000E+00    0.18614E+03  0.00000E+00  0.00000E+00 -0.26646E+00  0.40900E+00  0.45205E+00
  0.76998E-01  0.18657E+03    0.77000E-01 -0.36683E-01 -0.40317E-01  0.00000E+00  0.00000E+00  0.00000E+00    0.18657E+03  0.00000E+00  0.00000E+00 -0.26422E+00  0.41246E+00  0.45263E+00
  0.77998E-01  0.18701E+03    0.78000E-01 -0.37158E-01 -0.40842E-01  0.00000E+00  0.00000E+00  0.00000E+00    0.18700E+03  0.00000E+00  0.00000E+00 -0.26196E+00  0.41594E+00  0.45322E+00
  0.78998E-01  0.18743E+03    0.79000E-01 -0.37633E-01 -0.41367E-01  0.00000E+00  0.00000E+00  0.00000E+00    0.18743E+03  0.00000E+00  0.00000E+00 -0.25967E+00  0.41945E+00  0.45382E+00
  0.79998E-01  0.18786E+03    0.80000E-01 -0.38109E-01 -0.41891E-01  0.00000E+00  0.00000E+00  0.00000E+00    0.18786E+03  0.00000E+00  0.00000E+00 -0.25736E+00  0.42297E+00  0.45443E+00
  0.80998E-01  0.18829E+03    0.81000E-01 -0.38584E-01 -0.42416E-01  0.00000E+00  0.00000E+00  0.00000E+00    0.18828E+03  0.00000E+00  0.00000E+00 -0.25503E+00  0.42651E+00  0.45505E+00
  0.81998E-01  0.18871E+03    0.82000E-01 -0.39059E-01 -0.42941E-01  0.00000E+00  0.00000E+00  0.00000E+00    0.18871E+03  0.00000E+00  0.00000E+00 -0.25267E+00  0.43008E+00  0.45569E+00
  0.82998E-01  0.18913E+03    0.83000E-01 -0.39534E-01 -0.43466E-01  0.00000E+00  0.00000E+00  0.00000E+00    0.18913E+03  0.00000E+00  0.00000E+00 -0.25029E+00  0.43366E+00  0.45633E+00
  0.83998E-01  0.18955E+03    0.84000E-01 -0.40009E-01 -0.43991E-01  0.00000E+00  0.00000E+00  0.00000E+00    0.18954E+03  0.00000E+00  0.00000E+00 -0.24789E+00  0.43727E+00  0.45699E+00
  0.84998E-01  0.18996E+03    0.85000E-01 -0.40484E-01 -0.44516E-01  0.00000E+00  0.00000E+00  0.00000E+00    0.18996E+03  0.00000E+00  0.00000E+00 -0.24546E+00  0.44090E+00  0.45766E+00
  0.85998E-01  0.19038E+03    0.86000E-01 -0.40960E-01 -0.45040E-01  0.00000E+00  0.00000E+00  0.00000E+00    0.19037E+03  0.00000E+00  0.00000E+00 -0.24302E+00  0.44455E+00  0.45835E+00
  0.86998E-01  0.19079E+03    0.87000E-01 -0.41435E-01 -0.45565E-01  0.00000E+00  0.00000E+00  0.00000E+00    0.19079E+03  0.00000E+00  0.00000E+00 -0.24055E+00  0.44823E+00  0.45905E+00
  0.87998E-01  0.19120E+03    0.88000E-01 -0.41910E-01 -0.46090E-01  0.00000E+00  0.00000E+00  0.00000E+00    0.19120E+03  0.00000E+00  0.00000E+00 -0.23806E+00  0.45193E+00  0.45976E+00
  0.88998E-01  0.19161E+03    0.89000E-01 -0.42385E-01 -0.46615E-01  0.00000E+00  0.00000E+00  0.00000E+00    0.19160E+03  0.00000E+00  0.00000E+00 -0.23554E+00  0.45565E+00  0.46049E+00
  0.89998E-01  0.19201E+03    0.90000E-01 -0.42860E-01 -0.47140E-01  0.00000E+00  0.00000E+00  0.00000E+00    0.19201E+03  0.00000E+00  0.00000E+00 -0.23301E+00  0.45939E+00  0.46123E+00
  0.90998E-01  0.19242E+03    0.91000E-01 -0.43335E-01 -0.47665E-01  0.00000E+00  0.00000E+00  0.00000E+00    0.19241E+03  0.00000E+00  0.00000E+00 -0.23046E+00  0.46316E+00  0.46199E+00
  0.91998E-01  0.19282E+03    0.92000E-01 -0.43810E-01 -0.48190E-01  0.00000E+00  0.00000E+00  0.00000E+00    0.19282E+03  0.00000E+00  0.00000E+00 -0.22789E+00  0.46695E+00  0.46276E+00
  0.92998E-01  0.19322E+03    0.93000E-01 -0.44284E-01 -0.48716E-01  0.00000E+00  0.00000E+00  0.00000E+00    0.19322E+03  0.00000E+00  0.00000E+00 -0.22529E+00  0.47076E+00  0.46356E+00
  0.93998E-01  0.19362E+03    0.94000E-01 -0.44759E-01 -0.49241E-01  0.00000E+00  0.00000E+00  0.00000E+00    0.19361E+03  0.00000E+00  0.00000E+00 -0.22268E+00  0.47460E+00  0.46437E+00
  0.94998E-01  0.19401E+03    0.95000E-01 -0.45234E-01 -0.49766E-01  0.00000E+00  0.00000E+00  0.00000E+00    0.19401E+03  0.00000E+00  0.00000E+00 -0.22005E+00  0.47847E+00  0.46520E+00
  0.95998E-01  0.19441E+03    0.96000E-01 -0.45709E-01 -0.50291E-01  0.00000E+00  0.00000E+00  0.00000E+00    0.19441E+03  0.00000E+00  0.00000E+00 -0.21740E+00  0.48236E+00  0.46604E+00
  0.96998E-01  0.19480E+03    0.97000E-01 -0.46184E-01 -0.50816E-01  0.00000E+00  0.00000E+00  0.00000E+00    0.19480E+03  0.00000E+00  0.00000E+00 -0.21473E+00  0.48627E+00  0.46691E+00
  0.97998E-01  0.19519E+03    0.98000E-01 -0.46659E-01 -0.51341E-01  0.00000E+00  0.00000E+00  0.00000E+00    0.19519E+03  0.00000E+00  0.00000E+00 -0.21205E+00  0.49020E+00  0.46780E+00
  0.98998E-01  0.19558E+03    0.99000E-01 -0.47133E-01 -0.51867E-01  0.00000E+00  0.00000E+00  0.00000E+00    0.19558E+03  0.00000E+00  0.00000E+00 -0.20934E+00  0.49417E+00  0.46870E+00
  0.99998E-01  0.19597E+03    0.10000E+00 -0.47608E-01 -0.52392E-01  0.00000E+00  0.00000E+00  0.00000E+00    0.19596E+03  0.00000E+00  0.00000E+00 -0.20662E+00  0.49816E+00  0.46963E+00
