          Evm          Svm            E11          E22          E33          E23          E13          E12         SCAU11       SCAU22       SCAU33       SCAU23       SCAU13       SCAU12      TEMP
  0.00000E+00  0.98277E+02    0.00000E+00  0.00000E+00  0.00000E+00  0.00000E+00  0.00000E+00  0.00000E+00    0.98274E+02  0.00000E+00  0.00000E+00 -0.22793E+00  0.14131E+00  0.27155E+00
  0.99998E-03  0.98908E+02    0.10000E-02 -0.47967E-03 -0.52033E-03  0.00000E+00  0.00000E+00  0.00000E+00    0.98905E+02  0.00000E+00  0.00000E+00 -0.23293E+00  0.14471E+00  0.27514E+00
  0.20000E-02  0.99503E+02    0.20000E-02 -0.95784E-03 -0.10422E-02  0.00000E+00  0.00000E+00  0.00000E+00    0.99501E+02  0.00000E+00  0.00000E+00 -0.23329E+00  0.14586E+00  0.27751E+00
  0.29999E-02  0.10016E+03    0.30000E-02 -0.14356E-02 -0.15644E-02  0.00000E+00  0.00000E+00  0.00000E+00    0.10016E+03  0.00000E+00  0.00000E+00 -0.23450E+00  0.14716E+00  0.27914E+00
  0.39999E-02  0.10081E+03    0.40000E-02 -0.19132E-02 -0.20868E-02  0.00000E+00  0.00000E+00  0.00000E+00    0.10080E+03  0.00000E+00  0.00000E+00 -0.23339E+00  0.14941E+00  0.28046E+00
  0.49999E-02  0.10147E+03    0.50000E-02 -0.23906E-02 -0.26094E-02  0.00000E+00  0.00000E+00  0.00000E+00    0.10147E+03  0.00000E+00  0.00000E+00 -0.23440E+00  0.15090E+00  0.28175E+00
  0.59999E-02  0.10212E+03    0.60000E-02 -0.28679E-02 -0.31321E-02  0.00000E+00  0.00000E+00  0.00000E+00    0.10211E+03  0.00000E+00  0.00000E+00 -0.23535E+00  0.15230E+00  0.28291E+00
  0.69998E-02  0.10276E+03    0.70000E-02 -0.33451E-02 -0.36549E-02  0.00000E+00  0.00000E+00  0.00000E+00    0.10276E+03  0.00000E+00  0.00000E+00 -0.23624E+00  0.15371E+00  0.28402E+00
  0.79998E-02  0.10340E+03    0.80000E-02 -0.38223E-02 -0.41777E-02  0.00000E+00  0.00000E+00  0.00000E+00    0.10340E+03  0.00000E+00  0.00000E+00 -0.23708E+00  0.15516E+00  0.28509E+00
  0.89998E-02  0.10404E+03    0.90000E-02 -0.42994E-02 -0.47006E-02  0.00000E+00  0.00000E+00  0.00000E+00    0.10403E+03  0.00000E+00  0.00000E+00 -0.23787E+00  0.15663E+00  0.28614E+00
  0.99998E-02  0.10467E+03    0.10000E-01 -0.47765E-02 -0.52235E-02  0.00000E+00  0.00000E+00  0.00000E+00    0.10466E+03  0.00000E+00  0.00000E+00 -0.23861E+00  0.15812E+00  0.28716E+00
  0.11000E-01  0.10530E+03    0.11000E-01 -0.52536E-02 -0.57464E-02  0.00000E+00  0.00000E+00  0.00000E+00    0.10529E+03  0.00000E+00  0.00000E+00 -0.23930E+00  0.15964E+00  0.28816E+00
  0.12000E-01  0.10592E+03    0.12000E-01 -0.57306E-02 -0.62694E-02  0.00000E+00  0.00000E+00  0.00000E+00    0.10592E+03  0.00000E+00  0.00000E+00 -0.23995E+00  0.16119E+00  0.28915E+00
  0.13000E-01  0.10654E+03    0.13000E-01 -0.62076E-02 -0.67924E-02  0.00000E+00  0.00000E+00  0.00000E+00    0.10654E+03  0.00000E+00  0.00000E+00 -0.24055E+00  0.16277E+00  0.29011E+00
  0.14000E-01  0.10716E+03    0.14000E-01 -0.66846E-02 -0.73154E-02  0.00000E+00  0.00000E+00  0.00000E+00    0.10715E+03  0.00000E+00  0.00000E+00 -0.24111E+00  0.16437E+00  0.29107E+00
  0.15000E-01  0.10777E+03    0.15000E-01 -0.71615E-02 -0.78385E-02  0.00000E+00  0.00000E+00  0.00000E+00    0.10777E+03  0.00000E+00  0.00000E+00 -0.24162E+00  0.16599E+00  0.29200E+00
  0.16000E-01  0.10838E+03    0.16000E-01 -0.76385E-02 -0.83615E-02  0.00000E+00  0.00000E+00  0.00000E+00    0.10838E+03  0.00000E+00  0.00000E+00 -0.24208E+00  0.16763E+00  0.29293E+00
  0.17000E-01  0.10898E+03    0.17000E-01 -0.81154E-02 -0.88846E-02  0.00000E+00  0.00000E+00  0.00000E+00    0.10898E+03  0.00000E+00  0.00000E+00 -0.24250E+00  0.16931E+00  0.29383E+00
  0.18000E-01  0.10959E+03    0.18000E-01 -0.85922E-02 -0.94078E-02  0.00000E+00  0.00000E+00  0.00000E+00    0.10958E+03  0.00000E+00  0.00000E+00 -0.24287E+00  0.17100E+00  0.29473E+00
  0.19000E-01  0.11018E+03    0.19000E-01 -0.90691E-02 -0.99309E-02  0.00000E+00  0.00000E+00  0.00000E+00    0.11018E+03  0.00000E+00  0.00000E+00 -0.24320E+00  0.17272E+00  0.29562E+00
  0.20000E-01  0.11078E+03    0.20000E-01 -0.95460E-02 -0.10454E-01  0.00000E+00  0.00000E+00  0.00000E+00    0.11078E+03  0.00000E+00  0.00000E+00 -0.24349E+00  0.17447E+00  0.29649E+00
  0.21000E-01  0.11137E+03    0.21000E-01 -0.10023E-01 -0.10977E-01  0.00000E+00  0.00000E+00  0.00000E+00    0.11137E+03  0.00000E+00  0.00000E+00 -0.24373E+00  0.17624E+00  0.29736E+00
  0.22000E-01  0.11196E+03    0.22000E-01 -0.10500E-01 -0.11500E-01  0.00000E+00  0.00000E+00  0.00000E+00    0.11196E+03  0.00000E+00  0.00000E+00 -0.24393E+00  0.17803E+00  0.29820E+00
  0.22999E-01  0.11254E+03    0.23000E-01 -0.10976E-01 -0.12024E-01  0.00000E+00  0.00000E+00  0.00000E+00    0.11254E+03  0.00000E+00  0.00000E+00 -0.24409E+00  0.17984E+00  0.29905E+00
  0.23999E-01  0.11312E+03    0.24000E-01 -0.11453E-01 -0.12547E-01  0.00000E+00  0.00000E+00  0.00000E+00    0.11312E+03  0.00000E+00  0.00000E+00 -0.24420E+00  0.18168E+00  0.29988E+00
  0.24999E-01  0.11370E+03    0.25000E-01 -0.11930E-01 -0.13070E-01  0.00000E+00  0.00000E+00  0.00000E+00    0.11370E+03  0.00000E+00  0.00000E+00 -0.24428E+00  0.18354E+00  0.30070E+00
  0.25999E-01  0.11427E+03    0.26000E-01 -0.12407E-01 -0.13593E-01  0.00000E+00  0.00000E+00  0.00000E+00    0.11427E+03  0.00000E+00  0.00000E+00 -0.24431E+00  0.18543E+00  0.30151E+00
  0.26999E-01  0.11484E+03    0.27000E-01 -0.12883E-01 -0.14117E-01  0.00000E+00  0.00000E+00  0.00000E+00    0.11484E+03  0.00000E+00  0.00000E+00 -0.24430E+00  0.18733E+00  0.30231E+00
  0.27999E-01  0.11541E+03    0.28000E-01 -0.13360E-01 -0.14640E-01  0.00000E+00  0.00000E+00  0.00000E+00    0.11541E+03  0.00000E+00  0.00000E+00 -0.24425E+00  0.18926E+00  0.30311E+00
  0.28999E-01  0.11597E+03    0.29000E-01 -0.13837E-01 -0.15163E-01  0.00000E+00  0.00000E+00  0.00000E+00    0.11597E+03  0.00000E+00  0.00000E+00 -0.24416E+00  0.19122E+00  0.30390E+00
  0.29999E-01  0.11653E+03    0.30000E-01 -0.14313E-01 -0.15687E-01  0.00000E+00  0.00000E+00  0.00000E+00    0.11653E+03  0.00000E+00  0.00000E+00 -0.24403E+00  0.19320E+00  0.30467E+00
  0.30999E-01  0.11709E+03    0.31000E-01 -0.14790E-01 -0.16210E-01  0.00000E+00  0.00000E+00  0.00000E+00    0.11709E+03  0.00000E+00  0.00000E+00 -0.24386E+00  0.19519E+00  0.30544E+00
  0.31999E-01  0.11764E+03    0.32000E-01 -0.15266E-01 -0.16734E-01  0.00000E+00  0.00000E+00  0.00000E+00    0.11764E+03  0.00000E+00  0.00000E+00 -0.24366E+00  0.19721E+00  0.30621E+00
  0.32999E-01  0.11819E+03    0.33000E-01 -0.15743E-01 -0.17257E-01  0.00000E+00  0.00000E+00  0.00000E+00    0.11819E+03  0.00000E+00  0.00000E+00 -0.24342E+00  0.19925E+00  0.30696E+00
  0.33999E-01  0.11874E+03    0.34000E-01 -0.16219E-01 -0.17781E-01  0.00000E+00  0.00000E+00  0.00000E+00    0.11874E+03  0.00000E+00  0.00000E+00 -0.24313E+00  0.20131E+00  0.30771E+00
  0.34999E-01  0.11929E+03    0.35000E-01 -0.16696E-01 -0.18304E-01  0.00000E+00  0.00000E+00  0.00000E+00    0.11928E+03  0.00000E+00  0.00000E+00 -0.24281E+00  0.20339E+00  0.30844E+00
  0.35999E-01  0.11983E+03    0.36000E-01 -0.17172E-01 -0.18828E-01  0.00000E+00  0.00000E+00  0.00000E+00    0.11982E+03  0.00000E+00  0.00000E+00 -0.24246E+00  0.20550E+00  0.30918E+00
  0.36999E-01  0.12036E+03    0.37000E-01 -0.17649E-01 -0.19351E-01  0.00000E+00  0.00000E+00  0.00000E+00    0.12036E+03  0.00000E+00  0.00000E+00 -0.24207E+00  0.20762E+00  0.30990E+00
  0.37999E-01  0.12090E+03    0.38000E-01 -0.18125E-01 -0.19875E-01  0.00000E+00  0.00000E+00  0.00000E+00    0.12090E+03  0.00000E+00  0.00000E+00 -0.24164E+00  0.20977E+00  0.31063E+00
  0.38999E-01  0.12143E+03    0.39000E-01 -0.18601E-01 -0.20399E-01  0.00000E+00  0.00000E+00  0.00000E+00    0.12143E+03  0.00000E+00  0.00000E+00 -0.24118E+00  0.21194E+00  0.31134E+00
  0.39999E-01  0.12192E+03    0.40000E-01 -0.19078E-01 -0.20922E-01  0.00000E+00  0.00000E+00  0.00000E+00    0.12192E+03  0.00000E+00  0.00000E+00 -0.24407E+00  0.21243E+00  0.31204E+00
  0.40999E-01  0.12248E+03    0.41000E-01 -0.19554E-01 -0.21446E-01  0.00000E+00  0.00000E+00  0.00000E+00    0.12248E+03  0.00000E+00  0.00000E+00 -0.24037E+00  0.21617E+00  0.31271E+00
  0.41999E-01  0.12297E+03    0.42000E-01 -0.20030E-01 -0.21970E-01  0.00000E+00  0.00000E+00  0.00000E+00    0.12296E+03  0.00000E+00  0.00000E+00 -0.24300E+00  0.21680E+00  0.31345E+00
  0.42999E-01  0.12349E+03    0.43000E-01 -0.20507E-01 -0.22493E-01  0.00000E+00  0.00000E+00  0.00000E+00    0.12348E+03  0.00000E+00  0.00000E+00 -0.24248E+00  0.21893E+00  0.31415E+00
  0.43999E-01  0.12400E+03    0.44000E-01 -0.20983E-01 -0.23017E-01  0.00000E+00  0.00000E+00  0.00000E+00    0.12400E+03  0.00000E+00  0.00000E+00 -0.24186E+00  0.22117E+00  0.31485E+00
  0.44999E-01  0.12452E+03    0.45000E-01 -0.21459E-01 -0.23541E-01  0.00000E+00  0.00000E+00  0.00000E+00    0.12451E+03  0.00000E+00  0.00000E+00 -0.24120E+00  0.22343E+00  0.31554E+00
  0.45999E-01  0.12503E+03    0.46000E-01 -0.21935E-01 -0.24065E-01  0.00000E+00  0.00000E+00  0.00000E+00    0.12502E+03  0.00000E+00  0.00000E+00 -0.24050E+00  0.22571E+00  0.31623E+00
  0.46999E-01  0.12553E+03    0.47000E-01 -0.22412E-01 -0.24588E-01  0.00000E+00  0.00000E+00  0.00000E+00    0.12553E+03  0.00000E+00  0.00000E+00 -0.23977E+00  0.22800E+00  0.31691E+00
  0.47999E-01  0.12604E+03    0.48000E-01 -0.22888E-01 -0.25112E-01  0.00000E+00  0.00000E+00  0.00000E+00    0.12604E+03  0.00000E+00  0.00000E+00 -0.23901E+00  0.23032E+00  0.31759E+00
  0.48999E-01  0.12654E+03    0.49000E-01 -0.23364E-01 -0.25636E-01  0.00000E+00  0.00000E+00  0.00000E+00    0.12654E+03  0.00000E+00  0.00000E+00 -0.23822E+00  0.23265E+00  0.31827E+00
  0.49999E-01  0.12706E+03    0.50000E-01 -0.23840E-01 -0.26160E-01  0.00000E+00  0.00000E+00  0.00000E+00    0.12706E+03  0.00000E+00  0.00000E+00 -0.23415E+00  0.23674E+00  0.31882E+00
  0.50999E-01  0.12754E+03    0.51000E-01 -0.24316E-01 -0.26684E-01  0.00000E+00  0.00000E+00  0.00000E+00    0.12753E+03  0.00000E+00  0.00000E+00 -0.23648E+00  0.23745E+00  0.31962E+00
  0.51999E-01  0.12805E+03    0.52000E-01 -0.24792E-01 -0.27208E-01  0.00000E+00  0.00000E+00  0.00000E+00    0.12805E+03  0.00000E+00  0.00000E+00 -0.23242E+00  0.24153E+00  0.32014E+00
  0.52999E-01  0.12852E+03    0.53000E-01 -0.25268E-01 -0.27732E-01  0.00000E+00  0.00000E+00  0.00000E+00    0.12852E+03  0.00000E+00  0.00000E+00 -0.23467E+00  0.24225E+00  0.32095E+00
  0.53999E-01  0.12903E+03    0.54000E-01 -0.25744E-01 -0.28256E-01  0.00000E+00  0.00000E+00  0.00000E+00    0.12903E+03  0.00000E+00  0.00000E+00 -0.23056E+00  0.24640E+00  0.32146E+00
  0.54999E-01  0.12949E+03    0.55000E-01 -0.26220E-01 -0.28780E-01  0.00000E+00  0.00000E+00  0.00000E+00    0.12949E+03  0.00000E+00  0.00000E+00 -0.23275E+00  0.24712E+00  0.32228E+00
  0.55999E-01  0.12996E+03    0.56000E-01 -0.26696E-01 -0.29304E-01  0.00000E+00  0.00000E+00  0.00000E+00    0.12996E+03  0.00000E+00  0.00000E+00 -0.23220E+00  0.24931E+00  0.32291E+00
  0.56999E-01  0.13046E+03    0.57000E-01 -0.27172E-01 -0.29828E-01  0.00000E+00  0.00000E+00  0.00000E+00    0.13046E+03  0.00000E+00  0.00000E+00 -0.23080E+00  0.25195E+00  0.32359E+00
  0.57999E-01  0.13092E+03    0.58000E-01 -0.27648E-01 -0.30352E-01  0.00000E+00  0.00000E+00  0.00000E+00    0.13092E+03  0.00000E+00  0.00000E+00 -0.23011E+00  0.25427E+00  0.32422E+00
  0.58999E-01  0.13141E+03    0.59000E-01 -0.28124E-01 -0.30876E-01  0.00000E+00  0.00000E+00  0.00000E+00    0.13141E+03  0.00000E+00  0.00000E+00 -0.22865E+00  0.25695E+00  0.32490E+00
  0.59999E-01  0.13187E+03    0.60000E-01 -0.28600E-01 -0.31400E-01  0.00000E+00  0.00000E+00  0.00000E+00    0.13187E+03  0.00000E+00  0.00000E+00 -0.22790E+00  0.25930E+00  0.32554E+00
  0.60999E-01  0.13235E+03    0.61000E-01 -0.29075E-01 -0.31925E-01  0.00000E+00  0.00000E+00  0.00000E+00    0.13235E+03  0.00000E+00  0.00000E+00 -0.22638E+00  0.26201E+00  0.32621E+00
  0.61999E-01  0.13280E+03    0.62000E-01 -0.29551E-01 -0.32449E-01  0.00000E+00  0.00000E+00  0.00000E+00    0.13280E+03  0.00000E+00  0.00000E+00 -0.22558E+00  0.26440E+00  0.32685E+00
  0.62999E-01  0.13328E+03    0.63000E-01 -0.30027E-01 -0.32973E-01  0.00000E+00  0.00000E+00  0.00000E+00    0.13328E+03  0.00000E+00  0.00000E+00 -0.22401E+00  0.26714E+00  0.32752E+00
  0.63999E-01  0.13373E+03    0.64000E-01 -0.30503E-01 -0.33497E-01  0.00000E+00  0.00000E+00  0.00000E+00    0.13373E+03  0.00000E+00  0.00000E+00 -0.22315E+00  0.26956E+00  0.32816E+00
  0.64999E-01  0.13419E+03    0.65000E-01 -0.30978E-01 -0.34022E-01  0.00000E+00  0.00000E+00  0.00000E+00    0.13419E+03  0.00000E+00  0.00000E+00 -0.22197E+00  0.27214E+00  0.32881E+00
  0.65999E-01  0.13464E+03    0.66000E-01 -0.31454E-01 -0.34546E-01  0.00000E+00  0.00000E+00  0.00000E+00    0.13464E+03  0.00000E+00  0.00000E+00 -0.22070E+00  0.27476E+00  0.32947E+00
  0.66999E-01  0.13510E+03    0.67000E-01 -0.31930E-01 -0.35070E-01  0.00000E+00  0.00000E+00  0.00000E+00    0.13510E+03  0.00000E+00  0.00000E+00 -0.21940E+00  0.27740E+00  0.33013E+00
  0.67999E-01  0.13555E+03    0.68000E-01 -0.32405E-01 -0.35595E-01  0.00000E+00  0.00000E+00  0.00000E+00    0.13555E+03  0.00000E+00  0.00000E+00 -0.21806E+00  0.28005E+00  0.33079E+00
  0.68999E-01  0.13600E+03    0.69000E-01 -0.32881E-01 -0.36119E-01  0.00000E+00  0.00000E+00  0.00000E+00    0.13600E+03  0.00000E+00  0.00000E+00 -0.21670E+00  0.28273E+00  0.33145E+00
  0.69999E-01  0.13645E+03    0.70000E-01 -0.33357E-01 -0.36643E-01  0.00000E+00  0.00000E+00  0.00000E+00    0.13644E+03  0.00000E+00  0.00000E+00 -0.21532E+00  0.28542E+00  0.33211E+00
  0.70999E-01  0.13689E+03    0.71000E-01 -0.33832E-01 -0.37168E-01  0.00000E+00  0.00000E+00  0.00000E+00    0.13689E+03  0.00000E+00  0.00000E+00 -0.21391E+00  0.28812E+00  0.33278E+00
  0.71999E-01  0.13733E+03    0.72000E-01 -0.34308E-01 -0.37692E-01  0.00000E+00  0.00000E+00  0.00000E+00    0.13733E+03  0.00000E+00  0.00000E+00 -0.21248E+00  0.29084E+00  0.33345E+00
  0.72998E-01  0.13777E+03    0.73000E-01 -0.34783E-01 -0.38217E-01  0.00000E+00  0.00000E+00  0.00000E+00    0.13777E+03  0.00000E+00  0.00000E+00 -0.21102E+00  0.29358E+00  0.33412E+00
  0.73998E-01  0.13821E+03    0.74000E-01 -0.35259E-01 -0.38741E-01  0.00000E+00  0.00000E+00  0.00000E+00    0.13821E+03  0.00000E+00  0.00000E+00 -0.20954E+00  0.29633E+00  0.33480E+00
  0.74998E-01  0.13865E+03    0.75000E-01 -0.35734E-01 -0.39266E-01  0.00000E+00  0.00000E+00  0.00000E+00    0.13864E+03  0.00000E+00  0.00000E+00 -0.20804E+00  0.29910E+00  0.33548E+00
  0.75998E-01  0.13908E+03    0.76000E-01 -0.36209E-01 -0.39791E-01  0.00000E+00  0.00000E+00  0.00000E+00    0.13908E+03  0.00000E+00  0.00000E+00 -0.20652E+00  0.30189E+00  0.33616E+00
  0.76998E-01  0.13951E+03    0.77000E-01 -0.36685E-01 -0.40315E-01  0.00000E+00  0.00000E+00  0.00000E+00    0.13951E+03  0.00000E+00  0.00000E+00 -0.20496E+00  0.30470E+00  0.33685E+00
  0.77998E-01  0.13994E+03    0.78000E-01 -0.37160E-01 -0.40840E-01  0.00000E+00  0.00000E+00  0.00000E+00    0.13994E+03  0.00000E+00  0.00000E+00 -0.20339E+00  0.30752E+00  0.33755E+00
  0.78998E-01  0.14036E+03    0.79000E-01 -0.37635E-01 -0.41365E-01  0.00000E+00  0.00000E+00  0.00000E+00    0.14036E+03  0.00000E+00  0.00000E+00 -0.20179E+00  0.31036E+00  0.33825E+00
  0.79998E-01  0.14079E+03    0.80000E-01 -0.38111E-01 -0.41889E-01  0.00000E+00  0.00000E+00  0.00000E+00    0.14079E+03  0.00000E+00  0.00000E+00 -0.20017E+00  0.31322E+00  0.33895E+00
  0.80998E-01  0.14121E+03    0.81000E-01 -0.38586E-01 -0.42414E-01  0.00000E+00  0.00000E+00  0.00000E+00    0.14121E+03  0.00000E+00  0.00000E+00 -0.19090E+00  0.31962E+00  0.33971E+00
  0.81998E-01  0.14160E+03    0.82000E-01 -0.39061E-01 -0.42939E-01  0.00000E+00  0.00000E+00  0.00000E+00    0.14160E+03  0.00000E+00  0.00000E+00 -0.19123E+00  0.32210E+00  0.34053E+00
  0.82998E-01  0.14201E+03    0.83000E-01 -0.39537E-01 -0.43463E-01  0.00000E+00  0.00000E+00  0.00000E+00    0.14201E+03  0.00000E+00  0.00000E+00 -0.18924E+00  0.32511E+00  0.34128E+00
  0.83998E-01  0.14243E+03    0.84000E-01 -0.40012E-01 -0.43988E-01  0.00000E+00  0.00000E+00  0.00000E+00    0.14243E+03  0.00000E+00  0.00000E+00 -0.18752E+00  0.32807E+00  0.34203E+00
  0.84998E-01  0.14284E+03    0.85000E-01 -0.40487E-01 -0.44513E-01  0.00000E+00  0.00000E+00  0.00000E+00    0.14284E+03  0.00000E+00  0.00000E+00 -0.18580E+00  0.33104E+00  0.34278E+00
  0.85998E-01  0.14331E+03    0.86000E-01 -0.40962E-01 -0.45038E-01  0.00000E+00  0.00000E+00  0.00000E+00    0.14330E+03  0.00000E+00  0.00000E+00 -0.18231E+00  0.33474E+00  0.34344E+00
  0.86998E-01  0.14372E+03    0.87000E-01 -0.41437E-01 -0.45563E-01  0.00000E+00  0.00000E+00  0.00000E+00    0.14372E+03  0.00000E+00  0.00000E+00 -0.18099E+00  0.33765E+00  0.34418E+00
  0.87998E-01  0.14413E+03    0.88000E-01 -0.41912E-01 -0.46088E-01  0.00000E+00  0.00000E+00  0.00000E+00    0.14413E+03  0.00000E+00  0.00000E+00 -0.17920E+00  0.34069E+00  0.34495E+00
  0.88998E-01  0.14454E+03    0.89000E-01 -0.42387E-01 -0.46613E-01  0.00000E+00  0.00000E+00  0.00000E+00    0.14453E+03  0.00000E+00  0.00000E+00 -0.17738E+00  0.34374E+00  0.34573E+00
  0.89998E-01  0.14494E+03    0.90000E-01 -0.42862E-01 -0.47138E-01  0.00000E+00  0.00000E+00  0.00000E+00    0.14493E+03  0.00000E+00  0.00000E+00 -0.17555E+00  0.34681E+00  0.34653E+00
  0.90998E-01  0.14534E+03    0.91000E-01 -0.43337E-01 -0.47663E-01  0.00000E+00  0.00000E+00  0.00000E+00    0.14534E+03  0.00000E+00  0.00000E+00 -0.17370E+00  0.34990E+00  0.34733E+00
  0.91998E-01  0.14574E+03    0.92000E-01 -0.43812E-01 -0.48188E-01  0.00000E+00  0.00000E+00  0.00000E+00    0.14573E+03  0.00000E+00  0.00000E+00 -0.17184E+00  0.35301E+00  0.34815E+00
  0.92998E-01  0.14613E+03    0.93000E-01 -0.44287E-01 -0.48713E-01  0.00000E+00  0.00000E+00  0.00000E+00    0.14613E+03  0.00000E+00  0.00000E+00 -0.16995E+00  0.35614E+00  0.34898E+00
  0.93998E-01  0.14653E+03    0.94000E-01 -0.44762E-01 -0.49238E-01  0.00000E+00  0.00000E+00  0.00000E+00    0.14652E+03  0.00000E+00  0.00000E+00 -0.16804E+00  0.35929E+00  0.34982E+00
  0.94998E-01  0.14692E+03    0.95000E-01 -0.45237E-01 -0.49763E-01  0.00000E+00  0.00000E+00  0.00000E+00    0.14692E+03  0.00000E+00  0.00000E+00 -0.16612E+00  0.36246E+00  0.35067E+00
  0.95998E-01  0.14731E+03    0.96000E-01 -0.45712E-01 -0.50288E-01  0.00000E+00  0.00000E+00  0.00000E+00    0.14731E+03  0.00000E+00  0.00000E+00 -0.16418E+00  0.36565E+00  0.35154E+00
  0.96998E-01  0.14770E+03    0.97000E-01 -0.46187E-01 -0.50813E-01  0.00000E+00  0.00000E+00  0.00000E+00    0.14769E+03  0.00000E+00  0.00000E+00 -0.16222E+00  0.36886E+00  0.35242E+00
  0.97998E-01  0.14808E+03    0.98000E-01 -0.46662E-01 -0.51338E-01  0.00000E+00  0.00000E+00  0.00000E+00    0.14808E+03  0.00000E+00  0.00000E+00 -0.16024E+00  0.37209E+00  0.35332E+00
  0.98998E-01  0.14847E+03    0.99000E-01 -0.47136E-01 -0.51864E-01  0.00000E+00  0.00000E+00  0.00000E+00    0.14847E+03  0.00000E+00  0.00000E+00 -0.15825E+00  0.37534E+00  0.35422E+00
  0.99998E-01  0.14885E+03    0.10000E+00 -0.47611E-01 -0.52389E-01  0.00000E+00  0.00000E+00  0.00000E+00    0.14885E+03  0.00000E+00  0.00000E+00 -0.15624E+00  0.37861E+00  0.35515E+00
