          Evm          Svm            E11          E22          E33          E23          E13          E12         SCAU11       SCAU22       SCAU33       SCAU23       SCAU13       SCAU12      TEMP
  0.00000E+00  0.93227E+02    0.00000E+00  0.00000E+00  0.00000E+00  0.00000E+00  0.00000E+00  0.00000E+00    0.93225E+02  0.00000E+00  0.00000E+00 -0.21622E+00  0.13405E+00  0.25760E+00
  0.99998E-03  0.93859E+02    0.10000E-02 -0.47967E-03 -0.52033E-03  0.00000E+00  0.00000E+00  0.00000E+00    0.93857E+02  0.00000E+00  0.00000E+00 -0.22119E+00  0.13731E+00  0.26108E+00
  0.20000E-02  0.94454E+02    0.20000E-02 -0.95784E-03 -0.10422E-02  0.00000E+00  0.00000E+00  0.00000E+00    0.94452E+02  0.00000E+00  0.00000E+00 -0.22160E+00  0.13847E+00  0.26342E+00
  0.29999E-02  0.95112E+02    0.30000E-02 -0.14356E-02 -0.15644E-02  0.00000E+00  0.00000E+00  0.00000E+00    0.95110E+02  0.00000E+00  0.00000E+00 -0.22285E+00  0.13974E+00  0.26505E+00
  0.39999E-02  0.95768E+02    0.40000E-02 -0.19132E-02 -0.20868E-02  0.00000E+00  0.00000E+00  0.00000E+00    0.95766E+02  0.00000E+00  0.00000E+00 -0.22394E+00  0.14102E+00  0.26641E+00
  0.49999E-02  0.96420E+02    0.50000E-02 -0.23906E-02 -0.26094E-02  0.00000E+00  0.00000E+00  0.00000E+00    0.96418E+02  0.00000E+00  0.00000E+00 -0.22498E+00  0.14235E+00  0.26766E+00
  0.59999E-02  0.97056E+02    0.60000E-02 -0.28678E-02 -0.31322E-02  0.00000E+00  0.00000E+00  0.00000E+00    0.97054E+02  0.00000E+00  0.00000E+00 -0.22380E+00  0.14460E+00  0.26887E+00
  0.69998E-02  0.97708E+02    0.70000E-02 -0.33451E-02 -0.36549E-02  0.00000E+00  0.00000E+00  0.00000E+00    0.97706E+02  0.00000E+00  0.00000E+00 -0.22475E+00  0.14614E+00  0.27003E+00
  0.79998E-02  0.98348E+02    0.80000E-02 -0.38222E-02 -0.41778E-02  0.00000E+00  0.00000E+00  0.00000E+00    0.98346E+02  0.00000E+00  0.00000E+00 -0.22564E+00  0.14756E+00  0.27112E+00
  0.89998E-02  0.98984E+02    0.90000E-02 -0.42993E-02 -0.47007E-02  0.00000E+00  0.00000E+00  0.00000E+00    0.98982E+02  0.00000E+00  0.00000E+00 -0.22647E+00  0.14900E+00  0.27219E+00
  0.99998E-02  0.99616E+02    0.10000E-01 -0.47764E-02 -0.52236E-02  0.00000E+00  0.00000E+00  0.00000E+00    0.99614E+02  0.00000E+00  0.00000E+00 -0.22726E+00  0.15046E+00  0.27324E+00
  0.11000E-01  0.10024E+03    0.11000E-01 -0.52535E-02 -0.57465E-02  0.00000E+00  0.00000E+00  0.00000E+00    0.10024E+03  0.00000E+00  0.00000E+00 -0.22800E+00  0.15195E+00  0.27427E+00
  0.12000E-01  0.10087E+03    0.12000E-01 -0.57305E-02 -0.62695E-02  0.00000E+00  0.00000E+00  0.00000E+00    0.10087E+03  0.00000E+00  0.00000E+00 -0.22869E+00  0.15347E+00  0.27528E+00
  0.13000E-01  0.10149E+03    0.13000E-01 -0.62075E-02 -0.67925E-02  0.00000E+00  0.00000E+00  0.00000E+00    0.10149E+03  0.00000E+00  0.00000E+00 -0.22934E+00  0.15500E+00  0.27627E+00
  0.14000E-01  0.10210E+03    0.14000E-01 -0.66845E-02 -0.73155E-02  0.00000E+00  0.00000E+00  0.00000E+00    0.10210E+03  0.00000E+00  0.00000E+00 -0.22994E+00  0.15656E+00  0.27725E+00
  0.15000E-01  0.10272E+03    0.15000E-01 -0.71614E-02 -0.78386E-02  0.00000E+00  0.00000E+00  0.00000E+00    0.10272E+03  0.00000E+00  0.00000E+00 -0.23050E+00  0.15815E+00  0.27822E+00
  0.16000E-01  0.10333E+03    0.16000E-01 -0.76384E-02 -0.83616E-02  0.00000E+00  0.00000E+00  0.00000E+00    0.10332E+03  0.00000E+00  0.00000E+00 -0.23101E+00  0.15976E+00  0.27917E+00
  0.17000E-01  0.10393E+03    0.17000E-01 -0.81153E-02 -0.88847E-02  0.00000E+00  0.00000E+00  0.00000E+00    0.10393E+03  0.00000E+00  0.00000E+00 -0.23147E+00  0.16139E+00  0.28011E+00
  0.18000E-01  0.10453E+03    0.18000E-01 -0.85922E-02 -0.94078E-02  0.00000E+00  0.00000E+00  0.00000E+00    0.10453E+03  0.00000E+00  0.00000E+00 -0.23190E+00  0.16305E+00  0.28103E+00
  0.19000E-01  0.10513E+03    0.19000E-01 -0.90690E-02 -0.99310E-02  0.00000E+00  0.00000E+00  0.00000E+00    0.10513E+03  0.00000E+00  0.00000E+00 -0.23228E+00  0.16473E+00  0.28195E+00
  0.20000E-01  0.10573E+03    0.20000E-01 -0.95459E-02 -0.10454E-01  0.00000E+00  0.00000E+00  0.00000E+00    0.10572E+03  0.00000E+00  0.00000E+00 -0.23261E+00  0.16643E+00  0.28285E+00
  0.21000E-01  0.10632E+03    0.21000E-01 -0.10023E-01 -0.10977E-01  0.00000E+00  0.00000E+00  0.00000E+00    0.10631E+03  0.00000E+00  0.00000E+00 -0.23291E+00  0.16816E+00  0.28374E+00
  0.22000E-01  0.10690E+03    0.22000E-01 -0.10500E-01 -0.11500E-01  0.00000E+00  0.00000E+00  0.00000E+00    0.10690E+03  0.00000E+00  0.00000E+00 -0.23316E+00  0.16991E+00  0.28462E+00
  0.22999E-01  0.10749E+03    0.23000E-01 -0.10976E-01 -0.12024E-01  0.00000E+00  0.00000E+00  0.00000E+00    0.10749E+03  0.00000E+00  0.00000E+00 -0.23337E+00  0.17168E+00  0.28548E+00
  0.23999E-01  0.10807E+03    0.24000E-01 -0.11453E-01 -0.12547E-01  0.00000E+00  0.00000E+00  0.00000E+00    0.10807E+03  0.00000E+00  0.00000E+00 -0.23354E+00  0.17348E+00  0.28634E+00
  0.24999E-01  0.10865E+03    0.25000E-01 -0.11930E-01 -0.13070E-01  0.00000E+00  0.00000E+00  0.00000E+00    0.10864E+03  0.00000E+00  0.00000E+00 -0.23367E+00  0.17529E+00  0.28719E+00
  0.25999E-01  0.10922E+03    0.26000E-01 -0.12406E-01 -0.13594E-01  0.00000E+00  0.00000E+00  0.00000E+00    0.10922E+03  0.00000E+00  0.00000E+00 -0.23376E+00  0.17714E+00  0.28803E+00
  0.26999E-01  0.10979E+03    0.27000E-01 -0.12883E-01 -0.14117E-01  0.00000E+00  0.00000E+00  0.00000E+00    0.10979E+03  0.00000E+00  0.00000E+00 -0.23380E+00  0.17900E+00  0.28886E+00
  0.27999E-01  0.11036E+03    0.28000E-01 -0.13360E-01 -0.14640E-01  0.00000E+00  0.00000E+00  0.00000E+00    0.11035E+03  0.00000E+00  0.00000E+00 -0.23381E+00  0.18089E+00  0.28968E+00
  0.28999E-01  0.11092E+03    0.29000E-01 -0.13836E-01 -0.15164E-01  0.00000E+00  0.00000E+00  0.00000E+00    0.11092E+03  0.00000E+00  0.00000E+00 -0.23378E+00  0.18279E+00  0.29050E+00
  0.29999E-01  0.11148E+03    0.30000E-01 -0.14313E-01 -0.15687E-01  0.00000E+00  0.00000E+00  0.00000E+00    0.11148E+03  0.00000E+00  0.00000E+00 -0.23371E+00  0.18472E+00  0.29130E+00
  0.30999E-01  0.11204E+03    0.31000E-01 -0.14790E-01 -0.16210E-01  0.00000E+00  0.00000E+00  0.00000E+00    0.11203E+03  0.00000E+00  0.00000E+00 -0.23360E+00  0.18667E+00  0.29210E+00
  0.31999E-01  0.11259E+03    0.32000E-01 -0.15266E-01 -0.16734E-01  0.00000E+00  0.00000E+00  0.00000E+00    0.11259E+03  0.00000E+00  0.00000E+00 -0.23344E+00  0.18864E+00  0.29288E+00
  0.32999E-01  0.11314E+03    0.33000E-01 -0.15743E-01 -0.17257E-01  0.00000E+00  0.00000E+00  0.00000E+00    0.11314E+03  0.00000E+00  0.00000E+00 -0.23326E+00  0.19064E+00  0.29366E+00
  0.33999E-01  0.11369E+03    0.34000E-01 -0.16219E-01 -0.17781E-01  0.00000E+00  0.00000E+00  0.00000E+00    0.11368E+03  0.00000E+00  0.00000E+00 -0.23304E+00  0.19265E+00  0.29444E+00
  0.34999E-01  0.11423E+03    0.35000E-01 -0.16696E-01 -0.18304E-01  0.00000E+00  0.00000E+00  0.00000E+00    0.11423E+03  0.00000E+00  0.00000E+00 -0.23278E+00  0.19468E+00  0.29521E+00
  0.35999E-01  0.11477E+03    0.36000E-01 -0.17172E-01 -0.18828E-01  0.00000E+00  0.00000E+00  0.00000E+00    0.11477E+03  0.00000E+00  0.00000E+00 -0.23248E+00  0.19674E+00  0.29596E+00
  0.36999E-01  0.11531E+03    0.37000E-01 -0.17649E-01 -0.19351E-01  0.00000E+00  0.00000E+00  0.00000E+00    0.11531E+03  0.00000E+00  0.00000E+00 -0.23215E+00  0.19881E+00  0.29672E+00
  0.37999E-01  0.11584E+03    0.38000E-01 -0.18125E-01 -0.19875E-01  0.00000E+00  0.00000E+00  0.00000E+00    0.11584E+03  0.00000E+00  0.00000E+00 -0.23179E+00  0.20091E+00  0.29746E+00
  0.38999E-01  0.11637E+03    0.39000E-01 -0.18601E-01 -0.20399E-01  0.00000E+00  0.00000E+00  0.00000E+00    0.11637E+03  0.00000E+00  0.00000E+00 -0.23138E+00  0.20302E+00  0.29820E+00
  0.39999E-01  0.11690E+03    0.40000E-01 -0.19078E-01 -0.20922E-01  0.00000E+00  0.00000E+00  0.00000E+00    0.11690E+03  0.00000E+00  0.00000E+00 -0.23095E+00  0.20515E+00  0.29894E+00
  0.40999E-01  0.11743E+03    0.41000E-01 -0.19554E-01 -0.21446E-01  0.00000E+00  0.00000E+00  0.00000E+00    0.11742E+03  0.00000E+00  0.00000E+00 -0.23048E+00  0.20731E+00  0.29966E+00
  0.41999E-01  0.11795E+03    0.42000E-01 -0.20030E-01 -0.21970E-01  0.00000E+00  0.00000E+00  0.00000E+00    0.11795E+03  0.00000E+00  0.00000E+00 -0.22998E+00  0.20948E+00  0.30039E+00
  0.42999E-01  0.11847E+03    0.43000E-01 -0.20507E-01 -0.22493E-01  0.00000E+00  0.00000E+00  0.00000E+00    0.11847E+03  0.00000E+00  0.00000E+00 -0.22943E+00  0.21167E+00  0.30110E+00
  0.43999E-01  0.11898E+03    0.44000E-01 -0.20983E-01 -0.23017E-01  0.00000E+00  0.00000E+00  0.00000E+00    0.11898E+03  0.00000E+00  0.00000E+00 -0.22886E+00  0.21389E+00  0.30181E+00
  0.44999E-01  0.11946E+03    0.45000E-01 -0.21459E-01 -0.23541E-01  0.00000E+00  0.00000E+00  0.00000E+00    0.11946E+03  0.00000E+00  0.00000E+00 -0.23167E+00  0.21433E+00  0.30254E+00
  0.45999E-01  0.12000E+03    0.46000E-01 -0.21935E-01 -0.24065E-01  0.00000E+00  0.00000E+00  0.00000E+00    0.12000E+03  0.00000E+00  0.00000E+00 -0.22786E+00  0.21820E+00  0.30319E+00
  0.46999E-01  0.12048E+03    0.47000E-01 -0.22412E-01 -0.24588E-01  0.00000E+00  0.00000E+00  0.00000E+00    0.12047E+03  0.00000E+00  0.00000E+00 -0.23038E+00  0.21879E+00  0.30395E+00
  0.47999E-01  0.12098E+03    0.48000E-01 -0.22888E-01 -0.25112E-01  0.00000E+00  0.00000E+00  0.00000E+00    0.12098E+03  0.00000E+00  0.00000E+00 -0.22977E+00  0.22096E+00  0.30465E+00
  0.48999E-01  0.12148E+03    0.49000E-01 -0.23364E-01 -0.25636E-01  0.00000E+00  0.00000E+00  0.00000E+00    0.12148E+03  0.00000E+00  0.00000E+00 -0.22904E+00  0.22323E+00  0.30535E+00
  0.49999E-01  0.12198E+03    0.50000E-01 -0.23840E-01 -0.26160E-01  0.00000E+00  0.00000E+00  0.00000E+00    0.12198E+03  0.00000E+00  0.00000E+00 -0.22829E+00  0.22553E+00  0.30604E+00
  0.50999E-01  0.12248E+03    0.51000E-01 -0.24316E-01 -0.26684E-01  0.00000E+00  0.00000E+00  0.00000E+00    0.12248E+03  0.00000E+00  0.00000E+00 -0.22750E+00  0.22784E+00  0.30673E+00
  0.51999E-01  0.12297E+03    0.52000E-01 -0.24792E-01 -0.27208E-01  0.00000E+00  0.00000E+00  0.00000E+00    0.12297E+03  0.00000E+00  0.00000E+00 -0.22668E+00  0.23017E+00  0.30742E+00
  0.52999E-01  0.12346E+03    0.53000E-01 -0.25268E-01 -0.27732E-01  0.00000E+00  0.00000E+00  0.00000E+00    0.12346E+03  0.00000E+00  0.00000E+00 -0.22583E+00  0.23251E+00  0.30811E+00
  0.53999E-01  0.12395E+03    0.54000E-01 -0.25744E-01 -0.28256E-01  0.00000E+00  0.00000E+00  0.00000E+00    0.12395E+03  0.00000E+00  0.00000E+00 -0.22495E+00  0.23488E+00  0.30880E+00
  0.54999E-01  0.12446E+03    0.55000E-01 -0.26220E-01 -0.28780E-01  0.00000E+00  0.00000E+00  0.00000E+00    0.12445E+03  0.00000E+00  0.00000E+00 -0.22082E+00  0.23907E+00  0.30933E+00
  0.55999E-01  0.12492E+03    0.56000E-01 -0.26696E-01 -0.29304E-01  0.00000E+00  0.00000E+00  0.00000E+00    0.12491E+03  0.00000E+00  0.00000E+00 -0.22305E+00  0.23974E+00  0.31016E+00
  0.56999E-01  0.12542E+03    0.57000E-01 -0.27172E-01 -0.29828E-01  0.00000E+00  0.00000E+00  0.00000E+00    0.12541E+03  0.00000E+00  0.00000E+00 -0.21893E+00  0.24391E+00  0.31068E+00
  0.57999E-01  0.12587E+03    0.58000E-01 -0.27648E-01 -0.30352E-01  0.00000E+00  0.00000E+00  0.00000E+00    0.12587E+03  0.00000E+00  0.00000E+00 -0.22109E+00  0.24459E+00  0.31151E+00
  0.58999E-01  0.12634E+03    0.59000E-01 -0.28124E-01 -0.30876E-01  0.00000E+00  0.00000E+00  0.00000E+00    0.12633E+03  0.00000E+00  0.00000E+00 -0.22052E+00  0.24678E+00  0.31216E+00
  0.59999E-01  0.12682E+03    0.60000E-01 -0.28600E-01 -0.31400E-01  0.00000E+00  0.00000E+00  0.00000E+00    0.12682E+03  0.00000E+00  0.00000E+00 -0.21911E+00  0.24941E+00  0.31286E+00
  0.60999E-01  0.12728E+03    0.61000E-01 -0.29075E-01 -0.31925E-01  0.00000E+00  0.00000E+00  0.00000E+00    0.12727E+03  0.00000E+00  0.00000E+00 -0.21840E+00  0.25172E+00  0.31350E+00
  0.61999E-01  0.12776E+03    0.62000E-01 -0.29551E-01 -0.32449E-01  0.00000E+00  0.00000E+00  0.00000E+00    0.12775E+03  0.00000E+00  0.00000E+00 -0.21692E+00  0.25438E+00  0.31420E+00
  0.62999E-01  0.12821E+03    0.63000E-01 -0.30027E-01 -0.32973E-01  0.00000E+00  0.00000E+00  0.00000E+00    0.12821E+03  0.00000E+00  0.00000E+00 -0.21617E+00  0.25673E+00  0.31486E+00
  0.63999E-01  0.12868E+03    0.64000E-01 -0.30503E-01 -0.33497E-01  0.00000E+00  0.00000E+00  0.00000E+00    0.12868E+03  0.00000E+00  0.00000E+00 -0.21463E+00  0.25943E+00  0.31554E+00
  0.64999E-01  0.12913E+03    0.65000E-01 -0.30978E-01 -0.34022E-01  0.00000E+00  0.00000E+00  0.00000E+00    0.12913E+03  0.00000E+00  0.00000E+00 -0.21383E+00  0.26179E+00  0.31620E+00
  0.65999E-01  0.12960E+03    0.66000E-01 -0.31454E-01 -0.34546E-01  0.00000E+00  0.00000E+00  0.00000E+00    0.12960E+03  0.00000E+00  0.00000E+00 -0.21224E+00  0.26453E+00  0.31689E+00
  0.66999E-01  0.13004E+03    0.67000E-01 -0.31930E-01 -0.35070E-01  0.00000E+00  0.00000E+00  0.00000E+00    0.13004E+03  0.00000E+00  0.00000E+00 -0.21138E+00  0.26693E+00  0.31755E+00
  0.67999E-01  0.13050E+03    0.68000E-01 -0.32405E-01 -0.35595E-01  0.00000E+00  0.00000E+00  0.00000E+00    0.13050E+03  0.00000E+00  0.00000E+00 -0.20975E+00  0.26970E+00  0.31823E+00
  0.68999E-01  0.13094E+03    0.69000E-01 -0.32881E-01 -0.36119E-01  0.00000E+00  0.00000E+00  0.00000E+00    0.13094E+03  0.00000E+00  0.00000E+00 -0.20883E+00  0.27213E+00  0.31890E+00
  0.69999E-01  0.13138E+03    0.70000E-01 -0.33357E-01 -0.36643E-01  0.00000E+00  0.00000E+00  0.00000E+00    0.13138E+03  0.00000E+00  0.00000E+00 -0.20759E+00  0.27473E+00  0.31958E+00
  0.70999E-01  0.13183E+03    0.71000E-01 -0.33832E-01 -0.37168E-01  0.00000E+00  0.00000E+00  0.00000E+00    0.13183E+03  0.00000E+00  0.00000E+00 -0.20627E+00  0.27737E+00  0.32026E+00
  0.71999E-01  0.13227E+03    0.72000E-01 -0.34308E-01 -0.37692E-01  0.00000E+00  0.00000E+00  0.00000E+00    0.13227E+03  0.00000E+00  0.00000E+00 -0.20491E+00  0.28003E+00  0.32095E+00
  0.72998E-01  0.13271E+03    0.73000E-01 -0.34783E-01 -0.38217E-01  0.00000E+00  0.00000E+00  0.00000E+00    0.13271E+03  0.00000E+00  0.00000E+00 -0.20353E+00  0.28270E+00  0.32163E+00
  0.73998E-01  0.13315E+03    0.74000E-01 -0.35259E-01 -0.38741E-01  0.00000E+00  0.00000E+00  0.00000E+00    0.13314E+03  0.00000E+00  0.00000E+00 -0.20212E+00  0.28539E+00  0.32232E+00
  0.74998E-01  0.13358E+03    0.75000E-01 -0.35734E-01 -0.39266E-01  0.00000E+00  0.00000E+00  0.00000E+00    0.13358E+03  0.00000E+00  0.00000E+00 -0.20069E+00  0.28809E+00  0.32302E+00
  0.75998E-01  0.13401E+03    0.76000E-01 -0.36210E-01 -0.39790E-01  0.00000E+00  0.00000E+00  0.00000E+00    0.13401E+03  0.00000E+00  0.00000E+00 -0.19923E+00  0.29082E+00  0.32371E+00
  0.76998E-01  0.13444E+03    0.77000E-01 -0.36685E-01 -0.40315E-01  0.00000E+00  0.00000E+00  0.00000E+00    0.13444E+03  0.00000E+00  0.00000E+00 -0.19776E+00  0.29355E+00  0.32441E+00
  0.77998E-01  0.13487E+03    0.78000E-01 -0.37160E-01 -0.40840E-01  0.00000E+00  0.00000E+00  0.00000E+00    0.13487E+03  0.00000E+00  0.00000E+00 -0.19626E+00  0.29631E+00  0.32512E+00
  0.78998E-01  0.13530E+03    0.79000E-01 -0.37636E-01 -0.41364E-01  0.00000E+00  0.00000E+00  0.00000E+00    0.13530E+03  0.00000E+00  0.00000E+00 -0.19473E+00  0.29908E+00  0.32583E+00
  0.79998E-01  0.13572E+03    0.80000E-01 -0.38111E-01 -0.41889E-01  0.00000E+00  0.00000E+00  0.00000E+00    0.13572E+03  0.00000E+00  0.00000E+00 -0.19319E+00  0.30188E+00  0.32655E+00
  0.80998E-01  0.13614E+03    0.81000E-01 -0.38586E-01 -0.42414E-01  0.00000E+00  0.00000E+00  0.00000E+00    0.13614E+03  0.00000E+00  0.00000E+00 -0.19162E+00  0.30468E+00  0.32727E+00
  0.81998E-01  0.13656E+03    0.82000E-01 -0.39061E-01 -0.42939E-01  0.00000E+00  0.00000E+00  0.00000E+00    0.13656E+03  0.00000E+00  0.00000E+00 -0.19003E+00  0.30751E+00  0.32800E+00
  0.82998E-01  0.13698E+03    0.83000E-01 -0.39537E-01 -0.43463E-01  0.00000E+00  0.00000E+00  0.00000E+00    0.13698E+03  0.00000E+00  0.00000E+00 -0.18842E+00  0.31035E+00  0.32874E+00
  0.83998E-01  0.13739E+03    0.84000E-01 -0.40012E-01 -0.43988E-01  0.00000E+00  0.00000E+00  0.00000E+00    0.13739E+03  0.00000E+00  0.00000E+00 -0.18679E+00  0.31321E+00  0.32948E+00
  0.84998E-01  0.13781E+03    0.85000E-01 -0.40487E-01 -0.44513E-01  0.00000E+00  0.00000E+00  0.00000E+00    0.13780E+03  0.00000E+00  0.00000E+00 -0.17753E+00  0.31969E+00  0.33027E+00
  0.85998E-01  0.13819E+03    0.86000E-01 -0.40962E-01 -0.45038E-01  0.00000E+00  0.00000E+00  0.00000E+00    0.13819E+03  0.00000E+00  0.00000E+00 -0.17785E+00  0.32214E+00  0.33115E+00
  0.86998E-01  0.13859E+03    0.87000E-01 -0.41437E-01 -0.45563E-01  0.00000E+00  0.00000E+00  0.00000E+00    0.13859E+03  0.00000E+00  0.00000E+00 -0.17585E+00  0.32516E+00  0.33194E+00
  0.87998E-01  0.13900E+03    0.88000E-01 -0.41912E-01 -0.46088E-01  0.00000E+00  0.00000E+00  0.00000E+00    0.13899E+03  0.00000E+00  0.00000E+00 -0.17413E+00  0.32812E+00  0.33273E+00
  0.88998E-01  0.13940E+03    0.89000E-01 -0.42388E-01 -0.46612E-01  0.00000E+00  0.00000E+00  0.00000E+00    0.13940E+03  0.00000E+00  0.00000E+00 -0.17240E+00  0.33109E+00  0.33353E+00
  0.89998E-01  0.13986E+03    0.90000E-01 -0.42863E-01 -0.47137E-01  0.00000E+00  0.00000E+00  0.00000E+00    0.13985E+03  0.00000E+00  0.00000E+00 -0.16890E+00  0.33482E+00  0.33423E+00
  0.90998E-01  0.14027E+03    0.91000E-01 -0.43338E-01 -0.47662E-01  0.00000E+00  0.00000E+00  0.00000E+00    0.14026E+03  0.00000E+00  0.00000E+00 -0.16757E+00  0.33773E+00  0.33501E+00
  0.91998E-01  0.14066E+03    0.92000E-01 -0.43813E-01 -0.48187E-01  0.00000E+00  0.00000E+00  0.00000E+00    0.14066E+03  0.00000E+00  0.00000E+00 -0.16578E+00  0.34076E+00  0.33583E+00
  0.92998E-01  0.14106E+03    0.93000E-01 -0.44288E-01 -0.48712E-01  0.00000E+00  0.00000E+00  0.00000E+00    0.14106E+03  0.00000E+00  0.00000E+00 -0.16396E+00  0.34382E+00  0.33666E+00
  0.93998E-01  0.14145E+03    0.94000E-01 -0.44762E-01 -0.49238E-01  0.00000E+00  0.00000E+00  0.00000E+00    0.14145E+03  0.00000E+00  0.00000E+00 -0.16213E+00  0.34690E+00  0.33751E+00
  0.94998E-01  0.14184E+03    0.95000E-01 -0.45237E-01 -0.49763E-01  0.00000E+00  0.00000E+00  0.00000E+00    0.14184E+03  0.00000E+00  0.00000E+00 -0.16028E+00  0.34999E+00  0.33836E+00
  0.95998E-01  0.14223E+03    0.96000E-01 -0.45712E-01 -0.50288E-01  0.00000E+00  0.00000E+00  0.00000E+00    0.14223E+03  0.00000E+00  0.00000E+00 -0.15842E+00  0.35311E+00  0.33923E+00
  0.96998E-01  0.14262E+03    0.97000E-01 -0.46187E-01 -0.50813E-01  0.00000E+00  0.00000E+00  0.00000E+00    0.14262E+03  0.00000E+00  0.00000E+00 -0.15653E+00  0.35624E+00  0.34012E+00
  0.97998E-01  0.14301E+03    0.98000E-01 -0.46662E-01 -0.51338E-01  0.00000E+00  0.00000E+00  0.00000E+00    0.14301E+03  0.00000E+00  0.00000E+00 -0.15464E+00  0.35939E+00  0.34101E+00
  0.98998E-01  0.14339E+03    0.99000E-01 -0.47137E-01 -0.51863E-01  0.00000E+00  0.00000E+00  0.00000E+00    0.14339E+03  0.00000E+00  0.00000E+00 -0.15272E+00  0.36257E+00  0.34192E+00
  0.99998E-01  0.14377E+03    0.10000E+00 -0.47611E-01 -0.52389E-01  0.00000E+00  0.00000E+00  0.00000E+00    0.14377E+03  0.00000E+00  0.00000E+00 -0.15079E+00  0.36576E+00  0.34285E+00
