          Evm          Svm            E11          E22          E33          E23          E13          E12         SCAU11       SCAU22       SCAU33       SCAU23       SCAU13       SCAU12      TEMP
  0.00000E+00  0.10458E+03    0.00000E+00  0.00000E+00  0.00000E+00  0.00000E+00  0.00000E+00  0.00000E+00    0.10458E+03  0.00000E+00  0.00000E+00 -0.24256E+00  0.15038E+00  0.28897E+00
  0.99998E-03  0.10521E+03    0.10000E-02 -0.47967E-03 -0.52033E-03  0.00000E+00  0.00000E+00  0.00000E+00    0.10521E+03  0.00000E+00  0.00000E+00 -0.24759E+00  0.15394E+00  0.29269E+00
  0.20000E-02  0.10581E+03    0.20000E-02 -0.95784E-03 -0.10422E-02  0.00000E+00  0.00000E+00  0.00000E+00    0.10581E+03  0.00000E+00  0.00000E+00 -0.24789E+00  0.15510E+00  0.29511E+00
  0.29999E-02  0.10646E+03    0.30000E-02 -0.14356E-02 -0.15644E-02  0.00000E+00  0.00000E+00  0.00000E+00    0.10645E+03  0.00000E+00  0.00000E+00 -0.24689E+00  0.15740E+00  0.29663E+00
  0.39999E-02  0.10712E+03    0.40000E-02 -0.19132E-02 -0.20868E-02  0.00000E+00  0.00000E+00  0.00000E+00    0.10712E+03  0.00000E+00  0.00000E+00 -0.24791E+00  0.15887E+00  0.29806E+00
  0.49999E-02  0.10777E+03    0.50000E-02 -0.23906E-02 -0.26094E-02  0.00000E+00  0.00000E+00  0.00000E+00    0.10777E+03  0.00000E+00  0.00000E+00 -0.24886E+00  0.16028E+00  0.29927E+00
  0.59999E-02  0.10842E+03    0.60000E-02 -0.28679E-02 -0.31321E-02  0.00000E+00  0.00000E+00  0.00000E+00    0.10842E+03  0.00000E+00  0.00000E+00 -0.24974E+00  0.16170E+00  0.30040E+00
  0.69998E-02  0.10907E+03    0.70000E-02 -0.33452E-02 -0.36548E-02  0.00000E+00  0.00000E+00  0.00000E+00    0.10906E+03  0.00000E+00  0.00000E+00 -0.25058E+00  0.16315E+00  0.30148E+00
  0.79998E-02  0.10971E+03    0.80000E-02 -0.38224E-02 -0.41776E-02  0.00000E+00  0.00000E+00  0.00000E+00    0.10970E+03  0.00000E+00  0.00000E+00 -0.25136E+00  0.16464E+00  0.30253E+00
  0.89998E-02  0.11034E+03    0.90000E-02 -0.42995E-02 -0.47005E-02  0.00000E+00  0.00000E+00  0.00000E+00    0.11034E+03  0.00000E+00  0.00000E+00 -0.25210E+00  0.16615E+00  0.30355E+00
  0.99998E-02  0.11097E+03    0.10000E-01 -0.47766E-02 -0.52234E-02  0.00000E+00  0.00000E+00  0.00000E+00    0.11097E+03  0.00000E+00  0.00000E+00 -0.25278E+00  0.16769E+00  0.30454E+00
  0.11000E-01  0.11160E+03    0.11000E-01 -0.52537E-02 -0.57463E-02  0.00000E+00  0.00000E+00  0.00000E+00    0.11160E+03  0.00000E+00  0.00000E+00 -0.25342E+00  0.16925E+00  0.30551E+00
  0.12000E-01  0.11223E+03    0.12000E-01 -0.57307E-02 -0.62693E-02  0.00000E+00  0.00000E+00  0.00000E+00    0.11222E+03  0.00000E+00  0.00000E+00 -0.25401E+00  0.17084E+00  0.30646E+00
  0.13000E-01  0.11285E+03    0.13000E-01 -0.62077E-02 -0.67923E-02  0.00000E+00  0.00000E+00  0.00000E+00    0.11284E+03  0.00000E+00  0.00000E+00 -0.25456E+00  0.17246E+00  0.30739E+00
  0.14000E-01  0.11346E+03    0.14000E-01 -0.66847E-02 -0.73153E-02  0.00000E+00  0.00000E+00  0.00000E+00    0.11346E+03  0.00000E+00  0.00000E+00 -0.25505E+00  0.17411E+00  0.30831E+00
  0.15000E-01  0.11408E+03    0.15000E-01 -0.71617E-02 -0.78383E-02  0.00000E+00  0.00000E+00  0.00000E+00    0.11407E+03  0.00000E+00  0.00000E+00 -0.25550E+00  0.17578E+00  0.30921E+00
  0.16000E-01  0.11469E+03    0.16000E-01 -0.76386E-02 -0.83614E-02  0.00000E+00  0.00000E+00  0.00000E+00    0.11468E+03  0.00000E+00  0.00000E+00 -0.25591E+00  0.17747E+00  0.31010E+00
  0.17000E-01  0.11529E+03    0.17000E-01 -0.81155E-02 -0.88845E-02  0.00000E+00  0.00000E+00  0.00000E+00    0.11529E+03  0.00000E+00  0.00000E+00 -0.25627E+00  0.17919E+00  0.31097E+00
  0.18000E-01  0.11589E+03    0.18000E-01 -0.85924E-02 -0.94076E-02  0.00000E+00  0.00000E+00  0.00000E+00    0.11589E+03  0.00000E+00  0.00000E+00 -0.25658E+00  0.18094E+00  0.31184E+00
  0.19000E-01  0.11649E+03    0.19000E-01 -0.90692E-02 -0.99308E-02  0.00000E+00  0.00000E+00  0.00000E+00    0.11649E+03  0.00000E+00  0.00000E+00 -0.25685E+00  0.18271E+00  0.31269E+00
  0.20000E-01  0.11709E+03    0.20000E-01 -0.95461E-02 -0.10454E-01  0.00000E+00  0.00000E+00  0.00000E+00    0.11709E+03  0.00000E+00  0.00000E+00 -0.25707E+00  0.18450E+00  0.31353E+00
  0.21000E-01  0.11768E+03    0.21000E-01 -0.10023E-01 -0.10977E-01  0.00000E+00  0.00000E+00  0.00000E+00    0.11768E+03  0.00000E+00  0.00000E+00 -0.25725E+00  0.18632E+00  0.31436E+00
  0.22000E-01  0.11827E+03    0.22000E-01 -0.10500E-01 -0.11500E-01  0.00000E+00  0.00000E+00  0.00000E+00    0.11826E+03  0.00000E+00  0.00000E+00 -0.25738E+00  0.18816E+00  0.31517E+00
  0.22999E-01  0.11885E+03    0.23000E-01 -0.10976E-01 -0.12024E-01  0.00000E+00  0.00000E+00  0.00000E+00    0.11885E+03  0.00000E+00  0.00000E+00 -0.25747E+00  0.19003E+00  0.31598E+00
  0.23999E-01  0.11943E+03    0.24000E-01 -0.11453E-01 -0.12547E-01  0.00000E+00  0.00000E+00  0.00000E+00    0.11943E+03  0.00000E+00  0.00000E+00 -0.25752E+00  0.19192E+00  0.31678E+00
  0.24999E-01  0.12001E+03    0.25000E-01 -0.11930E-01 -0.13070E-01  0.00000E+00  0.00000E+00  0.00000E+00    0.12001E+03  0.00000E+00  0.00000E+00 -0.25752E+00  0.19384E+00  0.31756E+00
  0.25999E-01  0.12058E+03    0.26000E-01 -0.12407E-01 -0.13593E-01  0.00000E+00  0.00000E+00  0.00000E+00    0.12058E+03  0.00000E+00  0.00000E+00 -0.25748E+00  0.19578E+00  0.31835E+00
  0.26999E-01  0.12115E+03    0.27000E-01 -0.12883E-01 -0.14117E-01  0.00000E+00  0.00000E+00  0.00000E+00    0.12115E+03  0.00000E+00  0.00000E+00 -0.25740E+00  0.19775E+00  0.31911E+00
  0.27999E-01  0.12172E+03    0.28000E-01 -0.13360E-01 -0.14640E-01  0.00000E+00  0.00000E+00  0.00000E+00    0.12172E+03  0.00000E+00  0.00000E+00 -0.25729E+00  0.19973E+00  0.31987E+00
  0.28999E-01  0.12228E+03    0.29000E-01 -0.13837E-01 -0.15163E-01  0.00000E+00  0.00000E+00  0.00000E+00    0.12228E+03  0.00000E+00  0.00000E+00 -0.25713E+00  0.20174E+00  0.32063E+00
  0.29999E-01  0.12284E+03    0.30000E-01 -0.14313E-01 -0.15687E-01  0.00000E+00  0.00000E+00  0.00000E+00    0.12284E+03  0.00000E+00  0.00000E+00 -0.25693E+00  0.20377E+00  0.32137E+00
  0.30999E-01  0.12340E+03    0.31000E-01 -0.14790E-01 -0.16210E-01  0.00000E+00  0.00000E+00  0.00000E+00    0.12340E+03  0.00000E+00  0.00000E+00 -0.25669E+00  0.20583E+00  0.32211E+00
  0.31999E-01  0.12396E+03    0.32000E-01 -0.15266E-01 -0.16734E-01  0.00000E+00  0.00000E+00  0.00000E+00    0.12395E+03  0.00000E+00  0.00000E+00 -0.25641E+00  0.20791E+00  0.32284E+00
  0.32999E-01  0.12451E+03    0.33000E-01 -0.15743E-01 -0.17257E-01  0.00000E+00  0.00000E+00  0.00000E+00    0.12450E+03  0.00000E+00  0.00000E+00 -0.25609E+00  0.21001E+00  0.32356E+00
  0.33999E-01  0.12505E+03    0.34000E-01 -0.16219E-01 -0.17781E-01  0.00000E+00  0.00000E+00  0.00000E+00    0.12505E+03  0.00000E+00  0.00000E+00 -0.25574E+00  0.21214E+00  0.32428E+00
  0.34999E-01  0.12555E+03    0.35000E-01 -0.16696E-01 -0.18304E-01  0.00000E+00  0.00000E+00  0.00000E+00    0.12555E+03  0.00000E+00  0.00000E+00 -0.25873E+00  0.21265E+00  0.32496E+00
  0.35999E-01  0.12613E+03    0.36000E-01 -0.17172E-01 -0.18828E-01  0.00000E+00  0.00000E+00  0.00000E+00    0.12613E+03  0.00000E+00  0.00000E+00 -0.25513E+00  0.21630E+00  0.32564E+00
  0.36999E-01  0.12663E+03    0.37000E-01 -0.17649E-01 -0.19351E-01  0.00000E+00  0.00000E+00  0.00000E+00    0.12663E+03  0.00000E+00  0.00000E+00 -0.25785E+00  0.21696E+00  0.32636E+00
  0.37999E-01  0.12717E+03    0.38000E-01 -0.18125E-01 -0.19875E-01  0.00000E+00  0.00000E+00  0.00000E+00    0.12717E+03  0.00000E+00  0.00000E+00 -0.25745E+00  0.21905E+00  0.32706E+00
  0.38999E-01  0.12770E+03    0.39000E-01 -0.18602E-01 -0.20398E-01  0.00000E+00  0.00000E+00  0.00000E+00    0.12770E+03  0.00000E+00  0.00000E+00 -0.25691E+00  0.22126E+00  0.32775E+00
  0.39999E-01  0.12823E+03    0.40000E-01 -0.19078E-01 -0.20922E-01  0.00000E+00  0.00000E+00  0.00000E+00    0.12823E+03  0.00000E+00  0.00000E+00 -0.25634E+00  0.22348E+00  0.32843E+00
  0.40999E-01  0.12876E+03    0.41000E-01 -0.19554E-01 -0.21446E-01  0.00000E+00  0.00000E+00  0.00000E+00    0.12875E+03  0.00000E+00  0.00000E+00 -0.25574E+00  0.22573E+00  0.32911E+00
  0.41999E-01  0.12928E+03    0.42000E-01 -0.20031E-01 -0.21969E-01  0.00000E+00  0.00000E+00  0.00000E+00    0.12928E+03  0.00000E+00  0.00000E+00 -0.25510E+00  0.22800E+00  0.32979E+00
  0.42999E-01  0.12980E+03    0.43000E-01 -0.20507E-01 -0.22493E-01  0.00000E+00  0.00000E+00  0.00000E+00    0.12980E+03  0.00000E+00  0.00000E+00 -0.25443E+00  0.23028E+00  0.33046E+00
  0.43999E-01  0.13034E+03    0.44000E-01 -0.20983E-01 -0.23017E-01  0.00000E+00  0.00000E+00  0.00000E+00    0.13034E+03  0.00000E+00  0.00000E+00 -0.25045E+00  0.23424E+00  0.33103E+00
  0.44999E-01  0.13083E+03    0.45000E-01 -0.21459E-01 -0.23541E-01  0.00000E+00  0.00000E+00  0.00000E+00    0.13083E+03  0.00000E+00  0.00000E+00 -0.25290E+00  0.23500E+00  0.33179E+00
  0.45999E-01  0.13137E+03    0.46000E-01 -0.21936E-01 -0.24064E-01  0.00000E+00  0.00000E+00  0.00000E+00    0.13136E+03  0.00000E+00  0.00000E+00 -0.24894E+00  0.23895E+00  0.33235E+00
  0.46999E-01  0.13185E+03    0.47000E-01 -0.22412E-01 -0.24588E-01  0.00000E+00  0.00000E+00  0.00000E+00    0.13185E+03  0.00000E+00  0.00000E+00 -0.25131E+00  0.23971E+00  0.33312E+00
  0.47999E-01  0.13238E+03    0.48000E-01 -0.22888E-01 -0.25112E-01  0.00000E+00  0.00000E+00  0.00000E+00    0.13238E+03  0.00000E+00  0.00000E+00 -0.24729E+00  0.24375E+00  0.33364E+00
  0.48999E-01  0.13286E+03    0.49000E-01 -0.23364E-01 -0.25636E-01  0.00000E+00  0.00000E+00  0.00000E+00    0.13285E+03  0.00000E+00  0.00000E+00 -0.24959E+00  0.24450E+00  0.33442E+00
  0.49999E-01  0.13334E+03    0.50000E-01 -0.23840E-01 -0.26160E-01  0.00000E+00  0.00000E+00  0.00000E+00    0.13334E+03  0.00000E+00  0.00000E+00 -0.24913E+00  0.24669E+00  0.33503E+00
  0.50999E-01  0.13385E+03    0.51000E-01 -0.24316E-01 -0.26684E-01  0.00000E+00  0.00000E+00  0.00000E+00    0.13385E+03  0.00000E+00  0.00000E+00 -0.24784E+00  0.24928E+00  0.33570E+00
  0.51999E-01  0.13433E+03    0.52000E-01 -0.24792E-01 -0.27208E-01  0.00000E+00  0.00000E+00  0.00000E+00    0.13433E+03  0.00000E+00  0.00000E+00 -0.24724E+00  0.25158E+00  0.33632E+00
  0.52999E-01  0.13484E+03    0.53000E-01 -0.25268E-01 -0.27732E-01  0.00000E+00  0.00000E+00  0.00000E+00    0.13484E+03  0.00000E+00  0.00000E+00 -0.24588E+00  0.25421E+00  0.33698E+00
  0.53999E-01  0.13531E+03    0.54000E-01 -0.25744E-01 -0.28256E-01  0.00000E+00  0.00000E+00  0.00000E+00    0.13531E+03  0.00000E+00  0.00000E+00 -0.24521E+00  0.25655E+00  0.33759E+00
  0.54999E-01  0.13581E+03    0.55000E-01 -0.26220E-01 -0.28780E-01  0.00000E+00  0.00000E+00  0.00000E+00    0.13581E+03  0.00000E+00  0.00000E+00 -0.24379E+00  0.25922E+00  0.33825E+00
  0.55999E-01  0.13628E+03    0.56000E-01 -0.26696E-01 -0.29304E-01  0.00000E+00  0.00000E+00  0.00000E+00    0.13628E+03  0.00000E+00  0.00000E+00 -0.24306E+00  0.26159E+00  0.33887E+00
  0.56999E-01  0.13678E+03    0.57000E-01 -0.27172E-01 -0.29828E-01  0.00000E+00  0.00000E+00  0.00000E+00    0.13677E+03  0.00000E+00  0.00000E+00 -0.24158E+00  0.26430E+00  0.33952E+00
  0.57999E-01  0.13724E+03    0.58000E-01 -0.27648E-01 -0.30352E-01  0.00000E+00  0.00000E+00  0.00000E+00    0.13724E+03  0.00000E+00  0.00000E+00 -0.24080E+00  0.26669E+00  0.34015E+00
  0.58999E-01  0.13771E+03    0.59000E-01 -0.28124E-01 -0.30876E-01  0.00000E+00  0.00000E+00  0.00000E+00    0.13771E+03  0.00000E+00  0.00000E+00 -0.23969E+00  0.26925E+00  0.34077E+00
  0.59999E-01  0.13819E+03    0.60000E-01 -0.28600E-01 -0.31400E-01  0.00000E+00  0.00000E+00  0.00000E+00    0.13818E+03  0.00000E+00  0.00000E+00 -0.23850E+00  0.27185E+00  0.34141E+00
  0.60999E-01  0.13866E+03    0.61000E-01 -0.29075E-01 -0.31925E-01  0.00000E+00  0.00000E+00  0.00000E+00    0.13865E+03  0.00000E+00  0.00000E+00 -0.23727E+00  0.27446E+00  0.34203E+00
  0.61999E-01  0.13912E+03    0.62000E-01 -0.29551E-01 -0.32449E-01  0.00000E+00  0.00000E+00  0.00000E+00    0.13912E+03  0.00000E+00  0.00000E+00 -0.23601E+00  0.27709E+00  0.34266E+00
  0.62999E-01  0.13959E+03    0.63000E-01 -0.30027E-01 -0.32973E-01  0.00000E+00  0.00000E+00  0.00000E+00    0.13958E+03  0.00000E+00  0.00000E+00 -0.23472E+00  0.27975E+00  0.34330E+00
  0.63999E-01  0.14005E+03    0.64000E-01 -0.30503E-01 -0.33497E-01  0.00000E+00  0.00000E+00  0.00000E+00    0.14005E+03  0.00000E+00  0.00000E+00 -0.23340E+00  0.28241E+00  0.34393E+00
  0.64999E-01  0.14051E+03    0.65000E-01 -0.30978E-01 -0.34022E-01  0.00000E+00  0.00000E+00  0.00000E+00    0.14051E+03  0.00000E+00  0.00000E+00 -0.23206E+00  0.28510E+00  0.34457E+00
  0.65999E-01  0.14097E+03    0.66000E-01 -0.31454E-01 -0.34546E-01  0.00000E+00  0.00000E+00  0.00000E+00    0.14096E+03  0.00000E+00  0.00000E+00 -0.23069E+00  0.28780E+00  0.34520E+00
  0.66999E-01  0.14142E+03    0.67000E-01 -0.31930E-01 -0.35070E-01  0.00000E+00  0.00000E+00  0.00000E+00    0.14142E+03  0.00000E+00  0.00000E+00 -0.22929E+00  0.29051E+00  0.34584E+00
  0.67999E-01  0.14187E+03    0.68000E-01 -0.32405E-01 -0.35595E-01  0.00000E+00  0.00000E+00  0.00000E+00    0.14187E+03  0.00000E+00  0.00000E+00 -0.22787E+00  0.29325E+00  0.34648E+00
  0.68999E-01  0.14232E+03    0.69000E-01 -0.32881E-01 -0.36119E-01  0.00000E+00  0.00000E+00  0.00000E+00    0.14232E+03  0.00000E+00  0.00000E+00 -0.22642E+00  0.29600E+00  0.34713E+00
  0.69999E-01  0.14277E+03    0.70000E-01 -0.33356E-01 -0.36644E-01  0.00000E+00  0.00000E+00  0.00000E+00    0.14277E+03  0.00000E+00  0.00000E+00 -0.22495E+00  0.29877E+00  0.34777E+00
  0.70999E-01  0.14322E+03    0.71000E-01 -0.33832E-01 -0.37168E-01  0.00000E+00  0.00000E+00  0.00000E+00    0.14321E+03  0.00000E+00  0.00000E+00 -0.22346E+00  0.30155E+00  0.34842E+00
  0.71999E-01  0.14366E+03    0.72000E-01 -0.34308E-01 -0.37692E-01  0.00000E+00  0.00000E+00  0.00000E+00    0.14366E+03  0.00000E+00  0.00000E+00 -0.22193E+00  0.30435E+00  0.34907E+00
  0.72998E-01  0.14410E+03    0.73000E-01 -0.34783E-01 -0.38217E-01  0.00000E+00  0.00000E+00  0.00000E+00    0.14410E+03  0.00000E+00  0.00000E+00 -0.22039E+00  0.30717E+00  0.34973E+00
  0.73998E-01  0.14454E+03    0.74000E-01 -0.35258E-01 -0.38742E-01  0.00000E+00  0.00000E+00  0.00000E+00    0.14453E+03  0.00000E+00  0.00000E+00 -0.21882E+00  0.31001E+00  0.35039E+00
  0.74998E-01  0.14497E+03    0.75000E-01 -0.35734E-01 -0.39266E-01  0.00000E+00  0.00000E+00  0.00000E+00    0.14497E+03  0.00000E+00  0.00000E+00 -0.21722E+00  0.31287E+00  0.35105E+00
  0.75998E-01  0.14541E+03    0.76000E-01 -0.36209E-01 -0.39791E-01  0.00000E+00  0.00000E+00  0.00000E+00    0.14541E+03  0.00000E+00  0.00000E+00 -0.20794E+00  0.31915E+00  0.35177E+00
  0.76998E-01  0.14581E+03    0.77000E-01 -0.36685E-01 -0.40315E-01  0.00000E+00  0.00000E+00  0.00000E+00    0.14581E+03  0.00000E+00  0.00000E+00 -0.20830E+00  0.32166E+00  0.35252E+00
  0.77998E-01  0.14623E+03    0.78000E-01 -0.37160E-01 -0.40840E-01  0.00000E+00  0.00000E+00  0.00000E+00    0.14623E+03  0.00000E+00  0.00000E+00 -0.20632E+00  0.32467E+00  0.35323E+00
  0.78998E-01  0.14666E+03    0.79000E-01 -0.37635E-01 -0.41365E-01  0.00000E+00  0.00000E+00  0.00000E+00    0.14666E+03  0.00000E+00  0.00000E+00 -0.20462E+00  0.32763E+00  0.35393E+00
  0.79998E-01  0.14708E+03    0.80000E-01 -0.38111E-01 -0.41889E-01  0.00000E+00  0.00000E+00  0.00000E+00    0.14708E+03  0.00000E+00  0.00000E+00 -0.20291E+00  0.33059E+00  0.35462E+00
  0.80998E-01  0.14756E+03    0.81000E-01 -0.38586E-01 -0.42414E-01  0.00000E+00  0.00000E+00  0.00000E+00    0.14756E+03  0.00000E+00  0.00000E+00 -0.19945E+00  0.33426E+00  0.35525E+00
  0.81998E-01  0.14799E+03    0.82000E-01 -0.39061E-01 -0.42939E-01  0.00000E+00  0.00000E+00  0.00000E+00    0.14799E+03  0.00000E+00  0.00000E+00 -0.19815E+00  0.33717E+00  0.35593E+00
  0.82998E-01  0.14841E+03    0.83000E-01 -0.39536E-01 -0.43464E-01  0.00000E+00  0.00000E+00  0.00000E+00    0.14841E+03  0.00000E+00  0.00000E+00 -0.19637E+00  0.34020E+00  0.35665E+00
  0.83998E-01  0.14882E+03    0.84000E-01 -0.40011E-01 -0.43989E-01  0.00000E+00  0.00000E+00  0.00000E+00    0.14882E+03  0.00000E+00  0.00000E+00 -0.19456E+00  0.34325E+00  0.35737E+00
  0.84998E-01  0.14924E+03    0.85000E-01 -0.40487E-01 -0.44513E-01  0.00000E+00  0.00000E+00  0.00000E+00    0.14923E+03  0.00000E+00  0.00000E+00 -0.19274E+00  0.34632E+00  0.35811E+00
  0.85998E-01  0.14965E+03    0.86000E-01 -0.40962E-01 -0.45038E-01  0.00000E+00  0.00000E+00  0.00000E+00    0.14965E+03  0.00000E+00  0.00000E+00 -0.19089E+00  0.34940E+00  0.35885E+00
  0.86998E-01  0.15006E+03    0.87000E-01 -0.41437E-01 -0.45563E-01  0.00000E+00  0.00000E+00  0.00000E+00    0.15005E+03  0.00000E+00  0.00000E+00 -0.18903E+00  0.35250E+00  0.35961E+00
  0.87998E-01  0.15046E+03    0.88000E-01 -0.41912E-01 -0.46088E-01  0.00000E+00  0.00000E+00  0.00000E+00    0.15046E+03  0.00000E+00  0.00000E+00 -0.18714E+00  0.35563E+00  0.36037E+00
  0.88998E-01  0.15087E+03    0.89000E-01 -0.42387E-01 -0.46613E-01  0.00000E+00  0.00000E+00  0.00000E+00    0.15087E+03  0.00000E+00  0.00000E+00 -0.18524E+00  0.35877E+00  0.36115E+00
  0.89998E-01  0.15127E+03    0.90000E-01 -0.42862E-01 -0.47138E-01  0.00000E+00  0.00000E+00  0.00000E+00    0.15127E+03  0.00000E+00  0.00000E+00 -0.18331E+00  0.36193E+00  0.36194E+00
  0.90998E-01  0.15167E+03    0.91000E-01 -0.43337E-01 -0.47663E-01  0.00000E+00  0.00000E+00  0.00000E+00    0.15167E+03  0.00000E+00  0.00000E+00 -0.18137E+00  0.36511E+00  0.36273E+00
  0.91998E-01  0.15207E+03    0.92000E-01 -0.43812E-01 -0.48188E-01  0.00000E+00  0.00000E+00  0.00000E+00    0.15207E+03  0.00000E+00  0.00000E+00 -0.17940E+00  0.36831E+00  0.36354E+00
  0.92998E-01  0.15247E+03    0.93000E-01 -0.44287E-01 -0.48713E-01  0.00000E+00  0.00000E+00  0.00000E+00    0.15247E+03  0.00000E+00  0.00000E+00 -0.17742E+00  0.37153E+00  0.36437E+00
  0.93998E-01  0.15286E+03    0.94000E-01 -0.44762E-01 -0.49238E-01  0.00000E+00  0.00000E+00  0.00000E+00    0.15286E+03  0.00000E+00  0.00000E+00 -0.17542E+00  0.37478E+00  0.36520E+00
  0.94998E-01  0.15326E+03    0.95000E-01 -0.45237E-01 -0.49763E-01  0.00000E+00  0.00000E+00  0.00000E+00    0.15325E+03  0.00000E+00  0.00000E+00 -0.17340E+00  0.37804E+00  0.36605E+00
  0.95998E-01  0.15365E+03    0.96000E-01 -0.45712E-01 -0.50288E-01  0.00000E+00  0.00000E+00  0.00000E+00    0.15364E+03  0.00000E+00  0.00000E+00 -0.17136E+00  0.38132E+00  0.36692E+00
  0.96998E-01  0.15404E+03    0.97000E-01 -0.46186E-01 -0.50814E-01  0.00000E+00  0.00000E+00  0.00000E+00    0.15403E+03  0.00000E+00  0.00000E+00 -0.16931E+00  0.38463E+00  0.36780E+00
  0.97998E-01  0.15442E+03    0.98000E-01 -0.46661E-01 -0.51339E-01  0.00000E+00  0.00000E+00  0.00000E+00    0.15442E+03  0.00000E+00  0.00000E+00 -0.16724E+00  0.38795E+00  0.36869E+00
  0.98998E-01  0.15481E+03    0.99000E-01 -0.47136E-01 -0.51864E-01  0.00000E+00  0.00000E+00  0.00000E+00    0.15480E+03  0.00000E+00  0.00000E+00 -0.16515E+00  0.39130E+00  0.36960E+00
  0.99998E-01  0.15519E+03    0.10000E+00 -0.47611E-01 -0.52389E-01  0.00000E+00  0.00000E+00  0.00000E+00    0.15519E+03  0.00000E+00  0.00000E+00 -0.16304E+00  0.39467E+00  0.37052E+00
