          Evm          Svm            E11          E22          E33          E23          E13          E12         SCAU11       SCAU22       SCAU33       SCAU23       SCAU13       SCAU12      TEMP
  0.00000E+00  0.92328E+02    0.00000E+00  0.00000E+00  0.00000E+00  0.00000E+00  0.00000E+00  0.00000E+00    0.92326E+02  0.00000E+00  0.00000E+00 -0.21414E+00  0.13276E+00  0.25512E+00
  0.99998E-03  0.92960E+02    0.10000E-02 -0.47967E-03 -0.52033E-03  0.00000E+00  0.00000E+00  0.00000E+00    0.92958E+02  0.00000E+00  0.00000E+00 -0.21910E+00  0.13600E+00  0.25858E+00
  0.20000E-02  0.93556E+02    0.20000E-02 -0.95784E-03 -0.10422E-02  0.00000E+00  0.00000E+00  0.00000E+00    0.93553E+02  0.00000E+00  0.00000E+00 -0.21952E+00  0.13715E+00  0.26091E+00
  0.29999E-02  0.94213E+02    0.30000E-02 -0.14356E-02 -0.15644E-02  0.00000E+00  0.00000E+00  0.00000E+00    0.94211E+02  0.00000E+00  0.00000E+00 -0.22078E+00  0.13842E+00  0.26254E+00
  0.39999E-02  0.94869E+02    0.40000E-02 -0.19132E-02 -0.20868E-02  0.00000E+00  0.00000E+00  0.00000E+00    0.94867E+02  0.00000E+00  0.00000E+00 -0.22187E+00  0.13970E+00  0.26390E+00
  0.49999E-02  0.95521E+02    0.50000E-02 -0.23905E-02 -0.26095E-02  0.00000E+00  0.00000E+00  0.00000E+00    0.95519E+02  0.00000E+00  0.00000E+00 -0.22292E+00  0.14102E+00  0.26515E+00
  0.59999E-02  0.96169E+02    0.60000E-02 -0.28678E-02 -0.31322E-02  0.00000E+00  0.00000E+00  0.00000E+00    0.96167E+02  0.00000E+00  0.00000E+00 -0.22392E+00  0.14237E+00  0.26634E+00
  0.69998E-02  0.96800E+02    0.70000E-02 -0.33451E-02 -0.36549E-02  0.00000E+00  0.00000E+00  0.00000E+00    0.96798E+02  0.00000E+00  0.00000E+00 -0.22269E+00  0.14464E+00  0.26752E+00
  0.79998E-02  0.97448E+02    0.80000E-02 -0.38222E-02 -0.41778E-02  0.00000E+00  0.00000E+00  0.00000E+00    0.97446E+02  0.00000E+00  0.00000E+00 -0.22359E+00  0.14620E+00  0.26863E+00
  0.89998E-02  0.98084E+02    0.90000E-02 -0.42993E-02 -0.47007E-02  0.00000E+00  0.00000E+00  0.00000E+00    0.98082E+02  0.00000E+00  0.00000E+00 -0.22444E+00  0.14764E+00  0.26971E+00
  0.99998E-02  0.98716E+02    0.10000E-01 -0.47764E-02 -0.52236E-02  0.00000E+00  0.00000E+00  0.00000E+00    0.98714E+02  0.00000E+00  0.00000E+00 -0.22524E+00  0.14910E+00  0.27076E+00
  0.11000E-01  0.99344E+02    0.11000E-01 -0.52535E-02 -0.57465E-02  0.00000E+00  0.00000E+00  0.00000E+00    0.99342E+02  0.00000E+00  0.00000E+00 -0.22598E+00  0.15058E+00  0.27179E+00
  0.12000E-01  0.99968E+02    0.12000E-01 -0.57305E-02 -0.62695E-02  0.00000E+00  0.00000E+00  0.00000E+00    0.99966E+02  0.00000E+00  0.00000E+00 -0.22668E+00  0.15209E+00  0.27281E+00
  0.13000E-01  0.10059E+03    0.13000E-01 -0.62075E-02 -0.67925E-02  0.00000E+00  0.00000E+00  0.00000E+00    0.10059E+03  0.00000E+00  0.00000E+00 -0.22734E+00  0.15362E+00  0.27381E+00
  0.14000E-01  0.10120E+03    0.14000E-01 -0.66845E-02 -0.73155E-02  0.00000E+00  0.00000E+00  0.00000E+00    0.10120E+03  0.00000E+00  0.00000E+00 -0.22795E+00  0.15517E+00  0.27479E+00
  0.15000E-01  0.10182E+03    0.15000E-01 -0.71614E-02 -0.78386E-02  0.00000E+00  0.00000E+00  0.00000E+00    0.10182E+03  0.00000E+00  0.00000E+00 -0.22852E+00  0.15675E+00  0.27576E+00
  0.16000E-01  0.10243E+03    0.16000E-01 -0.76384E-02 -0.83616E-02  0.00000E+00  0.00000E+00  0.00000E+00    0.10242E+03  0.00000E+00  0.00000E+00 -0.22904E+00  0.15835E+00  0.27672E+00
  0.17000E-01  0.10303E+03    0.17000E-01 -0.81153E-02 -0.88847E-02  0.00000E+00  0.00000E+00  0.00000E+00    0.10303E+03  0.00000E+00  0.00000E+00 -0.22951E+00  0.15998E+00  0.27766E+00
  0.18000E-01  0.10363E+03    0.18000E-01 -0.85922E-02 -0.94078E-02  0.00000E+00  0.00000E+00  0.00000E+00    0.10363E+03  0.00000E+00  0.00000E+00 -0.22994E+00  0.16163E+00  0.27859E+00
  0.19000E-01  0.10423E+03    0.19000E-01 -0.90690E-02 -0.99310E-02  0.00000E+00  0.00000E+00  0.00000E+00    0.10423E+03  0.00000E+00  0.00000E+00 -0.23033E+00  0.16330E+00  0.27951E+00
  0.20000E-01  0.10483E+03    0.20000E-01 -0.95459E-02 -0.10454E-01  0.00000E+00  0.00000E+00  0.00000E+00    0.10482E+03  0.00000E+00  0.00000E+00 -0.23068E+00  0.16500E+00  0.28042E+00
  0.21000E-01  0.10542E+03    0.21000E-01 -0.10023E-01 -0.10977E-01  0.00000E+00  0.00000E+00  0.00000E+00    0.10541E+03  0.00000E+00  0.00000E+00 -0.23098E+00  0.16672E+00  0.28131E+00
  0.22000E-01  0.10600E+03    0.22000E-01 -0.10500E-01 -0.11500E-01  0.00000E+00  0.00000E+00  0.00000E+00    0.10600E+03  0.00000E+00  0.00000E+00 -0.23124E+00  0.16846E+00  0.28220E+00
  0.22999E-01  0.10659E+03    0.23000E-01 -0.10976E-01 -0.12024E-01  0.00000E+00  0.00000E+00  0.00000E+00    0.10659E+03  0.00000E+00  0.00000E+00 -0.23146E+00  0.17023E+00  0.28307E+00
  0.23999E-01  0.10717E+03    0.24000E-01 -0.11453E-01 -0.12547E-01  0.00000E+00  0.00000E+00  0.00000E+00    0.10717E+03  0.00000E+00  0.00000E+00 -0.23164E+00  0.17201E+00  0.28393E+00
  0.24999E-01  0.10775E+03    0.25000E-01 -0.11930E-01 -0.13070E-01  0.00000E+00  0.00000E+00  0.00000E+00    0.10774E+03  0.00000E+00  0.00000E+00 -0.23178E+00  0.17382E+00  0.28479E+00
  0.25999E-01  0.10832E+03    0.26000E-01 -0.12406E-01 -0.13594E-01  0.00000E+00  0.00000E+00  0.00000E+00    0.10832E+03  0.00000E+00  0.00000E+00 -0.23188E+00  0.17566E+00  0.28563E+00
  0.26999E-01  0.10889E+03    0.27000E-01 -0.12883E-01 -0.14117E-01  0.00000E+00  0.00000E+00  0.00000E+00    0.10889E+03  0.00000E+00  0.00000E+00 -0.23193E+00  0.17752E+00  0.28646E+00
  0.27999E-01  0.10946E+03    0.28000E-01 -0.13360E-01 -0.14640E-01  0.00000E+00  0.00000E+00  0.00000E+00    0.10945E+03  0.00000E+00  0.00000E+00 -0.23195E+00  0.17939E+00  0.28729E+00
  0.28999E-01  0.11002E+03    0.29000E-01 -0.13836E-01 -0.15164E-01  0.00000E+00  0.00000E+00  0.00000E+00    0.11002E+03  0.00000E+00  0.00000E+00 -0.23193E+00  0.18129E+00  0.28811E+00
  0.29999E-01  0.11058E+03    0.30000E-01 -0.14313E-01 -0.15687E-01  0.00000E+00  0.00000E+00  0.00000E+00    0.11058E+03  0.00000E+00  0.00000E+00 -0.23187E+00  0.18321E+00  0.28892E+00
  0.30999E-01  0.11114E+03    0.31000E-01 -0.14790E-01 -0.16210E-01  0.00000E+00  0.00000E+00  0.00000E+00    0.11113E+03  0.00000E+00  0.00000E+00 -0.23177E+00  0.18515E+00  0.28972E+00
  0.31999E-01  0.11169E+03    0.32000E-01 -0.15266E-01 -0.16734E-01  0.00000E+00  0.00000E+00  0.00000E+00    0.11169E+03  0.00000E+00  0.00000E+00 -0.23163E+00  0.18712E+00  0.29051E+00
  0.32999E-01  0.11224E+03    0.33000E-01 -0.15743E-01 -0.17257E-01  0.00000E+00  0.00000E+00  0.00000E+00    0.11224E+03  0.00000E+00  0.00000E+00 -0.23145E+00  0.18910E+00  0.29130E+00
  0.33999E-01  0.11279E+03    0.34000E-01 -0.16219E-01 -0.17781E-01  0.00000E+00  0.00000E+00  0.00000E+00    0.11278E+03  0.00000E+00  0.00000E+00 -0.23124E+00  0.19111E+00  0.29207E+00
  0.34999E-01  0.11333E+03    0.35000E-01 -0.16696E-01 -0.18304E-01  0.00000E+00  0.00000E+00  0.00000E+00    0.11333E+03  0.00000E+00  0.00000E+00 -0.23099E+00  0.19313E+00  0.29285E+00
  0.35999E-01  0.11387E+03    0.36000E-01 -0.17172E-01 -0.18828E-01  0.00000E+00  0.00000E+00  0.00000E+00    0.11387E+03  0.00000E+00  0.00000E+00 -0.23071E+00  0.19518E+00  0.29361E+00
  0.36999E-01  0.11441E+03    0.37000E-01 -0.17649E-01 -0.19351E-01  0.00000E+00  0.00000E+00  0.00000E+00    0.11440E+03  0.00000E+00  0.00000E+00 -0.23039E+00  0.19724E+00  0.29437E+00
  0.37999E-01  0.11494E+03    0.38000E-01 -0.18125E-01 -0.19875E-01  0.00000E+00  0.00000E+00  0.00000E+00    0.11494E+03  0.00000E+00  0.00000E+00 -0.23003E+00  0.19933E+00  0.29512E+00
  0.38999E-01  0.11547E+03    0.39000E-01 -0.18601E-01 -0.20399E-01  0.00000E+00  0.00000E+00  0.00000E+00    0.11547E+03  0.00000E+00  0.00000E+00 -0.22964E+00  0.20143E+00  0.29586E+00
  0.39999E-01  0.11600E+03    0.40000E-01 -0.19078E-01 -0.20922E-01  0.00000E+00  0.00000E+00  0.00000E+00    0.11600E+03  0.00000E+00  0.00000E+00 -0.22922E+00  0.20356E+00  0.29660E+00
  0.40999E-01  0.11653E+03    0.41000E-01 -0.19554E-01 -0.21446E-01  0.00000E+00  0.00000E+00  0.00000E+00    0.11652E+03  0.00000E+00  0.00000E+00 -0.22876E+00  0.20570E+00  0.29733E+00
  0.41999E-01  0.11705E+03    0.42000E-01 -0.20030E-01 -0.21970E-01  0.00000E+00  0.00000E+00  0.00000E+00    0.11705E+03  0.00000E+00  0.00000E+00 -0.22827E+00  0.20787E+00  0.29806E+00
  0.42999E-01  0.11757E+03    0.43000E-01 -0.20507E-01 -0.22493E-01  0.00000E+00  0.00000E+00  0.00000E+00    0.11756E+03  0.00000E+00  0.00000E+00 -0.22774E+00  0.21005E+00  0.29878E+00
  0.43999E-01  0.11808E+03    0.44000E-01 -0.20983E-01 -0.23017E-01  0.00000E+00  0.00000E+00  0.00000E+00    0.11808E+03  0.00000E+00  0.00000E+00 -0.22718E+00  0.21225E+00  0.29950E+00
  0.44999E-01  0.11860E+03    0.45000E-01 -0.21459E-01 -0.23541E-01  0.00000E+00  0.00000E+00  0.00000E+00    0.11859E+03  0.00000E+00  0.00000E+00 -0.22659E+00  0.21447E+00  0.30021E+00
  0.45999E-01  0.11907E+03    0.46000E-01 -0.21935E-01 -0.24065E-01  0.00000E+00  0.00000E+00  0.00000E+00    0.11907E+03  0.00000E+00  0.00000E+00 -0.22937E+00  0.21491E+00  0.30094E+00
  0.46999E-01  0.11961E+03    0.47000E-01 -0.22412E-01 -0.24588E-01  0.00000E+00  0.00000E+00  0.00000E+00    0.11961E+03  0.00000E+00  0.00000E+00 -0.22554E+00  0.21879E+00  0.30158E+00
  0.47999E-01  0.12008E+03    0.48000E-01 -0.22888E-01 -0.25112E-01  0.00000E+00  0.00000E+00  0.00000E+00    0.12008E+03  0.00000E+00  0.00000E+00 -0.22804E+00  0.21938E+00  0.30235E+00
  0.48999E-01  0.12058E+03    0.49000E-01 -0.23364E-01 -0.25636E-01  0.00000E+00  0.00000E+00  0.00000E+00    0.12058E+03  0.00000E+00  0.00000E+00 -0.22741E+00  0.22156E+00  0.30305E+00
  0.49999E-01  0.12108E+03    0.50000E-01 -0.23840E-01 -0.26160E-01  0.00000E+00  0.00000E+00  0.00000E+00    0.12108E+03  0.00000E+00  0.00000E+00 -0.22667E+00  0.22384E+00  0.30375E+00
  0.50999E-01  0.12158E+03    0.51000E-01 -0.24316E-01 -0.26684E-01  0.00000E+00  0.00000E+00  0.00000E+00    0.12158E+03  0.00000E+00  0.00000E+00 -0.22589E+00  0.22614E+00  0.30444E+00
  0.51999E-01  0.12207E+03    0.52000E-01 -0.24792E-01 -0.27208E-01  0.00000E+00  0.00000E+00  0.00000E+00    0.12207E+03  0.00000E+00  0.00000E+00 -0.22508E+00  0.22846E+00  0.30513E+00
  0.52999E-01  0.12256E+03    0.53000E-01 -0.25268E-01 -0.27732E-01  0.00000E+00  0.00000E+00  0.00000E+00    0.12256E+03  0.00000E+00  0.00000E+00 -0.22424E+00  0.23080E+00  0.30583E+00
  0.53999E-01  0.12305E+03    0.54000E-01 -0.25744E-01 -0.28256E-01  0.00000E+00  0.00000E+00  0.00000E+00    0.12305E+03  0.00000E+00  0.00000E+00 -0.22338E+00  0.23315E+00  0.30651E+00
  0.54999E-01  0.12354E+03    0.55000E-01 -0.26220E-01 -0.28780E-01  0.00000E+00  0.00000E+00  0.00000E+00    0.12353E+03  0.00000E+00  0.00000E+00 -0.22248E+00  0.23552E+00  0.30720E+00
  0.55999E-01  0.12404E+03    0.56000E-01 -0.26696E-01 -0.29304E-01  0.00000E+00  0.00000E+00  0.00000E+00    0.12403E+03  0.00000E+00  0.00000E+00 -0.21834E+00  0.23973E+00  0.30773E+00
  0.56999E-01  0.12449E+03    0.57000E-01 -0.27172E-01 -0.29828E-01  0.00000E+00  0.00000E+00  0.00000E+00    0.12449E+03  0.00000E+00  0.00000E+00 -0.22055E+00  0.24040E+00  0.30857E+00
  0.57999E-01  0.12499E+03    0.58000E-01 -0.27648E-01 -0.30352E-01  0.00000E+00  0.00000E+00  0.00000E+00    0.12499E+03  0.00000E+00  0.00000E+00 -0.21642E+00  0.24459E+00  0.30908E+00
  0.58999E-01  0.12545E+03    0.59000E-01 -0.28124E-01 -0.30876E-01  0.00000E+00  0.00000E+00  0.00000E+00    0.12544E+03  0.00000E+00  0.00000E+00 -0.21856E+00  0.24526E+00  0.30992E+00
  0.59999E-01  0.12591E+03    0.60000E-01 -0.28600E-01 -0.31400E-01  0.00000E+00  0.00000E+00  0.00000E+00    0.12590E+03  0.00000E+00  0.00000E+00 -0.21797E+00  0.24745E+00  0.31057E+00
  0.60999E-01  0.12639E+03    0.61000E-01 -0.29075E-01 -0.31925E-01  0.00000E+00  0.00000E+00  0.00000E+00    0.12639E+03  0.00000E+00  0.00000E+00 -0.21654E+00  0.25009E+00  0.31127E+00
  0.61999E-01  0.12684E+03    0.62000E-01 -0.29551E-01 -0.32449E-01  0.00000E+00  0.00000E+00  0.00000E+00    0.12684E+03  0.00000E+00  0.00000E+00 -0.21582E+00  0.25240E+00  0.31192E+00
  0.62999E-01  0.12732E+03    0.63000E-01 -0.30027E-01 -0.32973E-01  0.00000E+00  0.00000E+00  0.00000E+00    0.12732E+03  0.00000E+00  0.00000E+00 -0.21433E+00  0.25507E+00  0.31262E+00
  0.63999E-01  0.12777E+03    0.64000E-01 -0.30503E-01 -0.33497E-01  0.00000E+00  0.00000E+00  0.00000E+00    0.12777E+03  0.00000E+00  0.00000E+00 -0.21356E+00  0.25742E+00  0.31328E+00
  0.64999E-01  0.12824E+03    0.65000E-01 -0.30979E-01 -0.34021E-01  0.00000E+00  0.00000E+00  0.00000E+00    0.12824E+03  0.00000E+00  0.00000E+00 -0.21201E+00  0.26013E+00  0.31397E+00
  0.65999E-01  0.12868E+03    0.66000E-01 -0.31454E-01 -0.34546E-01  0.00000E+00  0.00000E+00  0.00000E+00    0.12868E+03  0.00000E+00  0.00000E+00 -0.21119E+00  0.26250E+00  0.31464E+00
  0.66999E-01  0.12915E+03    0.67000E-01 -0.31930E-01 -0.35070E-01  0.00000E+00  0.00000E+00  0.00000E+00    0.12915E+03  0.00000E+00  0.00000E+00 -0.20959E+00  0.26524E+00  0.31532E+00
  0.67999E-01  0.12959E+03    0.68000E-01 -0.32405E-01 -0.35595E-01  0.00000E+00  0.00000E+00  0.00000E+00    0.12959E+03  0.00000E+00  0.00000E+00 -0.20872E+00  0.26764E+00  0.31599E+00
  0.68999E-01  0.13005E+03    0.69000E-01 -0.32881E-01 -0.36119E-01  0.00000E+00  0.00000E+00  0.00000E+00    0.13005E+03  0.00000E+00  0.00000E+00 -0.20707E+00  0.27042E+00  0.31668E+00
  0.69999E-01  0.13048E+03    0.70000E-01 -0.33357E-01 -0.36643E-01  0.00000E+00  0.00000E+00  0.00000E+00    0.13048E+03  0.00000E+00  0.00000E+00 -0.20615E+00  0.27286E+00  0.31735E+00
  0.70999E-01  0.13093E+03    0.71000E-01 -0.33832E-01 -0.37168E-01  0.00000E+00  0.00000E+00  0.00000E+00    0.13092E+03  0.00000E+00  0.00000E+00 -0.20489E+00  0.27546E+00  0.31804E+00
  0.71999E-01  0.13137E+03    0.72000E-01 -0.34308E-01 -0.37692E-01  0.00000E+00  0.00000E+00  0.00000E+00    0.13137E+03  0.00000E+00  0.00000E+00 -0.20356E+00  0.27810E+00  0.31872E+00
  0.72998E-01  0.13181E+03    0.73000E-01 -0.34783E-01 -0.38217E-01  0.00000E+00  0.00000E+00  0.00000E+00    0.13180E+03  0.00000E+00  0.00000E+00 -0.20219E+00  0.28076E+00  0.31941E+00
  0.73998E-01  0.13224E+03    0.74000E-01 -0.35259E-01 -0.38741E-01  0.00000E+00  0.00000E+00  0.00000E+00    0.13224E+03  0.00000E+00  0.00000E+00 -0.20080E+00  0.28344E+00  0.32010E+00
  0.74998E-01  0.13268E+03    0.75000E-01 -0.35734E-01 -0.39266E-01  0.00000E+00  0.00000E+00  0.00000E+00    0.13268E+03  0.00000E+00  0.00000E+00 -0.19938E+00  0.28613E+00  0.32080E+00
  0.75998E-01  0.13311E+03    0.76000E-01 -0.36210E-01 -0.39790E-01  0.00000E+00  0.00000E+00  0.00000E+00    0.13311E+03  0.00000E+00  0.00000E+00 -0.19794E+00  0.28884E+00  0.32150E+00
  0.76998E-01  0.13354E+03    0.77000E-01 -0.36685E-01 -0.40315E-01  0.00000E+00  0.00000E+00  0.00000E+00    0.13354E+03  0.00000E+00  0.00000E+00 -0.19647E+00  0.29157E+00  0.32220E+00
  0.77998E-01  0.13397E+03    0.78000E-01 -0.37160E-01 -0.40840E-01  0.00000E+00  0.00000E+00  0.00000E+00    0.13397E+03  0.00000E+00  0.00000E+00 -0.19499E+00  0.29431E+00  0.32290E+00
  0.78998E-01  0.13440E+03    0.79000E-01 -0.37636E-01 -0.41364E-01  0.00000E+00  0.00000E+00  0.00000E+00    0.13439E+03  0.00000E+00  0.00000E+00 -0.19348E+00  0.29708E+00  0.32362E+00
  0.79998E-01  0.13482E+03    0.80000E-01 -0.38111E-01 -0.41889E-01  0.00000E+00  0.00000E+00  0.00000E+00    0.13482E+03  0.00000E+00  0.00000E+00 -0.19195E+00  0.29986E+00  0.32434E+00
  0.80998E-01  0.13524E+03    0.81000E-01 -0.38586E-01 -0.42414E-01  0.00000E+00  0.00000E+00  0.00000E+00    0.13524E+03  0.00000E+00  0.00000E+00 -0.19039E+00  0.30265E+00  0.32506E+00
  0.81998E-01  0.13566E+03    0.82000E-01 -0.39062E-01 -0.42938E-01  0.00000E+00  0.00000E+00  0.00000E+00    0.13566E+03  0.00000E+00  0.00000E+00 -0.18882E+00  0.30546E+00  0.32580E+00
  0.82998E-01  0.13608E+03    0.83000E-01 -0.39537E-01 -0.43463E-01  0.00000E+00  0.00000E+00  0.00000E+00    0.13607E+03  0.00000E+00  0.00000E+00 -0.18722E+00  0.30829E+00  0.32653E+00
  0.83998E-01  0.13649E+03    0.84000E-01 -0.40012E-01 -0.43988E-01  0.00000E+00  0.00000E+00  0.00000E+00    0.13649E+03  0.00000E+00  0.00000E+00 -0.18560E+00  0.31114E+00  0.32728E+00
  0.84998E-01  0.13690E+03    0.85000E-01 -0.40487E-01 -0.44513E-01  0.00000E+00  0.00000E+00  0.00000E+00    0.13690E+03  0.00000E+00  0.00000E+00 -0.17636E+00  0.31760E+00  0.32807E+00
  0.85998E-01  0.13729E+03    0.86000E-01 -0.40962E-01 -0.45038E-01  0.00000E+00  0.00000E+00  0.00000E+00    0.13729E+03  0.00000E+00  0.00000E+00 -0.17668E+00  0.32004E+00  0.32895E+00
  0.86998E-01  0.13769E+03    0.87000E-01 -0.41437E-01 -0.45563E-01  0.00000E+00  0.00000E+00  0.00000E+00    0.13769E+03  0.00000E+00  0.00000E+00 -0.17470E+00  0.32305E+00  0.32974E+00
  0.87998E-01  0.13809E+03    0.88000E-01 -0.41913E-01 -0.46087E-01  0.00000E+00  0.00000E+00  0.00000E+00    0.13809E+03  0.00000E+00  0.00000E+00 -0.17300E+00  0.32599E+00  0.33054E+00
  0.88998E-01  0.13850E+03    0.89000E-01 -0.42388E-01 -0.46612E-01  0.00000E+00  0.00000E+00  0.00000E+00    0.13850E+03  0.00000E+00  0.00000E+00 -0.17128E+00  0.32895E+00  0.33133E+00
  0.89998E-01  0.13890E+03    0.90000E-01 -0.42863E-01 -0.47137E-01  0.00000E+00  0.00000E+00  0.00000E+00    0.13890E+03  0.00000E+00  0.00000E+00 -0.16954E+00  0.33193E+00  0.33213E+00
  0.90998E-01  0.13935E+03    0.91000E-01 -0.43338E-01 -0.47662E-01  0.00000E+00  0.00000E+00  0.00000E+00    0.13935E+03  0.00000E+00  0.00000E+00 -0.16603E+00  0.33567E+00  0.33284E+00
  0.91998E-01  0.13976E+03    0.92000E-01 -0.43813E-01 -0.48187E-01  0.00000E+00  0.00000E+00  0.00000E+00    0.13976E+03  0.00000E+00  0.00000E+00 -0.16469E+00  0.33859E+00  0.33364E+00
  0.92998E-01  0.14016E+03    0.93000E-01 -0.44288E-01 -0.48712E-01  0.00000E+00  0.00000E+00  0.00000E+00    0.14015E+03  0.00000E+00  0.00000E+00 -0.16290E+00  0.34163E+00  0.33447E+00
  0.93998E-01  0.14055E+03    0.94000E-01 -0.44762E-01 -0.49238E-01  0.00000E+00  0.00000E+00  0.00000E+00    0.14055E+03  0.00000E+00  0.00000E+00 -0.16108E+00  0.34469E+00  0.33531E+00
  0.94998E-01  0.14094E+03    0.95000E-01 -0.45237E-01 -0.49763E-01  0.00000E+00  0.00000E+00  0.00000E+00    0.14094E+03  0.00000E+00  0.00000E+00 -0.15924E+00  0.34777E+00  0.33617E+00
  0.95998E-01  0.14133E+03    0.96000E-01 -0.45712E-01 -0.50288E-01  0.00000E+00  0.00000E+00  0.00000E+00    0.14133E+03  0.00000E+00  0.00000E+00 -0.15739E+00  0.35087E+00  0.33704E+00
  0.96998E-01  0.14172E+03    0.97000E-01 -0.46187E-01 -0.50813E-01  0.00000E+00  0.00000E+00  0.00000E+00    0.14172E+03  0.00000E+00  0.00000E+00 -0.15552E+00  0.35400E+00  0.33793E+00
  0.97998E-01  0.14210E+03    0.98000E-01 -0.46662E-01 -0.51338E-01  0.00000E+00  0.00000E+00  0.00000E+00    0.14210E+03  0.00000E+00  0.00000E+00 -0.15363E+00  0.35714E+00  0.33882E+00
  0.98998E-01  0.14249E+03    0.99000E-01 -0.47137E-01 -0.51863E-01  0.00000E+00  0.00000E+00  0.00000E+00    0.14249E+03  0.00000E+00  0.00000E+00 -0.15173E+00  0.36030E+00  0.33973E+00
  0.99998E-01  0.14287E+03    0.10000E+00 -0.47612E-01 -0.52388E-01  0.00000E+00  0.00000E+00  0.00000E+00    0.14287E+03  0.00000E+00  0.00000E+00 -0.14981E+00  0.36348E+00  0.34066E+00
