          Evm          Svm            E11          E22          E33          E23          E13          E12         SCAU11       SCAU22       SCAU33       SCAU23       SCAU13       SCAU12      TEMP
  0.00000E+00  0.12506E+03    0.00000E+00  0.00000E+00  0.00000E+00  0.00000E+00  0.00000E+00  0.00000E+00    0.12506E+03  0.00000E+00  0.00000E+00 -0.29005E+00  0.17982E+00  0.34556E+00
  0.99998E-03  0.12562E+03    0.10000E-02 -0.47967E-03 -0.52033E-03  0.00000E+00  0.00000E+00  0.00000E+00    0.12562E+03  0.00000E+00  0.00000E+00 -0.29466E+00  0.18569E+00  0.34872E+00
  0.20000E-02  0.12627E+03    0.20000E-02 -0.95795E-03 -0.10421E-02  0.00000E+00  0.00000E+00  0.00000E+00    0.12627E+03  0.00000E+00  0.00000E+00 -0.29319E+00  0.18626E+00  0.35184E+00
  0.29999E-02  0.12694E+03    0.30000E-02 -0.14359E-02 -0.15641E-02  0.00000E+00  0.00000E+00  0.00000E+00    0.12694E+03  0.00000E+00  0.00000E+00 -0.29417E+00  0.18776E+00  0.35361E+00
  0.39999E-02  0.12760E+03    0.40000E-02 -0.19135E-02 -0.20865E-02  0.00000E+00  0.00000E+00  0.00000E+00    0.12760E+03  0.00000E+00  0.00000E+00 -0.29501E+00  0.18921E+00  0.35491E+00
  0.49999E-02  0.12825E+03    0.50000E-02 -0.23911E-02 -0.26089E-02  0.00000E+00  0.00000E+00  0.00000E+00    0.12825E+03  0.00000E+00  0.00000E+00 -0.29578E+00  0.19071E+00  0.35607E+00
  0.59999E-02  0.12890E+03    0.60000E-02 -0.28685E-02 -0.31315E-02  0.00000E+00  0.00000E+00  0.00000E+00    0.12890E+03  0.00000E+00  0.00000E+00 -0.29649E+00  0.19225E+00  0.35715E+00
  0.69998E-02  0.12955E+03    0.70000E-02 -0.33457E-02 -0.36543E-02  0.00000E+00  0.00000E+00  0.00000E+00    0.12954E+03  0.00000E+00  0.00000E+00 -0.29716E+00  0.19383E+00  0.35817E+00
  0.79998E-02  0.13019E+03    0.80000E-02 -0.38230E-02 -0.41770E-02  0.00000E+00  0.00000E+00  0.00000E+00    0.13018E+03  0.00000E+00  0.00000E+00 -0.29777E+00  0.19544E+00  0.35913E+00
  0.89998E-02  0.13082E+03    0.90000E-02 -0.43001E-02 -0.46999E-02  0.00000E+00  0.00000E+00  0.00000E+00    0.13082E+03  0.00000E+00  0.00000E+00 -0.29832E+00  0.19708E+00  0.36006E+00
  0.99998E-02  0.13146E+03    0.10000E-01 -0.47773E-02 -0.52227E-02  0.00000E+00  0.00000E+00  0.00000E+00    0.13145E+03  0.00000E+00  0.00000E+00 -0.29883E+00  0.19875E+00  0.36096E+00
  0.11000E-01  0.13209E+03    0.11000E-01 -0.52543E-02 -0.57457E-02  0.00000E+00  0.00000E+00  0.00000E+00    0.13208E+03  0.00000E+00  0.00000E+00 -0.29929E+00  0.20046E+00  0.36183E+00
  0.12000E-01  0.13271E+03    0.12000E-01 -0.57314E-02 -0.62686E-02  0.00000E+00  0.00000E+00  0.00000E+00    0.13271E+03  0.00000E+00  0.00000E+00 -0.29969E+00  0.20219E+00  0.36267E+00
  0.13000E-01  0.13333E+03    0.13000E-01 -0.62084E-02 -0.67916E-02  0.00000E+00  0.00000E+00  0.00000E+00    0.13333E+03  0.00000E+00  0.00000E+00 -0.30005E+00  0.20395E+00  0.36350E+00
  0.14000E-01  0.13395E+03    0.14000E-01 -0.66854E-02 -0.73146E-02  0.00000E+00  0.00000E+00  0.00000E+00    0.13395E+03  0.00000E+00  0.00000E+00 -0.30035E+00  0.20575E+00  0.36431E+00
  0.15000E-01  0.13456E+03    0.15000E-01 -0.71623E-02 -0.78377E-02  0.00000E+00  0.00000E+00  0.00000E+00    0.13456E+03  0.00000E+00  0.00000E+00 -0.30061E+00  0.20757E+00  0.36511E+00
  0.16000E-01  0.13517E+03    0.16000E-01 -0.76393E-02 -0.83607E-02  0.00000E+00  0.00000E+00  0.00000E+00    0.13517E+03  0.00000E+00  0.00000E+00 -0.30081E+00  0.20942E+00  0.36588E+00
  0.17000E-01  0.13572E+03    0.17000E-01 -0.81162E-02 -0.88838E-02  0.00000E+00  0.00000E+00  0.00000E+00    0.13572E+03  0.00000E+00  0.00000E+00 -0.30424E+00  0.20984E+00  0.36654E+00
  0.18000E-01  0.13637E+03    0.18000E-01 -0.85931E-02 -0.94069E-02  0.00000E+00  0.00000E+00  0.00000E+00    0.13636E+03  0.00000E+00  0.00000E+00 -0.30127E+00  0.21296E+00  0.36739E+00
  0.19000E-01  0.13693E+03    0.19000E-01 -0.90699E-02 -0.99301E-02  0.00000E+00  0.00000E+00  0.00000E+00    0.13692E+03  0.00000E+00  0.00000E+00 -0.30446E+00  0.21364E+00  0.36804E+00
  0.20000E-01  0.13756E+03    0.20000E-01 -0.95468E-02 -0.10453E-01  0.00000E+00  0.00000E+00  0.00000E+00    0.13756E+03  0.00000E+00  0.00000E+00 -0.30135E+00  0.21685E+00  0.36885E+00
  0.21000E-01  0.13811E+03    0.21000E-01 -0.10024E-01 -0.10976E-01  0.00000E+00  0.00000E+00  0.00000E+00    0.13811E+03  0.00000E+00  0.00000E+00 -0.30447E+00  0.21756E+00  0.36950E+00
  0.22000E-01  0.13874E+03    0.22000E-01 -0.10500E-01 -0.11500E-01  0.00000E+00  0.00000E+00  0.00000E+00    0.13874E+03  0.00000E+00  0.00000E+00 -0.30126E+00  0.22085E+00  0.37026E+00
  0.22999E-01  0.13929E+03    0.23000E-01 -0.10977E-01 -0.12023E-01  0.00000E+00  0.00000E+00  0.00000E+00    0.13929E+03  0.00000E+00  0.00000E+00 -0.30428E+00  0.22159E+00  0.37093E+00
  0.23999E-01  0.13991E+03    0.24000E-01 -0.11454E-01 -0.12546E-01  0.00000E+00  0.00000E+00  0.00000E+00    0.13991E+03  0.00000E+00  0.00000E+00 -0.30097E+00  0.22495E+00  0.37164E+00
  0.24999E-01  0.14045E+03    0.25000E-01 -0.11931E-01 -0.13069E-01  0.00000E+00  0.00000E+00  0.00000E+00    0.14045E+03  0.00000E+00  0.00000E+00 -0.30392E+00  0.22572E+00  0.37231E+00
  0.25999E-01  0.14106E+03    0.26000E-01 -0.12407E-01 -0.13593E-01  0.00000E+00  0.00000E+00  0.00000E+00    0.14106E+03  0.00000E+00  0.00000E+00 -0.30050E+00  0.22916E+00  0.37299E+00
  0.26999E-01  0.14160E+03    0.27000E-01 -0.12884E-01 -0.14116E-01  0.00000E+00  0.00000E+00  0.00000E+00    0.14159E+03  0.00000E+00  0.00000E+00 -0.30338E+00  0.22995E+00  0.37366E+00
  0.27999E-01  0.14220E+03    0.28000E-01 -0.13361E-01 -0.14639E-01  0.00000E+00  0.00000E+00  0.00000E+00    0.14220E+03  0.00000E+00  0.00000E+00 -0.29985E+00  0.23348E+00  0.37430E+00
  0.28999E-01  0.14273E+03    0.29000E-01 -0.13837E-01 -0.15163E-01  0.00000E+00  0.00000E+00  0.00000E+00    0.14273E+03  0.00000E+00  0.00000E+00 -0.30266E+00  0.23428E+00  0.37497E+00
  0.29999E-01  0.14333E+03    0.30000E-01 -0.14314E-01 -0.15686E-01  0.00000E+00  0.00000E+00  0.00000E+00    0.14332E+03  0.00000E+00  0.00000E+00 -0.29904E+00  0.23789E+00  0.37558E+00
  0.30999E-01  0.14385E+03    0.31000E-01 -0.14791E-01 -0.16209E-01  0.00000E+00  0.00000E+00  0.00000E+00    0.14385E+03  0.00000E+00  0.00000E+00 -0.30176E+00  0.23871E+00  0.37626E+00
  0.31999E-01  0.14444E+03    0.32000E-01 -0.15267E-01 -0.16733E-01  0.00000E+00  0.00000E+00  0.00000E+00    0.14444E+03  0.00000E+00  0.00000E+00 -0.29806E+00  0.24241E+00  0.37684E+00
  0.32999E-01  0.14496E+03    0.33000E-01 -0.15744E-01 -0.17256E-01  0.00000E+00  0.00000E+00  0.00000E+00    0.14496E+03  0.00000E+00  0.00000E+00 -0.30071E+00  0.24325E+00  0.37752E+00
  0.33999E-01  0.14549E+03    0.34000E-01 -0.16220E-01 -0.17780E-01  0.00000E+00  0.00000E+00  0.00000E+00    0.14549E+03  0.00000E+00  0.00000E+00 -0.30056E+00  0.24534E+00  0.37812E+00
  0.34999E-01  0.14605E+03    0.35000E-01 -0.16697E-01 -0.18303E-01  0.00000E+00  0.00000E+00  0.00000E+00    0.14605E+03  0.00000E+00  0.00000E+00 -0.29960E+00  0.24778E+00  0.37876E+00
  0.35999E-01  0.14658E+03    0.36000E-01 -0.17173E-01 -0.18827E-01  0.00000E+00  0.00000E+00  0.00000E+00    0.14658E+03  0.00000E+00  0.00000E+00 -0.29928E+00  0.25000E+00  0.37932E+00
  0.36999E-01  0.14714E+03    0.37000E-01 -0.17650E-01 -0.19350E-01  0.00000E+00  0.00000E+00  0.00000E+00    0.14713E+03  0.00000E+00  0.00000E+00 -0.29822E+00  0.25250E+00  0.37996E+00
  0.37999E-01  0.14766E+03    0.38000E-01 -0.18126E-01 -0.19874E-01  0.00000E+00  0.00000E+00  0.00000E+00    0.14765E+03  0.00000E+00  0.00000E+00 -0.29782E+00  0.25477E+00  0.38052E+00
  0.38999E-01  0.14819E+03    0.39000E-01 -0.18602E-01 -0.20398E-01  0.00000E+00  0.00000E+00  0.00000E+00    0.14818E+03  0.00000E+00  0.00000E+00 -0.29711E+00  0.25717E+00  0.38111E+00
  0.39999E-01  0.14873E+03    0.40000E-01 -0.19079E-01 -0.20921E-01  0.00000E+00  0.00000E+00  0.00000E+00    0.14873E+03  0.00000E+00  0.00000E+00 -0.29587E+00  0.25975E+00  0.38174E+00
  0.40999E-01  0.14925E+03    0.41000E-01 -0.19555E-01 -0.21445E-01  0.00000E+00  0.00000E+00  0.00000E+00    0.14924E+03  0.00000E+00  0.00000E+00 -0.29536E+00  0.26208E+00  0.38229E+00
  0.41999E-01  0.14977E+03    0.42000E-01 -0.20031E-01 -0.21969E-01  0.00000E+00  0.00000E+00  0.00000E+00    0.14977E+03  0.00000E+00  0.00000E+00 -0.29453E+00  0.26454E+00  0.38287E+00
  0.42999E-01  0.15029E+03    0.43000E-01 -0.20508E-01 -0.22492E-01  0.00000E+00  0.00000E+00  0.00000E+00    0.15029E+03  0.00000E+00  0.00000E+00 -0.29361E+00  0.26705E+00  0.38345E+00
  0.43999E-01  0.15081E+03    0.44000E-01 -0.20984E-01 -0.23016E-01  0.00000E+00  0.00000E+00  0.00000E+00    0.15080E+03  0.00000E+00  0.00000E+00 -0.29264E+00  0.26957E+00  0.38402E+00
  0.44999E-01  0.15132E+03    0.45000E-01 -0.21460E-01 -0.23540E-01  0.00000E+00  0.00000E+00  0.00000E+00    0.15132E+03  0.00000E+00  0.00000E+00 -0.29164E+00  0.27212E+00  0.38459E+00
  0.45999E-01  0.15183E+03    0.46000E-01 -0.21936E-01 -0.24064E-01  0.00000E+00  0.00000E+00  0.00000E+00    0.15183E+03  0.00000E+00  0.00000E+00 -0.29059E+00  0.27469E+00  0.38516E+00
  0.46999E-01  0.15234E+03    0.47000E-01 -0.22412E-01 -0.24588E-01  0.00000E+00  0.00000E+00  0.00000E+00    0.15234E+03  0.00000E+00  0.00000E+00 -0.28952E+00  0.27727E+00  0.38573E+00
  0.47999E-01  0.15285E+03    0.48000E-01 -0.22889E-01 -0.25111E-01  0.00000E+00  0.00000E+00  0.00000E+00    0.15285E+03  0.00000E+00  0.00000E+00 -0.28841E+00  0.27988E+00  0.38629E+00
  0.48999E-01  0.15335E+03    0.49000E-01 -0.23365E-01 -0.25635E-01  0.00000E+00  0.00000E+00  0.00000E+00    0.15335E+03  0.00000E+00  0.00000E+00 -0.28727E+00  0.28251E+00  0.38686E+00
  0.49999E-01  0.15385E+03    0.50000E-01 -0.23841E-01 -0.26159E-01  0.00000E+00  0.00000E+00  0.00000E+00    0.15385E+03  0.00000E+00  0.00000E+00 -0.28610E+00  0.28516E+00  0.38742E+00
  0.50999E-01  0.15435E+03    0.51000E-01 -0.24317E-01 -0.26683E-01  0.00000E+00  0.00000E+00  0.00000E+00    0.15435E+03  0.00000E+00  0.00000E+00 -0.28489E+00  0.28784E+00  0.38797E+00
  0.51999E-01  0.15485E+03    0.52000E-01 -0.24793E-01 -0.27207E-01  0.00000E+00  0.00000E+00  0.00000E+00    0.15484E+03  0.00000E+00  0.00000E+00 -0.28365E+00  0.29053E+00  0.38853E+00
  0.52999E-01  0.15534E+03    0.53000E-01 -0.25269E-01 -0.27731E-01  0.00000E+00  0.00000E+00  0.00000E+00    0.15534E+03  0.00000E+00  0.00000E+00 -0.28238E+00  0.29324E+00  0.38909E+00
  0.53999E-01  0.15583E+03    0.54000E-01 -0.25745E-01 -0.28255E-01  0.00000E+00  0.00000E+00  0.00000E+00    0.15583E+03  0.00000E+00  0.00000E+00 -0.28108E+00  0.29597E+00  0.38964E+00
  0.54999E-01  0.15632E+03    0.55000E-01 -0.26221E-01 -0.28779E-01  0.00000E+00  0.00000E+00  0.00000E+00    0.15631E+03  0.00000E+00  0.00000E+00 -0.27974E+00  0.29872E+00  0.39020E+00
  0.55999E-01  0.15680E+03    0.56000E-01 -0.26697E-01 -0.29303E-01  0.00000E+00  0.00000E+00  0.00000E+00    0.15680E+03  0.00000E+00  0.00000E+00 -0.27837E+00  0.30149E+00  0.39075E+00
  0.56999E-01  0.15728E+03    0.57000E-01 -0.27173E-01 -0.29827E-01  0.00000E+00  0.00000E+00  0.00000E+00    0.15728E+03  0.00000E+00  0.00000E+00 -0.27697E+00  0.30427E+00  0.39131E+00
  0.57999E-01  0.15776E+03    0.58000E-01 -0.27648E-01 -0.30352E-01  0.00000E+00  0.00000E+00  0.00000E+00    0.15776E+03  0.00000E+00  0.00000E+00 -0.27555E+00  0.30708E+00  0.39187E+00
  0.58999E-01  0.15824E+03    0.59000E-01 -0.28124E-01 -0.30876E-01  0.00000E+00  0.00000E+00  0.00000E+00    0.15823E+03  0.00000E+00  0.00000E+00 -0.27409E+00  0.30991E+00  0.39243E+00
  0.59999E-01  0.15871E+03    0.60000E-01 -0.28600E-01 -0.31400E-01  0.00000E+00  0.00000E+00  0.00000E+00    0.15871E+03  0.00000E+00  0.00000E+00 -0.27260E+00  0.31275E+00  0.39299E+00
  0.60999E-01  0.15918E+03    0.61000E-01 -0.29076E-01 -0.31924E-01  0.00000E+00  0.00000E+00  0.00000E+00    0.15918E+03  0.00000E+00  0.00000E+00 -0.27109E+00  0.31561E+00  0.39355E+00
  0.61999E-01  0.15966E+03    0.62000E-01 -0.29552E-01 -0.32448E-01  0.00000E+00  0.00000E+00  0.00000E+00    0.15966E+03  0.00000E+00  0.00000E+00 -0.26179E+00  0.32155E+00  0.39421E+00
  0.62999E-01  0.16016E+03    0.63000E-01 -0.30027E-01 -0.32973E-01  0.00000E+00  0.00000E+00  0.00000E+00    0.16016E+03  0.00000E+00  0.00000E+00 -0.26061E+00  0.32474E+00  0.39476E+00
  0.63999E-01  0.16063E+03    0.64000E-01 -0.30503E-01 -0.33497E-01  0.00000E+00  0.00000E+00  0.00000E+00    0.16062E+03  0.00000E+00  0.00000E+00 -0.25911E+00  0.32770E+00  0.39531E+00
  0.64999E-01  0.16109E+03    0.65000E-01 -0.30979E-01 -0.34021E-01  0.00000E+00  0.00000E+00  0.00000E+00    0.16108E+03  0.00000E+00  0.00000E+00 -0.25746E+00  0.33068E+00  0.39588E+00
  0.65999E-01  0.16154E+03    0.66000E-01 -0.31454E-01 -0.34546E-01  0.00000E+00  0.00000E+00  0.00000E+00    0.16154E+03  0.00000E+00  0.00000E+00 -0.25579E+00  0.33367E+00  0.39645E+00
  0.66999E-01  0.16200E+03    0.67000E-01 -0.31930E-01 -0.35070E-01  0.00000E+00  0.00000E+00  0.00000E+00    0.16200E+03  0.00000E+00  0.00000E+00 -0.25411E+00  0.33669E+00  0.39702E+00
  0.67999E-01  0.16245E+03    0.68000E-01 -0.32406E-01 -0.35594E-01  0.00000E+00  0.00000E+00  0.00000E+00    0.16245E+03  0.00000E+00  0.00000E+00 -0.25239E+00  0.33971E+00  0.39760E+00
  0.68999E-01  0.16290E+03    0.69000E-01 -0.32881E-01 -0.36119E-01  0.00000E+00  0.00000E+00  0.00000E+00    0.16290E+03  0.00000E+00  0.00000E+00 -0.25065E+00  0.34276E+00  0.39818E+00
  0.69999E-01  0.16335E+03    0.70000E-01 -0.33357E-01 -0.36643E-01  0.00000E+00  0.00000E+00  0.00000E+00    0.16335E+03  0.00000E+00  0.00000E+00 -0.24888E+00  0.34583E+00  0.39876E+00
  0.70999E-01  0.16380E+03    0.71000E-01 -0.33832E-01 -0.37168E-01  0.00000E+00  0.00000E+00  0.00000E+00    0.16380E+03  0.00000E+00  0.00000E+00 -0.24709E+00  0.34891E+00  0.39935E+00
  0.71998E-01  0.16424E+03    0.72000E-01 -0.34308E-01 -0.37692E-01  0.00000E+00  0.00000E+00  0.00000E+00    0.16424E+03  0.00000E+00  0.00000E+00 -0.24527E+00  0.35201E+00  0.39994E+00
  0.72998E-01  0.16468E+03    0.73000E-01 -0.34783E-01 -0.38217E-01  0.00000E+00  0.00000E+00  0.00000E+00    0.16468E+03  0.00000E+00  0.00000E+00 -0.24342E+00  0.35513E+00  0.40054E+00
  0.73998E-01  0.16512E+03    0.74000E-01 -0.35258E-01 -0.38742E-01  0.00000E+00  0.00000E+00  0.00000E+00    0.16512E+03  0.00000E+00  0.00000E+00 -0.24155E+00  0.35827E+00  0.40115E+00
  0.74998E-01  0.16556E+03    0.75000E-01 -0.35734E-01 -0.39266E-01  0.00000E+00  0.00000E+00  0.00000E+00    0.16556E+03  0.00000E+00  0.00000E+00 -0.23966E+00  0.36142E+00  0.40176E+00
  0.75998E-01  0.16599E+03    0.76000E-01 -0.36209E-01 -0.39791E-01  0.00000E+00  0.00000E+00  0.00000E+00    0.16599E+03  0.00000E+00  0.00000E+00 -0.23774E+00  0.36460E+00  0.40238E+00
  0.76998E-01  0.16643E+03    0.77000E-01 -0.36684E-01 -0.40316E-01  0.00000E+00  0.00000E+00  0.00000E+00    0.16642E+03  0.00000E+00  0.00000E+00 -0.23579E+00  0.36779E+00  0.40301E+00
  0.77998E-01  0.16686E+03    0.78000E-01 -0.37160E-01 -0.40840E-01  0.00000E+00  0.00000E+00  0.00000E+00    0.16685E+03  0.00000E+00  0.00000E+00 -0.23382E+00  0.37101E+00  0.40364E+00
  0.78998E-01  0.16728E+03    0.79000E-01 -0.37635E-01 -0.41365E-01  0.00000E+00  0.00000E+00  0.00000E+00    0.16728E+03  0.00000E+00  0.00000E+00 -0.23183E+00  0.37424E+00  0.40429E+00
  0.79998E-01  0.16771E+03    0.80000E-01 -0.38110E-01 -0.41890E-01  0.00000E+00  0.00000E+00  0.00000E+00    0.16771E+03  0.00000E+00  0.00000E+00 -0.22982E+00  0.37749E+00  0.40494E+00
  0.80998E-01  0.16813E+03    0.81000E-01 -0.38586E-01 -0.42414E-01  0.00000E+00  0.00000E+00  0.00000E+00    0.16813E+03  0.00000E+00  0.00000E+00 -0.22778E+00  0.38076E+00  0.40560E+00
  0.81998E-01  0.16855E+03    0.82000E-01 -0.39061E-01 -0.42939E-01  0.00000E+00  0.00000E+00  0.00000E+00    0.16855E+03  0.00000E+00  0.00000E+00 -0.22572E+00  0.38405E+00  0.40627E+00
  0.82998E-01  0.16897E+03    0.83000E-01 -0.39536E-01 -0.43464E-01  0.00000E+00  0.00000E+00  0.00000E+00    0.16897E+03  0.00000E+00  0.00000E+00 -0.22363E+00  0.38736E+00  0.40695E+00
  0.83998E-01  0.16939E+03    0.84000E-01 -0.40011E-01 -0.43989E-01  0.00000E+00  0.00000E+00  0.00000E+00    0.16939E+03  0.00000E+00  0.00000E+00 -0.22153E+00  0.39069E+00  0.40764E+00
  0.84998E-01  0.16980E+03    0.85000E-01 -0.40486E-01 -0.44514E-01  0.00000E+00  0.00000E+00  0.00000E+00    0.16980E+03  0.00000E+00  0.00000E+00 -0.21940E+00  0.39404E+00  0.40834E+00
  0.85998E-01  0.17022E+03    0.86000E-01 -0.40961E-01 -0.45039E-01  0.00000E+00  0.00000E+00  0.00000E+00    0.17021E+03  0.00000E+00  0.00000E+00 -0.21725E+00  0.39741E+00  0.40906E+00
  0.86998E-01  0.17063E+03    0.87000E-01 -0.41436E-01 -0.45564E-01  0.00000E+00  0.00000E+00  0.00000E+00    0.17062E+03  0.00000E+00  0.00000E+00 -0.21508E+00  0.40080E+00  0.40978E+00
  0.87998E-01  0.17104E+03    0.88000E-01 -0.41911E-01 -0.46089E-01  0.00000E+00  0.00000E+00  0.00000E+00    0.17103E+03  0.00000E+00  0.00000E+00 -0.21289E+00  0.40422E+00  0.41052E+00
  0.88998E-01  0.17144E+03    0.89000E-01 -0.42386E-01 -0.46614E-01  0.00000E+00  0.00000E+00  0.00000E+00    0.17144E+03  0.00000E+00  0.00000E+00 -0.21068E+00  0.40765E+00  0.41127E+00
  0.89998E-01  0.17185E+03    0.90000E-01 -0.42861E-01 -0.47139E-01  0.00000E+00  0.00000E+00  0.00000E+00    0.17184E+03  0.00000E+00  0.00000E+00 -0.20845E+00  0.41110E+00  0.41204E+00
  0.90998E-01  0.17225E+03    0.91000E-01 -0.43336E-01 -0.47664E-01  0.00000E+00  0.00000E+00  0.00000E+00    0.17225E+03  0.00000E+00  0.00000E+00 -0.20620E+00  0.41458E+00  0.41282E+00
  0.91998E-01  0.17265E+03    0.92000E-01 -0.43811E-01 -0.48189E-01  0.00000E+00  0.00000E+00  0.00000E+00    0.17265E+03  0.00000E+00  0.00000E+00 -0.20392E+00  0.41808E+00  0.41361E+00
  0.92998E-01  0.17305E+03    0.93000E-01 -0.44286E-01 -0.48714E-01  0.00000E+00  0.00000E+00  0.00000E+00    0.17304E+03  0.00000E+00  0.00000E+00 -0.20163E+00  0.42160E+00  0.41442E+00
  0.93998E-01  0.17344E+03    0.94000E-01 -0.44761E-01 -0.49239E-01  0.00000E+00  0.00000E+00  0.00000E+00    0.17344E+03  0.00000E+00  0.00000E+00 -0.19932E+00  0.42514E+00  0.41524E+00
  0.94998E-01  0.17384E+03    0.95000E-01 -0.45236E-01 -0.49764E-01  0.00000E+00  0.00000E+00  0.00000E+00    0.17384E+03  0.00000E+00  0.00000E+00 -0.19700E+00  0.42871E+00  0.41608E+00
  0.95998E-01  0.17423E+03    0.96000E-01 -0.45711E-01 -0.50289E-01  0.00000E+00  0.00000E+00  0.00000E+00    0.17423E+03  0.00000E+00  0.00000E+00 -0.19465E+00  0.43230E+00  0.41693E+00
  0.96998E-01  0.17462E+03    0.97000E-01 -0.46186E-01 -0.50814E-01  0.00000E+00  0.00000E+00  0.00000E+00    0.17462E+03  0.00000E+00  0.00000E+00 -0.19228E+00  0.43591E+00  0.41781E+00
  0.97998E-01  0.17501E+03    0.98000E-01 -0.46661E-01 -0.51339E-01  0.00000E+00  0.00000E+00  0.00000E+00    0.17501E+03  0.00000E+00  0.00000E+00 -0.18990E+00  0.43954E+00  0.41869E+00
  0.98998E-01  0.17540E+03    0.99000E-01 -0.47135E-01 -0.51865E-01  0.00000E+00  0.00000E+00  0.00000E+00    0.17539E+03  0.00000E+00  0.00000E+00 -0.18750E+00  0.44320E+00  0.41960E+00
  0.99998E-01  0.17578E+03    0.10000E+00 -0.47610E-01 -0.52390E-01  0.00000E+00  0.00000E+00  0.00000E+00    0.17578E+03  0.00000E+00  0.00000E+00 -0.18509E+00  0.44688E+00  0.42053E+00
