          Evm          Svm            E11          E22          E33          E23          E13          E12         SCAU11       SCAU22       SCAU33       SCAU23       SCAU13       SCAU12      TEMP
  0.00000E+00  0.96389E+02    0.00000E+00  0.00000E+00  0.00000E+00  0.00000E+00  0.00000E+00  0.00000E+00    0.96386E+02  0.00000E+00  0.00000E+00 -0.22355E+00  0.13860E+00  0.26633E+00
  0.99998E-03  0.97020E+02    0.10000E-02 -0.47967E-03 -0.52033E-03  0.00000E+00  0.00000E+00  0.00000E+00    0.97018E+02  0.00000E+00  0.00000E+00 -0.22854E+00  0.14194E+00  0.26988E+00
  0.20000E-02  0.97616E+02    0.20000E-02 -0.95784E-03 -0.10422E-02  0.00000E+00  0.00000E+00  0.00000E+00    0.97613E+02  0.00000E+00  0.00000E+00 -0.22892E+00  0.14310E+00  0.27225E+00
  0.29999E-02  0.98274E+02    0.30000E-02 -0.14356E-02 -0.15644E-02  0.00000E+00  0.00000E+00  0.00000E+00    0.98271E+02  0.00000E+00  0.00000E+00 -0.23014E+00  0.14438E+00  0.27388E+00
  0.39999E-02  0.98930E+02    0.40000E-02 -0.19132E-02 -0.20868E-02  0.00000E+00  0.00000E+00  0.00000E+00    0.98928E+02  0.00000E+00  0.00000E+00 -0.23121E+00  0.14568E+00  0.27523E+00
  0.49999E-02  0.99570E+02    0.50000E-02 -0.23906E-02 -0.26094E-02  0.00000E+00  0.00000E+00  0.00000E+00    0.99568E+02  0.00000E+00  0.00000E+00 -0.23006E+00  0.14795E+00  0.27647E+00
  0.59999E-02  0.10023E+03    0.60000E-02 -0.28678E-02 -0.31322E-02  0.00000E+00  0.00000E+00  0.00000E+00    0.10022E+03  0.00000E+00  0.00000E+00 -0.23103E+00  0.14947E+00  0.27768E+00
  0.69998E-02  0.10087E+03    0.70000E-02 -0.33451E-02 -0.36549E-02  0.00000E+00  0.00000E+00  0.00000E+00    0.10087E+03  0.00000E+00  0.00000E+00 -0.23195E+00  0.15088E+00  0.27880E+00
  0.79998E-02  0.10151E+03    0.80000E-02 -0.38222E-02 -0.41778E-02  0.00000E+00  0.00000E+00  0.00000E+00    0.10151E+03  0.00000E+00  0.00000E+00 -0.23280E+00  0.15231E+00  0.27988E+00
  0.89998E-02  0.10215E+03    0.90000E-02 -0.42994E-02 -0.47006E-02  0.00000E+00  0.00000E+00  0.00000E+00    0.10214E+03  0.00000E+00  0.00000E+00 -0.23361E+00  0.15377E+00  0.28093E+00
  0.99998E-02  0.10278E+03    0.10000E-01 -0.47764E-02 -0.52236E-02  0.00000E+00  0.00000E+00  0.00000E+00    0.10278E+03  0.00000E+00  0.00000E+00 -0.23437E+00  0.15526E+00  0.28196E+00
  0.11000E-01  0.10341E+03    0.11000E-01 -0.52535E-02 -0.57465E-02  0.00000E+00  0.00000E+00  0.00000E+00    0.10340E+03  0.00000E+00  0.00000E+00 -0.23508E+00  0.15677E+00  0.28297E+00
  0.12000E-01  0.10403E+03    0.12000E-01 -0.57305E-02 -0.62695E-02  0.00000E+00  0.00000E+00  0.00000E+00    0.10403E+03  0.00000E+00  0.00000E+00 -0.23574E+00  0.15830E+00  0.28396E+00
  0.13000E-01  0.10465E+03    0.13000E-01 -0.62075E-02 -0.67925E-02  0.00000E+00  0.00000E+00  0.00000E+00    0.10465E+03  0.00000E+00  0.00000E+00 -0.23636E+00  0.15986E+00  0.28494E+00
  0.14000E-01  0.10527E+03    0.14000E-01 -0.66845E-02 -0.73155E-02  0.00000E+00  0.00000E+00  0.00000E+00    0.10527E+03  0.00000E+00  0.00000E+00 -0.23693E+00  0.16145E+00  0.28590E+00
  0.15000E-01  0.10588E+03    0.15000E-01 -0.71615E-02 -0.78385E-02  0.00000E+00  0.00000E+00  0.00000E+00    0.10588E+03  0.00000E+00  0.00000E+00 -0.23746E+00  0.16306E+00  0.28685E+00
  0.16000E-01  0.10649E+03    0.16000E-01 -0.76384E-02 -0.83616E-02  0.00000E+00  0.00000E+00  0.00000E+00    0.10649E+03  0.00000E+00  0.00000E+00 -0.23794E+00  0.16469E+00  0.28778E+00
  0.17000E-01  0.10710E+03    0.17000E-01 -0.81153E-02 -0.88847E-02  0.00000E+00  0.00000E+00  0.00000E+00    0.10709E+03  0.00000E+00  0.00000E+00 -0.23838E+00  0.16635E+00  0.28870E+00
  0.18000E-01  0.10770E+03    0.18000E-01 -0.85922E-02 -0.94078E-02  0.00000E+00  0.00000E+00  0.00000E+00    0.10769E+03  0.00000E+00  0.00000E+00 -0.23877E+00  0.16803E+00  0.28961E+00
  0.19000E-01  0.10830E+03    0.19000E-01 -0.90691E-02 -0.99309E-02  0.00000E+00  0.00000E+00  0.00000E+00    0.10829E+03  0.00000E+00  0.00000E+00 -0.23912E+00  0.16973E+00  0.29051E+00
  0.20000E-01  0.10889E+03    0.20000E-01 -0.95459E-02 -0.10454E-01  0.00000E+00  0.00000E+00  0.00000E+00    0.10889E+03  0.00000E+00  0.00000E+00 -0.23942E+00  0.17146E+00  0.29139E+00
  0.21000E-01  0.10948E+03    0.21000E-01 -0.10023E-01 -0.10977E-01  0.00000E+00  0.00000E+00  0.00000E+00    0.10948E+03  0.00000E+00  0.00000E+00 -0.23969E+00  0.17321E+00  0.29226E+00
  0.22000E-01  0.11007E+03    0.22000E-01 -0.10500E-01 -0.11500E-01  0.00000E+00  0.00000E+00  0.00000E+00    0.11007E+03  0.00000E+00  0.00000E+00 -0.23991E+00  0.17499E+00  0.29313E+00
  0.22999E-01  0.11065E+03    0.23000E-01 -0.10976E-01 -0.12024E-01  0.00000E+00  0.00000E+00  0.00000E+00    0.11065E+03  0.00000E+00  0.00000E+00 -0.24008E+00  0.17679E+00  0.29397E+00
  0.23999E-01  0.11123E+03    0.24000E-01 -0.11453E-01 -0.12547E-01  0.00000E+00  0.00000E+00  0.00000E+00    0.11123E+03  0.00000E+00  0.00000E+00 -0.24022E+00  0.17861E+00  0.29482E+00
  0.24999E-01  0.11181E+03    0.25000E-01 -0.11930E-01 -0.13070E-01  0.00000E+00  0.00000E+00  0.00000E+00    0.11181E+03  0.00000E+00  0.00000E+00 -0.24031E+00  0.18046E+00  0.29565E+00
  0.25999E-01  0.11238E+03    0.26000E-01 -0.12406E-01 -0.13594E-01  0.00000E+00  0.00000E+00  0.00000E+00    0.11238E+03  0.00000E+00  0.00000E+00 -0.24036E+00  0.18233E+00  0.29647E+00
  0.26999E-01  0.11295E+03    0.27000E-01 -0.12883E-01 -0.14117E-01  0.00000E+00  0.00000E+00  0.00000E+00    0.11295E+03  0.00000E+00  0.00000E+00 -0.24038E+00  0.18422E+00  0.29729E+00
  0.27999E-01  0.11352E+03    0.28000E-01 -0.13360E-01 -0.14640E-01  0.00000E+00  0.00000E+00  0.00000E+00    0.11352E+03  0.00000E+00  0.00000E+00 -0.24035E+00  0.18613E+00  0.29809E+00
  0.28999E-01  0.11408E+03    0.29000E-01 -0.13836E-01 -0.15164E-01  0.00000E+00  0.00000E+00  0.00000E+00    0.11408E+03  0.00000E+00  0.00000E+00 -0.24028E+00  0.18807E+00  0.29889E+00
  0.29999E-01  0.11464E+03    0.30000E-01 -0.14313E-01 -0.15687E-01  0.00000E+00  0.00000E+00  0.00000E+00    0.11464E+03  0.00000E+00  0.00000E+00 -0.24017E+00  0.19002E+00  0.29968E+00
  0.30999E-01  0.11520E+03    0.31000E-01 -0.14790E-01 -0.16210E-01  0.00000E+00  0.00000E+00  0.00000E+00    0.11520E+03  0.00000E+00  0.00000E+00 -0.24002E+00  0.19201E+00  0.30045E+00
  0.31999E-01  0.11575E+03    0.32000E-01 -0.15266E-01 -0.16734E-01  0.00000E+00  0.00000E+00  0.00000E+00    0.11575E+03  0.00000E+00  0.00000E+00 -0.23984E+00  0.19401E+00  0.30122E+00
  0.32999E-01  0.11630E+03    0.33000E-01 -0.15743E-01 -0.17257E-01  0.00000E+00  0.00000E+00  0.00000E+00    0.11630E+03  0.00000E+00  0.00000E+00 -0.23962E+00  0.19603E+00  0.30199E+00
  0.33999E-01  0.11685E+03    0.34000E-01 -0.16219E-01 -0.17781E-01  0.00000E+00  0.00000E+00  0.00000E+00    0.11685E+03  0.00000E+00  0.00000E+00 -0.23936E+00  0.19807E+00  0.30275E+00
  0.34999E-01  0.11740E+03    0.35000E-01 -0.16696E-01 -0.18304E-01  0.00000E+00  0.00000E+00  0.00000E+00    0.11739E+03  0.00000E+00  0.00000E+00 -0.23906E+00  0.20014E+00  0.30350E+00
  0.35999E-01  0.11794E+03    0.36000E-01 -0.17172E-01 -0.18828E-01  0.00000E+00  0.00000E+00  0.00000E+00    0.11793E+03  0.00000E+00  0.00000E+00 -0.23873E+00  0.20222E+00  0.30424E+00
  0.36999E-01  0.11847E+03    0.37000E-01 -0.17649E-01 -0.19351E-01  0.00000E+00  0.00000E+00  0.00000E+00    0.11847E+03  0.00000E+00  0.00000E+00 -0.23836E+00  0.20433E+00  0.30497E+00
  0.37999E-01  0.11901E+03    0.38000E-01 -0.18125E-01 -0.19875E-01  0.00000E+00  0.00000E+00  0.00000E+00    0.11901E+03  0.00000E+00  0.00000E+00 -0.23796E+00  0.20645E+00  0.30570E+00
  0.38999E-01  0.11954E+03    0.39000E-01 -0.18601E-01 -0.20399E-01  0.00000E+00  0.00000E+00  0.00000E+00    0.11954E+03  0.00000E+00  0.00000E+00 -0.23752E+00  0.20860E+00  0.30643E+00
  0.39999E-01  0.12007E+03    0.40000E-01 -0.19078E-01 -0.20922E-01  0.00000E+00  0.00000E+00  0.00000E+00    0.12006E+03  0.00000E+00  0.00000E+00 -0.23704E+00  0.21077E+00  0.30715E+00
  0.40999E-01  0.12059E+03    0.41000E-01 -0.19554E-01 -0.21446E-01  0.00000E+00  0.00000E+00  0.00000E+00    0.12059E+03  0.00000E+00  0.00000E+00 -0.23653E+00  0.21296E+00  0.30786E+00
  0.41999E-01  0.12108E+03    0.42000E-01 -0.20030E-01 -0.21970E-01  0.00000E+00  0.00000E+00  0.00000E+00    0.12107E+03  0.00000E+00  0.00000E+00 -0.23939E+00  0.21343E+00  0.30857E+00
  0.42999E-01  0.12163E+03    0.43000E-01 -0.20507E-01 -0.22493E-01  0.00000E+00  0.00000E+00  0.00000E+00    0.12163E+03  0.00000E+00  0.00000E+00 -0.23564E+00  0.21723E+00  0.30923E+00
  0.43999E-01  0.12211E+03    0.44000E-01 -0.20983E-01 -0.23017E-01  0.00000E+00  0.00000E+00  0.00000E+00    0.12211E+03  0.00000E+00  0.00000E+00 -0.23822E+00  0.21784E+00  0.30998E+00
  0.44999E-01  0.12263E+03    0.45000E-01 -0.21459E-01 -0.23541E-01  0.00000E+00  0.00000E+00  0.00000E+00    0.12262E+03  0.00000E+00  0.00000E+00 -0.23766E+00  0.21999E+00  0.31068E+00
  0.45999E-01  0.12314E+03    0.46000E-01 -0.21935E-01 -0.24065E-01  0.00000E+00  0.00000E+00  0.00000E+00    0.12313E+03  0.00000E+00  0.00000E+00 -0.23700E+00  0.22224E+00  0.31137E+00
  0.46999E-01  0.12364E+03    0.47000E-01 -0.22412E-01 -0.24588E-01  0.00000E+00  0.00000E+00  0.00000E+00    0.12364E+03  0.00000E+00  0.00000E+00 -0.23629E+00  0.22452E+00  0.31207E+00
  0.47999E-01  0.12415E+03    0.48000E-01 -0.22888E-01 -0.25112E-01  0.00000E+00  0.00000E+00  0.00000E+00    0.12415E+03  0.00000E+00  0.00000E+00 -0.23556E+00  0.22682E+00  0.31275E+00
  0.48999E-01  0.12465E+03    0.49000E-01 -0.23364E-01 -0.25636E-01  0.00000E+00  0.00000E+00  0.00000E+00    0.12465E+03  0.00000E+00  0.00000E+00 -0.23479E+00  0.22913E+00  0.31343E+00
  0.49999E-01  0.12515E+03    0.50000E-01 -0.23840E-01 -0.26160E-01  0.00000E+00  0.00000E+00  0.00000E+00    0.12515E+03  0.00000E+00  0.00000E+00 -0.23399E+00  0.23146E+00  0.31412E+00
  0.50999E-01  0.12565E+03    0.51000E-01 -0.24316E-01 -0.26684E-01  0.00000E+00  0.00000E+00  0.00000E+00    0.12564E+03  0.00000E+00  0.00000E+00 -0.23316E+00  0.23380E+00  0.31480E+00
  0.51999E-01  0.12616E+03    0.52000E-01 -0.24792E-01 -0.27208E-01  0.00000E+00  0.00000E+00  0.00000E+00    0.12616E+03  0.00000E+00  0.00000E+00 -0.22906E+00  0.23794E+00  0.31534E+00
  0.52999E-01  0.12663E+03    0.53000E-01 -0.25268E-01 -0.27732E-01  0.00000E+00  0.00000E+00  0.00000E+00    0.12663E+03  0.00000E+00  0.00000E+00 -0.23135E+00  0.23864E+00  0.31615E+00
  0.53999E-01  0.12714E+03    0.54000E-01 -0.25744E-01 -0.28256E-01  0.00000E+00  0.00000E+00  0.00000E+00    0.12714E+03  0.00000E+00  0.00000E+00 -0.22726E+00  0.24276E+00  0.31667E+00
  0.54999E-01  0.12760E+03    0.55000E-01 -0.26220E-01 -0.28780E-01  0.00000E+00  0.00000E+00  0.00000E+00    0.12760E+03  0.00000E+00  0.00000E+00 -0.22948E+00  0.24346E+00  0.31749E+00
  0.55999E-01  0.12807E+03    0.56000E-01 -0.26696E-01 -0.29304E-01  0.00000E+00  0.00000E+00  0.00000E+00    0.12807E+03  0.00000E+00  0.00000E+00 -0.22895E+00  0.24564E+00  0.31813E+00
  0.56999E-01  0.12857E+03    0.57000E-01 -0.27172E-01 -0.29828E-01  0.00000E+00  0.00000E+00  0.00000E+00    0.12856E+03  0.00000E+00  0.00000E+00 -0.22758E+00  0.24825E+00  0.31882E+00
  0.57999E-01  0.12903E+03    0.58000E-01 -0.27648E-01 -0.30352E-01  0.00000E+00  0.00000E+00  0.00000E+00    0.12903E+03  0.00000E+00  0.00000E+00 -0.22691E+00  0.25055E+00  0.31946E+00
  0.58999E-01  0.12952E+03    0.59000E-01 -0.28124E-01 -0.30876E-01  0.00000E+00  0.00000E+00  0.00000E+00    0.12952E+03  0.00000E+00  0.00000E+00 -0.22548E+00  0.25320E+00  0.32014E+00
  0.59999E-01  0.12998E+03    0.60000E-01 -0.28600E-01 -0.31400E-01  0.00000E+00  0.00000E+00  0.00000E+00    0.12997E+03  0.00000E+00  0.00000E+00 -0.22475E+00  0.25554E+00  0.32078E+00
  0.60999E-01  0.13046E+03    0.61000E-01 -0.29075E-01 -0.31925E-01  0.00000E+00  0.00000E+00  0.00000E+00    0.13046E+03  0.00000E+00  0.00000E+00 -0.22326E+00  0.25822E+00  0.32146E+00
  0.61999E-01  0.13091E+03    0.62000E-01 -0.29551E-01 -0.32449E-01  0.00000E+00  0.00000E+00  0.00000E+00    0.13091E+03  0.00000E+00  0.00000E+00 -0.22249E+00  0.26059E+00  0.32211E+00
  0.62999E-01  0.13139E+03    0.63000E-01 -0.30027E-01 -0.32973E-01  0.00000E+00  0.00000E+00  0.00000E+00    0.13139E+03  0.00000E+00  0.00000E+00 -0.22094E+00  0.26331E+00  0.32278E+00
  0.63999E-01  0.13184E+03    0.64000E-01 -0.30503E-01 -0.33497E-01  0.00000E+00  0.00000E+00  0.00000E+00    0.13184E+03  0.00000E+00  0.00000E+00 -0.22011E+00  0.26570E+00  0.32343E+00
  0.64999E-01  0.13231E+03    0.65000E-01 -0.30978E-01 -0.34022E-01  0.00000E+00  0.00000E+00  0.00000E+00    0.13231E+03  0.00000E+00  0.00000E+00 -0.21851E+00  0.26846E+00  0.32411E+00
  0.65999E-01  0.13275E+03    0.66000E-01 -0.31454E-01 -0.34546E-01  0.00000E+00  0.00000E+00  0.00000E+00    0.13275E+03  0.00000E+00  0.00000E+00 -0.21763E+00  0.27089E+00  0.32476E+00
  0.66999E-01  0.13321E+03    0.67000E-01 -0.31930E-01 -0.35070E-01  0.00000E+00  0.00000E+00  0.00000E+00    0.13320E+03  0.00000E+00  0.00000E+00 -0.21642E+00  0.27348E+00  0.32543E+00
  0.67999E-01  0.13366E+03    0.68000E-01 -0.32405E-01 -0.35595E-01  0.00000E+00  0.00000E+00  0.00000E+00    0.13366E+03  0.00000E+00  0.00000E+00 -0.21513E+00  0.27610E+00  0.32609E+00
  0.68999E-01  0.13411E+03    0.69000E-01 -0.32881E-01 -0.36119E-01  0.00000E+00  0.00000E+00  0.00000E+00    0.13410E+03  0.00000E+00  0.00000E+00 -0.21380E+00  0.27875E+00  0.32676E+00
  0.69999E-01  0.13455E+03    0.70000E-01 -0.33357E-01 -0.36643E-01  0.00000E+00  0.00000E+00  0.00000E+00    0.13455E+03  0.00000E+00  0.00000E+00 -0.21244E+00  0.28142E+00  0.32743E+00
  0.70999E-01  0.13500E+03    0.71000E-01 -0.33832E-01 -0.37168E-01  0.00000E+00  0.00000E+00  0.00000E+00    0.13500E+03  0.00000E+00  0.00000E+00 -0.21106E+00  0.28410E+00  0.32810E+00
  0.71999E-01  0.13544E+03    0.72000E-01 -0.34308E-01 -0.37692E-01  0.00000E+00  0.00000E+00  0.00000E+00    0.13544E+03  0.00000E+00  0.00000E+00 -0.20965E+00  0.28680E+00  0.32877E+00
  0.72998E-01  0.13588E+03    0.73000E-01 -0.34783E-01 -0.38217E-01  0.00000E+00  0.00000E+00  0.00000E+00    0.13588E+03  0.00000E+00  0.00000E+00 -0.20822E+00  0.28951E+00  0.32945E+00
  0.73998E-01  0.13632E+03    0.74000E-01 -0.35259E-01 -0.38741E-01  0.00000E+00  0.00000E+00  0.00000E+00    0.13631E+03  0.00000E+00  0.00000E+00 -0.20677E+00  0.29224E+00  0.33013E+00
  0.74998E-01  0.13675E+03    0.75000E-01 -0.35734E-01 -0.39266E-01  0.00000E+00  0.00000E+00  0.00000E+00    0.13675E+03  0.00000E+00  0.00000E+00 -0.20530E+00  0.29499E+00  0.33082E+00
  0.75998E-01  0.13719E+03    0.76000E-01 -0.36209E-01 -0.39791E-01  0.00000E+00  0.00000E+00  0.00000E+00    0.13718E+03  0.00000E+00  0.00000E+00 -0.20380E+00  0.29775E+00  0.33150E+00
  0.76998E-01  0.13762E+03    0.77000E-01 -0.36685E-01 -0.40315E-01  0.00000E+00  0.00000E+00  0.00000E+00    0.13761E+03  0.00000E+00  0.00000E+00 -0.20227E+00  0.30053E+00  0.33220E+00
  0.77998E-01  0.13804E+03    0.78000E-01 -0.37160E-01 -0.40840E-01  0.00000E+00  0.00000E+00  0.00000E+00    0.13804E+03  0.00000E+00  0.00000E+00 -0.20073E+00  0.30333E+00  0.33290E+00
  0.78998E-01  0.13847E+03    0.79000E-01 -0.37636E-01 -0.41364E-01  0.00000E+00  0.00000E+00  0.00000E+00    0.13847E+03  0.00000E+00  0.00000E+00 -0.19916E+00  0.30614E+00  0.33361E+00
  0.79998E-01  0.13889E+03    0.80000E-01 -0.38111E-01 -0.41889E-01  0.00000E+00  0.00000E+00  0.00000E+00    0.13889E+03  0.00000E+00  0.00000E+00 -0.19756E+00  0.30898E+00  0.33432E+00
  0.80998E-01  0.13932E+03    0.81000E-01 -0.38586E-01 -0.42414E-01  0.00000E+00  0.00000E+00  0.00000E+00    0.13931E+03  0.00000E+00  0.00000E+00 -0.19595E+00  0.31182E+00  0.33503E+00
  0.81998E-01  0.13974E+03    0.82000E-01 -0.39061E-01 -0.42939E-01  0.00000E+00  0.00000E+00  0.00000E+00    0.13973E+03  0.00000E+00  0.00000E+00 -0.18669E+00  0.31824E+00  0.33580E+00
  0.82998E-01  0.14013E+03    0.83000E-01 -0.39537E-01 -0.43463E-01  0.00000E+00  0.00000E+00  0.00000E+00    0.14012E+03  0.00000E+00  0.00000E+00 -0.18703E+00  0.32069E+00  0.33663E+00
  0.83998E-01  0.14053E+03    0.84000E-01 -0.40012E-01 -0.43988E-01  0.00000E+00  0.00000E+00  0.00000E+00    0.14053E+03  0.00000E+00  0.00000E+00 -0.18504E+00  0.32371E+00  0.33739E+00
  0.84998E-01  0.14095E+03    0.85000E-01 -0.40487E-01 -0.44513E-01  0.00000E+00  0.00000E+00  0.00000E+00    0.14094E+03  0.00000E+00  0.00000E+00 -0.18334E+00  0.32665E+00  0.33815E+00
  0.85998E-01  0.14136E+03    0.86000E-01 -0.40962E-01 -0.45038E-01  0.00000E+00  0.00000E+00  0.00000E+00    0.14135E+03  0.00000E+00  0.00000E+00 -0.18162E+00  0.32962E+00  0.33891E+00
  0.86998E-01  0.14176E+03    0.87000E-01 -0.41437E-01 -0.45563E-01  0.00000E+00  0.00000E+00  0.00000E+00    0.14176E+03  0.00000E+00  0.00000E+00 -0.17987E+00  0.33260E+00  0.33968E+00
  0.87998E-01  0.14223E+03    0.88000E-01 -0.41912E-01 -0.46088E-01  0.00000E+00  0.00000E+00  0.00000E+00    0.14222E+03  0.00000E+00  0.00000E+00 -0.17638E+00  0.33632E+00  0.34036E+00
  0.88998E-01  0.14264E+03    0.89000E-01 -0.42387E-01 -0.46613E-01  0.00000E+00  0.00000E+00  0.00000E+00    0.14264E+03  0.00000E+00  0.00000E+00 -0.17504E+00  0.33924E+00  0.34112E+00
  0.89998E-01  0.14304E+03    0.90000E-01 -0.42862E-01 -0.47138E-01  0.00000E+00  0.00000E+00  0.00000E+00    0.14304E+03  0.00000E+00  0.00000E+00 -0.17324E+00  0.34228E+00  0.34192E+00
  0.90998E-01  0.14344E+03    0.91000E-01 -0.43337E-01 -0.47663E-01  0.00000E+00  0.00000E+00  0.00000E+00    0.14344E+03  0.00000E+00  0.00000E+00 -0.17141E+00  0.34535E+00  0.34272E+00
  0.91998E-01  0.14384E+03    0.92000E-01 -0.43812E-01 -0.48188E-01  0.00000E+00  0.00000E+00  0.00000E+00    0.14384E+03  0.00000E+00  0.00000E+00 -0.16957E+00  0.34843E+00  0.34354E+00
  0.92998E-01  0.14424E+03    0.93000E-01 -0.44287E-01 -0.48713E-01  0.00000E+00  0.00000E+00  0.00000E+00    0.14423E+03  0.00000E+00  0.00000E+00 -0.16771E+00  0.35153E+00  0.34437E+00
  0.93998E-01  0.14463E+03    0.94000E-01 -0.44762E-01 -0.49238E-01  0.00000E+00  0.00000E+00  0.00000E+00    0.14463E+03  0.00000E+00  0.00000E+00 -0.16583E+00  0.35466E+00  0.34522E+00
  0.94998E-01  0.14502E+03    0.95000E-01 -0.45237E-01 -0.49763E-01  0.00000E+00  0.00000E+00  0.00000E+00    0.14502E+03  0.00000E+00  0.00000E+00 -0.16394E+00  0.35780E+00  0.34607E+00
  0.95998E-01  0.14541E+03    0.96000E-01 -0.45712E-01 -0.50288E-01  0.00000E+00  0.00000E+00  0.00000E+00    0.14541E+03  0.00000E+00  0.00000E+00 -0.16203E+00  0.36096E+00  0.34694E+00
  0.96998E-01  0.14580E+03    0.97000E-01 -0.46187E-01 -0.50813E-01  0.00000E+00  0.00000E+00  0.00000E+00    0.14580E+03  0.00000E+00  0.00000E+00 -0.16009E+00  0.36414E+00  0.34782E+00
  0.97998E-01  0.14619E+03    0.98000E-01 -0.46662E-01 -0.51338E-01  0.00000E+00  0.00000E+00  0.00000E+00    0.14618E+03  0.00000E+00  0.00000E+00 -0.15815E+00  0.36734E+00  0.34871E+00
  0.98998E-01  0.14657E+03    0.99000E-01 -0.47136E-01 -0.51864E-01  0.00000E+00  0.00000E+00  0.00000E+00    0.14657E+03  0.00000E+00  0.00000E+00 -0.15618E+00  0.37056E+00  0.34962E+00
  0.99998E-01  0.14695E+03    0.10000E+00 -0.47611E-01 -0.52389E-01  0.00000E+00  0.00000E+00  0.00000E+00    0.14695E+03  0.00000E+00  0.00000E+00 -0.15420E+00  0.37381E+00  0.35055E+00
