          Evm          Svm            E11          E22          E33          E23          E13          E12         SCAU11       SCAU22       SCAU33       SCAU23       SCAU13       SCAU12      TEMP
  0.00000E+00  0.94921E+02    0.00000E+00  0.00000E+00  0.00000E+00  0.00000E+00  0.00000E+00  0.00000E+00    0.94919E+02  0.00000E+00  0.00000E+00 -0.22015E+00  0.13649E+00  0.26228E+00
  0.99998E-03  0.95553E+02    0.10000E-02 -0.47967E-03 -0.52033E-03  0.00000E+00  0.00000E+00  0.00000E+00    0.95551E+02  0.00000E+00  0.00000E+00 -0.22513E+00  0.13979E+00  0.26580E+00
  0.20000E-02  0.96149E+02    0.20000E-02 -0.95784E-03 -0.10422E-02  0.00000E+00  0.00000E+00  0.00000E+00    0.96146E+02  0.00000E+00  0.00000E+00 -0.22552E+00  0.14095E+00  0.26815E+00
  0.29999E-02  0.96807E+02    0.30000E-02 -0.14356E-02 -0.15644E-02  0.00000E+00  0.00000E+00  0.00000E+00    0.96804E+02  0.00000E+00  0.00000E+00 -0.22676E+00  0.14223E+00  0.26978E+00
  0.39999E-02  0.97463E+02    0.40000E-02 -0.19132E-02 -0.20868E-02  0.00000E+00  0.00000E+00  0.00000E+00    0.97460E+02  0.00000E+00  0.00000E+00 -0.22783E+00  0.14352E+00  0.27113E+00
  0.49999E-02  0.98103E+02    0.50000E-02 -0.23906E-02 -0.26094E-02  0.00000E+00  0.00000E+00  0.00000E+00    0.98101E+02  0.00000E+00  0.00000E+00 -0.22670E+00  0.14577E+00  0.27239E+00
  0.59999E-02  0.98759E+02    0.60000E-02 -0.28678E-02 -0.31322E-02  0.00000E+00  0.00000E+00  0.00000E+00    0.98757E+02  0.00000E+00  0.00000E+00 -0.22768E+00  0.14728E+00  0.27360E+00
  0.69998E-02  0.99403E+02    0.70000E-02 -0.33451E-02 -0.36549E-02  0.00000E+00  0.00000E+00  0.00000E+00    0.99401E+02  0.00000E+00  0.00000E+00 -0.22861E+00  0.14869E+00  0.27472E+00
  0.79998E-02  0.10004E+03    0.80000E-02 -0.38222E-02 -0.41778E-02  0.00000E+00  0.00000E+00  0.00000E+00    0.10004E+03  0.00000E+00  0.00000E+00 -0.22948E+00  0.15011E+00  0.27581E+00
  0.89998E-02  0.10068E+03    0.90000E-02 -0.42994E-02 -0.47006E-02  0.00000E+00  0.00000E+00  0.00000E+00    0.10068E+03  0.00000E+00  0.00000E+00 -0.23029E+00  0.15156E+00  0.27688E+00
  0.99998E-02  0.10131E+03    0.10000E-01 -0.47764E-02 -0.52236E-02  0.00000E+00  0.00000E+00  0.00000E+00    0.10131E+03  0.00000E+00  0.00000E+00 -0.23107E+00  0.15303E+00  0.27792E+00
  0.11000E-01  0.10194E+03    0.11000E-01 -0.52535E-02 -0.57465E-02  0.00000E+00  0.00000E+00  0.00000E+00    0.10194E+03  0.00000E+00  0.00000E+00 -0.23179E+00  0.15453E+00  0.27893E+00
  0.12000E-01  0.10256E+03    0.12000E-01 -0.57305E-02 -0.62695E-02  0.00000E+00  0.00000E+00  0.00000E+00    0.10256E+03  0.00000E+00  0.00000E+00 -0.23247E+00  0.15606E+00  0.27993E+00
  0.13000E-01  0.10318E+03    0.13000E-01 -0.62075E-02 -0.67925E-02  0.00000E+00  0.00000E+00  0.00000E+00    0.10318E+03  0.00000E+00  0.00000E+00 -0.23310E+00  0.15761E+00  0.28092E+00
  0.14000E-01  0.10380E+03    0.14000E-01 -0.66845E-02 -0.73155E-02  0.00000E+00  0.00000E+00  0.00000E+00    0.10380E+03  0.00000E+00  0.00000E+00 -0.23369E+00  0.15918E+00  0.28189E+00
  0.15000E-01  0.10441E+03    0.15000E-01 -0.71615E-02 -0.78385E-02  0.00000E+00  0.00000E+00  0.00000E+00    0.10441E+03  0.00000E+00  0.00000E+00 -0.23423E+00  0.16078E+00  0.28284E+00
  0.16000E-01  0.10502E+03    0.16000E-01 -0.76384E-02 -0.83616E-02  0.00000E+00  0.00000E+00  0.00000E+00    0.10502E+03  0.00000E+00  0.00000E+00 -0.23472E+00  0.16240E+00  0.28378E+00
  0.17000E-01  0.10563E+03    0.17000E-01 -0.81153E-02 -0.88847E-02  0.00000E+00  0.00000E+00  0.00000E+00    0.10562E+03  0.00000E+00  0.00000E+00 -0.23517E+00  0.16405E+00  0.28471E+00
  0.18000E-01  0.10623E+03    0.18000E-01 -0.85922E-02 -0.94078E-02  0.00000E+00  0.00000E+00  0.00000E+00    0.10623E+03  0.00000E+00  0.00000E+00 -0.23558E+00  0.16572E+00  0.28563E+00
  0.19000E-01  0.10683E+03    0.19000E-01 -0.90691E-02 -0.99309E-02  0.00000E+00  0.00000E+00  0.00000E+00    0.10682E+03  0.00000E+00  0.00000E+00 -0.23594E+00  0.16741E+00  0.28653E+00
  0.20000E-01  0.10742E+03    0.20000E-01 -0.95459E-02 -0.10454E-01  0.00000E+00  0.00000E+00  0.00000E+00    0.10742E+03  0.00000E+00  0.00000E+00 -0.23626E+00  0.16913E+00  0.28742E+00
  0.21000E-01  0.10801E+03    0.21000E-01 -0.10023E-01 -0.10977E-01  0.00000E+00  0.00000E+00  0.00000E+00    0.10801E+03  0.00000E+00  0.00000E+00 -0.23654E+00  0.17087E+00  0.28831E+00
  0.22000E-01  0.10860E+03    0.22000E-01 -0.10500E-01 -0.11500E-01  0.00000E+00  0.00000E+00  0.00000E+00    0.10860E+03  0.00000E+00  0.00000E+00 -0.23678E+00  0.17263E+00  0.28918E+00
  0.22999E-01  0.10918E+03    0.23000E-01 -0.10976E-01 -0.12024E-01  0.00000E+00  0.00000E+00  0.00000E+00    0.10918E+03  0.00000E+00  0.00000E+00 -0.23697E+00  0.17442E+00  0.29004E+00
  0.23999E-01  0.10976E+03    0.24000E-01 -0.11453E-01 -0.12547E-01  0.00000E+00  0.00000E+00  0.00000E+00    0.10976E+03  0.00000E+00  0.00000E+00 -0.23712E+00  0.17623E+00  0.29089E+00
  0.24999E-01  0.11034E+03    0.25000E-01 -0.11930E-01 -0.13070E-01  0.00000E+00  0.00000E+00  0.00000E+00    0.11034E+03  0.00000E+00  0.00000E+00 -0.23723E+00  0.17806E+00  0.29172E+00
  0.25999E-01  0.11091E+03    0.26000E-01 -0.12406E-01 -0.13594E-01  0.00000E+00  0.00000E+00  0.00000E+00    0.11091E+03  0.00000E+00  0.00000E+00 -0.23730E+00  0.17992E+00  0.29256E+00
  0.26999E-01  0.11148E+03    0.27000E-01 -0.12883E-01 -0.14117E-01  0.00000E+00  0.00000E+00  0.00000E+00    0.11148E+03  0.00000E+00  0.00000E+00 -0.23732E+00  0.18180E+00  0.29338E+00
  0.27999E-01  0.11205E+03    0.28000E-01 -0.13360E-01 -0.14640E-01  0.00000E+00  0.00000E+00  0.00000E+00    0.11205E+03  0.00000E+00  0.00000E+00 -0.23731E+00  0.18370E+00  0.29419E+00
  0.28999E-01  0.11261E+03    0.29000E-01 -0.13836E-01 -0.15164E-01  0.00000E+00  0.00000E+00  0.00000E+00    0.11261E+03  0.00000E+00  0.00000E+00 -0.23726E+00  0.18562E+00  0.29499E+00
  0.29999E-01  0.11317E+03    0.30000E-01 -0.14313E-01 -0.15687E-01  0.00000E+00  0.00000E+00  0.00000E+00    0.11317E+03  0.00000E+00  0.00000E+00 -0.23717E+00  0.18756E+00  0.29579E+00
  0.30999E-01  0.11373E+03    0.31000E-01 -0.14790E-01 -0.16210E-01  0.00000E+00  0.00000E+00  0.00000E+00    0.11373E+03  0.00000E+00  0.00000E+00 -0.23704E+00  0.18953E+00  0.29658E+00
  0.31999E-01  0.11429E+03    0.32000E-01 -0.15266E-01 -0.16734E-01  0.00000E+00  0.00000E+00  0.00000E+00    0.11428E+03  0.00000E+00  0.00000E+00 -0.23687E+00  0.19152E+00  0.29735E+00
  0.32999E-01  0.11484E+03    0.33000E-01 -0.15743E-01 -0.17257E-01  0.00000E+00  0.00000E+00  0.00000E+00    0.11483E+03  0.00000E+00  0.00000E+00 -0.23667E+00  0.19353E+00  0.29813E+00
  0.33999E-01  0.11538E+03    0.34000E-01 -0.16219E-01 -0.17781E-01  0.00000E+00  0.00000E+00  0.00000E+00    0.11538E+03  0.00000E+00  0.00000E+00 -0.23642E+00  0.19556E+00  0.29889E+00
  0.34999E-01  0.11593E+03    0.35000E-01 -0.16696E-01 -0.18304E-01  0.00000E+00  0.00000E+00  0.00000E+00    0.11592E+03  0.00000E+00  0.00000E+00 -0.23615E+00  0.19761E+00  0.29965E+00
  0.35999E-01  0.11647E+03    0.36000E-01 -0.17172E-01 -0.18828E-01  0.00000E+00  0.00000E+00  0.00000E+00    0.11646E+03  0.00000E+00  0.00000E+00 -0.23583E+00  0.19968E+00  0.30040E+00
  0.36999E-01  0.11700E+03    0.37000E-01 -0.17649E-01 -0.19351E-01  0.00000E+00  0.00000E+00  0.00000E+00    0.11700E+03  0.00000E+00  0.00000E+00 -0.23548E+00  0.20177E+00  0.30114E+00
  0.37999E-01  0.11754E+03    0.38000E-01 -0.18125E-01 -0.19875E-01  0.00000E+00  0.00000E+00  0.00000E+00    0.11754E+03  0.00000E+00  0.00000E+00 -0.23509E+00  0.20388E+00  0.30188E+00
  0.38999E-01  0.11807E+03    0.39000E-01 -0.18601E-01 -0.20399E-01  0.00000E+00  0.00000E+00  0.00000E+00    0.11807E+03  0.00000E+00  0.00000E+00 -0.23467E+00  0.20601E+00  0.30261E+00
  0.39999E-01  0.11860E+03    0.40000E-01 -0.19078E-01 -0.20922E-01  0.00000E+00  0.00000E+00  0.00000E+00    0.11860E+03  0.00000E+00  0.00000E+00 -0.23421E+00  0.20816E+00  0.30333E+00
  0.40999E-01  0.11912E+03    0.41000E-01 -0.19554E-01 -0.21446E-01  0.00000E+00  0.00000E+00  0.00000E+00    0.11912E+03  0.00000E+00  0.00000E+00 -0.23372E+00  0.21033E+00  0.30405E+00
  0.41999E-01  0.11965E+03    0.42000E-01 -0.20030E-01 -0.21970E-01  0.00000E+00  0.00000E+00  0.00000E+00    0.11964E+03  0.00000E+00  0.00000E+00 -0.23319E+00  0.21253E+00  0.30477E+00
  0.42999E-01  0.12013E+03    0.43000E-01 -0.20507E-01 -0.22493E-01  0.00000E+00  0.00000E+00  0.00000E+00    0.12012E+03  0.00000E+00  0.00000E+00 -0.23604E+00  0.21299E+00  0.30548E+00
  0.43999E-01  0.12068E+03    0.44000E-01 -0.20983E-01 -0.23017E-01  0.00000E+00  0.00000E+00  0.00000E+00    0.12067E+03  0.00000E+00  0.00000E+00 -0.23227E+00  0.21680E+00  0.30614E+00
  0.44999E-01  0.12116E+03    0.45000E-01 -0.21459E-01 -0.23541E-01  0.00000E+00  0.00000E+00  0.00000E+00    0.12115E+03  0.00000E+00  0.00000E+00 -0.23484E+00  0.21741E+00  0.30690E+00
  0.45999E-01  0.12167E+03    0.46000E-01 -0.21935E-01 -0.24065E-01  0.00000E+00  0.00000E+00  0.00000E+00    0.12166E+03  0.00000E+00  0.00000E+00 -0.23427E+00  0.21956E+00  0.30760E+00
  0.46999E-01  0.12217E+03    0.47000E-01 -0.22412E-01 -0.24588E-01  0.00000E+00  0.00000E+00  0.00000E+00    0.12217E+03  0.00000E+00  0.00000E+00 -0.23359E+00  0.22182E+00  0.30830E+00
  0.47999E-01  0.12268E+03    0.48000E-01 -0.22888E-01 -0.25112E-01  0.00000E+00  0.00000E+00  0.00000E+00    0.12268E+03  0.00000E+00  0.00000E+00 -0.23287E+00  0.22410E+00  0.30899E+00
  0.48999E-01  0.12318E+03    0.49000E-01 -0.23364E-01 -0.25636E-01  0.00000E+00  0.00000E+00  0.00000E+00    0.12318E+03  0.00000E+00  0.00000E+00 -0.23212E+00  0.22639E+00  0.30968E+00
  0.49999E-01  0.12368E+03    0.50000E-01 -0.23840E-01 -0.26160E-01  0.00000E+00  0.00000E+00  0.00000E+00    0.12368E+03  0.00000E+00  0.00000E+00 -0.23135E+00  0.22870E+00  0.31037E+00
  0.50999E-01  0.12418E+03    0.51000E-01 -0.24316E-01 -0.26684E-01  0.00000E+00  0.00000E+00  0.00000E+00    0.12417E+03  0.00000E+00  0.00000E+00 -0.23053E+00  0.23103E+00  0.31105E+00
  0.51999E-01  0.12467E+03    0.52000E-01 -0.24792E-01 -0.27208E-01  0.00000E+00  0.00000E+00  0.00000E+00    0.12467E+03  0.00000E+00  0.00000E+00 -0.22969E+00  0.23338E+00  0.31174E+00
  0.52999E-01  0.12518E+03    0.53000E-01 -0.25268E-01 -0.27732E-01  0.00000E+00  0.00000E+00  0.00000E+00    0.12518E+03  0.00000E+00  0.00000E+00 -0.22559E+00  0.23753E+00  0.31228E+00
  0.53999E-01  0.12565E+03    0.54000E-01 -0.25744E-01 -0.28256E-01  0.00000E+00  0.00000E+00  0.00000E+00    0.12564E+03  0.00000E+00  0.00000E+00 -0.22786E+00  0.23822E+00  0.31309E+00
  0.54999E-01  0.12615E+03    0.55000E-01 -0.26220E-01 -0.28780E-01  0.00000E+00  0.00000E+00  0.00000E+00    0.12615E+03  0.00000E+00  0.00000E+00 -0.22377E+00  0.24235E+00  0.31362E+00
  0.55999E-01  0.12661E+03    0.56000E-01 -0.26696E-01 -0.29304E-01  0.00000E+00  0.00000E+00  0.00000E+00    0.12661E+03  0.00000E+00  0.00000E+00 -0.22597E+00  0.24304E+00  0.31445E+00
  0.56999E-01  0.12712E+03    0.57000E-01 -0.27172E-01 -0.29828E-01  0.00000E+00  0.00000E+00  0.00000E+00    0.12711E+03  0.00000E+00  0.00000E+00 -0.22182E+00  0.24724E+00  0.31495E+00
  0.57999E-01  0.12757E+03    0.58000E-01 -0.27648E-01 -0.30352E-01  0.00000E+00  0.00000E+00  0.00000E+00    0.12757E+03  0.00000E+00  0.00000E+00 -0.22396E+00  0.24793E+00  0.31578E+00
  0.58999E-01  0.12803E+03    0.59000E-01 -0.28124E-01 -0.30876E-01  0.00000E+00  0.00000E+00  0.00000E+00    0.12803E+03  0.00000E+00  0.00000E+00 -0.22337E+00  0.25013E+00  0.31643E+00
  0.59999E-01  0.12852E+03    0.60000E-01 -0.28600E-01 -0.31400E-01  0.00000E+00  0.00000E+00  0.00000E+00    0.12852E+03  0.00000E+00  0.00000E+00 -0.22193E+00  0.25278E+00  0.31712E+00
  0.60999E-01  0.12898E+03    0.61000E-01 -0.29075E-01 -0.31925E-01  0.00000E+00  0.00000E+00  0.00000E+00    0.12897E+03  0.00000E+00  0.00000E+00 -0.22120E+00  0.25511E+00  0.31776E+00
  0.61999E-01  0.12946E+03    0.62000E-01 -0.29551E-01 -0.32449E-01  0.00000E+00  0.00000E+00  0.00000E+00    0.12945E+03  0.00000E+00  0.00000E+00 -0.21970E+00  0.25780E+00  0.31845E+00
  0.62999E-01  0.12991E+03    0.63000E-01 -0.30027E-01 -0.32973E-01  0.00000E+00  0.00000E+00  0.00000E+00    0.12990E+03  0.00000E+00  0.00000E+00 -0.21892E+00  0.26016E+00  0.31910E+00
  0.63999E-01  0.13038E+03    0.64000E-01 -0.30503E-01 -0.33497E-01  0.00000E+00  0.00000E+00  0.00000E+00    0.13038E+03  0.00000E+00  0.00000E+00 -0.21737E+00  0.26288E+00  0.31978E+00
  0.64999E-01  0.13083E+03    0.65000E-01 -0.30978E-01 -0.34022E-01  0.00000E+00  0.00000E+00  0.00000E+00    0.13082E+03  0.00000E+00  0.00000E+00 -0.21653E+00  0.26527E+00  0.32043E+00
  0.65999E-01  0.13130E+03    0.66000E-01 -0.31454E-01 -0.34546E-01  0.00000E+00  0.00000E+00  0.00000E+00    0.13129E+03  0.00000E+00  0.00000E+00 -0.21492E+00  0.26803E+00  0.32111E+00
  0.66999E-01  0.13174E+03    0.67000E-01 -0.31930E-01 -0.35070E-01  0.00000E+00  0.00000E+00  0.00000E+00    0.13173E+03  0.00000E+00  0.00000E+00 -0.21404E+00  0.27046E+00  0.32177E+00
  0.67999E-01  0.13219E+03    0.68000E-01 -0.32405E-01 -0.35595E-01  0.00000E+00  0.00000E+00  0.00000E+00    0.13218E+03  0.00000E+00  0.00000E+00 -0.21283E+00  0.27304E+00  0.32244E+00
  0.68999E-01  0.13265E+03    0.69000E-01 -0.32881E-01 -0.36119E-01  0.00000E+00  0.00000E+00  0.00000E+00    0.13265E+03  0.00000E+00  0.00000E+00 -0.21108E+00  0.27588E+00  0.32312E+00
  0.69999E-01  0.13309E+03    0.70000E-01 -0.33357E-01 -0.36643E-01  0.00000E+00  0.00000E+00  0.00000E+00    0.13308E+03  0.00000E+00  0.00000E+00 -0.21011E+00  0.27835E+00  0.32379E+00
  0.70999E-01  0.13353E+03    0.71000E-01 -0.33832E-01 -0.37168E-01  0.00000E+00  0.00000E+00  0.00000E+00    0.13353E+03  0.00000E+00  0.00000E+00 -0.20882E+00  0.28098E+00  0.32446E+00
  0.71999E-01  0.13397E+03    0.72000E-01 -0.34308E-01 -0.37692E-01  0.00000E+00  0.00000E+00  0.00000E+00    0.13397E+03  0.00000E+00  0.00000E+00 -0.20745E+00  0.28366E+00  0.32514E+00
  0.72998E-01  0.13441E+03    0.73000E-01 -0.34783E-01 -0.38217E-01  0.00000E+00  0.00000E+00  0.00000E+00    0.13441E+03  0.00000E+00  0.00000E+00 -0.20604E+00  0.28635E+00  0.32582E+00
  0.73998E-01  0.13485E+03    0.74000E-01 -0.35259E-01 -0.38741E-01  0.00000E+00  0.00000E+00  0.00000E+00    0.13484E+03  0.00000E+00  0.00000E+00 -0.20461E+00  0.28906E+00  0.32651E+00
  0.74998E-01  0.13528E+03    0.75000E-01 -0.35734E-01 -0.39266E-01  0.00000E+00  0.00000E+00  0.00000E+00    0.13528E+03  0.00000E+00  0.00000E+00 -0.20315E+00  0.29179E+00  0.32720E+00
  0.75998E-01  0.13571E+03    0.76000E-01 -0.36209E-01 -0.39791E-01  0.00000E+00  0.00000E+00  0.00000E+00    0.13571E+03  0.00000E+00  0.00000E+00 -0.20167E+00  0.29453E+00  0.32789E+00
  0.76998E-01  0.13614E+03    0.77000E-01 -0.36685E-01 -0.40315E-01  0.00000E+00  0.00000E+00  0.00000E+00    0.13614E+03  0.00000E+00  0.00000E+00 -0.20017E+00  0.29729E+00  0.32858E+00
  0.77998E-01  0.13657E+03    0.78000E-01 -0.37160E-01 -0.40840E-01  0.00000E+00  0.00000E+00  0.00000E+00    0.13657E+03  0.00000E+00  0.00000E+00 -0.19865E+00  0.30007E+00  0.32929E+00
  0.78998E-01  0.13700E+03    0.79000E-01 -0.37636E-01 -0.41364E-01  0.00000E+00  0.00000E+00  0.00000E+00    0.13700E+03  0.00000E+00  0.00000E+00 -0.19710E+00  0.30287E+00  0.33000E+00
  0.79998E-01  0.13742E+03    0.80000E-01 -0.38111E-01 -0.41889E-01  0.00000E+00  0.00000E+00  0.00000E+00    0.13742E+03  0.00000E+00  0.00000E+00 -0.19553E+00  0.30568E+00  0.33071E+00
  0.80998E-01  0.13784E+03    0.81000E-01 -0.38586E-01 -0.42414E-01  0.00000E+00  0.00000E+00  0.00000E+00    0.13784E+03  0.00000E+00  0.00000E+00 -0.19394E+00  0.30851E+00  0.33143E+00
  0.81998E-01  0.13826E+03    0.82000E-01 -0.39061E-01 -0.42939E-01  0.00000E+00  0.00000E+00  0.00000E+00    0.13826E+03  0.00000E+00  0.00000E+00 -0.19232E+00  0.31136E+00  0.33216E+00
  0.82998E-01  0.13868E+03    0.83000E-01 -0.39537E-01 -0.43463E-01  0.00000E+00  0.00000E+00  0.00000E+00    0.13868E+03  0.00000E+00  0.00000E+00 -0.18307E+00  0.31779E+00  0.33293E+00
  0.83998E-01  0.13907E+03    0.84000E-01 -0.40012E-01 -0.43988E-01  0.00000E+00  0.00000E+00  0.00000E+00    0.13907E+03  0.00000E+00  0.00000E+00 -0.18341E+00  0.32023E+00  0.33378E+00
  0.84998E-01  0.13947E+03    0.85000E-01 -0.40487E-01 -0.44513E-01  0.00000E+00  0.00000E+00  0.00000E+00    0.13947E+03  0.00000E+00  0.00000E+00 -0.18142E+00  0.32324E+00  0.33455E+00
  0.85998E-01  0.13988E+03    0.86000E-01 -0.40962E-01 -0.45038E-01  0.00000E+00  0.00000E+00  0.00000E+00    0.13988E+03  0.00000E+00  0.00000E+00 -0.17972E+00  0.32619E+00  0.33532E+00
  0.86998E-01  0.14029E+03    0.87000E-01 -0.41437E-01 -0.45563E-01  0.00000E+00  0.00000E+00  0.00000E+00    0.14029E+03  0.00000E+00  0.00000E+00 -0.17800E+00  0.32915E+00  0.33610E+00
  0.87998E-01  0.14070E+03    0.88000E-01 -0.41912E-01 -0.46088E-01  0.00000E+00  0.00000E+00  0.00000E+00    0.14070E+03  0.00000E+00  0.00000E+00 -0.17626E+00  0.33213E+00  0.33688E+00
  0.88998E-01  0.14116E+03    0.89000E-01 -0.42387E-01 -0.46613E-01  0.00000E+00  0.00000E+00  0.00000E+00    0.14115E+03  0.00000E+00  0.00000E+00 -0.17276E+00  0.33586E+00  0.33757E+00
  0.89998E-01  0.14157E+03    0.90000E-01 -0.42862E-01 -0.47138E-01  0.00000E+00  0.00000E+00  0.00000E+00    0.14157E+03  0.00000E+00  0.00000E+00 -0.17142E+00  0.33877E+00  0.33834E+00
  0.90998E-01  0.14197E+03    0.91000E-01 -0.43337E-01 -0.47663E-01  0.00000E+00  0.00000E+00  0.00000E+00    0.14196E+03  0.00000E+00  0.00000E+00 -0.16963E+00  0.34181E+00  0.33914E+00
  0.91998E-01  0.14237E+03    0.92000E-01 -0.43812E-01 -0.48188E-01  0.00000E+00  0.00000E+00  0.00000E+00    0.14236E+03  0.00000E+00  0.00000E+00 -0.16780E+00  0.34488E+00  0.33996E+00
  0.92998E-01  0.14276E+03    0.93000E-01 -0.44287E-01 -0.48713E-01  0.00000E+00  0.00000E+00  0.00000E+00    0.14276E+03  0.00000E+00  0.00000E+00 -0.16596E+00  0.34796E+00  0.34080E+00
  0.93998E-01  0.14316E+03    0.94000E-01 -0.44762E-01 -0.49238E-01  0.00000E+00  0.00000E+00  0.00000E+00    0.14315E+03  0.00000E+00  0.00000E+00 -0.16411E+00  0.35106E+00  0.34164E+00
  0.94998E-01  0.14355E+03    0.95000E-01 -0.45237E-01 -0.49763E-01  0.00000E+00  0.00000E+00  0.00000E+00    0.14354E+03  0.00000E+00  0.00000E+00 -0.16224E+00  0.35418E+00  0.34249E+00
  0.95998E-01  0.14394E+03    0.96000E-01 -0.45712E-01 -0.50288E-01  0.00000E+00  0.00000E+00  0.00000E+00    0.14393E+03  0.00000E+00  0.00000E+00 -0.16035E+00  0.35732E+00  0.34336E+00
  0.96998E-01  0.14433E+03    0.97000E-01 -0.46187E-01 -0.50813E-01  0.00000E+00  0.00000E+00  0.00000E+00    0.14432E+03  0.00000E+00  0.00000E+00 -0.15844E+00  0.36048E+00  0.34424E+00
  0.97998E-01  0.14471E+03    0.98000E-01 -0.46662E-01 -0.51338E-01  0.00000E+00  0.00000E+00  0.00000E+00    0.14471E+03  0.00000E+00  0.00000E+00 -0.15651E+00  0.36366E+00  0.34514E+00
  0.98998E-01  0.14510E+03    0.99000E-01 -0.47137E-01 -0.51863E-01  0.00000E+00  0.00000E+00  0.00000E+00    0.14509E+03  0.00000E+00  0.00000E+00 -0.15457E+00  0.36686E+00  0.34605E+00
  0.99998E-01  0.14548E+03    0.10000E+00 -0.47611E-01 -0.52389E-01  0.00000E+00  0.00000E+00  0.00000E+00    0.14548E+03  0.00000E+00  0.00000E+00 -0.15261E+00  0.37008E+00  0.34697E+00
