          Evm          Svm            E11          E22          E33          E23          E13          E12         SCAU11       SCAU22       SCAU33       SCAU23       SCAU13       SCAU12      TEMP
  0.00000E+00  0.98812E+02    0.00000E+00  0.00000E+00  0.00000E+00  0.00000E+00  0.00000E+00  0.00000E+00    0.98810E+02  0.00000E+00  0.00000E+00 -0.22917E+00  0.14208E+00  0.27303E+00
  0.99998E-03  0.99317E+02    0.10000E-02 -0.47967E-03 -0.52033E-03  0.00000E+00  0.00000E+00  0.00000E+00    0.99314E+02  0.00000E+00  0.00000E+00 -0.23319E+00  0.14684E+00  0.27570E+00
  0.20000E-02  0.99904E+02    0.20000E-02 -0.95794E-03 -0.10421E-02  0.00000E+00  0.00000E+00  0.00000E+00    0.99901E+02  0.00000E+00  0.00000E+00 -0.23397E+00  0.14652E+00  0.27860E+00
  0.29999E-02  0.10048E+03    0.30000E-02 -0.14358E-02 -0.15642E-02  0.00000E+00  0.00000E+00  0.00000E+00    0.10048E+03  0.00000E+00  0.00000E+00 -0.23297E+00  0.14855E+00  0.27987E+00
  0.39999E-02  0.10108E+03    0.40000E-02 -0.19134E-02 -0.20866E-02  0.00000E+00  0.00000E+00  0.00000E+00    0.10107E+03  0.00000E+00  0.00000E+00 -0.23384E+00  0.14990E+00  0.28118E+00
  0.49999E-02  0.10166E+03    0.50000E-02 -0.23909E-02 -0.26091E-02  0.00000E+00  0.00000E+00  0.00000E+00    0.10165E+03  0.00000E+00  0.00000E+00 -0.23464E+00  0.15118E+00  0.28225E+00
  0.59999E-02  0.10223E+03    0.60000E-02 -0.28683E-02 -0.31317E-02  0.00000E+00  0.00000E+00  0.00000E+00    0.10223E+03  0.00000E+00  0.00000E+00 -0.23537E+00  0.15248E+00  0.28325E+00
  0.69998E-02  0.10281E+03    0.70000E-02 -0.33455E-02 -0.36545E-02  0.00000E+00  0.00000E+00  0.00000E+00    0.10281E+03  0.00000E+00  0.00000E+00 -0.23607E+00  0.15380E+00  0.28420E+00
  0.79998E-02  0.10338E+03    0.80000E-02 -0.38227E-02 -0.41773E-02  0.00000E+00  0.00000E+00  0.00000E+00    0.10338E+03  0.00000E+00  0.00000E+00 -0.23672E+00  0.15516E+00  0.28511E+00
  0.89998E-02  0.10395E+03    0.90000E-02 -0.42999E-02 -0.47001E-02  0.00000E+00  0.00000E+00  0.00000E+00    0.10394E+03  0.00000E+00  0.00000E+00 -0.23733E+00  0.15654E+00  0.28599E+00
  0.99998E-02  0.10451E+03    0.10000E-01 -0.47770E-02 -0.52230E-02  0.00000E+00  0.00000E+00  0.00000E+00    0.10451E+03  0.00000E+00  0.00000E+00 -0.23790E+00  0.15795E+00  0.28685E+00
  0.11000E-01  0.10507E+03    0.11000E-01 -0.52541E-02 -0.57459E-02  0.00000E+00  0.00000E+00  0.00000E+00    0.10507E+03  0.00000E+00  0.00000E+00 -0.23842E+00  0.15938E+00  0.28769E+00
  0.12000E-01  0.10563E+03    0.12000E-01 -0.57311E-02 -0.62689E-02  0.00000E+00  0.00000E+00  0.00000E+00    0.10562E+03  0.00000E+00  0.00000E+00 -0.23889E+00  0.16084E+00  0.28851E+00
  0.13000E-01  0.10618E+03    0.13000E-01 -0.62081E-02 -0.67919E-02  0.00000E+00  0.00000E+00  0.00000E+00    0.10618E+03  0.00000E+00  0.00000E+00 -0.23933E+00  0.16232E+00  0.28931E+00
  0.14000E-01  0.10673E+03    0.14000E-01 -0.66851E-02 -0.73149E-02  0.00000E+00  0.00000E+00  0.00000E+00    0.10673E+03  0.00000E+00  0.00000E+00 -0.23972E+00  0.16383E+00  0.29010E+00
  0.15000E-01  0.10728E+03    0.15000E-01 -0.71621E-02 -0.78379E-02  0.00000E+00  0.00000E+00  0.00000E+00    0.10727E+03  0.00000E+00  0.00000E+00 -0.24007E+00  0.16536E+00  0.29087E+00
  0.16000E-01  0.10782E+03    0.16000E-01 -0.76390E-02 -0.83610E-02  0.00000E+00  0.00000E+00  0.00000E+00    0.10782E+03  0.00000E+00  0.00000E+00 -0.24037E+00  0.16691E+00  0.29163E+00
  0.17000E-01  0.10836E+03    0.17000E-01 -0.81159E-02 -0.88841E-02  0.00000E+00  0.00000E+00  0.00000E+00    0.10836E+03  0.00000E+00  0.00000E+00 -0.24064E+00  0.16849E+00  0.29238E+00
  0.18000E-01  0.10890E+03    0.18000E-01 -0.85928E-02 -0.94072E-02  0.00000E+00  0.00000E+00  0.00000E+00    0.10889E+03  0.00000E+00  0.00000E+00 -0.24086E+00  0.17009E+00  0.29312E+00
  0.19000E-01  0.10943E+03    0.19000E-01 -0.90696E-02 -0.99304E-02  0.00000E+00  0.00000E+00  0.00000E+00    0.10943E+03  0.00000E+00  0.00000E+00 -0.24104E+00  0.17171E+00  0.29385E+00
  0.20000E-01  0.10996E+03    0.20000E-01 -0.95465E-02 -0.10454E-01  0.00000E+00  0.00000E+00  0.00000E+00    0.10996E+03  0.00000E+00  0.00000E+00 -0.24118E+00  0.17335E+00  0.29457E+00
  0.21000E-01  0.11049E+03    0.21000E-01 -0.10023E-01 -0.10977E-01  0.00000E+00  0.00000E+00  0.00000E+00    0.11049E+03  0.00000E+00  0.00000E+00 -0.24128E+00  0.17502E+00  0.29528E+00
  0.22000E-01  0.11101E+03    0.22000E-01 -0.10500E-01 -0.11500E-01  0.00000E+00  0.00000E+00  0.00000E+00    0.11101E+03  0.00000E+00  0.00000E+00 -0.24134E+00  0.17671E+00  0.29598E+00
  0.22999E-01  0.11153E+03    0.23000E-01 -0.10977E-01 -0.12023E-01  0.00000E+00  0.00000E+00  0.00000E+00    0.11153E+03  0.00000E+00  0.00000E+00 -0.24136E+00  0.17842E+00  0.29667E+00
  0.23999E-01  0.11205E+03    0.24000E-01 -0.11454E-01 -0.12546E-01  0.00000E+00  0.00000E+00  0.00000E+00    0.11205E+03  0.00000E+00  0.00000E+00 -0.24134E+00  0.18016E+00  0.29735E+00
  0.24999E-01  0.11257E+03    0.25000E-01 -0.11930E-01 -0.13070E-01  0.00000E+00  0.00000E+00  0.00000E+00    0.11256E+03  0.00000E+00  0.00000E+00 -0.24129E+00  0.18192E+00  0.29802E+00
  0.25999E-01  0.11308E+03    0.26000E-01 -0.12407E-01 -0.13593E-01  0.00000E+00  0.00000E+00  0.00000E+00    0.11308E+03  0.00000E+00  0.00000E+00 -0.24119E+00  0.18369E+00  0.29869E+00
  0.26999E-01  0.11359E+03    0.27000E-01 -0.12884E-01 -0.14116E-01  0.00000E+00  0.00000E+00  0.00000E+00    0.11358E+03  0.00000E+00  0.00000E+00 -0.24106E+00  0.18549E+00  0.29934E+00
  0.27999E-01  0.11409E+03    0.28000E-01 -0.13360E-01 -0.14640E-01  0.00000E+00  0.00000E+00  0.00000E+00    0.11409E+03  0.00000E+00  0.00000E+00 -0.24089E+00  0.18731E+00  0.29999E+00
  0.28999E-01  0.11455E+03    0.29000E-01 -0.13837E-01 -0.15163E-01  0.00000E+00  0.00000E+00  0.00000E+00    0.11455E+03  0.00000E+00  0.00000E+00 -0.24368E+00  0.18778E+00  0.30059E+00
  0.29999E-01  0.11509E+03    0.30000E-01 -0.14314E-01 -0.15686E-01  0.00000E+00  0.00000E+00  0.00000E+00    0.11509E+03  0.00000E+00  0.00000E+00 -0.24063E+00  0.19090E+00  0.30123E+00
  0.30999E-01  0.11555E+03    0.31000E-01 -0.14790E-01 -0.16210E-01  0.00000E+00  0.00000E+00  0.00000E+00    0.11555E+03  0.00000E+00  0.00000E+00 -0.24319E+00  0.19148E+00  0.30186E+00
  0.31999E-01  0.11608E+03    0.32000E-01 -0.15267E-01 -0.16733E-01  0.00000E+00  0.00000E+00  0.00000E+00    0.11608E+03  0.00000E+00  0.00000E+00 -0.24005E+00  0.19468E+00  0.30247E+00
  0.32999E-01  0.11653E+03    0.33000E-01 -0.15743E-01 -0.17257E-01  0.00000E+00  0.00000E+00  0.00000E+00    0.11653E+03  0.00000E+00  0.00000E+00 -0.24254E+00  0.19528E+00  0.30311E+00
  0.33999E-01  0.11705E+03    0.34000E-01 -0.16220E-01 -0.17780E-01  0.00000E+00  0.00000E+00  0.00000E+00    0.11705E+03  0.00000E+00  0.00000E+00 -0.23935E+00  0.19845E+00  0.30370E+00
  0.34999E-01  0.11751E+03    0.35000E-01 -0.16696E-01 -0.18304E-01  0.00000E+00  0.00000E+00  0.00000E+00    0.11751E+03  0.00000E+00  0.00000E+00 -0.24177E+00  0.19914E+00  0.30433E+00
  0.35999E-01  0.11802E+03    0.36000E-01 -0.17173E-01 -0.18827E-01  0.00000E+00  0.00000E+00  0.00000E+00    0.11802E+03  0.00000E+00  0.00000E+00 -0.23848E+00  0.20240E+00  0.30490E+00
  0.36999E-01  0.11847E+03    0.37000E-01 -0.17649E-01 -0.19351E-01  0.00000E+00  0.00000E+00  0.00000E+00    0.11847E+03  0.00000E+00  0.00000E+00 -0.24084E+00  0.20310E+00  0.30553E+00
  0.37999E-01  0.11898E+03    0.38000E-01 -0.18126E-01 -0.19874E-01  0.00000E+00  0.00000E+00  0.00000E+00    0.11897E+03  0.00000E+00  0.00000E+00 -0.23749E+00  0.20642E+00  0.30607E+00
  0.38999E-01  0.11942E+03    0.39000E-01 -0.18602E-01 -0.20398E-01  0.00000E+00  0.00000E+00  0.00000E+00    0.11942E+03  0.00000E+00  0.00000E+00 -0.23979E+00  0.20713E+00  0.30671E+00
  0.39999E-01  0.11992E+03    0.40000E-01 -0.19078E-01 -0.20922E-01  0.00000E+00  0.00000E+00  0.00000E+00    0.11992E+03  0.00000E+00  0.00000E+00 -0.23636E+00  0.21053E+00  0.30723E+00
  0.40999E-01  0.12036E+03    0.41000E-01 -0.19555E-01 -0.21445E-01  0.00000E+00  0.00000E+00  0.00000E+00    0.12036E+03  0.00000E+00  0.00000E+00 -0.23860E+00  0.21124E+00  0.30788E+00
  0.41999E-01  0.12086E+03    0.42000E-01 -0.20031E-01 -0.21969E-01  0.00000E+00  0.00000E+00  0.00000E+00    0.12085E+03  0.00000E+00  0.00000E+00 -0.23511E+00  0.21471E+00  0.30837E+00
  0.42999E-01  0.12129E+03    0.43000E-01 -0.20507E-01 -0.22493E-01  0.00000E+00  0.00000E+00  0.00000E+00    0.12129E+03  0.00000E+00  0.00000E+00 -0.23728E+00  0.21542E+00  0.30903E+00
  0.43999E-01  0.12174E+03    0.44000E-01 -0.20983E-01 -0.23017E-01  0.00000E+00  0.00000E+00  0.00000E+00    0.12174E+03  0.00000E+00  0.00000E+00 -0.23697E+00  0.21733E+00  0.30957E+00
  0.44999E-01  0.12221E+03    0.45000E-01 -0.21460E-01 -0.23540E-01  0.00000E+00  0.00000E+00  0.00000E+00    0.12221E+03  0.00000E+00  0.00000E+00 -0.23593E+00  0.21958E+00  0.31017E+00
  0.45999E-01  0.12266E+03    0.46000E-01 -0.21936E-01 -0.24064E-01  0.00000E+00  0.00000E+00  0.00000E+00    0.12266E+03  0.00000E+00  0.00000E+00 -0.23549E+00  0.22161E+00  0.31070E+00
  0.46999E-01  0.12312E+03    0.47000E-01 -0.22412E-01 -0.24588E-01  0.00000E+00  0.00000E+00  0.00000E+00    0.12312E+03  0.00000E+00  0.00000E+00 -0.23437E+00  0.22391E+00  0.31129E+00
  0.47999E-01  0.12356E+03    0.48000E-01 -0.22888E-01 -0.25112E-01  0.00000E+00  0.00000E+00  0.00000E+00    0.12356E+03  0.00000E+00  0.00000E+00 -0.23388E+00  0.22597E+00  0.31182E+00
  0.48999E-01  0.12402E+03    0.49000E-01 -0.23364E-01 -0.25636E-01  0.00000E+00  0.00000E+00  0.00000E+00    0.12402E+03  0.00000E+00  0.00000E+00 -0.23270E+00  0.22830E+00  0.31240E+00
  0.49999E-01  0.12446E+03    0.50000E-01 -0.23840E-01 -0.26160E-01  0.00000E+00  0.00000E+00  0.00000E+00    0.12445E+03  0.00000E+00  0.00000E+00 -0.23214E+00  0.23039E+00  0.31292E+00
  0.50999E-01  0.12491E+03    0.51000E-01 -0.24317E-01 -0.26683E-01  0.00000E+00  0.00000E+00  0.00000E+00    0.12491E+03  0.00000E+00  0.00000E+00 -0.23091E+00  0.23276E+00  0.31350E+00
  0.51999E-01  0.12534E+03    0.52000E-01 -0.24793E-01 -0.27207E-01  0.00000E+00  0.00000E+00  0.00000E+00    0.12534E+03  0.00000E+00  0.00000E+00 -0.23029E+00  0.23488E+00  0.31403E+00
  0.52999E-01  0.12578E+03    0.53000E-01 -0.25269E-01 -0.27731E-01  0.00000E+00  0.00000E+00  0.00000E+00    0.12577E+03  0.00000E+00  0.00000E+00 -0.22939E+00  0.23713E+00  0.31457E+00
  0.53999E-01  0.12621E+03    0.54000E-01 -0.25745E-01 -0.28255E-01  0.00000E+00  0.00000E+00  0.00000E+00    0.12621E+03  0.00000E+00  0.00000E+00 -0.22841E+00  0.23941E+00  0.31512E+00
  0.54999E-01  0.12664E+03    0.55000E-01 -0.26221E-01 -0.28779E-01  0.00000E+00  0.00000E+00  0.00000E+00    0.12664E+03  0.00000E+00  0.00000E+00 -0.22739E+00  0.24172E+00  0.31566E+00
  0.55999E-01  0.12707E+03    0.56000E-01 -0.26696E-01 -0.29304E-01  0.00000E+00  0.00000E+00  0.00000E+00    0.12707E+03  0.00000E+00  0.00000E+00 -0.22634E+00  0.24403E+00  0.31621E+00
  0.56999E-01  0.12750E+03    0.57000E-01 -0.27172E-01 -0.29828E-01  0.00000E+00  0.00000E+00  0.00000E+00    0.12750E+03  0.00000E+00  0.00000E+00 -0.22527E+00  0.24637E+00  0.31675E+00
  0.57999E-01  0.12793E+03    0.58000E-01 -0.27648E-01 -0.30352E-01  0.00000E+00  0.00000E+00  0.00000E+00    0.12793E+03  0.00000E+00  0.00000E+00 -0.22417E+00  0.24872E+00  0.31730E+00
  0.58999E-01  0.12835E+03    0.59000E-01 -0.28124E-01 -0.30876E-01  0.00000E+00  0.00000E+00  0.00000E+00    0.12835E+03  0.00000E+00  0.00000E+00 -0.22305E+00  0.25109E+00  0.31784E+00
  0.59999E-01  0.12877E+03    0.60000E-01 -0.28600E-01 -0.31400E-01  0.00000E+00  0.00000E+00  0.00000E+00    0.12877E+03  0.00000E+00  0.00000E+00 -0.22190E+00  0.25347E+00  0.31838E+00
  0.60999E-01  0.12919E+03    0.61000E-01 -0.29076E-01 -0.31924E-01  0.00000E+00  0.00000E+00  0.00000E+00    0.12919E+03  0.00000E+00  0.00000E+00 -0.22072E+00  0.25587E+00  0.31892E+00
  0.61999E-01  0.12961E+03    0.62000E-01 -0.29552E-01 -0.32448E-01  0.00000E+00  0.00000E+00  0.00000E+00    0.12961E+03  0.00000E+00  0.00000E+00 -0.21952E+00  0.25829E+00  0.31947E+00
  0.62999E-01  0.13002E+03    0.63000E-01 -0.30027E-01 -0.32973E-01  0.00000E+00  0.00000E+00  0.00000E+00    0.13002E+03  0.00000E+00  0.00000E+00 -0.21829E+00  0.26071E+00  0.32001E+00
  0.63999E-01  0.13044E+03    0.64000E-01 -0.30503E-01 -0.33497E-01  0.00000E+00  0.00000E+00  0.00000E+00    0.13043E+03  0.00000E+00  0.00000E+00 -0.21704E+00  0.26316E+00  0.32056E+00
  0.64999E-01  0.13085E+03    0.65000E-01 -0.30979E-01 -0.34021E-01  0.00000E+00  0.00000E+00  0.00000E+00    0.13084E+03  0.00000E+00  0.00000E+00 -0.21576E+00  0.26562E+00  0.32111E+00
  0.65999E-01  0.13126E+03    0.66000E-01 -0.31454E-01 -0.34546E-01  0.00000E+00  0.00000E+00  0.00000E+00    0.13125E+03  0.00000E+00  0.00000E+00 -0.21447E+00  0.26810E+00  0.32166E+00
  0.66999E-01  0.13166E+03    0.67000E-01 -0.31930E-01 -0.35070E-01  0.00000E+00  0.00000E+00  0.00000E+00    0.13166E+03  0.00000E+00  0.00000E+00 -0.21314E+00  0.27059E+00  0.32221E+00
  0.67999E-01  0.13206E+03    0.68000E-01 -0.32406E-01 -0.35594E-01  0.00000E+00  0.00000E+00  0.00000E+00    0.13206E+03  0.00000E+00  0.00000E+00 -0.21180E+00  0.27309E+00  0.32276E+00
  0.68999E-01  0.13247E+03    0.69000E-01 -0.32881E-01 -0.36119E-01  0.00000E+00  0.00000E+00  0.00000E+00    0.13246E+03  0.00000E+00  0.00000E+00 -0.21043E+00  0.27562E+00  0.32332E+00
  0.69999E-01  0.13286E+03    0.70000E-01 -0.33357E-01 -0.36643E-01  0.00000E+00  0.00000E+00  0.00000E+00    0.13286E+03  0.00000E+00  0.00000E+00 -0.20904E+00  0.27815E+00  0.32388E+00
  0.70999E-01  0.13326E+03    0.71000E-01 -0.33832E-01 -0.37168E-01  0.00000E+00  0.00000E+00  0.00000E+00    0.13326E+03  0.00000E+00  0.00000E+00 -0.20762E+00  0.28071E+00  0.32444E+00
  0.71999E-01  0.13366E+03    0.72000E-01 -0.34308E-01 -0.37692E-01  0.00000E+00  0.00000E+00  0.00000E+00    0.13366E+03  0.00000E+00  0.00000E+00 -0.19933E+00  0.28625E+00  0.32506E+00
  0.72998E-01  0.13408E+03    0.73000E-01 -0.34783E-01 -0.38217E-01  0.00000E+00  0.00000E+00  0.00000E+00    0.13408E+03  0.00000E+00  0.00000E+00 -0.19818E+00  0.28906E+00  0.32563E+00
  0.73998E-01  0.13447E+03    0.74000E-01 -0.35259E-01 -0.38741E-01  0.00000E+00  0.00000E+00  0.00000E+00    0.13447E+03  0.00000E+00  0.00000E+00 -0.19679E+00  0.29170E+00  0.32620E+00
  0.74998E-01  0.13486E+03    0.75000E-01 -0.35734E-01 -0.39266E-01  0.00000E+00  0.00000E+00  0.00000E+00    0.13486E+03  0.00000E+00  0.00000E+00 -0.19527E+00  0.29435E+00  0.32678E+00
  0.75998E-01  0.13525E+03    0.76000E-01 -0.36209E-01 -0.39791E-01  0.00000E+00  0.00000E+00  0.00000E+00    0.13525E+03  0.00000E+00  0.00000E+00 -0.19374E+00  0.29701E+00  0.32736E+00
  0.76998E-01  0.13563E+03    0.77000E-01 -0.36685E-01 -0.40315E-01  0.00000E+00  0.00000E+00  0.00000E+00    0.13563E+03  0.00000E+00  0.00000E+00 -0.19219E+00  0.29969E+00  0.32795E+00
  0.77998E-01  0.13601E+03    0.78000E-01 -0.37160E-01 -0.40840E-01  0.00000E+00  0.00000E+00  0.00000E+00    0.13601E+03  0.00000E+00  0.00000E+00 -0.19062E+00  0.30239E+00  0.32855E+00
  0.78998E-01  0.13639E+03    0.79000E-01 -0.37635E-01 -0.41365E-01  0.00000E+00  0.00000E+00  0.00000E+00    0.13639E+03  0.00000E+00  0.00000E+00 -0.18903E+00  0.30510E+00  0.32915E+00
  0.79998E-01  0.13677E+03    0.80000E-01 -0.38111E-01 -0.41889E-01  0.00000E+00  0.00000E+00  0.00000E+00    0.13677E+03  0.00000E+00  0.00000E+00 -0.18742E+00  0.30782E+00  0.32975E+00
  0.80998E-01  0.13715E+03    0.81000E-01 -0.38586E-01 -0.42414E-01  0.00000E+00  0.00000E+00  0.00000E+00    0.13715E+03  0.00000E+00  0.00000E+00 -0.18579E+00  0.31057E+00  0.33037E+00
  0.81998E-01  0.13752E+03    0.82000E-01 -0.39061E-01 -0.42939E-01  0.00000E+00  0.00000E+00  0.00000E+00    0.13752E+03  0.00000E+00  0.00000E+00 -0.18414E+00  0.31333E+00  0.33099E+00
  0.82998E-01  0.13790E+03    0.83000E-01 -0.39536E-01 -0.43464E-01  0.00000E+00  0.00000E+00  0.00000E+00    0.13789E+03  0.00000E+00  0.00000E+00 -0.18247E+00  0.31610E+00  0.33162E+00
  0.83998E-01  0.13827E+03    0.84000E-01 -0.40012E-01 -0.43988E-01  0.00000E+00  0.00000E+00  0.00000E+00    0.13826E+03  0.00000E+00  0.00000E+00 -0.18078E+00  0.31889E+00  0.33226E+00
  0.84998E-01  0.13864E+03    0.85000E-01 -0.40487E-01 -0.44513E-01  0.00000E+00  0.00000E+00  0.00000E+00    0.13863E+03  0.00000E+00  0.00000E+00 -0.17908E+00  0.32170E+00  0.33290E+00
  0.85998E-01  0.13900E+03    0.86000E-01 -0.40962E-01 -0.45038E-01  0.00000E+00  0.00000E+00  0.00000E+00    0.13900E+03  0.00000E+00  0.00000E+00 -0.17735E+00  0.32453E+00  0.33356E+00
  0.86998E-01  0.13937E+03    0.87000E-01 -0.41437E-01 -0.45563E-01  0.00000E+00  0.00000E+00  0.00000E+00    0.13936E+03  0.00000E+00  0.00000E+00 -0.17560E+00  0.32738E+00  0.33422E+00
  0.87998E-01  0.13973E+03    0.88000E-01 -0.41912E-01 -0.46088E-01  0.00000E+00  0.00000E+00  0.00000E+00    0.13973E+03  0.00000E+00  0.00000E+00 -0.17384E+00  0.33024E+00  0.33490E+00
  0.88998E-01  0.14009E+03    0.89000E-01 -0.42387E-01 -0.46613E-01  0.00000E+00  0.00000E+00  0.00000E+00    0.14009E+03  0.00000E+00  0.00000E+00 -0.17206E+00  0.33312E+00  0.33558E+00
  0.89998E-01  0.14045E+03    0.90000E-01 -0.42862E-01 -0.47138E-01  0.00000E+00  0.00000E+00  0.00000E+00    0.14045E+03  0.00000E+00  0.00000E+00 -0.17026E+00  0.33602E+00  0.33627E+00
  0.90998E-01  0.14081E+03    0.91000E-01 -0.43337E-01 -0.47663E-01  0.00000E+00  0.00000E+00  0.00000E+00    0.14081E+03  0.00000E+00  0.00000E+00 -0.16844E+00  0.33893E+00  0.33698E+00
  0.91998E-01  0.14116E+03    0.92000E-01 -0.43812E-01 -0.48188E-01  0.00000E+00  0.00000E+00  0.00000E+00    0.14116E+03  0.00000E+00  0.00000E+00 -0.16661E+00  0.34187E+00  0.33770E+00
  0.92998E-01  0.14152E+03    0.93000E-01 -0.44287E-01 -0.48713E-01  0.00000E+00  0.00000E+00  0.00000E+00    0.14152E+03  0.00000E+00  0.00000E+00 -0.16476E+00  0.34482E+00  0.33843E+00
  0.93998E-01  0.14187E+03    0.94000E-01 -0.44762E-01 -0.49238E-01  0.00000E+00  0.00000E+00  0.00000E+00    0.14187E+03  0.00000E+00  0.00000E+00 -0.16289E+00  0.34779E+00  0.33917E+00
  0.94998E-01  0.14222E+03    0.95000E-01 -0.45237E-01 -0.49763E-01  0.00000E+00  0.00000E+00  0.00000E+00    0.14222E+03  0.00000E+00  0.00000E+00 -0.16100E+00  0.35078E+00  0.33992E+00
  0.95998E-01  0.14257E+03    0.96000E-01 -0.45711E-01 -0.50289E-01  0.00000E+00  0.00000E+00  0.00000E+00    0.14257E+03  0.00000E+00  0.00000E+00 -0.15910E+00  0.35379E+00  0.34069E+00
  0.96998E-01  0.14292E+03    0.97000E-01 -0.46186E-01 -0.50814E-01  0.00000E+00  0.00000E+00  0.00000E+00    0.14291E+03  0.00000E+00  0.00000E+00 -0.15719E+00  0.35682E+00  0.34147E+00
  0.97998E-01  0.14326E+03    0.98000E-01 -0.46661E-01 -0.51339E-01  0.00000E+00  0.00000E+00  0.00000E+00    0.14326E+03  0.00000E+00  0.00000E+00 -0.15526E+00  0.35987E+00  0.34227E+00
  0.98998E-01  0.14361E+03    0.99000E-01 -0.47136E-01 -0.51864E-01  0.00000E+00  0.00000E+00  0.00000E+00    0.14360E+03  0.00000E+00  0.00000E+00 -0.15331E+00  0.36294E+00  0.34308E+00
  0.99998E-01  0.14395E+03    0.10000E+00 -0.47611E-01 -0.52389E-01  0.00000E+00  0.00000E+00  0.00000E+00    0.14395E+03  0.00000E+00  0.00000E+00 -0.15135E+00  0.36602E+00  0.34390E+00
