          Evm          Svm            E11          E22          E33          E23          E13          E12         SCAU11       SCAU22       SCAU33       SCAU23       SCAU13       SCAU12      TEMP
  0.00000E+00  0.82671E+02    0.00000E+00  0.00000E+00  0.00000E+00  0.00000E+00  0.00000E+00  0.00000E+00    0.82670E+02  0.00000E+00  0.00000E+00 -0.19174E+00  0.11887E+00  0.22843E+00
  0.99998E-03  0.83235E+02    0.10000E-02 -0.47967E-03 -0.52033E-03  0.00000E+00  0.00000E+00  0.00000E+00    0.83233E+02  0.00000E+00  0.00000E+00 -0.19617E+00  0.12177E+00  0.23153E+00
  0.20000E-02  0.83765E+02    0.20000E-02 -0.95784E-03 -0.10422E-02  0.00000E+00  0.00000E+00  0.00000E+00    0.83763E+02  0.00000E+00  0.00000E+00 -0.19654E+00  0.12280E+00  0.23361E+00
  0.29999E-02  0.84352E+02    0.30000E-02 -0.14356E-02 -0.15644E-02  0.00000E+00  0.00000E+00  0.00000E+00    0.84350E+02  0.00000E+00  0.00000E+00 -0.19765E+00  0.12393E+00  0.23506E+00
  0.39999E-02  0.84936E+02    0.40000E-02 -0.19132E-02 -0.20868E-02  0.00000E+00  0.00000E+00  0.00000E+00    0.84934E+02  0.00000E+00  0.00000E+00 -0.19862E+00  0.12507E+00  0.23627E+00
  0.49999E-02  0.85517E+02    0.50000E-02 -0.23905E-02 -0.26095E-02  0.00000E+00  0.00000E+00  0.00000E+00    0.85515E+02  0.00000E+00  0.00000E+00 -0.19955E+00  0.12625E+00  0.23739E+00
  0.59999E-02  0.86095E+02    0.60000E-02 -0.28678E-02 -0.31322E-02  0.00000E+00  0.00000E+00  0.00000E+00    0.86093E+02  0.00000E+00  0.00000E+00 -0.20044E+00  0.12746E+00  0.23844E+00
  0.69998E-02  0.86657E+02    0.70000E-02 -0.33451E-02 -0.36549E-02  0.00000E+00  0.00000E+00  0.00000E+00    0.86655E+02  0.00000E+00  0.00000E+00 -0.19935E+00  0.12949E+00  0.23949E+00
  0.79998E-02  0.87235E+02    0.80000E-02 -0.38222E-02 -0.41778E-02  0.00000E+00  0.00000E+00  0.00000E+00    0.87233E+02  0.00000E+00  0.00000E+00 -0.20015E+00  0.13088E+00  0.24048E+00
  0.89998E-02  0.87802E+02    0.90000E-02 -0.42993E-02 -0.47007E-02  0.00000E+00  0.00000E+00  0.00000E+00    0.87800E+02  0.00000E+00  0.00000E+00 -0.20090E+00  0.13217E+00  0.24144E+00
  0.99998E-02  0.88365E+02    0.10000E-01 -0.47764E-02 -0.52236E-02  0.00000E+00  0.00000E+00  0.00000E+00    0.88363E+02  0.00000E+00  0.00000E+00 -0.20161E+00  0.13347E+00  0.24238E+00
  0.11000E-01  0.88924E+02    0.11000E-01 -0.52535E-02 -0.57465E-02  0.00000E+00  0.00000E+00  0.00000E+00    0.88922E+02  0.00000E+00  0.00000E+00 -0.20227E+00  0.13479E+00  0.24329E+00
  0.12000E-01  0.89481E+02    0.12000E-01 -0.57305E-02 -0.62695E-02  0.00000E+00  0.00000E+00  0.00000E+00    0.89479E+02  0.00000E+00  0.00000E+00 -0.20289E+00  0.13614E+00  0.24420E+00
  0.13000E-01  0.90033E+02    0.13000E-01 -0.62075E-02 -0.67925E-02  0.00000E+00  0.00000E+00  0.00000E+00    0.90031E+02  0.00000E+00  0.00000E+00 -0.20347E+00  0.13750E+00  0.24508E+00
  0.14000E-01  0.90583E+02    0.14000E-01 -0.66845E-02 -0.73155E-02  0.00000E+00  0.00000E+00  0.00000E+00    0.90581E+02  0.00000E+00  0.00000E+00 -0.20401E+00  0.13889E+00  0.24596E+00
  0.15000E-01  0.91129E+02    0.15000E-01 -0.71614E-02 -0.78386E-02  0.00000E+00  0.00000E+00  0.00000E+00    0.91127E+02  0.00000E+00  0.00000E+00 -0.20451E+00  0.14030E+00  0.24682E+00
  0.16000E-01  0.91672E+02    0.16000E-01 -0.76384E-02 -0.83616E-02  0.00000E+00  0.00000E+00  0.00000E+00    0.91670E+02  0.00000E+00  0.00000E+00 -0.20497E+00  0.14173E+00  0.24767E+00
  0.17000E-01  0.92211E+02    0.17000E-01 -0.81153E-02 -0.88847E-02  0.00000E+00  0.00000E+00  0.00000E+00    0.92209E+02  0.00000E+00  0.00000E+00 -0.20539E+00  0.14318E+00  0.24851E+00
  0.18000E-01  0.92748E+02    0.18000E-01 -0.85922E-02 -0.94078E-02  0.00000E+00  0.00000E+00  0.00000E+00    0.92746E+02  0.00000E+00  0.00000E+00 -0.20577E+00  0.14466E+00  0.24934E+00
  0.19000E-01  0.93281E+02    0.19000E-01 -0.90690E-02 -0.99310E-02  0.00000E+00  0.00000E+00  0.00000E+00    0.93279E+02  0.00000E+00  0.00000E+00 -0.20612E+00  0.14615E+00  0.25016E+00
  0.20000E-01  0.93810E+02    0.20000E-01 -0.95459E-02 -0.10454E-01  0.00000E+00  0.00000E+00  0.00000E+00    0.93808E+02  0.00000E+00  0.00000E+00 -0.20642E+00  0.14767E+00  0.25096E+00
  0.21000E-01  0.94337E+02    0.21000E-01 -0.10023E-01 -0.10977E-01  0.00000E+00  0.00000E+00  0.00000E+00    0.94335E+02  0.00000E+00  0.00000E+00 -0.20669E+00  0.14920E+00  0.25176E+00
  0.22000E-01  0.94861E+02    0.22000E-01 -0.10500E-01 -0.11500E-01  0.00000E+00  0.00000E+00  0.00000E+00    0.94858E+02  0.00000E+00  0.00000E+00 -0.20691E+00  0.15076E+00  0.25254E+00
  0.22999E-01  0.95381E+02    0.23000E-01 -0.10976E-01 -0.12024E-01  0.00000E+00  0.00000E+00  0.00000E+00    0.95379E+02  0.00000E+00  0.00000E+00 -0.20711E+00  0.15234E+00  0.25332E+00
  0.23999E-01  0.95898E+02    0.24000E-01 -0.11453E-01 -0.12547E-01  0.00000E+00  0.00000E+00  0.00000E+00    0.95896E+02  0.00000E+00  0.00000E+00 -0.20726E+00  0.15393E+00  0.25408E+00
  0.24999E-01  0.96412E+02    0.25000E-01 -0.11930E-01 -0.13070E-01  0.00000E+00  0.00000E+00  0.00000E+00    0.96410E+02  0.00000E+00  0.00000E+00 -0.20738E+00  0.15555E+00  0.25484E+00
  0.25999E-01  0.96923E+02    0.26000E-01 -0.12406E-01 -0.13594E-01  0.00000E+00  0.00000E+00  0.00000E+00    0.96921E+02  0.00000E+00  0.00000E+00 -0.20746E+00  0.15719E+00  0.25559E+00
  0.26999E-01  0.97431E+02    0.27000E-01 -0.12883E-01 -0.14117E-01  0.00000E+00  0.00000E+00  0.00000E+00    0.97429E+02  0.00000E+00  0.00000E+00 -0.20751E+00  0.15885E+00  0.25633E+00
  0.27999E-01  0.97936E+02    0.28000E-01 -0.13360E-01 -0.14640E-01  0.00000E+00  0.00000E+00  0.00000E+00    0.97934E+02  0.00000E+00  0.00000E+00 -0.20752E+00  0.16052E+00  0.25707E+00
  0.28999E-01  0.98438E+02    0.29000E-01 -0.13836E-01 -0.15164E-01  0.00000E+00  0.00000E+00  0.00000E+00    0.98436E+02  0.00000E+00  0.00000E+00 -0.20750E+00  0.16222E+00  0.25780E+00
  0.29999E-01  0.98938E+02    0.30000E-01 -0.14313E-01 -0.15687E-01  0.00000E+00  0.00000E+00  0.00000E+00    0.98935E+02  0.00000E+00  0.00000E+00 -0.20744E+00  0.16393E+00  0.25851E+00
  0.30999E-01  0.99434E+02    0.31000E-01 -0.14790E-01 -0.16210E-01  0.00000E+00  0.00000E+00  0.00000E+00    0.99432E+02  0.00000E+00  0.00000E+00 -0.20735E+00  0.16567E+00  0.25923E+00
  0.31999E-01  0.99927E+02    0.32000E-01 -0.15266E-01 -0.16734E-01  0.00000E+00  0.00000E+00  0.00000E+00    0.99925E+02  0.00000E+00  0.00000E+00 -0.20722E+00  0.16742E+00  0.25993E+00
  0.32999E-01  0.10042E+03    0.33000E-01 -0.15743E-01 -0.17257E-01  0.00000E+00  0.00000E+00  0.00000E+00    0.10042E+03  0.00000E+00  0.00000E+00 -0.20705E+00  0.16919E+00  0.26063E+00
  0.33999E-01  0.10090E+03    0.34000E-01 -0.16219E-01 -0.17781E-01  0.00000E+00  0.00000E+00  0.00000E+00    0.10090E+03  0.00000E+00  0.00000E+00 -0.20686E+00  0.17098E+00  0.26132E+00
  0.34999E-01  0.10139E+03    0.35000E-01 -0.16696E-01 -0.18304E-01  0.00000E+00  0.00000E+00  0.00000E+00    0.10139E+03  0.00000E+00  0.00000E+00 -0.20664E+00  0.17279E+00  0.26201E+00
  0.35999E-01  0.10187E+03    0.36000E-01 -0.17172E-01 -0.18828E-01  0.00000E+00  0.00000E+00  0.00000E+00    0.10187E+03  0.00000E+00  0.00000E+00 -0.20638E+00  0.17462E+00  0.26268E+00
  0.36999E-01  0.10235E+03    0.37000E-01 -0.17649E-01 -0.19351E-01  0.00000E+00  0.00000E+00  0.00000E+00    0.10235E+03  0.00000E+00  0.00000E+00 -0.20609E+00  0.17646E+00  0.26336E+00
  0.37999E-01  0.10283E+03    0.38000E-01 -0.18125E-01 -0.19875E-01  0.00000E+00  0.00000E+00  0.00000E+00    0.10282E+03  0.00000E+00  0.00000E+00 -0.20577E+00  0.17832E+00  0.26402E+00
  0.38999E-01  0.10330E+03    0.39000E-01 -0.18601E-01 -0.20399E-01  0.00000E+00  0.00000E+00  0.00000E+00    0.10330E+03  0.00000E+00  0.00000E+00 -0.20541E+00  0.18021E+00  0.26468E+00
  0.39999E-01  0.10377E+03    0.40000E-01 -0.19078E-01 -0.20922E-01  0.00000E+00  0.00000E+00  0.00000E+00    0.10377E+03  0.00000E+00  0.00000E+00 -0.20503E+00  0.18210E+00  0.26534E+00
  0.40999E-01  0.10424E+03    0.41000E-01 -0.19554E-01 -0.21446E-01  0.00000E+00  0.00000E+00  0.00000E+00    0.10424E+03  0.00000E+00  0.00000E+00 -0.20462E+00  0.18402E+00  0.26599E+00
  0.41999E-01  0.10470E+03    0.42000E-01 -0.20030E-01 -0.21970E-01  0.00000E+00  0.00000E+00  0.00000E+00    0.10470E+03  0.00000E+00  0.00000E+00 -0.20417E+00  0.18595E+00  0.26664E+00
  0.42999E-01  0.10517E+03    0.43000E-01 -0.20507E-01 -0.22493E-01  0.00000E+00  0.00000E+00  0.00000E+00    0.10516E+03  0.00000E+00  0.00000E+00 -0.20370E+00  0.18790E+00  0.26728E+00
  0.43999E-01  0.10563E+03    0.44000E-01 -0.20983E-01 -0.23017E-01  0.00000E+00  0.00000E+00  0.00000E+00    0.10562E+03  0.00000E+00  0.00000E+00 -0.20319E+00  0.18987E+00  0.26791E+00
  0.44999E-01  0.10605E+03    0.45000E-01 -0.21459E-01 -0.23541E-01  0.00000E+00  0.00000E+00  0.00000E+00    0.10605E+03  0.00000E+00  0.00000E+00 -0.20570E+00  0.19026E+00  0.26856E+00
  0.45999E-01  0.10653E+03    0.46000E-01 -0.21935E-01 -0.24065E-01  0.00000E+00  0.00000E+00  0.00000E+00    0.10653E+03  0.00000E+00  0.00000E+00 -0.20231E+00  0.19370E+00  0.26914E+00
  0.46999E-01  0.10696E+03    0.47000E-01 -0.22412E-01 -0.24588E-01  0.00000E+00  0.00000E+00  0.00000E+00    0.10695E+03  0.00000E+00  0.00000E+00 -0.20456E+00  0.19422E+00  0.26982E+00
  0.47999E-01  0.10741E+03    0.48000E-01 -0.22888E-01 -0.25112E-01  0.00000E+00  0.00000E+00  0.00000E+00    0.10741E+03  0.00000E+00  0.00000E+00 -0.20402E+00  0.19615E+00  0.27045E+00
  0.48999E-01  0.10786E+03    0.49000E-01 -0.23364E-01 -0.25636E-01  0.00000E+00  0.00000E+00  0.00000E+00    0.10785E+03  0.00000E+00  0.00000E+00 -0.20338E+00  0.19818E+00  0.27108E+00
  0.49999E-01  0.10830E+03    0.50000E-01 -0.23840E-01 -0.26160E-01  0.00000E+00  0.00000E+00  0.00000E+00    0.10830E+03  0.00000E+00  0.00000E+00 -0.20271E+00  0.20022E+00  0.27169E+00
  0.50999E-01  0.10874E+03    0.51000E-01 -0.24316E-01 -0.26684E-01  0.00000E+00  0.00000E+00  0.00000E+00    0.10874E+03  0.00000E+00  0.00000E+00 -0.20202E+00  0.20227E+00  0.27231E+00
  0.51999E-01  0.10918E+03    0.52000E-01 -0.24792E-01 -0.27208E-01  0.00000E+00  0.00000E+00  0.00000E+00    0.10918E+03  0.00000E+00  0.00000E+00 -0.20129E+00  0.20434E+00  0.27293E+00
  0.52999E-01  0.10962E+03    0.53000E-01 -0.25268E-01 -0.27732E-01  0.00000E+00  0.00000E+00  0.00000E+00    0.10962E+03  0.00000E+00  0.00000E+00 -0.20054E+00  0.20643E+00  0.27354E+00
  0.53999E-01  0.11005E+03    0.54000E-01 -0.25744E-01 -0.28256E-01  0.00000E+00  0.00000E+00  0.00000E+00    0.11005E+03  0.00000E+00  0.00000E+00 -0.19976E+00  0.20853E+00  0.27415E+00
  0.54999E-01  0.11049E+03    0.55000E-01 -0.26220E-01 -0.28780E-01  0.00000E+00  0.00000E+00  0.00000E+00    0.11048E+03  0.00000E+00  0.00000E+00 -0.19896E+00  0.21065E+00  0.27477E+00
  0.55999E-01  0.11093E+03    0.56000E-01 -0.26696E-01 -0.29304E-01  0.00000E+00  0.00000E+00  0.00000E+00    0.11093E+03  0.00000E+00  0.00000E+00 -0.19526E+00  0.21441E+00  0.27523E+00
  0.56999E-01  0.11134E+03    0.57000E-01 -0.27172E-01 -0.29828E-01  0.00000E+00  0.00000E+00  0.00000E+00    0.11134E+03  0.00000E+00  0.00000E+00 -0.19723E+00  0.21500E+00  0.27598E+00
  0.57999E-01  0.11178E+03    0.58000E-01 -0.27648E-01 -0.30352E-01  0.00000E+00  0.00000E+00  0.00000E+00    0.11178E+03  0.00000E+00  0.00000E+00 -0.19353E+00  0.21875E+00  0.27643E+00
  0.58999E-01  0.11219E+03    0.59000E-01 -0.28124E-01 -0.30876E-01  0.00000E+00  0.00000E+00  0.00000E+00    0.11219E+03  0.00000E+00  0.00000E+00 -0.19544E+00  0.21935E+00  0.27718E+00
  0.59999E-01  0.11260E+03    0.60000E-01 -0.28600E-01 -0.31400E-01  0.00000E+00  0.00000E+00  0.00000E+00    0.11260E+03  0.00000E+00  0.00000E+00 -0.19491E+00  0.22130E+00  0.27776E+00
  0.60999E-01  0.11303E+03    0.61000E-01 -0.29075E-01 -0.31925E-01  0.00000E+00  0.00000E+00  0.00000E+00    0.11303E+03  0.00000E+00  0.00000E+00 -0.19363E+00  0.22366E+00  0.27838E+00
  0.61999E-01  0.11343E+03    0.62000E-01 -0.29551E-01 -0.32449E-01  0.00000E+00  0.00000E+00  0.00000E+00    0.11343E+03  0.00000E+00  0.00000E+00 -0.19298E+00  0.22572E+00  0.27897E+00
  0.62999E-01  0.11386E+03    0.63000E-01 -0.30027E-01 -0.32973E-01  0.00000E+00  0.00000E+00  0.00000E+00    0.11386E+03  0.00000E+00  0.00000E+00 -0.19165E+00  0.22811E+00  0.27958E+00
  0.63999E-01  0.11426E+03    0.64000E-01 -0.30503E-01 -0.33497E-01  0.00000E+00  0.00000E+00  0.00000E+00    0.11426E+03  0.00000E+00  0.00000E+00 -0.19096E+00  0.23021E+00  0.28017E+00
  0.64999E-01  0.11468E+03    0.65000E-01 -0.30979E-01 -0.34021E-01  0.00000E+00  0.00000E+00  0.00000E+00    0.11468E+03  0.00000E+00  0.00000E+00 -0.18957E+00  0.23262E+00  0.28078E+00
  0.65999E-01  0.11507E+03    0.66000E-01 -0.31454E-01 -0.34546E-01  0.00000E+00  0.00000E+00  0.00000E+00    0.11507E+03  0.00000E+00  0.00000E+00 -0.18884E+00  0.23474E+00  0.28137E+00
  0.66999E-01  0.11549E+03    0.67000E-01 -0.31930E-01 -0.35070E-01  0.00000E+00  0.00000E+00  0.00000E+00    0.11549E+03  0.00000E+00  0.00000E+00 -0.18741E+00  0.23719E+00  0.28198E+00
  0.67999E-01  0.11588E+03    0.68000E-01 -0.32405E-01 -0.35595E-01  0.00000E+00  0.00000E+00  0.00000E+00    0.11588E+03  0.00000E+00  0.00000E+00 -0.18662E+00  0.23934E+00  0.28258E+00
  0.68999E-01  0.11629E+03    0.69000E-01 -0.32881E-01 -0.36119E-01  0.00000E+00  0.00000E+00  0.00000E+00    0.11629E+03  0.00000E+00  0.00000E+00 -0.18515E+00  0.24182E+00  0.28319E+00
  0.69999E-01  0.11668E+03    0.70000E-01 -0.33357E-01 -0.36643E-01  0.00000E+00  0.00000E+00  0.00000E+00    0.11668E+03  0.00000E+00  0.00000E+00 -0.18432E+00  0.24400E+00  0.28379E+00
  0.70999E-01  0.11707E+03    0.71000E-01 -0.33832E-01 -0.37168E-01  0.00000E+00  0.00000E+00  0.00000E+00    0.11707E+03  0.00000E+00  0.00000E+00 -0.18320E+00  0.24632E+00  0.28440E+00
  0.71999E-01  0.11747E+03    0.72000E-01 -0.34308E-01 -0.37692E-01  0.00000E+00  0.00000E+00  0.00000E+00    0.11746E+03  0.00000E+00  0.00000E+00 -0.18200E+00  0.24868E+00  0.28501E+00
  0.72998E-01  0.11786E+03    0.73000E-01 -0.34783E-01 -0.38217E-01  0.00000E+00  0.00000E+00  0.00000E+00    0.11786E+03  0.00000E+00  0.00000E+00 -0.18078E+00  0.25105E+00  0.28562E+00
  0.73998E-01  0.11825E+03    0.74000E-01 -0.35259E-01 -0.38741E-01  0.00000E+00  0.00000E+00  0.00000E+00    0.11825E+03  0.00000E+00  0.00000E+00 -0.17953E+00  0.25345E+00  0.28624E+00
  0.74998E-01  0.11864E+03    0.75000E-01 -0.35734E-01 -0.39266E-01  0.00000E+00  0.00000E+00  0.00000E+00    0.11863E+03  0.00000E+00  0.00000E+00 -0.17826E+00  0.25585E+00  0.28686E+00
  0.75998E-01  0.11902E+03    0.76000E-01 -0.36210E-01 -0.39790E-01  0.00000E+00  0.00000E+00  0.00000E+00    0.11902E+03  0.00000E+00  0.00000E+00 -0.17697E+00  0.25827E+00  0.28748E+00
  0.76998E-01  0.11940E+03    0.77000E-01 -0.36685E-01 -0.40315E-01  0.00000E+00  0.00000E+00  0.00000E+00    0.11940E+03  0.00000E+00  0.00000E+00 -0.17566E+00  0.26071E+00  0.28810E+00
  0.77998E-01  0.11979E+03    0.78000E-01 -0.37160E-01 -0.40840E-01  0.00000E+00  0.00000E+00  0.00000E+00    0.11978E+03  0.00000E+00  0.00000E+00 -0.17433E+00  0.26316E+00  0.28873E+00
  0.78998E-01  0.12017E+03    0.79000E-01 -0.37636E-01 -0.41364E-01  0.00000E+00  0.00000E+00  0.00000E+00    0.12016E+03  0.00000E+00  0.00000E+00 -0.17298E+00  0.26563E+00  0.28937E+00
  0.79998E-01  0.12054E+03    0.80000E-01 -0.38111E-01 -0.41889E-01  0.00000E+00  0.00000E+00  0.00000E+00    0.12054E+03  0.00000E+00  0.00000E+00 -0.17161E+00  0.26811E+00  0.29001E+00
  0.80998E-01  0.12092E+03    0.81000E-01 -0.38586E-01 -0.42414E-01  0.00000E+00  0.00000E+00  0.00000E+00    0.12092E+03  0.00000E+00  0.00000E+00 -0.17022E+00  0.27060E+00  0.29066E+00
  0.81998E-01  0.12129E+03    0.82000E-01 -0.39062E-01 -0.42938E-01  0.00000E+00  0.00000E+00  0.00000E+00    0.12129E+03  0.00000E+00  0.00000E+00 -0.16880E+00  0.27312E+00  0.29131E+00
  0.82998E-01  0.12166E+03    0.83000E-01 -0.39537E-01 -0.43463E-01  0.00000E+00  0.00000E+00  0.00000E+00    0.12166E+03  0.00000E+00  0.00000E+00 -0.16738E+00  0.27564E+00  0.29196E+00
  0.83998E-01  0.12203E+03    0.84000E-01 -0.40012E-01 -0.43988E-01  0.00000E+00  0.00000E+00  0.00000E+00    0.12203E+03  0.00000E+00  0.00000E+00 -0.16593E+00  0.27819E+00  0.29263E+00
  0.84998E-01  0.12240E+03    0.85000E-01 -0.40487E-01 -0.44513E-01  0.00000E+00  0.00000E+00  0.00000E+00    0.12240E+03  0.00000E+00  0.00000E+00 -0.15768E+00  0.28396E+00  0.29333E+00
  0.85998E-01  0.12274E+03    0.86000E-01 -0.40962E-01 -0.45038E-01  0.00000E+00  0.00000E+00  0.00000E+00    0.12274E+03  0.00000E+00  0.00000E+00 -0.15797E+00  0.28613E+00  0.29411E+00
  0.86998E-01  0.12310E+03    0.87000E-01 -0.41437E-01 -0.45563E-01  0.00000E+00  0.00000E+00  0.00000E+00    0.12310E+03  0.00000E+00  0.00000E+00 -0.15620E+00  0.28882E+00  0.29482E+00
  0.87998E-01  0.12346E+03    0.88000E-01 -0.41913E-01 -0.46087E-01  0.00000E+00  0.00000E+00  0.00000E+00    0.12346E+03  0.00000E+00  0.00000E+00 -0.15467E+00  0.29145E+00  0.29553E+00
  0.88998E-01  0.12382E+03    0.89000E-01 -0.42388E-01 -0.46612E-01  0.00000E+00  0.00000E+00  0.00000E+00    0.12382E+03  0.00000E+00  0.00000E+00 -0.15313E+00  0.29409E+00  0.29624E+00
  0.89998E-01  0.12418E+03    0.90000E-01 -0.42863E-01 -0.47137E-01  0.00000E+00  0.00000E+00  0.00000E+00    0.12418E+03  0.00000E+00  0.00000E+00 -0.15157E+00  0.29675E+00  0.29695E+00
  0.90998E-01  0.12458E+03    0.91000E-01 -0.43338E-01 -0.47662E-01  0.00000E+00  0.00000E+00  0.00000E+00    0.12458E+03  0.00000E+00  0.00000E+00 -0.14845E+00  0.30009E+00  0.29758E+00
  0.91998E-01  0.12495E+03    0.92000E-01 -0.43813E-01 -0.48187E-01  0.00000E+00  0.00000E+00  0.00000E+00    0.12494E+03  0.00000E+00  0.00000E+00 -0.14725E+00  0.30269E+00  0.29829E+00
  0.92998E-01  0.12530E+03    0.93000E-01 -0.44288E-01 -0.48712E-01  0.00000E+00  0.00000E+00  0.00000E+00    0.12530E+03  0.00000E+00  0.00000E+00 -0.14564E+00  0.30541E+00  0.29903E+00
  0.93998E-01  0.12565E+03    0.94000E-01 -0.44762E-01 -0.49238E-01  0.00000E+00  0.00000E+00  0.00000E+00    0.12565E+03  0.00000E+00  0.00000E+00 -0.14401E+00  0.30815E+00  0.29978E+00
  0.94998E-01  0.12600E+03    0.95000E-01 -0.45237E-01 -0.49763E-01  0.00000E+00  0.00000E+00  0.00000E+00    0.12600E+03  0.00000E+00  0.00000E+00 -0.14237E+00  0.31090E+00  0.30055E+00
  0.95998E-01  0.12635E+03    0.96000E-01 -0.45712E-01 -0.50288E-01  0.00000E+00  0.00000E+00  0.00000E+00    0.12634E+03  0.00000E+00  0.00000E+00 -0.14072E+00  0.31367E+00  0.30132E+00
  0.96998E-01  0.12669E+03    0.97000E-01 -0.46187E-01 -0.50813E-01  0.00000E+00  0.00000E+00  0.00000E+00    0.12669E+03  0.00000E+00  0.00000E+00 -0.13904E+00  0.31646E+00  0.30211E+00
  0.97998E-01  0.12704E+03    0.98000E-01 -0.46662E-01 -0.51338E-01  0.00000E+00  0.00000E+00  0.00000E+00    0.12703E+03  0.00000E+00  0.00000E+00 -0.13736E+00  0.31926E+00  0.30291E+00
  0.98998E-01  0.12738E+03    0.99000E-01 -0.47137E-01 -0.51863E-01  0.00000E+00  0.00000E+00  0.00000E+00    0.12738E+03  0.00000E+00  0.00000E+00 -0.13566E+00  0.32208E+00  0.30372E+00
  0.99998E-01  0.12772E+03    0.10000E+00 -0.47612E-01 -0.52388E-01  0.00000E+00  0.00000E+00  0.00000E+00    0.12772E+03  0.00000E+00  0.00000E+00 -0.13394E+00  0.32493E+00  0.30454E+00
