          Evm          Svm            E11          E22          E33          E23          E13          E12         SCAU11       SCAU22       SCAU33       SCAU23       SCAU13       SCAU12      TEMP
  0.00000E+00  0.88634E+02    0.00000E+00  0.00000E+00  0.00000E+00  0.00000E+00  0.00000E+00  0.00000E+00    0.88632E+02  0.00000E+00  0.00000E+00 -0.20557E+00  0.12745E+00  0.24491E+00
  0.99998E-03  0.89196E+02    0.10000E-02 -0.47967E-03 -0.52033E-03  0.00000E+00  0.00000E+00  0.00000E+00    0.89194E+02  0.00000E+00  0.00000E+00 -0.21003E+00  0.13050E+00  0.24813E+00
  0.20000E-02  0.89727E+02    0.20000E-02 -0.95784E-03 -0.10422E-02  0.00000E+00  0.00000E+00  0.00000E+00    0.89725E+02  0.00000E+00  0.00000E+00 -0.21034E+00  0.13153E+00  0.25025E+00
  0.29999E-02  0.90314E+02    0.30000E-02 -0.14356E-02 -0.15644E-02  0.00000E+00  0.00000E+00  0.00000E+00    0.90312E+02  0.00000E+00  0.00000E+00 -0.21141E+00  0.13269E+00  0.25170E+00
  0.39999E-02  0.90889E+02    0.40000E-02 -0.19132E-02 -0.20868E-02  0.00000E+00  0.00000E+00  0.00000E+00    0.90887E+02  0.00000E+00  0.00000E+00 -0.21041E+00  0.13471E+00  0.25287E+00
  0.49999E-02  0.91478E+02    0.50000E-02 -0.23906E-02 -0.26094E-02  0.00000E+00  0.00000E+00  0.00000E+00    0.91475E+02  0.00000E+00  0.00000E+00 -0.21131E+00  0.13604E+00  0.25402E+00
  0.59999E-02  0.92055E+02    0.60000E-02 -0.28679E-02 -0.31321E-02  0.00000E+00  0.00000E+00  0.00000E+00    0.92053E+02  0.00000E+00  0.00000E+00 -0.21214E+00  0.13729E+00  0.25505E+00
  0.69998E-02  0.92629E+02    0.70000E-02 -0.33451E-02 -0.36549E-02  0.00000E+00  0.00000E+00  0.00000E+00    0.92627E+02  0.00000E+00  0.00000E+00 -0.21292E+00  0.13856E+00  0.25603E+00
  0.79998E-02  0.93199E+02    0.80000E-02 -0.38223E-02 -0.41777E-02  0.00000E+00  0.00000E+00  0.00000E+00    0.93197E+02  0.00000E+00  0.00000E+00 -0.21366E+00  0.13985E+00  0.25698E+00
  0.89998E-02  0.93766E+02    0.90000E-02 -0.42994E-02 -0.47006E-02  0.00000E+00  0.00000E+00  0.00000E+00    0.93764E+02  0.00000E+00  0.00000E+00 -0.21436E+00  0.14117E+00  0.25791E+00
  0.99998E-02  0.94329E+02    0.10000E-01 -0.47765E-02 -0.52235E-02  0.00000E+00  0.00000E+00  0.00000E+00    0.94327E+02  0.00000E+00  0.00000E+00 -0.21501E+00  0.14251E+00  0.25881E+00
  0.11000E-01  0.94889E+02    0.11000E-01 -0.52536E-02 -0.57464E-02  0.00000E+00  0.00000E+00  0.00000E+00    0.94887E+02  0.00000E+00  0.00000E+00 -0.21562E+00  0.14387E+00  0.25970E+00
  0.12000E-01  0.95446E+02    0.12000E-01 -0.57306E-02 -0.62694E-02  0.00000E+00  0.00000E+00  0.00000E+00    0.95444E+02  0.00000E+00  0.00000E+00 -0.21619E+00  0.14526E+00  0.26057E+00
  0.13000E-01  0.95999E+02    0.13000E-01 -0.62076E-02 -0.67924E-02  0.00000E+00  0.00000E+00  0.00000E+00    0.95997E+02  0.00000E+00  0.00000E+00 -0.21671E+00  0.14667E+00  0.26143E+00
  0.14000E-01  0.96548E+02    0.14000E-01 -0.66846E-02 -0.73154E-02  0.00000E+00  0.00000E+00  0.00000E+00    0.96546E+02  0.00000E+00  0.00000E+00 -0.21720E+00  0.14810E+00  0.26227E+00
  0.15000E-01  0.97095E+02    0.15000E-01 -0.71615E-02 -0.78385E-02  0.00000E+00  0.00000E+00  0.00000E+00    0.97092E+02  0.00000E+00  0.00000E+00 -0.21764E+00  0.14956E+00  0.26310E+00
  0.16000E-01  0.97638E+02    0.16000E-01 -0.76385E-02 -0.83615E-02  0.00000E+00  0.00000E+00  0.00000E+00    0.97635E+02  0.00000E+00  0.00000E+00 -0.21805E+00  0.15103E+00  0.26391E+00
  0.17000E-01  0.98177E+02    0.17000E-01 -0.81154E-02 -0.88846E-02  0.00000E+00  0.00000E+00  0.00000E+00    0.98175E+02  0.00000E+00  0.00000E+00 -0.21841E+00  0.15253E+00  0.26472E+00
  0.18000E-01  0.98714E+02    0.18000E-01 -0.85923E-02 -0.94077E-02  0.00000E+00  0.00000E+00  0.00000E+00    0.98712E+02  0.00000E+00  0.00000E+00 -0.21873E+00  0.15405E+00  0.26552E+00
  0.19000E-01  0.99247E+02    0.19000E-01 -0.90691E-02 -0.99309E-02  0.00000E+00  0.00000E+00  0.00000E+00    0.99245E+02  0.00000E+00  0.00000E+00 -0.21902E+00  0.15559E+00  0.26630E+00
  0.20000E-01  0.99777E+02    0.20000E-01 -0.95460E-02 -0.10454E-01  0.00000E+00  0.00000E+00  0.00000E+00    0.99775E+02  0.00000E+00  0.00000E+00 -0.21926E+00  0.15716E+00  0.26707E+00
  0.21000E-01  0.10030E+03    0.21000E-01 -0.10023E-01 -0.10977E-01  0.00000E+00  0.00000E+00  0.00000E+00    0.10030E+03  0.00000E+00  0.00000E+00 -0.21946E+00  0.15874E+00  0.26783E+00
  0.22000E-01  0.10083E+03    0.22000E-01 -0.10500E-01 -0.11500E-01  0.00000E+00  0.00000E+00  0.00000E+00    0.10083E+03  0.00000E+00  0.00000E+00 -0.21963E+00  0.16035E+00  0.26859E+00
  0.22999E-01  0.10135E+03    0.23000E-01 -0.10976E-01 -0.12024E-01  0.00000E+00  0.00000E+00  0.00000E+00    0.10135E+03  0.00000E+00  0.00000E+00 -0.21976E+00  0.16197E+00  0.26933E+00
  0.23999E-01  0.10187E+03    0.24000E-01 -0.11453E-01 -0.12547E-01  0.00000E+00  0.00000E+00  0.00000E+00    0.10186E+03  0.00000E+00  0.00000E+00 -0.21985E+00  0.16362E+00  0.27007E+00
  0.24999E-01  0.10238E+03    0.25000E-01 -0.11930E-01 -0.13070E-01  0.00000E+00  0.00000E+00  0.00000E+00    0.10238E+03  0.00000E+00  0.00000E+00 -0.21991E+00  0.16529E+00  0.27079E+00
  0.25999E-01  0.10289E+03    0.26000E-01 -0.12407E-01 -0.13593E-01  0.00000E+00  0.00000E+00  0.00000E+00    0.10289E+03  0.00000E+00  0.00000E+00 -0.21992E+00  0.16698E+00  0.27151E+00
  0.26999E-01  0.10340E+03    0.27000E-01 -0.12883E-01 -0.14117E-01  0.00000E+00  0.00000E+00  0.00000E+00    0.10340E+03  0.00000E+00  0.00000E+00 -0.21991E+00  0.16869E+00  0.27222E+00
  0.27999E-01  0.10390E+03    0.28000E-01 -0.13360E-01 -0.14640E-01  0.00000E+00  0.00000E+00  0.00000E+00    0.10390E+03  0.00000E+00  0.00000E+00 -0.21985E+00  0.17042E+00  0.27292E+00
  0.28999E-01  0.10441E+03    0.29000E-01 -0.13836E-01 -0.15164E-01  0.00000E+00  0.00000E+00  0.00000E+00    0.10440E+03  0.00000E+00  0.00000E+00 -0.21975E+00  0.17217E+00  0.27362E+00
  0.29999E-01  0.10491E+03    0.30000E-01 -0.14313E-01 -0.15687E-01  0.00000E+00  0.00000E+00  0.00000E+00    0.10490E+03  0.00000E+00  0.00000E+00 -0.21963E+00  0.17394E+00  0.27431E+00
  0.30999E-01  0.10540E+03    0.31000E-01 -0.14790E-01 -0.16210E-01  0.00000E+00  0.00000E+00  0.00000E+00    0.10540E+03  0.00000E+00  0.00000E+00 -0.21947E+00  0.17573E+00  0.27499E+00
  0.31999E-01  0.10590E+03    0.32000E-01 -0.15266E-01 -0.16734E-01  0.00000E+00  0.00000E+00  0.00000E+00    0.10589E+03  0.00000E+00  0.00000E+00 -0.21927E+00  0.17753E+00  0.27566E+00
  0.32999E-01  0.10639E+03    0.33000E-01 -0.15743E-01 -0.17257E-01  0.00000E+00  0.00000E+00  0.00000E+00    0.10638E+03  0.00000E+00  0.00000E+00 -0.21904E+00  0.17936E+00  0.27633E+00
  0.33999E-01  0.10687E+03    0.34000E-01 -0.16219E-01 -0.17781E-01  0.00000E+00  0.00000E+00  0.00000E+00    0.10687E+03  0.00000E+00  0.00000E+00 -0.21878E+00  0.18121E+00  0.27699E+00
  0.34999E-01  0.10736E+03    0.35000E-01 -0.16696E-01 -0.18304E-01  0.00000E+00  0.00000E+00  0.00000E+00    0.10736E+03  0.00000E+00  0.00000E+00 -0.21849E+00  0.18308E+00  0.27764E+00
  0.35999E-01  0.10784E+03    0.36000E-01 -0.17172E-01 -0.18828E-01  0.00000E+00  0.00000E+00  0.00000E+00    0.10784E+03  0.00000E+00  0.00000E+00 -0.21816E+00  0.18496E+00  0.27829E+00
  0.36999E-01  0.10832E+03    0.37000E-01 -0.17649E-01 -0.19351E-01  0.00000E+00  0.00000E+00  0.00000E+00    0.10832E+03  0.00000E+00  0.00000E+00 -0.21779E+00  0.18687E+00  0.27893E+00
  0.37999E-01  0.10880E+03    0.38000E-01 -0.18125E-01 -0.19875E-01  0.00000E+00  0.00000E+00  0.00000E+00    0.10879E+03  0.00000E+00  0.00000E+00 -0.21740E+00  0.18879E+00  0.27957E+00
  0.38999E-01  0.10923E+03    0.39000E-01 -0.18601E-01 -0.20399E-01  0.00000E+00  0.00000E+00  0.00000E+00    0.10923E+03  0.00000E+00  0.00000E+00 -0.22000E+00  0.18923E+00  0.28019E+00
  0.39999E-01  0.10974E+03    0.40000E-01 -0.19078E-01 -0.20922E-01  0.00000E+00  0.00000E+00  0.00000E+00    0.10973E+03  0.00000E+00  0.00000E+00 -0.21672E+00  0.19256E+00  0.28079E+00
  0.40999E-01  0.11017E+03    0.41000E-01 -0.19554E-01 -0.21446E-01  0.00000E+00  0.00000E+00  0.00000E+00    0.11017E+03  0.00000E+00  0.00000E+00 -0.21908E+00  0.19312E+00  0.28145E+00
  0.41999E-01  0.11064E+03    0.42000E-01 -0.20030E-01 -0.21970E-01  0.00000E+00  0.00000E+00  0.00000E+00    0.11064E+03  0.00000E+00  0.00000E+00 -0.21863E+00  0.19501E+00  0.28207E+00
  0.42999E-01  0.11110E+03    0.43000E-01 -0.20507E-01 -0.22493E-01  0.00000E+00  0.00000E+00  0.00000E+00    0.11110E+03  0.00000E+00  0.00000E+00 -0.21809E+00  0.19700E+00  0.28269E+00
  0.43999E-01  0.11156E+03    0.44000E-01 -0.20983E-01 -0.23017E-01  0.00000E+00  0.00000E+00  0.00000E+00    0.11156E+03  0.00000E+00  0.00000E+00 -0.21752E+00  0.19901E+00  0.28331E+00
  0.44999E-01  0.11202E+03    0.45000E-01 -0.21459E-01 -0.23541E-01  0.00000E+00  0.00000E+00  0.00000E+00    0.11202E+03  0.00000E+00  0.00000E+00 -0.21692E+00  0.20103E+00  0.28392E+00
  0.45999E-01  0.11248E+03    0.46000E-01 -0.21935E-01 -0.24065E-01  0.00000E+00  0.00000E+00  0.00000E+00    0.11247E+03  0.00000E+00  0.00000E+00 -0.21629E+00  0.20307E+00  0.28452E+00
  0.46999E-01  0.11293E+03    0.47000E-01 -0.22412E-01 -0.24588E-01  0.00000E+00  0.00000E+00  0.00000E+00    0.11293E+03  0.00000E+00  0.00000E+00 -0.21562E+00  0.20513E+00  0.28513E+00
  0.47999E-01  0.11338E+03    0.48000E-01 -0.22888E-01 -0.25112E-01  0.00000E+00  0.00000E+00  0.00000E+00    0.11338E+03  0.00000E+00  0.00000E+00 -0.21493E+00  0.20721E+00  0.28573E+00
  0.48999E-01  0.11385E+03    0.49000E-01 -0.23364E-01 -0.25636E-01  0.00000E+00  0.00000E+00  0.00000E+00    0.11384E+03  0.00000E+00  0.00000E+00 -0.21131E+00  0.21083E+00  0.28622E+00
  0.49999E-01  0.11427E+03    0.50000E-01 -0.23840E-01 -0.26160E-01  0.00000E+00  0.00000E+00  0.00000E+00    0.11427E+03  0.00000E+00  0.00000E+00 -0.21341E+00  0.21148E+00  0.28693E+00
  0.50999E-01  0.11473E+03    0.51000E-01 -0.24316E-01 -0.26684E-01  0.00000E+00  0.00000E+00  0.00000E+00    0.11473E+03  0.00000E+00  0.00000E+00 -0.20980E+00  0.21510E+00  0.28740E+00
  0.51999E-01  0.11515E+03    0.52000E-01 -0.24792E-01 -0.27208E-01  0.00000E+00  0.00000E+00  0.00000E+00    0.11515E+03  0.00000E+00  0.00000E+00 -0.21182E+00  0.21574E+00  0.28811E+00
  0.52999E-01  0.11561E+03    0.53000E-01 -0.25268E-01 -0.27732E-01  0.00000E+00  0.00000E+00  0.00000E+00    0.11561E+03  0.00000E+00  0.00000E+00 -0.20817E+00  0.21943E+00  0.28857E+00
  0.53999E-01  0.11603E+03    0.54000E-01 -0.25744E-01 -0.28256E-01  0.00000E+00  0.00000E+00  0.00000E+00    0.11602E+03  0.00000E+00  0.00000E+00 -0.21014E+00  0.22008E+00  0.28929E+00
  0.54999E-01  0.11645E+03    0.55000E-01 -0.26220E-01 -0.28780E-01  0.00000E+00  0.00000E+00  0.00000E+00    0.11645E+03  0.00000E+00  0.00000E+00 -0.20966E+00  0.22203E+00  0.28985E+00
  0.55999E-01  0.11689E+03    0.56000E-01 -0.26696E-01 -0.29304E-01  0.00000E+00  0.00000E+00  0.00000E+00    0.11689E+03  0.00000E+00  0.00000E+00 -0.20843E+00  0.22438E+00  0.29045E+00
  0.56999E-01  0.11731E+03    0.57000E-01 -0.27172E-01 -0.29828E-01  0.00000E+00  0.00000E+00  0.00000E+00    0.11730E+03  0.00000E+00  0.00000E+00 -0.20782E+00  0.22645E+00  0.29102E+00
  0.57999E-01  0.11774E+03    0.58000E-01 -0.27648E-01 -0.30352E-01  0.00000E+00  0.00000E+00  0.00000E+00    0.11774E+03  0.00000E+00  0.00000E+00 -0.20653E+00  0.22883E+00  0.29162E+00
  0.58999E-01  0.11815E+03    0.59000E-01 -0.28124E-01 -0.30876E-01  0.00000E+00  0.00000E+00  0.00000E+00    0.11815E+03  0.00000E+00  0.00000E+00 -0.20587E+00  0.23092E+00  0.29218E+00
  0.59999E-01  0.11859E+03    0.60000E-01 -0.28600E-01 -0.31400E-01  0.00000E+00  0.00000E+00  0.00000E+00    0.11858E+03  0.00000E+00  0.00000E+00 -0.20453E+00  0.23334E+00  0.29278E+00
  0.60999E-01  0.11899E+03    0.61000E-01 -0.29075E-01 -0.31925E-01  0.00000E+00  0.00000E+00  0.00000E+00    0.11899E+03  0.00000E+00  0.00000E+00 -0.20382E+00  0.23546E+00  0.29335E+00
  0.61999E-01  0.11942E+03    0.62000E-01 -0.29551E-01 -0.32449E-01  0.00000E+00  0.00000E+00  0.00000E+00    0.11942E+03  0.00000E+00  0.00000E+00 -0.20243E+00  0.23791E+00  0.29394E+00
  0.62999E-01  0.11982E+03    0.63000E-01 -0.30027E-01 -0.32973E-01  0.00000E+00  0.00000E+00  0.00000E+00    0.11982E+03  0.00000E+00  0.00000E+00 -0.20168E+00  0.24006E+00  0.29450E+00
  0.63999E-01  0.12023E+03    0.64000E-01 -0.30503E-01 -0.33497E-01  0.00000E+00  0.00000E+00  0.00000E+00    0.12023E+03  0.00000E+00  0.00000E+00 -0.20063E+00  0.24236E+00  0.29508E+00
  0.64999E-01  0.12064E+03    0.65000E-01 -0.30978E-01 -0.34022E-01  0.00000E+00  0.00000E+00  0.00000E+00    0.12064E+03  0.00000E+00  0.00000E+00 -0.19951E+00  0.24469E+00  0.29566E+00
  0.65999E-01  0.12105E+03    0.66000E-01 -0.31454E-01 -0.34546E-01  0.00000E+00  0.00000E+00  0.00000E+00    0.12105E+03  0.00000E+00  0.00000E+00 -0.19836E+00  0.24704E+00  0.29625E+00
  0.66999E-01  0.12145E+03    0.67000E-01 -0.31930E-01 -0.35070E-01  0.00000E+00  0.00000E+00  0.00000E+00    0.12145E+03  0.00000E+00  0.00000E+00 -0.19718E+00  0.24940E+00  0.29683E+00
  0.67999E-01  0.12186E+03    0.68000E-01 -0.32405E-01 -0.35595E-01  0.00000E+00  0.00000E+00  0.00000E+00    0.12185E+03  0.00000E+00  0.00000E+00 -0.19597E+00  0.25178E+00  0.29742E+00
  0.68999E-01  0.12226E+03    0.69000E-01 -0.32881E-01 -0.36119E-01  0.00000E+00  0.00000E+00  0.00000E+00    0.12226E+03  0.00000E+00  0.00000E+00 -0.19475E+00  0.25418E+00  0.29800E+00
  0.69999E-01  0.12266E+03    0.70000E-01 -0.33357E-01 -0.36643E-01  0.00000E+00  0.00000E+00  0.00000E+00    0.12265E+03  0.00000E+00  0.00000E+00 -0.19350E+00  0.25659E+00  0.29859E+00
  0.70999E-01  0.12305E+03    0.71000E-01 -0.33832E-01 -0.37168E-01  0.00000E+00  0.00000E+00  0.00000E+00    0.12305E+03  0.00000E+00  0.00000E+00 -0.19223E+00  0.25901E+00  0.29918E+00
  0.71999E-01  0.12345E+03    0.72000E-01 -0.34308E-01 -0.37692E-01  0.00000E+00  0.00000E+00  0.00000E+00    0.12344E+03  0.00000E+00  0.00000E+00 -0.19094E+00  0.26145E+00  0.29978E+00
  0.72998E-01  0.12384E+03    0.73000E-01 -0.34783E-01 -0.38217E-01  0.00000E+00  0.00000E+00  0.00000E+00    0.12384E+03  0.00000E+00  0.00000E+00 -0.18963E+00  0.26390E+00  0.30037E+00
  0.73998E-01  0.12423E+03    0.74000E-01 -0.35259E-01 -0.38741E-01  0.00000E+00  0.00000E+00  0.00000E+00    0.12423E+03  0.00000E+00  0.00000E+00 -0.18830E+00  0.26637E+00  0.30097E+00
  0.74998E-01  0.12462E+03    0.75000E-01 -0.35734E-01 -0.39266E-01  0.00000E+00  0.00000E+00  0.00000E+00    0.12461E+03  0.00000E+00  0.00000E+00 -0.18694E+00  0.26885E+00  0.30157E+00
  0.75998E-01  0.12500E+03    0.76000E-01 -0.36209E-01 -0.39791E-01  0.00000E+00  0.00000E+00  0.00000E+00    0.12500E+03  0.00000E+00  0.00000E+00 -0.18556E+00  0.27136E+00  0.30218E+00
  0.76998E-01  0.12539E+03    0.77000E-01 -0.36685E-01 -0.40315E-01  0.00000E+00  0.00000E+00  0.00000E+00    0.12538E+03  0.00000E+00  0.00000E+00 -0.18416E+00  0.27387E+00  0.30280E+00
  0.77998E-01  0.12577E+03    0.78000E-01 -0.37160E-01 -0.40840E-01  0.00000E+00  0.00000E+00  0.00000E+00    0.12577E+03  0.00000E+00  0.00000E+00 -0.18275E+00  0.27640E+00  0.30341E+00
  0.78998E-01  0.12615E+03    0.79000E-01 -0.37635E-01 -0.41365E-01  0.00000E+00  0.00000E+00  0.00000E+00    0.12615E+03  0.00000E+00  0.00000E+00 -0.18131E+00  0.27895E+00  0.30403E+00
  0.79998E-01  0.12653E+03    0.80000E-01 -0.38111E-01 -0.41889E-01  0.00000E+00  0.00000E+00  0.00000E+00    0.12653E+03  0.00000E+00  0.00000E+00 -0.17304E+00  0.28463E+00  0.30470E+00
  0.80998E-01  0.12688E+03    0.81000E-01 -0.38586E-01 -0.42414E-01  0.00000E+00  0.00000E+00  0.00000E+00    0.12688E+03  0.00000E+00  0.00000E+00 -0.17334E+00  0.28684E+00  0.30542E+00
  0.81998E-01  0.12725E+03    0.82000E-01 -0.39061E-01 -0.42939E-01  0.00000E+00  0.00000E+00  0.00000E+00    0.12724E+03  0.00000E+00  0.00000E+00 -0.17157E+00  0.28953E+00  0.30608E+00
  0.82998E-01  0.12762E+03    0.83000E-01 -0.39536E-01 -0.43464E-01  0.00000E+00  0.00000E+00  0.00000E+00    0.12762E+03  0.00000E+00  0.00000E+00 -0.17004E+00  0.29216E+00  0.30674E+00
  0.83998E-01  0.12799E+03    0.84000E-01 -0.40012E-01 -0.43988E-01  0.00000E+00  0.00000E+00  0.00000E+00    0.12799E+03  0.00000E+00  0.00000E+00 -0.16851E+00  0.29481E+00  0.30740E+00
  0.84998E-01  0.12841E+03    0.85000E-01 -0.40487E-01 -0.44513E-01  0.00000E+00  0.00000E+00  0.00000E+00    0.12840E+03  0.00000E+00  0.00000E+00 -0.16541E+00  0.29810E+00  0.30798E+00
  0.85998E-01  0.12878E+03    0.86000E-01 -0.40962E-01 -0.45038E-01  0.00000E+00  0.00000E+00  0.00000E+00    0.12878E+03  0.00000E+00  0.00000E+00 -0.16424E+00  0.30069E+00  0.30863E+00
  0.86998E-01  0.12914E+03    0.87000E-01 -0.41437E-01 -0.45563E-01  0.00000E+00  0.00000E+00  0.00000E+00    0.12914E+03  0.00000E+00  0.00000E+00 -0.16264E+00  0.30339E+00  0.30930E+00
  0.87998E-01  0.12951E+03    0.88000E-01 -0.41912E-01 -0.46088E-01  0.00000E+00  0.00000E+00  0.00000E+00    0.12950E+03  0.00000E+00  0.00000E+00 -0.16103E+00  0.30611E+00  0.30999E+00
  0.88998E-01  0.12987E+03    0.89000E-01 -0.42387E-01 -0.46613E-01  0.00000E+00  0.00000E+00  0.00000E+00    0.12986E+03  0.00000E+00  0.00000E+00 -0.15940E+00  0.30885E+00  0.31069E+00
  0.89998E-01  0.13023E+03    0.90000E-01 -0.42862E-01 -0.47138E-01  0.00000E+00  0.00000E+00  0.00000E+00    0.13022E+03  0.00000E+00  0.00000E+00 -0.15775E+00  0.31160E+00  0.31140E+00
  0.90998E-01  0.13058E+03    0.91000E-01 -0.43337E-01 -0.47663E-01  0.00000E+00  0.00000E+00  0.00000E+00    0.13058E+03  0.00000E+00  0.00000E+00 -0.15608E+00  0.31437E+00  0.31211E+00
  0.91998E-01  0.13094E+03    0.92000E-01 -0.43812E-01 -0.48188E-01  0.00000E+00  0.00000E+00  0.00000E+00    0.13093E+03  0.00000E+00  0.00000E+00 -0.15440E+00  0.31716E+00  0.31284E+00
  0.92998E-01  0.13129E+03    0.93000E-01 -0.44287E-01 -0.48713E-01  0.00000E+00  0.00000E+00  0.00000E+00    0.13129E+03  0.00000E+00  0.00000E+00 -0.15271E+00  0.31996E+00  0.31358E+00
  0.93998E-01  0.13164E+03    0.94000E-01 -0.44762E-01 -0.49238E-01  0.00000E+00  0.00000E+00  0.00000E+00    0.13164E+03  0.00000E+00  0.00000E+00 -0.15099E+00  0.32278E+00  0.31433E+00
  0.94998E-01  0.13199E+03    0.95000E-01 -0.45237E-01 -0.49763E-01  0.00000E+00  0.00000E+00  0.00000E+00    0.13199E+03  0.00000E+00  0.00000E+00 -0.14926E+00  0.32562E+00  0.31509E+00
  0.95998E-01  0.13234E+03    0.96000E-01 -0.45712E-01 -0.50288E-01  0.00000E+00  0.00000E+00  0.00000E+00    0.13234E+03  0.00000E+00  0.00000E+00 -0.14751E+00  0.32848E+00  0.31586E+00
  0.96998E-01  0.13269E+03    0.97000E-01 -0.46187E-01 -0.50813E-01  0.00000E+00  0.00000E+00  0.00000E+00    0.13268E+03  0.00000E+00  0.00000E+00 -0.14575E+00  0.33136E+00  0.31664E+00
  0.97998E-01  0.13303E+03    0.98000E-01 -0.46661E-01 -0.51339E-01  0.00000E+00  0.00000E+00  0.00000E+00    0.13303E+03  0.00000E+00  0.00000E+00 -0.14397E+00  0.33425E+00  0.31744E+00
  0.98998E-01  0.13337E+03    0.99000E-01 -0.47136E-01 -0.51864E-01  0.00000E+00  0.00000E+00  0.00000E+00    0.13337E+03  0.00000E+00  0.00000E+00 -0.14218E+00  0.33717E+00  0.31825E+00
  0.99998E-01  0.13371E+03    0.10000E+00 -0.47611E-01 -0.52389E-01  0.00000E+00  0.00000E+00  0.00000E+00    0.13371E+03  0.00000E+00  0.00000E+00 -0.14038E+00  0.34010E+00  0.31907E+00
