          Evm          Svm            E11          E22          E33          E23          E13          E12         SCAU11       SCAU22       SCAU33       SCAU23       SCAU13       SCAU12      TEMP
  0.00000E+00  0.86690E+02    0.00000E+00  0.00000E+00  0.00000E+00  0.00000E+00  0.00000E+00  0.00000E+00    0.86688E+02  0.00000E+00  0.00000E+00 -0.20106E+00  0.12465E+00  0.23954E+00
  0.99998E-03  0.87253E+02    0.10000E-02 -0.47967E-03 -0.52033E-03  0.00000E+00  0.00000E+00  0.00000E+00    0.87251E+02  0.00000E+00  0.00000E+00 -0.20551E+00  0.12765E+00  0.24272E+00
  0.20000E-02  0.87784E+02    0.20000E-02 -0.95784E-03 -0.10422E-02  0.00000E+00  0.00000E+00  0.00000E+00    0.87782E+02  0.00000E+00  0.00000E+00 -0.20584E+00  0.12868E+00  0.24483E+00
  0.29999E-02  0.88370E+02    0.30000E-02 -0.14356E-02 -0.15644E-02  0.00000E+00  0.00000E+00  0.00000E+00    0.88368E+02  0.00000E+00  0.00000E+00 -0.20693E+00  0.12983E+00  0.24628E+00
  0.39999E-02  0.88945E+02    0.40000E-02 -0.19132E-02 -0.20868E-02  0.00000E+00  0.00000E+00  0.00000E+00    0.88943E+02  0.00000E+00  0.00000E+00 -0.20594E+00  0.13183E+00  0.24746E+00
  0.49999E-02  0.89534E+02    0.50000E-02 -0.23906E-02 -0.26094E-02  0.00000E+00  0.00000E+00  0.00000E+00    0.89532E+02  0.00000E+00  0.00000E+00 -0.20686E+00  0.13315E+00  0.24862E+00
  0.59999E-02  0.90112E+02    0.60000E-02 -0.28679E-02 -0.31321E-02  0.00000E+00  0.00000E+00  0.00000E+00    0.90110E+02  0.00000E+00  0.00000E+00 -0.20771E+00  0.13439E+00  0.24965E+00
  0.69998E-02  0.90686E+02    0.70000E-02 -0.33451E-02 -0.36549E-02  0.00000E+00  0.00000E+00  0.00000E+00    0.90684E+02  0.00000E+00  0.00000E+00 -0.20850E+00  0.13565E+00  0.25064E+00
  0.79998E-02  0.91256E+02    0.80000E-02 -0.38223E-02 -0.41777E-02  0.00000E+00  0.00000E+00  0.00000E+00    0.91254E+02  0.00000E+00  0.00000E+00 -0.20926E+00  0.13693E+00  0.25160E+00
  0.89998E-02  0.91823E+02    0.90000E-02 -0.42994E-02 -0.47006E-02  0.00000E+00  0.00000E+00  0.00000E+00    0.91820E+02  0.00000E+00  0.00000E+00 -0.20997E+00  0.13824E+00  0.25254E+00
  0.99998E-02  0.92386E+02    0.10000E-01 -0.47765E-02 -0.52235E-02  0.00000E+00  0.00000E+00  0.00000E+00    0.92384E+02  0.00000E+00  0.00000E+00 -0.21064E+00  0.13956E+00  0.25345E+00
  0.11000E-01  0.92946E+02    0.11000E-01 -0.52535E-02 -0.57465E-02  0.00000E+00  0.00000E+00  0.00000E+00    0.92943E+02  0.00000E+00  0.00000E+00 -0.21127E+00  0.14091E+00  0.25435E+00
  0.12000E-01  0.93502E+02    0.12000E-01 -0.57306E-02 -0.62694E-02  0.00000E+00  0.00000E+00  0.00000E+00    0.93500E+02  0.00000E+00  0.00000E+00 -0.21185E+00  0.14229E+00  0.25523E+00
  0.13000E-01  0.94055E+02    0.13000E-01 -0.62076E-02 -0.67924E-02  0.00000E+00  0.00000E+00  0.00000E+00    0.94053E+02  0.00000E+00  0.00000E+00 -0.21240E+00  0.14368E+00  0.25610E+00
  0.14000E-01  0.94604E+02    0.14000E-01 -0.66846E-02 -0.73154E-02  0.00000E+00  0.00000E+00  0.00000E+00    0.94602E+02  0.00000E+00  0.00000E+00 -0.21290E+00  0.14510E+00  0.25695E+00
  0.15000E-01  0.95151E+02    0.15000E-01 -0.71615E-02 -0.78385E-02  0.00000E+00  0.00000E+00  0.00000E+00    0.95149E+02  0.00000E+00  0.00000E+00 -0.21336E+00  0.14654E+00  0.25779E+00
  0.16000E-01  0.95694E+02    0.16000E-01 -0.76384E-02 -0.83616E-02  0.00000E+00  0.00000E+00  0.00000E+00    0.95691E+02  0.00000E+00  0.00000E+00 -0.21378E+00  0.14800E+00  0.25862E+00
  0.17000E-01  0.96233E+02    0.17000E-01 -0.81154E-02 -0.88846E-02  0.00000E+00  0.00000E+00  0.00000E+00    0.96231E+02  0.00000E+00  0.00000E+00 -0.21416E+00  0.14949E+00  0.25944E+00
  0.18000E-01  0.96770E+02    0.18000E-01 -0.85922E-02 -0.94078E-02  0.00000E+00  0.00000E+00  0.00000E+00    0.96767E+02  0.00000E+00  0.00000E+00 -0.21451E+00  0.15099E+00  0.26024E+00
  0.19000E-01  0.97303E+02    0.19000E-01 -0.90691E-02 -0.99309E-02  0.00000E+00  0.00000E+00  0.00000E+00    0.97301E+02  0.00000E+00  0.00000E+00 -0.21481E+00  0.15252E+00  0.26104E+00
  0.20000E-01  0.97833E+02    0.20000E-01 -0.95460E-02 -0.10454E-01  0.00000E+00  0.00000E+00  0.00000E+00    0.97831E+02  0.00000E+00  0.00000E+00 -0.21507E+00  0.15406E+00  0.26182E+00
  0.21000E-01  0.98359E+02    0.21000E-01 -0.10023E-01 -0.10977E-01  0.00000E+00  0.00000E+00  0.00000E+00    0.98357E+02  0.00000E+00  0.00000E+00 -0.21530E+00  0.15563E+00  0.26259E+00
  0.22000E-01  0.98883E+02    0.22000E-01 -0.10500E-01 -0.11500E-01  0.00000E+00  0.00000E+00  0.00000E+00    0.98881E+02  0.00000E+00  0.00000E+00 -0.21549E+00  0.15722E+00  0.26336E+00
  0.22999E-01  0.99403E+02    0.23000E-01 -0.10976E-01 -0.12024E-01  0.00000E+00  0.00000E+00  0.00000E+00    0.99401E+02  0.00000E+00  0.00000E+00 -0.21564E+00  0.15883E+00  0.26411E+00
  0.23999E-01  0.99921E+02    0.24000E-01 -0.11453E-01 -0.12547E-01  0.00000E+00  0.00000E+00  0.00000E+00    0.99919E+02  0.00000E+00  0.00000E+00 -0.21575E+00  0.16047E+00  0.26486E+00
  0.24999E-01  0.10044E+03    0.25000E-01 -0.11930E-01 -0.13070E-01  0.00000E+00  0.00000E+00  0.00000E+00    0.10043E+03  0.00000E+00  0.00000E+00 -0.21582E+00  0.16212E+00  0.26560E+00
  0.25999E-01  0.10095E+03    0.26000E-01 -0.12407E-01 -0.13593E-01  0.00000E+00  0.00000E+00  0.00000E+00    0.10094E+03  0.00000E+00  0.00000E+00 -0.21586E+00  0.16379E+00  0.26632E+00
  0.26999E-01  0.10145E+03    0.27000E-01 -0.12883E-01 -0.14117E-01  0.00000E+00  0.00000E+00  0.00000E+00    0.10145E+03  0.00000E+00  0.00000E+00 -0.21587E+00  0.16548E+00  0.26705E+00
  0.27999E-01  0.10196E+03    0.28000E-01 -0.13360E-01 -0.14640E-01  0.00000E+00  0.00000E+00  0.00000E+00    0.10196E+03  0.00000E+00  0.00000E+00 -0.21583E+00  0.16719E+00  0.26776E+00
  0.28999E-01  0.10246E+03    0.29000E-01 -0.13837E-01 -0.15163E-01  0.00000E+00  0.00000E+00  0.00000E+00    0.10246E+03  0.00000E+00  0.00000E+00 -0.21576E+00  0.16892E+00  0.26846E+00
  0.29999E-01  0.10296E+03    0.30000E-01 -0.14313E-01 -0.15687E-01  0.00000E+00  0.00000E+00  0.00000E+00    0.10296E+03  0.00000E+00  0.00000E+00 -0.21565E+00  0.17068E+00  0.26916E+00
  0.30999E-01  0.10346E+03    0.31000E-01 -0.14790E-01 -0.16210E-01  0.00000E+00  0.00000E+00  0.00000E+00    0.10346E+03  0.00000E+00  0.00000E+00 -0.21552E+00  0.17245E+00  0.26985E+00
  0.31999E-01  0.10395E+03    0.32000E-01 -0.15266E-01 -0.16734E-01  0.00000E+00  0.00000E+00  0.00000E+00    0.10395E+03  0.00000E+00  0.00000E+00 -0.21534E+00  0.17424E+00  0.27054E+00
  0.32999E-01  0.10444E+03    0.33000E-01 -0.15743E-01 -0.17257E-01  0.00000E+00  0.00000E+00  0.00000E+00    0.10444E+03  0.00000E+00  0.00000E+00 -0.21514E+00  0.17605E+00  0.27121E+00
  0.33999E-01  0.10493E+03    0.34000E-01 -0.16219E-01 -0.17781E-01  0.00000E+00  0.00000E+00  0.00000E+00    0.10493E+03  0.00000E+00  0.00000E+00 -0.21490E+00  0.17788E+00  0.27188E+00
  0.34999E-01  0.10541E+03    0.35000E-01 -0.16696E-01 -0.18304E-01  0.00000E+00  0.00000E+00  0.00000E+00    0.10541E+03  0.00000E+00  0.00000E+00 -0.21462E+00  0.17973E+00  0.27255E+00
  0.35999E-01  0.10590E+03    0.36000E-01 -0.17172E-01 -0.18828E-01  0.00000E+00  0.00000E+00  0.00000E+00    0.10589E+03  0.00000E+00  0.00000E+00 -0.21431E+00  0.18159E+00  0.27320E+00
  0.36999E-01  0.10637E+03    0.37000E-01 -0.17649E-01 -0.19351E-01  0.00000E+00  0.00000E+00  0.00000E+00    0.10637E+03  0.00000E+00  0.00000E+00 -0.21398E+00  0.18348E+00  0.27386E+00
  0.37999E-01  0.10685E+03    0.38000E-01 -0.18125E-01 -0.19875E-01  0.00000E+00  0.00000E+00  0.00000E+00    0.10685E+03  0.00000E+00  0.00000E+00 -0.21361E+00  0.18538E+00  0.27450E+00
  0.38999E-01  0.10732E+03    0.39000E-01 -0.18601E-01 -0.20399E-01  0.00000E+00  0.00000E+00  0.00000E+00    0.10732E+03  0.00000E+00  0.00000E+00 -0.21321E+00  0.18730E+00  0.27514E+00
  0.39999E-01  0.10780E+03    0.40000E-01 -0.19078E-01 -0.20922E-01  0.00000E+00  0.00000E+00  0.00000E+00    0.10779E+03  0.00000E+00  0.00000E+00 -0.21277E+00  0.18924E+00  0.27578E+00
  0.40999E-01  0.10823E+03    0.41000E-01 -0.19554E-01 -0.21446E-01  0.00000E+00  0.00000E+00  0.00000E+00    0.10823E+03  0.00000E+00  0.00000E+00 -0.21534E+00  0.18967E+00  0.27641E+00
  0.41999E-01  0.10872E+03    0.42000E-01 -0.20030E-01 -0.21970E-01  0.00000E+00  0.00000E+00  0.00000E+00    0.10872E+03  0.00000E+00  0.00000E+00 -0.21201E+00  0.19303E+00  0.27700E+00
  0.42999E-01  0.10916E+03    0.43000E-01 -0.20507E-01 -0.22493E-01  0.00000E+00  0.00000E+00  0.00000E+00    0.10915E+03  0.00000E+00  0.00000E+00 -0.21434E+00  0.19358E+00  0.27767E+00
  0.43999E-01  0.10962E+03    0.44000E-01 -0.20983E-01 -0.23017E-01  0.00000E+00  0.00000E+00  0.00000E+00    0.10962E+03  0.00000E+00  0.00000E+00 -0.21386E+00  0.19549E+00  0.27829E+00
  0.44999E-01  0.11008E+03    0.45000E-01 -0.21459E-01 -0.23541E-01  0.00000E+00  0.00000E+00  0.00000E+00    0.11007E+03  0.00000E+00  0.00000E+00 -0.21328E+00  0.19749E+00  0.27891E+00
  0.45999E-01  0.11053E+03    0.46000E-01 -0.21935E-01 -0.24065E-01  0.00000E+00  0.00000E+00  0.00000E+00    0.11053E+03  0.00000E+00  0.00000E+00 -0.21268E+00  0.19951E+00  0.27953E+00
  0.46999E-01  0.11098E+03    0.47000E-01 -0.22412E-01 -0.24588E-01  0.00000E+00  0.00000E+00  0.00000E+00    0.11098E+03  0.00000E+00  0.00000E+00 -0.21204E+00  0.20155E+00  0.28014E+00
  0.47999E-01  0.11143E+03    0.48000E-01 -0.22888E-01 -0.25112E-01  0.00000E+00  0.00000E+00  0.00000E+00    0.11143E+03  0.00000E+00  0.00000E+00 -0.21137E+00  0.20360E+00  0.28075E+00
  0.48999E-01  0.11188E+03    0.49000E-01 -0.23364E-01 -0.25636E-01  0.00000E+00  0.00000E+00  0.00000E+00    0.11188E+03  0.00000E+00  0.00000E+00 -0.21068E+00  0.20567E+00  0.28135E+00
  0.49999E-01  0.11233E+03    0.50000E-01 -0.23840E-01 -0.26160E-01  0.00000E+00  0.00000E+00  0.00000E+00    0.11232E+03  0.00000E+00  0.00000E+00 -0.20996E+00  0.20776E+00  0.28196E+00
  0.50999E-01  0.11279E+03    0.51000E-01 -0.24316E-01 -0.26684E-01  0.00000E+00  0.00000E+00  0.00000E+00    0.11278E+03  0.00000E+00  0.00000E+00 -0.20632E+00  0.21142E+00  0.28245E+00
  0.51999E-01  0.11321E+03    0.52000E-01 -0.24792E-01 -0.27208E-01  0.00000E+00  0.00000E+00  0.00000E+00    0.11320E+03  0.00000E+00  0.00000E+00 -0.20837E+00  0.21205E+00  0.28316E+00
  0.52999E-01  0.11366E+03    0.53000E-01 -0.25268E-01 -0.27732E-01  0.00000E+00  0.00000E+00  0.00000E+00    0.11366E+03  0.00000E+00  0.00000E+00 -0.20475E+00  0.21570E+00  0.28363E+00
  0.53999E-01  0.11408E+03    0.54000E-01 -0.25744E-01 -0.28256E-01  0.00000E+00  0.00000E+00  0.00000E+00    0.11408E+03  0.00000E+00  0.00000E+00 -0.20674E+00  0.21633E+00  0.28436E+00
  0.54999E-01  0.11453E+03    0.55000E-01 -0.26220E-01 -0.28780E-01  0.00000E+00  0.00000E+00  0.00000E+00    0.11453E+03  0.00000E+00  0.00000E+00 -0.20306E+00  0.22005E+00  0.28481E+00
  0.55999E-01  0.11494E+03    0.56000E-01 -0.26696E-01 -0.29304E-01  0.00000E+00  0.00000E+00  0.00000E+00    0.11494E+03  0.00000E+00  0.00000E+00 -0.20500E+00  0.22068E+00  0.28554E+00
  0.56999E-01  0.11536E+03    0.57000E-01 -0.27172E-01 -0.29828E-01  0.00000E+00  0.00000E+00  0.00000E+00    0.11536E+03  0.00000E+00  0.00000E+00 -0.20449E+00  0.22265E+00  0.28611E+00
  0.57999E-01  0.11580E+03    0.58000E-01 -0.27648E-01 -0.30352E-01  0.00000E+00  0.00000E+00  0.00000E+00    0.11579E+03  0.00000E+00  0.00000E+00 -0.20323E+00  0.22500E+00  0.28672E+00
  0.58999E-01  0.11621E+03    0.59000E-01 -0.28124E-01 -0.30876E-01  0.00000E+00  0.00000E+00  0.00000E+00    0.11620E+03  0.00000E+00  0.00000E+00 -0.20260E+00  0.22707E+00  0.28729E+00
  0.59999E-01  0.11664E+03    0.60000E-01 -0.28600E-01 -0.31400E-01  0.00000E+00  0.00000E+00  0.00000E+00    0.11664E+03  0.00000E+00  0.00000E+00 -0.20128E+00  0.22946E+00  0.28789E+00
  0.60999E-01  0.11705E+03    0.61000E-01 -0.29075E-01 -0.31925E-01  0.00000E+00  0.00000E+00  0.00000E+00    0.11704E+03  0.00000E+00  0.00000E+00 -0.20061E+00  0.23157E+00  0.28847E+00
  0.61999E-01  0.11747E+03    0.62000E-01 -0.29551E-01 -0.32449E-01  0.00000E+00  0.00000E+00  0.00000E+00    0.11747E+03  0.00000E+00  0.00000E+00 -0.19924E+00  0.23399E+00  0.28906E+00
  0.62999E-01  0.11788E+03    0.63000E-01 -0.30027E-01 -0.32973E-01  0.00000E+00  0.00000E+00  0.00000E+00    0.11787E+03  0.00000E+00  0.00000E+00 -0.19851E+00  0.23611E+00  0.28964E+00
  0.63999E-01  0.11830E+03    0.64000E-01 -0.30503E-01 -0.33497E-01  0.00000E+00  0.00000E+00  0.00000E+00    0.11830E+03  0.00000E+00  0.00000E+00 -0.19710E+00  0.23857E+00  0.29023E+00
  0.64999E-01  0.11870E+03    0.65000E-01 -0.30978E-01 -0.34022E-01  0.00000E+00  0.00000E+00  0.00000E+00    0.11869E+03  0.00000E+00  0.00000E+00 -0.19633E+00  0.24072E+00  0.29081E+00
  0.65999E-01  0.11910E+03    0.66000E-01 -0.31454E-01 -0.34546E-01  0.00000E+00  0.00000E+00  0.00000E+00    0.11910E+03  0.00000E+00  0.00000E+00 -0.19526E+00  0.24303E+00  0.29140E+00
  0.66999E-01  0.11951E+03    0.67000E-01 -0.31930E-01 -0.35070E-01  0.00000E+00  0.00000E+00  0.00000E+00    0.11950E+03  0.00000E+00  0.00000E+00 -0.19412E+00  0.24536E+00  0.29199E+00
  0.67999E-01  0.11991E+03    0.68000E-01 -0.32405E-01 -0.35595E-01  0.00000E+00  0.00000E+00  0.00000E+00    0.11991E+03  0.00000E+00  0.00000E+00 -0.19295E+00  0.24772E+00  0.29258E+00
  0.68999E-01  0.12031E+03    0.69000E-01 -0.32881E-01 -0.36119E-01  0.00000E+00  0.00000E+00  0.00000E+00    0.12031E+03  0.00000E+00  0.00000E+00 -0.19175E+00  0.25009E+00  0.29317E+00
  0.69999E-01  0.12071E+03    0.70000E-01 -0.33357E-01 -0.36643E-01  0.00000E+00  0.00000E+00  0.00000E+00    0.12071E+03  0.00000E+00  0.00000E+00 -0.19053E+00  0.25247E+00  0.29377E+00
  0.70999E-01  0.12110E+03    0.71000E-01 -0.33832E-01 -0.37168E-01  0.00000E+00  0.00000E+00  0.00000E+00    0.12110E+03  0.00000E+00  0.00000E+00 -0.18929E+00  0.25487E+00  0.29436E+00
  0.71999E-01  0.12150E+03    0.72000E-01 -0.34308E-01 -0.37692E-01  0.00000E+00  0.00000E+00  0.00000E+00    0.12150E+03  0.00000E+00  0.00000E+00 -0.18803E+00  0.25729E+00  0.29496E+00
  0.72998E-01  0.12189E+03    0.73000E-01 -0.34783E-01 -0.38217E-01  0.00000E+00  0.00000E+00  0.00000E+00    0.12189E+03  0.00000E+00  0.00000E+00 -0.18674E+00  0.25972E+00  0.29556E+00
  0.73998E-01  0.12228E+03    0.74000E-01 -0.35259E-01 -0.38741E-01  0.00000E+00  0.00000E+00  0.00000E+00    0.12228E+03  0.00000E+00  0.00000E+00 -0.18543E+00  0.26216E+00  0.29617E+00
  0.74998E-01  0.12267E+03    0.75000E-01 -0.35734E-01 -0.39266E-01  0.00000E+00  0.00000E+00  0.00000E+00    0.12267E+03  0.00000E+00  0.00000E+00 -0.18411E+00  0.26462E+00  0.29678E+00
  0.75998E-01  0.12305E+03    0.76000E-01 -0.36209E-01 -0.39791E-01  0.00000E+00  0.00000E+00  0.00000E+00    0.12305E+03  0.00000E+00  0.00000E+00 -0.18276E+00  0.26709E+00  0.29739E+00
  0.76998E-01  0.12344E+03    0.77000E-01 -0.36685E-01 -0.40315E-01  0.00000E+00  0.00000E+00  0.00000E+00    0.12343E+03  0.00000E+00  0.00000E+00 -0.18139E+00  0.26958E+00  0.29801E+00
  0.77998E-01  0.12382E+03    0.78000E-01 -0.37160E-01 -0.40840E-01  0.00000E+00  0.00000E+00  0.00000E+00    0.12382E+03  0.00000E+00  0.00000E+00 -0.18000E+00  0.27209E+00  0.29863E+00
  0.78998E-01  0.12420E+03    0.79000E-01 -0.37636E-01 -0.41364E-01  0.00000E+00  0.00000E+00  0.00000E+00    0.12420E+03  0.00000E+00  0.00000E+00 -0.17859E+00  0.27460E+00  0.29926E+00
  0.79998E-01  0.12458E+03    0.80000E-01 -0.38111E-01 -0.41889E-01  0.00000E+00  0.00000E+00  0.00000E+00    0.12457E+03  0.00000E+00  0.00000E+00 -0.17716E+00  0.27714E+00  0.29989E+00
  0.80998E-01  0.12495E+03    0.81000E-01 -0.38586E-01 -0.42414E-01  0.00000E+00  0.00000E+00  0.00000E+00    0.12495E+03  0.00000E+00  0.00000E+00 -0.17571E+00  0.27969E+00  0.30052E+00
  0.81998E-01  0.12533E+03    0.82000E-01 -0.39061E-01 -0.42939E-01  0.00000E+00  0.00000E+00  0.00000E+00    0.12532E+03  0.00000E+00  0.00000E+00 -0.16745E+00  0.28542E+00  0.30120E+00
  0.82998E-01  0.12568E+03    0.83000E-01 -0.39537E-01 -0.43463E-01  0.00000E+00  0.00000E+00  0.00000E+00    0.12567E+03  0.00000E+00  0.00000E+00 -0.16773E+00  0.28762E+00  0.30194E+00
  0.83998E-01  0.12604E+03    0.84000E-01 -0.40012E-01 -0.43988E-01  0.00000E+00  0.00000E+00  0.00000E+00    0.12604E+03  0.00000E+00  0.00000E+00 -0.16595E+00  0.29031E+00  0.30262E+00
  0.84998E-01  0.12640E+03    0.85000E-01 -0.40487E-01 -0.44513E-01  0.00000E+00  0.00000E+00  0.00000E+00    0.12640E+03  0.00000E+00  0.00000E+00 -0.16442E+00  0.29295E+00  0.30330E+00
  0.85998E-01  0.12677E+03    0.86000E-01 -0.40962E-01 -0.45038E-01  0.00000E+00  0.00000E+00  0.00000E+00    0.12677E+03  0.00000E+00  0.00000E+00 -0.16287E+00  0.29561E+00  0.30398E+00
  0.86998E-01  0.12718E+03    0.87000E-01 -0.41437E-01 -0.45563E-01  0.00000E+00  0.00000E+00  0.00000E+00    0.12718E+03  0.00000E+00  0.00000E+00 -0.15976E+00  0.29891E+00  0.30458E+00
  0.87998E-01  0.12755E+03    0.88000E-01 -0.41912E-01 -0.46088E-01  0.00000E+00  0.00000E+00  0.00000E+00    0.12755E+03  0.00000E+00  0.00000E+00 -0.15858E+00  0.30151E+00  0.30524E+00
  0.88998E-01  0.12791E+03    0.89000E-01 -0.42387E-01 -0.46613E-01  0.00000E+00  0.00000E+00  0.00000E+00    0.12791E+03  0.00000E+00  0.00000E+00 -0.15698E+00  0.30422E+00  0.30594E+00
  0.89998E-01  0.12827E+03    0.90000E-01 -0.42862E-01 -0.47138E-01  0.00000E+00  0.00000E+00  0.00000E+00    0.12827E+03  0.00000E+00  0.00000E+00 -0.15536E+00  0.30694E+00  0.30665E+00
  0.90998E-01  0.12863E+03    0.91000E-01 -0.43337E-01 -0.47663E-01  0.00000E+00  0.00000E+00  0.00000E+00    0.12863E+03  0.00000E+00  0.00000E+00 -0.15372E+00  0.30968E+00  0.30737E+00
  0.91998E-01  0.12898E+03    0.92000E-01 -0.43812E-01 -0.48188E-01  0.00000E+00  0.00000E+00  0.00000E+00    0.12898E+03  0.00000E+00  0.00000E+00 -0.15207E+00  0.31244E+00  0.30810E+00
  0.92998E-01  0.12934E+03    0.93000E-01 -0.44287E-01 -0.48713E-01  0.00000E+00  0.00000E+00  0.00000E+00    0.12934E+03  0.00000E+00  0.00000E+00 -0.15040E+00  0.31522E+00  0.30884E+00
  0.93998E-01  0.12969E+03    0.94000E-01 -0.44762E-01 -0.49238E-01  0.00000E+00  0.00000E+00  0.00000E+00    0.12969E+03  0.00000E+00  0.00000E+00 -0.14872E+00  0.31801E+00  0.30959E+00
  0.94998E-01  0.13004E+03    0.95000E-01 -0.45237E-01 -0.49763E-01  0.00000E+00  0.00000E+00  0.00000E+00    0.13004E+03  0.00000E+00  0.00000E+00 -0.14701E+00  0.32082E+00  0.31035E+00
  0.95998E-01  0.13039E+03    0.96000E-01 -0.45712E-01 -0.50288E-01  0.00000E+00  0.00000E+00  0.00000E+00    0.13038E+03  0.00000E+00  0.00000E+00 -0.14530E+00  0.32365E+00  0.31112E+00
  0.96998E-01  0.13073E+03    0.97000E-01 -0.46187E-01 -0.50813E-01  0.00000E+00  0.00000E+00  0.00000E+00    0.13073E+03  0.00000E+00  0.00000E+00 -0.14356E+00  0.32650E+00  0.31190E+00
  0.97998E-01  0.13108E+03    0.98000E-01 -0.46662E-01 -0.51338E-01  0.00000E+00  0.00000E+00  0.00000E+00    0.13107E+03  0.00000E+00  0.00000E+00 -0.14182E+00  0.32937E+00  0.31270E+00
  0.98998E-01  0.13142E+03    0.99000E-01 -0.47136E-01 -0.51864E-01  0.00000E+00  0.00000E+00  0.00000E+00    0.13142E+03  0.00000E+00  0.00000E+00 -0.14005E+00  0.33225E+00  0.31351E+00
  0.99998E-01  0.13176E+03    0.10000E+00 -0.47611E-01 -0.52389E-01  0.00000E+00  0.00000E+00  0.00000E+00    0.13176E+03  0.00000E+00  0.00000E+00 -0.13828E+00  0.33515E+00  0.31434E+00
