          Evm          Svm            E11          E22          E33          E23          E13          E12         SCAU11       SCAU22       SCAU33       SCAU23       SCAU13       SCAU12      TEMP
  0.00000E+00  0.10354E+03    0.00000E+00  0.00000E+00  0.00000E+00  0.00000E+00  0.00000E+00  0.00000E+00    0.10353E+03  0.00000E+00  0.00000E+00 -0.24013E+00  0.14887E+00  0.28608E+00
  0.99998E-03  0.10404E+03    0.10000E-02 -0.47967E-03 -0.52033E-03  0.00000E+00  0.00000E+00  0.00000E+00    0.10404E+03  0.00000E+00  0.00000E+00 -0.24418E+00  0.15381E+00  0.28881E+00
  0.20000E-02  0.10462E+03    0.20000E-02 -0.95794E-03 -0.10421E-02  0.00000E+00  0.00000E+00  0.00000E+00    0.10462E+03  0.00000E+00  0.00000E+00 -0.24296E+00  0.15436E+00  0.29151E+00
  0.29999E-02  0.10521E+03    0.30000E-02 -0.14358E-02 -0.15642E-02  0.00000E+00  0.00000E+00  0.00000E+00    0.10521E+03  0.00000E+00  0.00000E+00 -0.24391E+00  0.15566E+00  0.29309E+00
  0.39999E-02  0.10580E+03    0.40000E-02 -0.19135E-02 -0.20865E-02  0.00000E+00  0.00000E+00  0.00000E+00    0.10580E+03  0.00000E+00  0.00000E+00 -0.24471E+00  0.15691E+00  0.29427E+00
  0.49999E-02  0.10638E+03    0.50000E-02 -0.23910E-02 -0.26090E-02  0.00000E+00  0.00000E+00  0.00000E+00    0.10638E+03  0.00000E+00  0.00000E+00 -0.24545E+00  0.15820E+00  0.29533E+00
  0.59999E-02  0.10696E+03    0.60000E-02 -0.28684E-02 -0.31316E-02  0.00000E+00  0.00000E+00  0.00000E+00    0.10696E+03  0.00000E+00  0.00000E+00 -0.24616E+00  0.15953E+00  0.29632E+00
  0.69998E-02  0.10753E+03    0.70000E-02 -0.33457E-02 -0.36543E-02  0.00000E+00  0.00000E+00  0.00000E+00    0.10753E+03  0.00000E+00  0.00000E+00 -0.24682E+00  0.16088E+00  0.29726E+00
  0.79998E-02  0.10810E+03    0.80000E-02 -0.38229E-02 -0.41771E-02  0.00000E+00  0.00000E+00  0.00000E+00    0.10810E+03  0.00000E+00  0.00000E+00 -0.24743E+00  0.16227E+00  0.29816E+00
  0.89998E-02  0.10867E+03    0.90000E-02 -0.43001E-02 -0.46999E-02  0.00000E+00  0.00000E+00  0.00000E+00    0.10867E+03  0.00000E+00  0.00000E+00 -0.24799E+00  0.16368E+00  0.29903E+00
  0.99998E-02  0.10924E+03    0.10000E-01 -0.47772E-02 -0.52228E-02  0.00000E+00  0.00000E+00  0.00000E+00    0.10923E+03  0.00000E+00  0.00000E+00 -0.24852E+00  0.16512E+00  0.29986E+00
  0.11000E-01  0.10980E+03    0.11000E-01 -0.52543E-02 -0.57457E-02  0.00000E+00  0.00000E+00  0.00000E+00    0.10979E+03  0.00000E+00  0.00000E+00 -0.24900E+00  0.16658E+00  0.30068E+00
  0.12000E-01  0.11035E+03    0.12000E-01 -0.57314E-02 -0.62686E-02  0.00000E+00  0.00000E+00  0.00000E+00    0.11035E+03  0.00000E+00  0.00000E+00 -0.24943E+00  0.16807E+00  0.30147E+00
  0.13000E-01  0.11091E+03    0.13000E-01 -0.62084E-02 -0.67916E-02  0.00000E+00  0.00000E+00  0.00000E+00    0.11090E+03  0.00000E+00  0.00000E+00 -0.24982E+00  0.16959E+00  0.30225E+00
  0.14000E-01  0.11146E+03    0.14000E-01 -0.66853E-02 -0.73147E-02  0.00000E+00  0.00000E+00  0.00000E+00    0.11145E+03  0.00000E+00  0.00000E+00 -0.25016E+00  0.17113E+00  0.30301E+00
  0.15000E-01  0.11200E+03    0.15000E-01 -0.71623E-02 -0.78377E-02  0.00000E+00  0.00000E+00  0.00000E+00    0.11200E+03  0.00000E+00  0.00000E+00 -0.25047E+00  0.17269E+00  0.30377E+00
  0.16000E-01  0.11255E+03    0.16000E-01 -0.76392E-02 -0.83608E-02  0.00000E+00  0.00000E+00  0.00000E+00    0.11254E+03  0.00000E+00  0.00000E+00 -0.25073E+00  0.17428E+00  0.30450E+00
  0.17000E-01  0.11309E+03    0.17000E-01 -0.81161E-02 -0.88839E-02  0.00000E+00  0.00000E+00  0.00000E+00    0.11308E+03  0.00000E+00  0.00000E+00 -0.25095E+00  0.17589E+00  0.30523E+00
  0.18000E-01  0.11362E+03    0.18000E-01 -0.85930E-02 -0.94070E-02  0.00000E+00  0.00000E+00  0.00000E+00    0.11362E+03  0.00000E+00  0.00000E+00 -0.25112E+00  0.17753E+00  0.30594E+00
  0.19000E-01  0.11416E+03    0.19000E-01 -0.90699E-02 -0.99301E-02  0.00000E+00  0.00000E+00  0.00000E+00    0.11415E+03  0.00000E+00  0.00000E+00 -0.25125E+00  0.17919E+00  0.30665E+00
  0.20000E-01  0.11469E+03    0.20000E-01 -0.95467E-02 -0.10453E-01  0.00000E+00  0.00000E+00  0.00000E+00    0.11469E+03  0.00000E+00  0.00000E+00 -0.25134E+00  0.18087E+00  0.30734E+00
  0.21000E-01  0.11522E+03    0.21000E-01 -0.10024E-01 -0.10976E-01  0.00000E+00  0.00000E+00  0.00000E+00    0.11521E+03  0.00000E+00  0.00000E+00 -0.25140E+00  0.18258E+00  0.30802E+00
  0.22000E-01  0.11574E+03    0.22000E-01 -0.10500E-01 -0.11500E-01  0.00000E+00  0.00000E+00  0.00000E+00    0.11574E+03  0.00000E+00  0.00000E+00 -0.25141E+00  0.18431E+00  0.30869E+00
  0.22999E-01  0.11626E+03    0.23000E-01 -0.10977E-01 -0.12023E-01  0.00000E+00  0.00000E+00  0.00000E+00    0.11626E+03  0.00000E+00  0.00000E+00 -0.25138E+00  0.18606E+00  0.30936E+00
  0.23999E-01  0.11678E+03    0.24000E-01 -0.11454E-01 -0.12546E-01  0.00000E+00  0.00000E+00  0.00000E+00    0.11678E+03  0.00000E+00  0.00000E+00 -0.25131E+00  0.18783E+00  0.31001E+00
  0.24999E-01  0.11725E+03    0.25000E-01 -0.11931E-01 -0.13069E-01  0.00000E+00  0.00000E+00  0.00000E+00    0.11725E+03  0.00000E+00  0.00000E+00 -0.25418E+00  0.18829E+00  0.31061E+00
  0.25999E-01  0.11779E+03    0.26000E-01 -0.12407E-01 -0.13593E-01  0.00000E+00  0.00000E+00  0.00000E+00    0.11779E+03  0.00000E+00  0.00000E+00 -0.25126E+00  0.19123E+00  0.31129E+00
  0.26999E-01  0.11827E+03    0.27000E-01 -0.12884E-01 -0.14116E-01  0.00000E+00  0.00000E+00  0.00000E+00    0.11827E+03  0.00000E+00  0.00000E+00 -0.25389E+00  0.19190E+00  0.31188E+00
  0.27999E-01  0.11881E+03    0.28000E-01 -0.13361E-01 -0.14639E-01  0.00000E+00  0.00000E+00  0.00000E+00    0.11880E+03  0.00000E+00  0.00000E+00 -0.25086E+00  0.19493E+00  0.31253E+00
  0.28999E-01  0.11928E+03    0.29000E-01 -0.13837E-01 -0.15163E-01  0.00000E+00  0.00000E+00  0.00000E+00    0.11928E+03  0.00000E+00  0.00000E+00 -0.25343E+00  0.19562E+00  0.31313E+00
  0.29999E-01  0.11981E+03    0.30000E-01 -0.14314E-01 -0.15686E-01  0.00000E+00  0.00000E+00  0.00000E+00    0.11981E+03  0.00000E+00  0.00000E+00 -0.25032E+00  0.19872E+00  0.31374E+00
  0.30999E-01  0.12028E+03    0.31000E-01 -0.14790E-01 -0.16210E-01  0.00000E+00  0.00000E+00  0.00000E+00    0.12027E+03  0.00000E+00  0.00000E+00 -0.25282E+00  0.19942E+00  0.31435E+00
  0.31999E-01  0.12080E+03    0.32000E-01 -0.15267E-01 -0.16733E-01  0.00000E+00  0.00000E+00  0.00000E+00    0.12080E+03  0.00000E+00  0.00000E+00 -0.24963E+00  0.20260E+00  0.31494E+00
  0.32999E-01  0.12126E+03    0.33000E-01 -0.15744E-01 -0.17256E-01  0.00000E+00  0.00000E+00  0.00000E+00    0.12126E+03  0.00000E+00  0.00000E+00 -0.25206E+00  0.20331E+00  0.31555E+00
  0.33999E-01  0.12178E+03    0.34000E-01 -0.16220E-01 -0.17780E-01  0.00000E+00  0.00000E+00  0.00000E+00    0.12178E+03  0.00000E+00  0.00000E+00 -0.24879E+00  0.20656E+00  0.31611E+00
  0.34999E-01  0.12224E+03    0.35000E-01 -0.16697E-01 -0.18303E-01  0.00000E+00  0.00000E+00  0.00000E+00    0.12224E+03  0.00000E+00  0.00000E+00 -0.25116E+00  0.20728E+00  0.31674E+00
  0.35999E-01  0.12275E+03    0.36000E-01 -0.17173E-01 -0.18827E-01  0.00000E+00  0.00000E+00  0.00000E+00    0.12275E+03  0.00000E+00  0.00000E+00 -0.24781E+00  0.21060E+00  0.31727E+00
  0.36999E-01  0.12320E+03    0.37000E-01 -0.17649E-01 -0.19351E-01  0.00000E+00  0.00000E+00  0.00000E+00    0.12320E+03  0.00000E+00  0.00000E+00 -0.25012E+00  0.21133E+00  0.31790E+00
  0.37999E-01  0.12371E+03    0.38000E-01 -0.18126E-01 -0.19874E-01  0.00000E+00  0.00000E+00  0.00000E+00    0.12370E+03  0.00000E+00  0.00000E+00 -0.24670E+00  0.21472E+00  0.31840E+00
  0.38999E-01  0.12415E+03    0.39000E-01 -0.18602E-01 -0.20398E-01  0.00000E+00  0.00000E+00  0.00000E+00    0.12415E+03  0.00000E+00  0.00000E+00 -0.24895E+00  0.21545E+00  0.31904E+00
  0.39999E-01  0.12461E+03    0.40000E-01 -0.19079E-01 -0.20921E-01  0.00000E+00  0.00000E+00  0.00000E+00    0.12461E+03  0.00000E+00  0.00000E+00 -0.24871E+00  0.21735E+00  0.31957E+00
  0.40999E-01  0.12510E+03    0.41000E-01 -0.19555E-01 -0.21445E-01  0.00000E+00  0.00000E+00  0.00000E+00    0.12509E+03  0.00000E+00  0.00000E+00 -0.24774E+00  0.21957E+00  0.32016E+00
  0.41999E-01  0.12555E+03    0.42000E-01 -0.20031E-01 -0.21969E-01  0.00000E+00  0.00000E+00  0.00000E+00    0.12555E+03  0.00000E+00  0.00000E+00 -0.24735E+00  0.22158E+00  0.32068E+00
  0.42999E-01  0.12603E+03    0.43000E-01 -0.20507E-01 -0.22493E-01  0.00000E+00  0.00000E+00  0.00000E+00    0.12602E+03  0.00000E+00  0.00000E+00 -0.24630E+00  0.22385E+00  0.32126E+00
  0.43999E-01  0.12647E+03    0.44000E-01 -0.20984E-01 -0.23016E-01  0.00000E+00  0.00000E+00  0.00000E+00    0.12647E+03  0.00000E+00  0.00000E+00 -0.24586E+00  0.22590E+00  0.32178E+00
  0.44999E-01  0.12695E+03    0.45000E-01 -0.21460E-01 -0.23540E-01  0.00000E+00  0.00000E+00  0.00000E+00    0.12694E+03  0.00000E+00  0.00000E+00 -0.24475E+00  0.22821E+00  0.32235E+00
  0.45999E-01  0.12739E+03    0.46000E-01 -0.21936E-01 -0.24064E-01  0.00000E+00  0.00000E+00  0.00000E+00    0.12739E+03  0.00000E+00  0.00000E+00 -0.24424E+00  0.23028E+00  0.32287E+00
  0.46999E-01  0.12784E+03    0.47000E-01 -0.22412E-01 -0.24588E-01  0.00000E+00  0.00000E+00  0.00000E+00    0.12784E+03  0.00000E+00  0.00000E+00 -0.24345E+00  0.23249E+00  0.32340E+00
  0.47999E-01  0.12831E+03    0.48000E-01 -0.22888E-01 -0.25112E-01  0.00000E+00  0.00000E+00  0.00000E+00    0.12830E+03  0.00000E+00  0.00000E+00 -0.24219E+00  0.23487E+00  0.32396E+00
  0.48999E-01  0.12874E+03    0.49000E-01 -0.23365E-01 -0.25635E-01  0.00000E+00  0.00000E+00  0.00000E+00    0.12874E+03  0.00000E+00  0.00000E+00 -0.24159E+00  0.23700E+00  0.32448E+00
  0.49999E-01  0.12919E+03    0.50000E-01 -0.23841E-01 -0.26159E-01  0.00000E+00  0.00000E+00  0.00000E+00    0.12918E+03  0.00000E+00  0.00000E+00 -0.24071E+00  0.23925E+00  0.32501E+00
  0.50999E-01  0.12963E+03    0.51000E-01 -0.24317E-01 -0.26683E-01  0.00000E+00  0.00000E+00  0.00000E+00    0.12963E+03  0.00000E+00  0.00000E+00 -0.23974E+00  0.24154E+00  0.32554E+00
  0.51999E-01  0.13007E+03    0.52000E-01 -0.24793E-01 -0.27207E-01  0.00000E+00  0.00000E+00  0.00000E+00    0.13007E+03  0.00000E+00  0.00000E+00 -0.23875E+00  0.24384E+00  0.32607E+00
  0.52999E-01  0.13051E+03    0.53000E-01 -0.25269E-01 -0.27731E-01  0.00000E+00  0.00000E+00  0.00000E+00    0.13050E+03  0.00000E+00  0.00000E+00 -0.23772E+00  0.24617E+00  0.32659E+00
  0.53999E-01  0.13094E+03    0.54000E-01 -0.25745E-01 -0.28255E-01  0.00000E+00  0.00000E+00  0.00000E+00    0.13094E+03  0.00000E+00  0.00000E+00 -0.23666E+00  0.24851E+00  0.32712E+00
  0.54999E-01  0.13138E+03    0.55000E-01 -0.26221E-01 -0.28779E-01  0.00000E+00  0.00000E+00  0.00000E+00    0.13137E+03  0.00000E+00  0.00000E+00 -0.23558E+00  0.25087E+00  0.32765E+00
  0.55999E-01  0.13181E+03    0.56000E-01 -0.26697E-01 -0.29303E-01  0.00000E+00  0.00000E+00  0.00000E+00    0.13181E+03  0.00000E+00  0.00000E+00 -0.23447E+00  0.25324E+00  0.32818E+00
  0.56999E-01  0.13224E+03    0.57000E-01 -0.27173E-01 -0.29827E-01  0.00000E+00  0.00000E+00  0.00000E+00    0.13223E+03  0.00000E+00  0.00000E+00 -0.23334E+00  0.25564E+00  0.32870E+00
  0.57999E-01  0.13266E+03    0.58000E-01 -0.27648E-01 -0.30352E-01  0.00000E+00  0.00000E+00  0.00000E+00    0.13266E+03  0.00000E+00  0.00000E+00 -0.23217E+00  0.25804E+00  0.32922E+00
  0.58999E-01  0.13309E+03    0.59000E-01 -0.28124E-01 -0.30876E-01  0.00000E+00  0.00000E+00  0.00000E+00    0.13308E+03  0.00000E+00  0.00000E+00 -0.23098E+00  0.26047E+00  0.32975E+00
  0.59999E-01  0.13351E+03    0.60000E-01 -0.28600E-01 -0.31400E-01  0.00000E+00  0.00000E+00  0.00000E+00    0.13351E+03  0.00000E+00  0.00000E+00 -0.22976E+00  0.26290E+00  0.33028E+00
  0.60999E-01  0.13393E+03    0.61000E-01 -0.29076E-01 -0.31924E-01  0.00000E+00  0.00000E+00  0.00000E+00    0.13393E+03  0.00000E+00  0.00000E+00 -0.22852E+00  0.26536E+00  0.33080E+00
  0.61999E-01  0.13435E+03    0.62000E-01 -0.29552E-01 -0.32448E-01  0.00000E+00  0.00000E+00  0.00000E+00    0.13434E+03  0.00000E+00  0.00000E+00 -0.22725E+00  0.26783E+00  0.33133E+00
  0.62999E-01  0.13476E+03    0.63000E-01 -0.30027E-01 -0.32973E-01  0.00000E+00  0.00000E+00  0.00000E+00    0.13476E+03  0.00000E+00  0.00000E+00 -0.22596E+00  0.27032E+00  0.33186E+00
  0.63999E-01  0.13517E+03    0.64000E-01 -0.30503E-01 -0.33497E-01  0.00000E+00  0.00000E+00  0.00000E+00    0.13517E+03  0.00000E+00  0.00000E+00 -0.22465E+00  0.27282E+00  0.33239E+00
  0.64999E-01  0.13558E+03    0.65000E-01 -0.30979E-01 -0.34021E-01  0.00000E+00  0.00000E+00  0.00000E+00    0.13558E+03  0.00000E+00  0.00000E+00 -0.22331E+00  0.27534E+00  0.33293E+00
  0.65999E-01  0.13599E+03    0.66000E-01 -0.31455E-01 -0.34545E-01  0.00000E+00  0.00000E+00  0.00000E+00    0.13599E+03  0.00000E+00  0.00000E+00 -0.22194E+00  0.27788E+00  0.33346E+00
  0.66999E-01  0.13640E+03    0.67000E-01 -0.31930E-01 -0.35070E-01  0.00000E+00  0.00000E+00  0.00000E+00    0.13640E+03  0.00000E+00  0.00000E+00 -0.22055E+00  0.28043E+00  0.33400E+00
  0.67999E-01  0.13681E+03    0.68000E-01 -0.32406E-01 -0.35594E-01  0.00000E+00  0.00000E+00  0.00000E+00    0.13681E+03  0.00000E+00  0.00000E+00 -0.21226E+00  0.28587E+00  0.33460E+00
  0.68999E-01  0.13724E+03    0.69000E-01 -0.32881E-01 -0.36119E-01  0.00000E+00  0.00000E+00  0.00000E+00    0.13724E+03  0.00000E+00  0.00000E+00 -0.21115E+00  0.28869E+00  0.33514E+00
  0.69999E-01  0.13764E+03    0.70000E-01 -0.33357E-01 -0.36643E-01  0.00000E+00  0.00000E+00  0.00000E+00    0.13764E+03  0.00000E+00  0.00000E+00 -0.20978E+00  0.29132E+00  0.33568E+00
  0.70999E-01  0.13804E+03    0.71000E-01 -0.33832E-01 -0.37168E-01  0.00000E+00  0.00000E+00  0.00000E+00    0.13803E+03  0.00000E+00  0.00000E+00 -0.20828E+00  0.29398E+00  0.33623E+00
  0.71999E-01  0.13843E+03    0.72000E-01 -0.34308E-01 -0.37692E-01  0.00000E+00  0.00000E+00  0.00000E+00    0.13843E+03  0.00000E+00  0.00000E+00 -0.20677E+00  0.29664E+00  0.33678E+00
  0.72998E-01  0.13882E+03    0.73000E-01 -0.34783E-01 -0.38217E-01  0.00000E+00  0.00000E+00  0.00000E+00    0.13882E+03  0.00000E+00  0.00000E+00 -0.20524E+00  0.29932E+00  0.33734E+00
  0.73998E-01  0.13921E+03    0.74000E-01 -0.35259E-01 -0.38741E-01  0.00000E+00  0.00000E+00  0.00000E+00    0.13921E+03  0.00000E+00  0.00000E+00 -0.20369E+00  0.30201E+00  0.33790E+00
  0.74998E-01  0.13960E+03    0.75000E-01 -0.35734E-01 -0.39266E-01  0.00000E+00  0.00000E+00  0.00000E+00    0.13960E+03  0.00000E+00  0.00000E+00 -0.20211E+00  0.30472E+00  0.33846E+00
  0.75998E-01  0.13999E+03    0.76000E-01 -0.36209E-01 -0.39791E-01  0.00000E+00  0.00000E+00  0.00000E+00    0.13999E+03  0.00000E+00  0.00000E+00 -0.20052E+00  0.30744E+00  0.33903E+00
  0.76998E-01  0.14037E+03    0.77000E-01 -0.36685E-01 -0.40315E-01  0.00000E+00  0.00000E+00  0.00000E+00    0.14037E+03  0.00000E+00  0.00000E+00 -0.19890E+00  0.31018E+00  0.33961E+00
  0.77998E-01  0.14076E+03    0.78000E-01 -0.37160E-01 -0.40840E-01  0.00000E+00  0.00000E+00  0.00000E+00    0.14075E+03  0.00000E+00  0.00000E+00 -0.19726E+00  0.31294E+00  0.34020E+00
  0.78998E-01  0.14114E+03    0.79000E-01 -0.37635E-01 -0.41365E-01  0.00000E+00  0.00000E+00  0.00000E+00    0.14113E+03  0.00000E+00  0.00000E+00 -0.19560E+00  0.31572E+00  0.34079E+00
  0.79998E-01  0.14152E+03    0.80000E-01 -0.38111E-01 -0.41889E-01  0.00000E+00  0.00000E+00  0.00000E+00    0.14151E+03  0.00000E+00  0.00000E+00 -0.19392E+00  0.31851E+00  0.34138E+00
  0.80998E-01  0.14189E+03    0.81000E-01 -0.38586E-01 -0.42414E-01  0.00000E+00  0.00000E+00  0.00000E+00    0.14189E+03  0.00000E+00  0.00000E+00 -0.19222E+00  0.32131E+00  0.34199E+00
  0.81998E-01  0.14227E+03    0.82000E-01 -0.39061E-01 -0.42939E-01  0.00000E+00  0.00000E+00  0.00000E+00    0.14226E+03  0.00000E+00  0.00000E+00 -0.19050E+00  0.32414E+00  0.34260E+00
  0.82998E-01  0.14264E+03    0.83000E-01 -0.39536E-01 -0.43464E-01  0.00000E+00  0.00000E+00  0.00000E+00    0.14264E+03  0.00000E+00  0.00000E+00 -0.18877E+00  0.32698E+00  0.34322E+00
  0.83998E-01  0.14301E+03    0.84000E-01 -0.40011E-01 -0.43989E-01  0.00000E+00  0.00000E+00  0.00000E+00    0.14301E+03  0.00000E+00  0.00000E+00 -0.18701E+00  0.32984E+00  0.34385E+00
  0.84998E-01  0.14338E+03    0.85000E-01 -0.40487E-01 -0.44513E-01  0.00000E+00  0.00000E+00  0.00000E+00    0.14338E+03  0.00000E+00  0.00000E+00 -0.18523E+00  0.33271E+00  0.34449E+00
  0.85998E-01  0.14375E+03    0.86000E-01 -0.40962E-01 -0.45038E-01  0.00000E+00  0.00000E+00  0.00000E+00    0.14374E+03  0.00000E+00  0.00000E+00 -0.18343E+00  0.33561E+00  0.34514E+00
  0.86998E-01  0.14411E+03    0.87000E-01 -0.41437E-01 -0.45563E-01  0.00000E+00  0.00000E+00  0.00000E+00    0.14411E+03  0.00000E+00  0.00000E+00 -0.18161E+00  0.33852E+00  0.34579E+00
  0.87998E-01  0.14448E+03    0.88000E-01 -0.41912E-01 -0.46088E-01  0.00000E+00  0.00000E+00  0.00000E+00    0.14447E+03  0.00000E+00  0.00000E+00 -0.17978E+00  0.34145E+00  0.34646E+00
  0.88998E-01  0.14484E+03    0.89000E-01 -0.42387E-01 -0.46613E-01  0.00000E+00  0.00000E+00  0.00000E+00    0.14483E+03  0.00000E+00  0.00000E+00 -0.17793E+00  0.34439E+00  0.34714E+00
  0.89998E-01  0.14520E+03    0.90000E-01 -0.42862E-01 -0.47138E-01  0.00000E+00  0.00000E+00  0.00000E+00    0.14519E+03  0.00000E+00  0.00000E+00 -0.17606E+00  0.34736E+00  0.34783E+00
  0.90998E-01  0.14556E+03    0.91000E-01 -0.43337E-01 -0.47663E-01  0.00000E+00  0.00000E+00  0.00000E+00    0.14555E+03  0.00000E+00  0.00000E+00 -0.17417E+00  0.35034E+00  0.34853E+00
  0.91998E-01  0.14591E+03    0.92000E-01 -0.43812E-01 -0.48188E-01  0.00000E+00  0.00000E+00  0.00000E+00    0.14591E+03  0.00000E+00  0.00000E+00 -0.17226E+00  0.35335E+00  0.34924E+00
  0.92998E-01  0.14627E+03    0.93000E-01 -0.44287E-01 -0.48713E-01  0.00000E+00  0.00000E+00  0.00000E+00    0.14626E+03  0.00000E+00  0.00000E+00 -0.17034E+00  0.35637E+00  0.34997E+00
  0.93998E-01  0.14662E+03    0.94000E-01 -0.44762E-01 -0.49238E-01  0.00000E+00  0.00000E+00  0.00000E+00    0.14662E+03  0.00000E+00  0.00000E+00 -0.16840E+00  0.35941E+00  0.35071E+00
  0.94998E-01  0.14697E+03    0.95000E-01 -0.45237E-01 -0.49763E-01  0.00000E+00  0.00000E+00  0.00000E+00    0.14697E+03  0.00000E+00  0.00000E+00 -0.16645E+00  0.36247E+00  0.35146E+00
  0.95998E-01  0.14732E+03    0.96000E-01 -0.45711E-01 -0.50289E-01  0.00000E+00  0.00000E+00  0.00000E+00    0.14732E+03  0.00000E+00  0.00000E+00 -0.16448E+00  0.36555E+00  0.35223E+00
  0.96998E-01  0.14767E+03    0.97000E-01 -0.46186E-01 -0.50814E-01  0.00000E+00  0.00000E+00  0.00000E+00    0.14766E+03  0.00000E+00  0.00000E+00 -0.16249E+00  0.36865E+00  0.35301E+00
  0.97998E-01  0.14801E+03    0.98000E-01 -0.46661E-01 -0.51339E-01  0.00000E+00  0.00000E+00  0.00000E+00    0.14801E+03  0.00000E+00  0.00000E+00 -0.16048E+00  0.37177E+00  0.35380E+00
  0.98998E-01  0.14836E+03    0.99000E-01 -0.47136E-01 -0.51864E-01  0.00000E+00  0.00000E+00  0.00000E+00    0.14835E+03  0.00000E+00  0.00000E+00 -0.15847E+00  0.37491E+00  0.35461E+00
  0.99998E-01  0.14870E+03    0.10000E+00 -0.47611E-01 -0.52389E-01  0.00000E+00  0.00000E+00  0.00000E+00    0.14870E+03  0.00000E+00  0.00000E+00 -0.15643E+00  0.37807E+00  0.35543E+00
