          Evm          Svm            E11          E22          E33          E23          E13          E12         SCAU11       SCAU22       SCAU33       SCAU23       SCAU13       SCAU12      TEMP
  0.00000E+00  0.93209E+02    0.00000E+00  0.00000E+00  0.00000E+00  0.00000E+00  0.00000E+00  0.00000E+00    0.93207E+02  0.00000E+00  0.00000E+00 -0.21618E+00  0.13403E+00  0.25755E+00
  0.99998E-03  0.93770E+02    0.10000E-02 -0.47967E-03 -0.52033E-03  0.00000E+00  0.00000E+00  0.00000E+00    0.93768E+02  0.00000E+00  0.00000E+00 -0.22066E+00  0.13720E+00  0.26086E+00
  0.20000E-02  0.94302E+02    0.20000E-02 -0.95784E-03 -0.10422E-02  0.00000E+00  0.00000E+00  0.00000E+00    0.94299E+02  0.00000E+00  0.00000E+00 -0.22093E+00  0.13823E+00  0.26302E+00
  0.29999E-02  0.94879E+02    0.30000E-02 -0.14356E-02 -0.15644E-02  0.00000E+00  0.00000E+00  0.00000E+00    0.94877E+02  0.00000E+00  0.00000E+00 -0.22004E+00  0.14028E+00  0.26437E+00
  0.39999E-02  0.95472E+02    0.40000E-02 -0.19132E-02 -0.20868E-02  0.00000E+00  0.00000E+00  0.00000E+00    0.95470E+02  0.00000E+00  0.00000E+00 -0.22095E+00  0.14160E+00  0.26565E+00
  0.49999E-02  0.96053E+02    0.50000E-02 -0.23906E-02 -0.26094E-02  0.00000E+00  0.00000E+00  0.00000E+00    0.96051E+02  0.00000E+00  0.00000E+00 -0.22180E+00  0.14285E+00  0.26672E+00
  0.59999E-02  0.96631E+02    0.60000E-02 -0.28679E-02 -0.31321E-02  0.00000E+00  0.00000E+00  0.00000E+00    0.96629E+02  0.00000E+00  0.00000E+00 -0.22258E+00  0.14412E+00  0.26773E+00
  0.69998E-02  0.97205E+02    0.70000E-02 -0.33452E-02 -0.36548E-02  0.00000E+00  0.00000E+00  0.00000E+00    0.97203E+02  0.00000E+00  0.00000E+00 -0.22333E+00  0.14541E+00  0.26870E+00
  0.79998E-02  0.97775E+02    0.80000E-02 -0.38224E-02 -0.41776E-02  0.00000E+00  0.00000E+00  0.00000E+00    0.97773E+02  0.00000E+00  0.00000E+00 -0.22403E+00  0.14673E+00  0.26963E+00
  0.89998E-02  0.98342E+02    0.90000E-02 -0.42995E-02 -0.47005E-02  0.00000E+00  0.00000E+00  0.00000E+00    0.98340E+02  0.00000E+00  0.00000E+00 -0.22468E+00  0.14808E+00  0.27054E+00
  0.99998E-02  0.98906E+02    0.10000E-01 -0.47766E-02 -0.52234E-02  0.00000E+00  0.00000E+00  0.00000E+00    0.98903E+02  0.00000E+00  0.00000E+00 -0.22529E+00  0.14945E+00  0.27142E+00
  0.11000E-01  0.99466E+02    0.11000E-01 -0.52537E-02 -0.57463E-02  0.00000E+00  0.00000E+00  0.00000E+00    0.99463E+02  0.00000E+00  0.00000E+00 -0.22586E+00  0.15085E+00  0.27229E+00
  0.12000E-01  0.10002E+03    0.12000E-01 -0.57307E-02 -0.62693E-02  0.00000E+00  0.00000E+00  0.00000E+00    0.10002E+03  0.00000E+00  0.00000E+00 -0.22639E+00  0.15226E+00  0.27313E+00
  0.13000E-01  0.10058E+03    0.13000E-01 -0.62077E-02 -0.67923E-02  0.00000E+00  0.00000E+00  0.00000E+00    0.10057E+03  0.00000E+00  0.00000E+00 -0.22687E+00  0.15371E+00  0.27396E+00
  0.14000E-01  0.10113E+03    0.14000E-01 -0.66847E-02 -0.73153E-02  0.00000E+00  0.00000E+00  0.00000E+00    0.10112E+03  0.00000E+00  0.00000E+00 -0.22732E+00  0.15517E+00  0.27478E+00
  0.15000E-01  0.10167E+03    0.15000E-01 -0.71617E-02 -0.78383E-02  0.00000E+00  0.00000E+00  0.00000E+00    0.10167E+03  0.00000E+00  0.00000E+00 -0.22772E+00  0.15666E+00  0.27559E+00
  0.16000E-01  0.10221E+03    0.16000E-01 -0.76386E-02 -0.83614E-02  0.00000E+00  0.00000E+00  0.00000E+00    0.10221E+03  0.00000E+00  0.00000E+00 -0.22808E+00  0.15817E+00  0.27638E+00
  0.17000E-01  0.10275E+03    0.17000E-01 -0.81155E-02 -0.88845E-02  0.00000E+00  0.00000E+00  0.00000E+00    0.10275E+03  0.00000E+00  0.00000E+00 -0.22840E+00  0.15970E+00  0.27716E+00
  0.18000E-01  0.10329E+03    0.18000E-01 -0.85924E-02 -0.94076E-02  0.00000E+00  0.00000E+00  0.00000E+00    0.10329E+03  0.00000E+00  0.00000E+00 -0.22868E+00  0.16126E+00  0.27792E+00
  0.19000E-01  0.10382E+03    0.19000E-01 -0.90692E-02 -0.99308E-02  0.00000E+00  0.00000E+00  0.00000E+00    0.10382E+03  0.00000E+00  0.00000E+00 -0.22891E+00  0.16284E+00  0.27868E+00
  0.20000E-01  0.10435E+03    0.20000E-01 -0.95461E-02 -0.10454E-01  0.00000E+00  0.00000E+00  0.00000E+00    0.10435E+03  0.00000E+00  0.00000E+00 -0.22911E+00  0.16444E+00  0.27943E+00
  0.21000E-01  0.10488E+03    0.21000E-01 -0.10023E-01 -0.10977E-01  0.00000E+00  0.00000E+00  0.00000E+00    0.10488E+03  0.00000E+00  0.00000E+00 -0.22927E+00  0.16606E+00  0.28017E+00
  0.22000E-01  0.10541E+03    0.22000E-01 -0.10500E-01 -0.11500E-01  0.00000E+00  0.00000E+00  0.00000E+00    0.10540E+03  0.00000E+00  0.00000E+00 -0.22939E+00  0.16770E+00  0.28090E+00
  0.22999E-01  0.10593E+03    0.23000E-01 -0.10976E-01 -0.12024E-01  0.00000E+00  0.00000E+00  0.00000E+00    0.10592E+03  0.00000E+00  0.00000E+00 -0.22947E+00  0.16936E+00  0.28162E+00
  0.23999E-01  0.10644E+03    0.24000E-01 -0.11453E-01 -0.12547E-01  0.00000E+00  0.00000E+00  0.00000E+00    0.10644E+03  0.00000E+00  0.00000E+00 -0.22951E+00  0.17105E+00  0.28233E+00
  0.24999E-01  0.10696E+03    0.25000E-01 -0.11930E-01 -0.13070E-01  0.00000E+00  0.00000E+00  0.00000E+00    0.10696E+03  0.00000E+00  0.00000E+00 -0.22952E+00  0.17276E+00  0.28303E+00
  0.25999E-01  0.10747E+03    0.26000E-01 -0.12407E-01 -0.13593E-01  0.00000E+00  0.00000E+00  0.00000E+00    0.10747E+03  0.00000E+00  0.00000E+00 -0.22948E+00  0.17449E+00  0.28373E+00
  0.26999E-01  0.10798E+03    0.27000E-01 -0.12883E-01 -0.14117E-01  0.00000E+00  0.00000E+00  0.00000E+00    0.10798E+03  0.00000E+00  0.00000E+00 -0.22941E+00  0.17624E+00  0.28441E+00
  0.27999E-01  0.10848E+03    0.28000E-01 -0.13360E-01 -0.14640E-01  0.00000E+00  0.00000E+00  0.00000E+00    0.10848E+03  0.00000E+00  0.00000E+00 -0.22931E+00  0.17801E+00  0.28509E+00
  0.28999E-01  0.10899E+03    0.29000E-01 -0.13837E-01 -0.15163E-01  0.00000E+00  0.00000E+00  0.00000E+00    0.10898E+03  0.00000E+00  0.00000E+00 -0.22917E+00  0.17980E+00  0.28576E+00
  0.29999E-01  0.10949E+03    0.30000E-01 -0.14313E-01 -0.15687E-01  0.00000E+00  0.00000E+00  0.00000E+00    0.10948E+03  0.00000E+00  0.00000E+00 -0.22899E+00  0.18161E+00  0.28642E+00
  0.30999E-01  0.10998E+03    0.31000E-01 -0.14790E-01 -0.16210E-01  0.00000E+00  0.00000E+00  0.00000E+00    0.10998E+03  0.00000E+00  0.00000E+00 -0.22877E+00  0.18345E+00  0.28708E+00
  0.31999E-01  0.11048E+03    0.32000E-01 -0.15266E-01 -0.16734E-01  0.00000E+00  0.00000E+00  0.00000E+00    0.11047E+03  0.00000E+00  0.00000E+00 -0.22853E+00  0.18530E+00  0.28773E+00
  0.32999E-01  0.11097E+03    0.33000E-01 -0.15743E-01 -0.17257E-01  0.00000E+00  0.00000E+00  0.00000E+00    0.11096E+03  0.00000E+00  0.00000E+00 -0.22824E+00  0.18717E+00  0.28837E+00
  0.33999E-01  0.11145E+03    0.34000E-01 -0.16219E-01 -0.17781E-01  0.00000E+00  0.00000E+00  0.00000E+00    0.11145E+03  0.00000E+00  0.00000E+00 -0.22793E+00  0.18907E+00  0.28901E+00
  0.34999E-01  0.11190E+03    0.35000E-01 -0.16696E-01 -0.18304E-01  0.00000E+00  0.00000E+00  0.00000E+00    0.11190E+03  0.00000E+00  0.00000E+00 -0.23059E+00  0.18952E+00  0.28962E+00
  0.35999E-01  0.11242E+03    0.36000E-01 -0.17172E-01 -0.18828E-01  0.00000E+00  0.00000E+00  0.00000E+00    0.11241E+03  0.00000E+00  0.00000E+00 -0.22738E+00  0.19278E+00  0.29023E+00
  0.36999E-01  0.11286E+03    0.37000E-01 -0.17649E-01 -0.19351E-01  0.00000E+00  0.00000E+00  0.00000E+00    0.11286E+03  0.00000E+00  0.00000E+00 -0.22981E+00  0.19336E+00  0.29087E+00
  0.37999E-01  0.11334E+03    0.38000E-01 -0.18125E-01 -0.19875E-01  0.00000E+00  0.00000E+00  0.00000E+00    0.11334E+03  0.00000E+00  0.00000E+00 -0.22945E+00  0.19523E+00  0.29149E+00
  0.38999E-01  0.11381E+03    0.39000E-01 -0.18602E-01 -0.20398E-01  0.00000E+00  0.00000E+00  0.00000E+00    0.11381E+03  0.00000E+00  0.00000E+00 -0.22897E+00  0.19719E+00  0.29210E+00
  0.39999E-01  0.11429E+03    0.40000E-01 -0.19078E-01 -0.20922E-01  0.00000E+00  0.00000E+00  0.00000E+00    0.11428E+03  0.00000E+00  0.00000E+00 -0.22847E+00  0.19918E+00  0.29271E+00
  0.40999E-01  0.11475E+03    0.41000E-01 -0.19554E-01 -0.21446E-01  0.00000E+00  0.00000E+00  0.00000E+00    0.11475E+03  0.00000E+00  0.00000E+00 -0.22793E+00  0.20118E+00  0.29332E+00
  0.41999E-01  0.11522E+03    0.42000E-01 -0.20031E-01 -0.21969E-01  0.00000E+00  0.00000E+00  0.00000E+00    0.11522E+03  0.00000E+00  0.00000E+00 -0.22736E+00  0.20320E+00  0.29393E+00
  0.42999E-01  0.11568E+03    0.43000E-01 -0.20507E-01 -0.22493E-01  0.00000E+00  0.00000E+00  0.00000E+00    0.11568E+03  0.00000E+00  0.00000E+00 -0.22676E+00  0.20524E+00  0.29452E+00
  0.43999E-01  0.11617E+03    0.44000E-01 -0.20983E-01 -0.23017E-01  0.00000E+00  0.00000E+00  0.00000E+00    0.11616E+03  0.00000E+00  0.00000E+00 -0.22322E+00  0.20877E+00  0.29503E+00
  0.44999E-01  0.11660E+03    0.45000E-01 -0.21459E-01 -0.23541E-01  0.00000E+00  0.00000E+00  0.00000E+00    0.11660E+03  0.00000E+00  0.00000E+00 -0.22540E+00  0.20945E+00  0.29571E+00
  0.45999E-01  0.11708E+03    0.46000E-01 -0.21936E-01 -0.24064E-01  0.00000E+00  0.00000E+00  0.00000E+00    0.11708E+03  0.00000E+00  0.00000E+00 -0.22187E+00  0.21297E+00  0.29620E+00
  0.46999E-01  0.11751E+03    0.47000E-01 -0.22412E-01 -0.24588E-01  0.00000E+00  0.00000E+00  0.00000E+00    0.11751E+03  0.00000E+00  0.00000E+00 -0.22398E+00  0.21364E+00  0.29689E+00
  0.47999E-01  0.11798E+03    0.48000E-01 -0.22888E-01 -0.25112E-01  0.00000E+00  0.00000E+00  0.00000E+00    0.11798E+03  0.00000E+00  0.00000E+00 -0.22040E+00  0.21724E+00  0.29736E+00
  0.48999E-01  0.11841E+03    0.49000E-01 -0.23364E-01 -0.25636E-01  0.00000E+00  0.00000E+00  0.00000E+00    0.11841E+03  0.00000E+00  0.00000E+00 -0.22245E+00  0.21791E+00  0.29805E+00
  0.49999E-01  0.11884E+03    0.50000E-01 -0.23840E-01 -0.26160E-01  0.00000E+00  0.00000E+00  0.00000E+00    0.11884E+03  0.00000E+00  0.00000E+00 -0.22204E+00  0.21986E+00  0.29860E+00
  0.50999E-01  0.11930E+03    0.51000E-01 -0.24316E-01 -0.26684E-01  0.00000E+00  0.00000E+00  0.00000E+00    0.11929E+03  0.00000E+00  0.00000E+00 -0.22089E+00  0.22217E+00  0.29920E+00
  0.51999E-01  0.11972E+03    0.52000E-01 -0.24792E-01 -0.27208E-01  0.00000E+00  0.00000E+00  0.00000E+00    0.11972E+03  0.00000E+00  0.00000E+00 -0.22035E+00  0.22422E+00  0.29974E+00
  0.52999E-01  0.12018E+03    0.53000E-01 -0.25268E-01 -0.27732E-01  0.00000E+00  0.00000E+00  0.00000E+00    0.12017E+03  0.00000E+00  0.00000E+00 -0.21914E+00  0.22657E+00  0.30033E+00
  0.53999E-01  0.12060E+03    0.54000E-01 -0.25744E-01 -0.28256E-01  0.00000E+00  0.00000E+00  0.00000E+00    0.12060E+03  0.00000E+00  0.00000E+00 -0.21855E+00  0.22865E+00  0.30088E+00
  0.54999E-01  0.12104E+03    0.55000E-01 -0.26220E-01 -0.28780E-01  0.00000E+00  0.00000E+00  0.00000E+00    0.12104E+03  0.00000E+00  0.00000E+00 -0.21728E+00  0.23103E+00  0.30147E+00
  0.55999E-01  0.12146E+03    0.56000E-01 -0.26696E-01 -0.29304E-01  0.00000E+00  0.00000E+00  0.00000E+00    0.12146E+03  0.00000E+00  0.00000E+00 -0.21663E+00  0.23314E+00  0.30202E+00
  0.56999E-01  0.12190E+03    0.57000E-01 -0.27172E-01 -0.29828E-01  0.00000E+00  0.00000E+00  0.00000E+00    0.12190E+03  0.00000E+00  0.00000E+00 -0.21531E+00  0.23556E+00  0.30260E+00
  0.57999E-01  0.12232E+03    0.58000E-01 -0.27648E-01 -0.30352E-01  0.00000E+00  0.00000E+00  0.00000E+00    0.12231E+03  0.00000E+00  0.00000E+00 -0.21461E+00  0.23769E+00  0.30316E+00
  0.58999E-01  0.12274E+03    0.59000E-01 -0.28124E-01 -0.30876E-01  0.00000E+00  0.00000E+00  0.00000E+00    0.12273E+03  0.00000E+00  0.00000E+00 -0.21362E+00  0.23997E+00  0.30371E+00
  0.59999E-01  0.12316E+03    0.60000E-01 -0.28600E-01 -0.31400E-01  0.00000E+00  0.00000E+00  0.00000E+00    0.12316E+03  0.00000E+00  0.00000E+00 -0.21256E+00  0.24228E+00  0.30428E+00
  0.60999E-01  0.12358E+03    0.61000E-01 -0.29075E-01 -0.31925E-01  0.00000E+00  0.00000E+00  0.00000E+00    0.12357E+03  0.00000E+00  0.00000E+00 -0.21146E+00  0.24462E+00  0.30484E+00
  0.61999E-01  0.12399E+03    0.62000E-01 -0.29551E-01 -0.32449E-01  0.00000E+00  0.00000E+00  0.00000E+00    0.12399E+03  0.00000E+00  0.00000E+00 -0.21034E+00  0.24696E+00  0.30540E+00
  0.62999E-01  0.12441E+03    0.63000E-01 -0.30027E-01 -0.32973E-01  0.00000E+00  0.00000E+00  0.00000E+00    0.12440E+03  0.00000E+00  0.00000E+00 -0.20919E+00  0.24933E+00  0.30596E+00
  0.63999E-01  0.12482E+03    0.64000E-01 -0.30503E-01 -0.33497E-01  0.00000E+00  0.00000E+00  0.00000E+00    0.12482E+03  0.00000E+00  0.00000E+00 -0.20802E+00  0.25170E+00  0.30653E+00
  0.64999E-01  0.12523E+03    0.65000E-01 -0.30978E-01 -0.34022E-01  0.00000E+00  0.00000E+00  0.00000E+00    0.12523E+03  0.00000E+00  0.00000E+00 -0.20682E+00  0.25409E+00  0.30709E+00
  0.65999E-01  0.12564E+03    0.66000E-01 -0.31454E-01 -0.34546E-01  0.00000E+00  0.00000E+00  0.00000E+00    0.12563E+03  0.00000E+00  0.00000E+00 -0.20560E+00  0.25650E+00  0.30766E+00
  0.66999E-01  0.12604E+03    0.67000E-01 -0.31930E-01 -0.35070E-01  0.00000E+00  0.00000E+00  0.00000E+00    0.12604E+03  0.00000E+00  0.00000E+00 -0.20436E+00  0.25892E+00  0.30823E+00
  0.67999E-01  0.12644E+03    0.68000E-01 -0.32405E-01 -0.35595E-01  0.00000E+00  0.00000E+00  0.00000E+00    0.12644E+03  0.00000E+00  0.00000E+00 -0.20309E+00  0.26136E+00  0.30880E+00
  0.68999E-01  0.12685E+03    0.69000E-01 -0.32881E-01 -0.36119E-01  0.00000E+00  0.00000E+00  0.00000E+00    0.12684E+03  0.00000E+00  0.00000E+00 -0.20180E+00  0.26381E+00  0.30938E+00
  0.69999E-01  0.12724E+03    0.70000E-01 -0.33356E-01 -0.36644E-01  0.00000E+00  0.00000E+00  0.00000E+00    0.12724E+03  0.00000E+00  0.00000E+00 -0.20049E+00  0.26628E+00  0.30995E+00
  0.70999E-01  0.12764E+03    0.71000E-01 -0.33832E-01 -0.37168E-01  0.00000E+00  0.00000E+00  0.00000E+00    0.12764E+03  0.00000E+00  0.00000E+00 -0.19915E+00  0.26876E+00  0.31053E+00
  0.71999E-01  0.12804E+03    0.72000E-01 -0.34308E-01 -0.37692E-01  0.00000E+00  0.00000E+00  0.00000E+00    0.12803E+03  0.00000E+00  0.00000E+00 -0.19780E+00  0.27125E+00  0.31111E+00
  0.72998E-01  0.12843E+03    0.73000E-01 -0.34783E-01 -0.38217E-01  0.00000E+00  0.00000E+00  0.00000E+00    0.12843E+03  0.00000E+00  0.00000E+00 -0.19642E+00  0.27377E+00  0.31169E+00
  0.73998E-01  0.12882E+03    0.74000E-01 -0.35258E-01 -0.38742E-01  0.00000E+00  0.00000E+00  0.00000E+00    0.12882E+03  0.00000E+00  0.00000E+00 -0.19502E+00  0.27630E+00  0.31228E+00
  0.74998E-01  0.12921E+03    0.75000E-01 -0.35734E-01 -0.39266E-01  0.00000E+00  0.00000E+00  0.00000E+00    0.12920E+03  0.00000E+00  0.00000E+00 -0.19360E+00  0.27884E+00  0.31288E+00
  0.75998E-01  0.12960E+03    0.76000E-01 -0.36209E-01 -0.39791E-01  0.00000E+00  0.00000E+00  0.00000E+00    0.12959E+03  0.00000E+00  0.00000E+00 -0.18533E+00  0.28445E+00  0.31352E+00
  0.76998E-01  0.12996E+03    0.77000E-01 -0.36685E-01 -0.40315E-01  0.00000E+00  0.00000E+00  0.00000E+00    0.12995E+03  0.00000E+00  0.00000E+00 -0.18565E+00  0.28668E+00  0.31418E+00
  0.77998E-01  0.13033E+03    0.78000E-01 -0.37160E-01 -0.40840E-01  0.00000E+00  0.00000E+00  0.00000E+00    0.13033E+03  0.00000E+00  0.00000E+00 -0.18388E+00  0.28937E+00  0.31481E+00
  0.78998E-01  0.13071E+03    0.79000E-01 -0.37635E-01 -0.41365E-01  0.00000E+00  0.00000E+00  0.00000E+00    0.13071E+03  0.00000E+00  0.00000E+00 -0.18237E+00  0.29200E+00  0.31544E+00
  0.79998E-01  0.13109E+03    0.80000E-01 -0.38111E-01 -0.41889E-01  0.00000E+00  0.00000E+00  0.00000E+00    0.13109E+03  0.00000E+00  0.00000E+00 -0.18084E+00  0.29464E+00  0.31606E+00
  0.80998E-01  0.13152E+03    0.81000E-01 -0.38586E-01 -0.42414E-01  0.00000E+00  0.00000E+00  0.00000E+00    0.13151E+03  0.00000E+00  0.00000E+00 -0.17776E+00  0.29791E+00  0.31662E+00
  0.81998E-01  0.13190E+03    0.82000E-01 -0.39061E-01 -0.42939E-01  0.00000E+00  0.00000E+00  0.00000E+00    0.13190E+03  0.00000E+00  0.00000E+00 -0.17660E+00  0.30051E+00  0.31723E+00
  0.82998E-01  0.13227E+03    0.83000E-01 -0.39536E-01 -0.43464E-01  0.00000E+00  0.00000E+00  0.00000E+00    0.13227E+03  0.00000E+00  0.00000E+00 -0.17501E+00  0.30321E+00  0.31786E+00
  0.83998E-01  0.13264E+03    0.84000E-01 -0.40011E-01 -0.43989E-01  0.00000E+00  0.00000E+00  0.00000E+00    0.13264E+03  0.00000E+00  0.00000E+00 -0.17340E+00  0.30592E+00  0.31851E+00
  0.84998E-01  0.13301E+03    0.85000E-01 -0.40487E-01 -0.44513E-01  0.00000E+00  0.00000E+00  0.00000E+00    0.13301E+03  0.00000E+00  0.00000E+00 -0.17178E+00  0.30866E+00  0.31916E+00
  0.85998E-01  0.13337E+03    0.86000E-01 -0.40962E-01 -0.45038E-01  0.00000E+00  0.00000E+00  0.00000E+00    0.13337E+03  0.00000E+00  0.00000E+00 -0.17013E+00  0.31140E+00  0.31983E+00
  0.86998E-01  0.13374E+03    0.87000E-01 -0.41437E-01 -0.45563E-01  0.00000E+00  0.00000E+00  0.00000E+00    0.13374E+03  0.00000E+00  0.00000E+00 -0.16847E+00  0.31417E+00  0.32050E+00
  0.87998E-01  0.13410E+03    0.88000E-01 -0.41912E-01 -0.46088E-01  0.00000E+00  0.00000E+00  0.00000E+00    0.13410E+03  0.00000E+00  0.00000E+00 -0.16679E+00  0.31695E+00  0.32118E+00
  0.88998E-01  0.13446E+03    0.89000E-01 -0.42387E-01 -0.46613E-01  0.00000E+00  0.00000E+00  0.00000E+00    0.13446E+03  0.00000E+00  0.00000E+00 -0.16509E+00  0.31975E+00  0.32187E+00
  0.89998E-01  0.13482E+03    0.90000E-01 -0.42862E-01 -0.47138E-01  0.00000E+00  0.00000E+00  0.00000E+00    0.13482E+03  0.00000E+00  0.00000E+00 -0.16338E+00  0.32257E+00  0.32258E+00
  0.90998E-01  0.13518E+03    0.91000E-01 -0.43337E-01 -0.47663E-01  0.00000E+00  0.00000E+00  0.00000E+00    0.13518E+03  0.00000E+00  0.00000E+00 -0.16164E+00  0.32541E+00  0.32329E+00
  0.91998E-01  0.13553E+03    0.92000E-01 -0.43812E-01 -0.48188E-01  0.00000E+00  0.00000E+00  0.00000E+00    0.13553E+03  0.00000E+00  0.00000E+00 -0.15989E+00  0.32826E+00  0.32401E+00
  0.92998E-01  0.13589E+03    0.93000E-01 -0.44287E-01 -0.48713E-01  0.00000E+00  0.00000E+00  0.00000E+00    0.13588E+03  0.00000E+00  0.00000E+00 -0.15813E+00  0.33113E+00  0.32474E+00
  0.93998E-01  0.13624E+03    0.94000E-01 -0.44762E-01 -0.49238E-01  0.00000E+00  0.00000E+00  0.00000E+00    0.13624E+03  0.00000E+00  0.00000E+00 -0.15634E+00  0.33402E+00  0.32549E+00
  0.94998E-01  0.13659E+03    0.95000E-01 -0.45237E-01 -0.49763E-01  0.00000E+00  0.00000E+00  0.00000E+00    0.13659E+03  0.00000E+00  0.00000E+00 -0.15454E+00  0.33693E+00  0.32625E+00
  0.95998E-01  0.13694E+03    0.96000E-01 -0.45712E-01 -0.50288E-01  0.00000E+00  0.00000E+00  0.00000E+00    0.13693E+03  0.00000E+00  0.00000E+00 -0.15273E+00  0.33985E+00  0.32702E+00
  0.96998E-01  0.13728E+03    0.97000E-01 -0.46186E-01 -0.50814E-01  0.00000E+00  0.00000E+00  0.00000E+00    0.13728E+03  0.00000E+00  0.00000E+00 -0.15090E+00  0.34280E+00  0.32780E+00
  0.97998E-01  0.13763E+03    0.98000E-01 -0.46661E-01 -0.51339E-01  0.00000E+00  0.00000E+00  0.00000E+00    0.13763E+03  0.00000E+00  0.00000E+00 -0.14905E+00  0.34576E+00  0.32859E+00
  0.98998E-01  0.13797E+03    0.99000E-01 -0.47136E-01 -0.51864E-01  0.00000E+00  0.00000E+00  0.00000E+00    0.13797E+03  0.00000E+00  0.00000E+00 -0.14719E+00  0.34874E+00  0.32940E+00
  0.99998E-01  0.13831E+03    0.10000E+00 -0.47611E-01 -0.52389E-01  0.00000E+00  0.00000E+00  0.00000E+00    0.13831E+03  0.00000E+00  0.00000E+00 -0.14531E+00  0.35175E+00  0.33023E+00
