          Evm          Svm            E11          E22          E33          E23          E13          E12         SCAU11       SCAU22       SCAU33       SCAU23       SCAU13       SCAU12      TEMP
  0.00000E+00  0.84599E+02    0.00000E+00  0.00000E+00  0.00000E+00  0.00000E+00  0.00000E+00  0.00000E+00    0.84597E+02  0.00000E+00  0.00000E+00 -0.19621E+00  0.12165E+00  0.23376E+00
  0.99998E-03  0.85162E+02    0.10000E-02 -0.47967E-03 -0.52033E-03  0.00000E+00  0.00000E+00  0.00000E+00    0.85160E+02  0.00000E+00  0.00000E+00 -0.20065E+00  0.12459E+00  0.23689E+00
  0.20000E-02  0.85692E+02    0.20000E-02 -0.95784E-03 -0.10422E-02  0.00000E+00  0.00000E+00  0.00000E+00    0.85690E+02  0.00000E+00  0.00000E+00 -0.20100E+00  0.12562E+00  0.23899E+00
  0.29999E-02  0.86279E+02    0.30000E-02 -0.14356E-02 -0.15644E-02  0.00000E+00  0.00000E+00  0.00000E+00    0.86277E+02  0.00000E+00  0.00000E+00 -0.20210E+00  0.12676E+00  0.24044E+00
  0.39999E-02  0.86864E+02    0.40000E-02 -0.19132E-02 -0.20868E-02  0.00000E+00  0.00000E+00  0.00000E+00    0.86862E+02  0.00000E+00  0.00000E+00 -0.20306E+00  0.12791E+00  0.24165E+00
  0.49999E-02  0.87434E+02    0.50000E-02 -0.23906E-02 -0.26094E-02  0.00000E+00  0.00000E+00  0.00000E+00    0.87432E+02  0.00000E+00  0.00000E+00 -0.20204E+00  0.12992E+00  0.24276E+00
  0.59999E-02  0.88019E+02    0.60000E-02 -0.28678E-02 -0.31322E-02  0.00000E+00  0.00000E+00  0.00000E+00    0.88017E+02  0.00000E+00  0.00000E+00 -0.20292E+00  0.13126E+00  0.24385E+00
  0.69998E-02  0.88593E+02    0.70000E-02 -0.33451E-02 -0.36549E-02  0.00000E+00  0.00000E+00  0.00000E+00    0.88591E+02  0.00000E+00  0.00000E+00 -0.20375E+00  0.13252E+00  0.24485E+00
  0.79998E-02  0.89164E+02    0.80000E-02 -0.38222E-02 -0.41778E-02  0.00000E+00  0.00000E+00  0.00000E+00    0.89162E+02  0.00000E+00  0.00000E+00 -0.20452E+00  0.13379E+00  0.24582E+00
  0.89998E-02  0.89730E+02    0.90000E-02 -0.42994E-02 -0.47006E-02  0.00000E+00  0.00000E+00  0.00000E+00    0.89728E+02  0.00000E+00  0.00000E+00 -0.20525E+00  0.13508E+00  0.24677E+00
  0.99998E-02  0.90293E+02    0.10000E-01 -0.47764E-02 -0.52236E-02  0.00000E+00  0.00000E+00  0.00000E+00    0.90291E+02  0.00000E+00  0.00000E+00 -0.20594E+00  0.13639E+00  0.24769E+00
  0.11000E-01  0.90853E+02    0.11000E-01 -0.52535E-02 -0.57465E-02  0.00000E+00  0.00000E+00  0.00000E+00    0.90851E+02  0.00000E+00  0.00000E+00 -0.20658E+00  0.13773E+00  0.24860E+00
  0.12000E-01  0.91409E+02    0.12000E-01 -0.57305E-02 -0.62695E-02  0.00000E+00  0.00000E+00  0.00000E+00    0.91407E+02  0.00000E+00  0.00000E+00 -0.20719E+00  0.13909E+00  0.24949E+00
  0.13000E-01  0.91962E+02    0.13000E-01 -0.62075E-02 -0.67925E-02  0.00000E+00  0.00000E+00  0.00000E+00    0.91960E+02  0.00000E+00  0.00000E+00 -0.20775E+00  0.14047E+00  0.25037E+00
  0.14000E-01  0.92512E+02    0.14000E-01 -0.66845E-02 -0.73155E-02  0.00000E+00  0.00000E+00  0.00000E+00    0.92510E+02  0.00000E+00  0.00000E+00 -0.20827E+00  0.14187E+00  0.25123E+00
  0.15000E-01  0.93058E+02    0.15000E-01 -0.71615E-02 -0.78385E-02  0.00000E+00  0.00000E+00  0.00000E+00    0.93056E+02  0.00000E+00  0.00000E+00 -0.20875E+00  0.14329E+00  0.25208E+00
  0.16000E-01  0.93601E+02    0.16000E-01 -0.76384E-02 -0.83616E-02  0.00000E+00  0.00000E+00  0.00000E+00    0.93599E+02  0.00000E+00  0.00000E+00 -0.20920E+00  0.14474E+00  0.25292E+00
  0.17000E-01  0.94140E+02    0.17000E-01 -0.81153E-02 -0.88847E-02  0.00000E+00  0.00000E+00  0.00000E+00    0.94138E+02  0.00000E+00  0.00000E+00 -0.20960E+00  0.14621E+00  0.25375E+00
  0.18000E-01  0.94677E+02    0.18000E-01 -0.85922E-02 -0.94078E-02  0.00000E+00  0.00000E+00  0.00000E+00    0.94675E+02  0.00000E+00  0.00000E+00 -0.20996E+00  0.14770E+00  0.25457E+00
  0.19000E-01  0.95210E+02    0.19000E-01 -0.90691E-02 -0.99309E-02  0.00000E+00  0.00000E+00  0.00000E+00    0.95208E+02  0.00000E+00  0.00000E+00 -0.21028E+00  0.14921E+00  0.25537E+00
  0.20000E-01  0.95740E+02    0.20000E-01 -0.95459E-02 -0.10454E-01  0.00000E+00  0.00000E+00  0.00000E+00    0.95737E+02  0.00000E+00  0.00000E+00 -0.21057E+00  0.15074E+00  0.25617E+00
  0.21000E-01  0.96266E+02    0.21000E-01 -0.10023E-01 -0.10977E-01  0.00000E+00  0.00000E+00  0.00000E+00    0.96264E+02  0.00000E+00  0.00000E+00 -0.21082E+00  0.15229E+00  0.25695E+00
  0.22000E-01  0.96790E+02    0.22000E-01 -0.10500E-01 -0.11500E-01  0.00000E+00  0.00000E+00  0.00000E+00    0.96788E+02  0.00000E+00  0.00000E+00 -0.21103E+00  0.15386E+00  0.25773E+00
  0.22999E-01  0.97310E+02    0.23000E-01 -0.10976E-01 -0.12024E-01  0.00000E+00  0.00000E+00  0.00000E+00    0.97308E+02  0.00000E+00  0.00000E+00 -0.21120E+00  0.15545E+00  0.25850E+00
  0.23999E-01  0.97827E+02    0.24000E-01 -0.11453E-01 -0.12547E-01  0.00000E+00  0.00000E+00  0.00000E+00    0.97825E+02  0.00000E+00  0.00000E+00 -0.21133E+00  0.15706E+00  0.25925E+00
  0.24999E-01  0.98342E+02    0.25000E-01 -0.11930E-01 -0.13070E-01  0.00000E+00  0.00000E+00  0.00000E+00    0.98340E+02  0.00000E+00  0.00000E+00 -0.21143E+00  0.15870E+00  0.26000E+00
  0.25999E-01  0.98853E+02    0.26000E-01 -0.12406E-01 -0.13594E-01  0.00000E+00  0.00000E+00  0.00000E+00    0.98851E+02  0.00000E+00  0.00000E+00 -0.21149E+00  0.16035E+00  0.26074E+00
  0.26999E-01  0.99361E+02    0.27000E-01 -0.12883E-01 -0.14117E-01  0.00000E+00  0.00000E+00  0.00000E+00    0.99359E+02  0.00000E+00  0.00000E+00 -0.21152E+00  0.16203E+00  0.26147E+00
  0.27999E-01  0.99866E+02    0.28000E-01 -0.13360E-01 -0.14640E-01  0.00000E+00  0.00000E+00  0.00000E+00    0.99864E+02  0.00000E+00  0.00000E+00 -0.21151E+00  0.16372E+00  0.26220E+00
  0.28999E-01  0.10037E+03    0.29000E-01 -0.13836E-01 -0.15164E-01  0.00000E+00  0.00000E+00  0.00000E+00    0.10037E+03  0.00000E+00  0.00000E+00 -0.21146E+00  0.16543E+00  0.26291E+00
  0.29999E-01  0.10087E+03    0.30000E-01 -0.14313E-01 -0.15687E-01  0.00000E+00  0.00000E+00  0.00000E+00    0.10087E+03  0.00000E+00  0.00000E+00 -0.21138E+00  0.16717E+00  0.26362E+00
  0.30999E-01  0.10136E+03    0.31000E-01 -0.14790E-01 -0.16210E-01  0.00000E+00  0.00000E+00  0.00000E+00    0.10136E+03  0.00000E+00  0.00000E+00 -0.21126E+00  0.16892E+00  0.26432E+00
  0.31999E-01  0.10186E+03    0.32000E-01 -0.15266E-01 -0.16734E-01  0.00000E+00  0.00000E+00  0.00000E+00    0.10185E+03  0.00000E+00  0.00000E+00 -0.21111E+00  0.17069E+00  0.26502E+00
  0.32999E-01  0.10235E+03    0.33000E-01 -0.15743E-01 -0.17257E-01  0.00000E+00  0.00000E+00  0.00000E+00    0.10235E+03  0.00000E+00  0.00000E+00 -0.21093E+00  0.17248E+00  0.26570E+00
  0.33999E-01  0.10283E+03    0.34000E-01 -0.16219E-01 -0.17781E-01  0.00000E+00  0.00000E+00  0.00000E+00    0.10283E+03  0.00000E+00  0.00000E+00 -0.21071E+00  0.17429E+00  0.26639E+00
  0.34999E-01  0.10332E+03    0.35000E-01 -0.16696E-01 -0.18304E-01  0.00000E+00  0.00000E+00  0.00000E+00    0.10332E+03  0.00000E+00  0.00000E+00 -0.21047E+00  0.17612E+00  0.26706E+00
  0.35999E-01  0.10380E+03    0.36000E-01 -0.17172E-01 -0.18828E-01  0.00000E+00  0.00000E+00  0.00000E+00    0.10380E+03  0.00000E+00  0.00000E+00 -0.21018E+00  0.17796E+00  0.26773E+00
  0.36999E-01  0.10428E+03    0.37000E-01 -0.17649E-01 -0.19351E-01  0.00000E+00  0.00000E+00  0.00000E+00    0.10428E+03  0.00000E+00  0.00000E+00 -0.20987E+00  0.17983E+00  0.26839E+00
  0.37999E-01  0.10476E+03    0.38000E-01 -0.18125E-01 -0.19875E-01  0.00000E+00  0.00000E+00  0.00000E+00    0.10475E+03  0.00000E+00  0.00000E+00 -0.20953E+00  0.18171E+00  0.26905E+00
  0.38999E-01  0.10523E+03    0.39000E-01 -0.18601E-01 -0.20399E-01  0.00000E+00  0.00000E+00  0.00000E+00    0.10523E+03  0.00000E+00  0.00000E+00 -0.20915E+00  0.18361E+00  0.26970E+00
  0.39999E-01  0.10570E+03    0.40000E-01 -0.19078E-01 -0.20922E-01  0.00000E+00  0.00000E+00  0.00000E+00    0.10570E+03  0.00000E+00  0.00000E+00 -0.20874E+00  0.18553E+00  0.27035E+00
  0.40999E-01  0.10617E+03    0.41000E-01 -0.19554E-01 -0.21446E-01  0.00000E+00  0.00000E+00  0.00000E+00    0.10617E+03  0.00000E+00  0.00000E+00 -0.20830E+00  0.18746E+00  0.27099E+00
  0.41999E-01  0.10663E+03    0.42000E-01 -0.20030E-01 -0.21970E-01  0.00000E+00  0.00000E+00  0.00000E+00    0.10663E+03  0.00000E+00  0.00000E+00 -0.20783E+00  0.18941E+00  0.27162E+00
  0.42999E-01  0.10706E+03    0.43000E-01 -0.20507E-01 -0.22493E-01  0.00000E+00  0.00000E+00  0.00000E+00    0.10706E+03  0.00000E+00  0.00000E+00 -0.21037E+00  0.18983E+00  0.27226E+00
  0.43999E-01  0.10755E+03    0.44000E-01 -0.20983E-01 -0.23017E-01  0.00000E+00  0.00000E+00  0.00000E+00    0.10755E+03  0.00000E+00  0.00000E+00 -0.20701E+00  0.19323E+00  0.27285E+00
  0.44999E-01  0.10798E+03    0.45000E-01 -0.21459E-01 -0.23541E-01  0.00000E+00  0.00000E+00  0.00000E+00    0.10798E+03  0.00000E+00  0.00000E+00 -0.20930E+00  0.19376E+00  0.27352E+00
  0.45999E-01  0.10844E+03    0.46000E-01 -0.21935E-01 -0.24065E-01  0.00000E+00  0.00000E+00  0.00000E+00    0.10843E+03  0.00000E+00  0.00000E+00 -0.20879E+00  0.19568E+00  0.27415E+00
  0.46999E-01  0.10889E+03    0.47000E-01 -0.22412E-01 -0.24588E-01  0.00000E+00  0.00000E+00  0.00000E+00    0.10889E+03  0.00000E+00  0.00000E+00 -0.20819E+00  0.19769E+00  0.27477E+00
  0.47999E-01  0.10934E+03    0.48000E-01 -0.22888E-01 -0.25112E-01  0.00000E+00  0.00000E+00  0.00000E+00    0.10934E+03  0.00000E+00  0.00000E+00 -0.20755E+00  0.19973E+00  0.27539E+00
  0.48999E-01  0.10979E+03    0.49000E-01 -0.23364E-01 -0.25636E-01  0.00000E+00  0.00000E+00  0.00000E+00    0.10978E+03  0.00000E+00  0.00000E+00 -0.20688E+00  0.20177E+00  0.27600E+00
  0.49999E-01  0.11023E+03    0.50000E-01 -0.23840E-01 -0.26160E-01  0.00000E+00  0.00000E+00  0.00000E+00    0.11023E+03  0.00000E+00  0.00000E+00 -0.20619E+00  0.20383E+00  0.27661E+00
  0.50999E-01  0.11067E+03    0.51000E-01 -0.24316E-01 -0.26684E-01  0.00000E+00  0.00000E+00  0.00000E+00    0.11067E+03  0.00000E+00  0.00000E+00 -0.20546E+00  0.20591E+00  0.27723E+00
  0.51999E-01  0.11111E+03    0.52000E-01 -0.24792E-01 -0.27208E-01  0.00000E+00  0.00000E+00  0.00000E+00    0.11111E+03  0.00000E+00  0.00000E+00 -0.20471E+00  0.20800E+00  0.27784E+00
  0.52999E-01  0.11157E+03    0.53000E-01 -0.25268E-01 -0.27732E-01  0.00000E+00  0.00000E+00  0.00000E+00    0.11157E+03  0.00000E+00  0.00000E+00 -0.20106E+00  0.21170E+00  0.27832E+00
  0.53999E-01  0.11198E+03    0.54000E-01 -0.25744E-01 -0.28256E-01  0.00000E+00  0.00000E+00  0.00000E+00    0.11198E+03  0.00000E+00  0.00000E+00 -0.20308E+00  0.21231E+00  0.27905E+00
  0.54999E-01  0.11243E+03    0.55000E-01 -0.26220E-01 -0.28780E-01  0.00000E+00  0.00000E+00  0.00000E+00    0.11243E+03  0.00000E+00  0.00000E+00 -0.19944E+00  0.21599E+00  0.27951E+00
  0.55999E-01  0.11284E+03    0.56000E-01 -0.26696E-01 -0.29304E-01  0.00000E+00  0.00000E+00  0.00000E+00    0.11284E+03  0.00000E+00  0.00000E+00 -0.20140E+00  0.21661E+00  0.28025E+00
  0.56999E-01  0.11329E+03    0.57000E-01 -0.27172E-01 -0.29828E-01  0.00000E+00  0.00000E+00  0.00000E+00    0.11329E+03  0.00000E+00  0.00000E+00 -0.19770E+00  0.22035E+00  0.28070E+00
  0.57999E-01  0.11370E+03    0.58000E-01 -0.27648E-01 -0.30352E-01  0.00000E+00  0.00000E+00  0.00000E+00    0.11370E+03  0.00000E+00  0.00000E+00 -0.19961E+00  0.22097E+00  0.28144E+00
  0.58999E-01  0.11411E+03    0.59000E-01 -0.28124E-01 -0.30876E-01  0.00000E+00  0.00000E+00  0.00000E+00    0.11411E+03  0.00000E+00  0.00000E+00 -0.19908E+00  0.22293E+00  0.28202E+00
  0.59999E-01  0.11454E+03    0.60000E-01 -0.28600E-01 -0.31400E-01  0.00000E+00  0.00000E+00  0.00000E+00    0.11454E+03  0.00000E+00  0.00000E+00 -0.19779E+00  0.22529E+00  0.28263E+00
  0.60999E-01  0.11495E+03    0.61000E-01 -0.29075E-01 -0.31925E-01  0.00000E+00  0.00000E+00  0.00000E+00    0.11495E+03  0.00000E+00  0.00000E+00 -0.19714E+00  0.22737E+00  0.28321E+00
  0.61999E-01  0.11538E+03    0.62000E-01 -0.29551E-01 -0.32449E-01  0.00000E+00  0.00000E+00  0.00000E+00    0.11537E+03  0.00000E+00  0.00000E+00 -0.19581E+00  0.22977E+00  0.28382E+00
  0.62999E-01  0.11578E+03    0.63000E-01 -0.30027E-01 -0.32973E-01  0.00000E+00  0.00000E+00  0.00000E+00    0.11578E+03  0.00000E+00  0.00000E+00 -0.19511E+00  0.23187E+00  0.28440E+00
  0.63999E-01  0.11620E+03    0.64000E-01 -0.30503E-01 -0.33497E-01  0.00000E+00  0.00000E+00  0.00000E+00    0.11620E+03  0.00000E+00  0.00000E+00 -0.19373E+00  0.23430E+00  0.28500E+00
  0.64999E-01  0.11660E+03    0.65000E-01 -0.30978E-01 -0.34022E-01  0.00000E+00  0.00000E+00  0.00000E+00    0.11660E+03  0.00000E+00  0.00000E+00 -0.19299E+00  0.23643E+00  0.28559E+00
  0.65999E-01  0.11702E+03    0.66000E-01 -0.31454E-01 -0.34546E-01  0.00000E+00  0.00000E+00  0.00000E+00    0.11702E+03  0.00000E+00  0.00000E+00 -0.19155E+00  0.23888E+00  0.28619E+00
  0.66999E-01  0.11741E+03    0.67000E-01 -0.31930E-01 -0.35070E-01  0.00000E+00  0.00000E+00  0.00000E+00    0.11741E+03  0.00000E+00  0.00000E+00 -0.19076E+00  0.24104E+00  0.28678E+00
  0.67999E-01  0.11781E+03    0.68000E-01 -0.32405E-01 -0.35595E-01  0.00000E+00  0.00000E+00  0.00000E+00    0.11781E+03  0.00000E+00  0.00000E+00 -0.18968E+00  0.24335E+00  0.28738E+00
  0.68999E-01  0.11823E+03    0.69000E-01 -0.32881E-01 -0.36119E-01  0.00000E+00  0.00000E+00  0.00000E+00    0.11822E+03  0.00000E+00  0.00000E+00 -0.18812E+00  0.24587E+00  0.28798E+00
  0.69999E-01  0.11861E+03    0.70000E-01 -0.33357E-01 -0.36643E-01  0.00000E+00  0.00000E+00  0.00000E+00    0.11861E+03  0.00000E+00  0.00000E+00 -0.18726E+00  0.24808E+00  0.28858E+00
  0.70999E-01  0.11901E+03    0.71000E-01 -0.33832E-01 -0.37168E-01  0.00000E+00  0.00000E+00  0.00000E+00    0.11900E+03  0.00000E+00  0.00000E+00 -0.18611E+00  0.25042E+00  0.28918E+00
  0.71999E-01  0.11940E+03    0.72000E-01 -0.34308E-01 -0.37692E-01  0.00000E+00  0.00000E+00  0.00000E+00    0.11940E+03  0.00000E+00  0.00000E+00 -0.18489E+00  0.25281E+00  0.28978E+00
  0.72998E-01  0.11979E+03    0.73000E-01 -0.34783E-01 -0.38217E-01  0.00000E+00  0.00000E+00  0.00000E+00    0.11979E+03  0.00000E+00  0.00000E+00 -0.18363E+00  0.25521E+00  0.29039E+00
  0.73998E-01  0.12018E+03    0.74000E-01 -0.35259E-01 -0.38741E-01  0.00000E+00  0.00000E+00  0.00000E+00    0.12018E+03  0.00000E+00  0.00000E+00 -0.18236E+00  0.25763E+00  0.29100E+00
  0.74998E-01  0.12057E+03    0.75000E-01 -0.35734E-01 -0.39266E-01  0.00000E+00  0.00000E+00  0.00000E+00    0.12057E+03  0.00000E+00  0.00000E+00 -0.18106E+00  0.26006E+00  0.29162E+00
  0.75998E-01  0.12096E+03    0.76000E-01 -0.36209E-01 -0.39791E-01  0.00000E+00  0.00000E+00  0.00000E+00    0.12095E+03  0.00000E+00  0.00000E+00 -0.17974E+00  0.26250E+00  0.29223E+00
  0.76998E-01  0.12134E+03    0.77000E-01 -0.36685E-01 -0.40315E-01  0.00000E+00  0.00000E+00  0.00000E+00    0.12134E+03  0.00000E+00  0.00000E+00 -0.17840E+00  0.26496E+00  0.29285E+00
  0.77998E-01  0.12172E+03    0.78000E-01 -0.37160E-01 -0.40840E-01  0.00000E+00  0.00000E+00  0.00000E+00    0.12172E+03  0.00000E+00  0.00000E+00 -0.17705E+00  0.26744E+00  0.29348E+00
  0.78998E-01  0.12210E+03    0.79000E-01 -0.37636E-01 -0.41364E-01  0.00000E+00  0.00000E+00  0.00000E+00    0.12210E+03  0.00000E+00  0.00000E+00 -0.17567E+00  0.26993E+00  0.29411E+00
  0.79998E-01  0.12248E+03    0.80000E-01 -0.38111E-01 -0.41889E-01  0.00000E+00  0.00000E+00  0.00000E+00    0.12247E+03  0.00000E+00  0.00000E+00 -0.17427E+00  0.27244E+00  0.29475E+00
  0.80998E-01  0.12285E+03    0.81000E-01 -0.38586E-01 -0.42414E-01  0.00000E+00  0.00000E+00  0.00000E+00    0.12285E+03  0.00000E+00  0.00000E+00 -0.17285E+00  0.27496E+00  0.29539E+00
  0.81998E-01  0.12323E+03    0.82000E-01 -0.39061E-01 -0.42939E-01  0.00000E+00  0.00000E+00  0.00000E+00    0.12322E+03  0.00000E+00  0.00000E+00 -0.17141E+00  0.27750E+00  0.29604E+00
  0.82998E-01  0.12360E+03    0.83000E-01 -0.39537E-01 -0.43463E-01  0.00000E+00  0.00000E+00  0.00000E+00    0.12360E+03  0.00000E+00  0.00000E+00 -0.16316E+00  0.28323E+00  0.29672E+00
  0.83998E-01  0.12395E+03    0.84000E-01 -0.40012E-01 -0.43988E-01  0.00000E+00  0.00000E+00  0.00000E+00    0.12394E+03  0.00000E+00  0.00000E+00 -0.16346E+00  0.28541E+00  0.29748E+00
  0.84998E-01  0.12431E+03    0.85000E-01 -0.40487E-01 -0.44513E-01  0.00000E+00  0.00000E+00  0.00000E+00    0.12430E+03  0.00000E+00  0.00000E+00 -0.16169E+00  0.28809E+00  0.29817E+00
  0.85998E-01  0.12467E+03    0.86000E-01 -0.40962E-01 -0.45038E-01  0.00000E+00  0.00000E+00  0.00000E+00    0.12467E+03  0.00000E+00  0.00000E+00 -0.16017E+00  0.29072E+00  0.29886E+00
  0.86998E-01  0.12504E+03    0.87000E-01 -0.41437E-01 -0.45563E-01  0.00000E+00  0.00000E+00  0.00000E+00    0.12503E+03  0.00000E+00  0.00000E+00 -0.15864E+00  0.29336E+00  0.29955E+00
  0.87998E-01  0.12540E+03    0.88000E-01 -0.41912E-01 -0.46088E-01  0.00000E+00  0.00000E+00  0.00000E+00    0.12540E+03  0.00000E+00  0.00000E+00 -0.15709E+00  0.29601E+00  0.30024E+00
  0.88998E-01  0.12581E+03    0.89000E-01 -0.42387E-01 -0.46613E-01  0.00000E+00  0.00000E+00  0.00000E+00    0.12580E+03  0.00000E+00  0.00000E+00 -0.15397E+00  0.29933E+00  0.30086E+00
  0.89998E-01  0.12617E+03    0.90000E-01 -0.42862E-01 -0.47138E-01  0.00000E+00  0.00000E+00  0.00000E+00    0.12617E+03  0.00000E+00  0.00000E+00 -0.15278E+00  0.30193E+00  0.30155E+00
  0.90998E-01  0.12653E+03    0.91000E-01 -0.43337E-01 -0.47663E-01  0.00000E+00  0.00000E+00  0.00000E+00    0.12653E+03  0.00000E+00  0.00000E+00 -0.15118E+00  0.30464E+00  0.30226E+00
  0.91998E-01  0.12688E+03    0.92000E-01 -0.43812E-01 -0.48188E-01  0.00000E+00  0.00000E+00  0.00000E+00    0.12688E+03  0.00000E+00  0.00000E+00 -0.14955E+00  0.30737E+00  0.30299E+00
  0.92998E-01  0.12724E+03    0.93000E-01 -0.44287E-01 -0.48713E-01  0.00000E+00  0.00000E+00  0.00000E+00    0.12723E+03  0.00000E+00  0.00000E+00 -0.14792E+00  0.31012E+00  0.30373E+00
  0.93998E-01  0.12759E+03    0.94000E-01 -0.44762E-01 -0.49238E-01  0.00000E+00  0.00000E+00  0.00000E+00    0.12758E+03  0.00000E+00  0.00000E+00 -0.14626E+00  0.31288E+00  0.30449E+00
  0.94998E-01  0.12794E+03    0.95000E-01 -0.45237E-01 -0.49763E-01  0.00000E+00  0.00000E+00  0.00000E+00    0.12793E+03  0.00000E+00  0.00000E+00 -0.14459E+00  0.31566E+00  0.30525E+00
  0.95998E-01  0.12828E+03    0.96000E-01 -0.45712E-01 -0.50288E-01  0.00000E+00  0.00000E+00  0.00000E+00    0.12828E+03  0.00000E+00  0.00000E+00 -0.14291E+00  0.31846E+00  0.30602E+00
  0.96998E-01  0.12863E+03    0.97000E-01 -0.46187E-01 -0.50813E-01  0.00000E+00  0.00000E+00  0.00000E+00    0.12863E+03  0.00000E+00  0.00000E+00 -0.14121E+00  0.32127E+00  0.30681E+00
  0.97998E-01  0.12897E+03    0.98000E-01 -0.46662E-01 -0.51338E-01  0.00000E+00  0.00000E+00  0.00000E+00    0.12897E+03  0.00000E+00  0.00000E+00 -0.13949E+00  0.32411E+00  0.30761E+00
  0.98998E-01  0.12932E+03    0.99000E-01 -0.47137E-01 -0.51863E-01  0.00000E+00  0.00000E+00  0.00000E+00    0.12931E+03  0.00000E+00  0.00000E+00 -0.13776E+00  0.32696E+00  0.30842E+00
  0.99998E-01  0.12966E+03    0.10000E+00 -0.47611E-01 -0.52389E-01  0.00000E+00  0.00000E+00  0.00000E+00    0.12966E+03  0.00000E+00  0.00000E+00 -0.13601E+00  0.32983E+00  0.30924E+00
