          Evm          Svm            E11          E22          E33          E23          E13          E12         SCAU11       SCAU22       SCAU33       SCAU23       SCAU13       SCAU12      TEMP
  0.00000E+00  0.74905E+02    0.00000E+00  0.00000E+00  0.00000E+00  0.00000E+00  0.00000E+00  0.00000E+00    0.74904E+02  0.00000E+00  0.00000E+00 -0.17373E+00  0.10771E+00  0.20697E+00
  0.99998E-03  0.75407E+02    0.10000E-02 -0.47967E-03 -0.52033E-03  0.00000E+00  0.00000E+00  0.00000E+00    0.75406E+02  0.00000E+00  0.00000E+00 -0.17768E+00  0.11032E+00  0.20976E+00
  0.20000E-02  0.75880E+02    0.20000E-02 -0.95784E-03 -0.10422E-02  0.00000E+00  0.00000E+00  0.00000E+00    0.75879E+02  0.00000E+00  0.00000E+00 -0.17800E+00  0.11124E+00  0.21162E+00
  0.29999E-02  0.76403E+02    0.30000E-02 -0.14356E-02 -0.15644E-02  0.00000E+00  0.00000E+00  0.00000E+00    0.76401E+02  0.00000E+00  0.00000E+00 -0.17898E+00  0.11225E+00  0.21292E+00
  0.39999E-02  0.76924E+02    0.40000E-02 -0.19132E-02 -0.20868E-02  0.00000E+00  0.00000E+00  0.00000E+00    0.76922E+02  0.00000E+00  0.00000E+00 -0.17984E+00  0.11328E+00  0.21399E+00
  0.49999E-02  0.77442E+02    0.50000E-02 -0.23906E-02 -0.26094E-02  0.00000E+00  0.00000E+00  0.00000E+00    0.77440E+02  0.00000E+00  0.00000E+00 -0.18066E+00  0.11433E+00  0.21498E+00
  0.59999E-02  0.77947E+02    0.60000E-02 -0.28678E-02 -0.31322E-02  0.00000E+00  0.00000E+00  0.00000E+00    0.77945E+02  0.00000E+00  0.00000E+00 -0.17971E+00  0.11614E+00  0.21594E+00
  0.69998E-02  0.78465E+02    0.70000E-02 -0.33451E-02 -0.36549E-02  0.00000E+00  0.00000E+00  0.00000E+00    0.78463E+02  0.00000E+00  0.00000E+00 -0.18046E+00  0.11736E+00  0.21685E+00
  0.79998E-02  0.78973E+02    0.80000E-02 -0.38222E-02 -0.41778E-02  0.00000E+00  0.00000E+00  0.00000E+00    0.78972E+02  0.00000E+00  0.00000E+00 -0.18116E+00  0.11849E+00  0.21772E+00
  0.89998E-02  0.79478E+02    0.90000E-02 -0.42993E-02 -0.47007E-02  0.00000E+00  0.00000E+00  0.00000E+00    0.79477E+02  0.00000E+00  0.00000E+00 -0.18182E+00  0.11964E+00  0.21857E+00
  0.99998E-02  0.79980E+02    0.10000E-01 -0.47764E-02 -0.52236E-02  0.00000E+00  0.00000E+00  0.00000E+00    0.79978E+02  0.00000E+00  0.00000E+00 -0.18243E+00  0.12081E+00  0.21940E+00
  0.11000E-01  0.80479E+02    0.11000E-01 -0.52535E-02 -0.57465E-02  0.00000E+00  0.00000E+00  0.00000E+00    0.80477E+02  0.00000E+00  0.00000E+00 -0.18301E+00  0.12200E+00  0.22021E+00
  0.12000E-01  0.80975E+02    0.12000E-01 -0.57305E-02 -0.62695E-02  0.00000E+00  0.00000E+00  0.00000E+00    0.80973E+02  0.00000E+00  0.00000E+00 -0.18356E+00  0.12321E+00  0.22100E+00
  0.13000E-01  0.81468E+02    0.13000E-01 -0.62075E-02 -0.67925E-02  0.00000E+00  0.00000E+00  0.00000E+00    0.81466E+02  0.00000E+00  0.00000E+00 -0.18406E+00  0.12443E+00  0.22179E+00
  0.14000E-01  0.81957E+02    0.14000E-01 -0.66845E-02 -0.73155E-02  0.00000E+00  0.00000E+00  0.00000E+00    0.81956E+02  0.00000E+00  0.00000E+00 -0.18453E+00  0.12568E+00  0.22256E+00
  0.15000E-01  0.82444E+02    0.15000E-01 -0.71614E-02 -0.78386E-02  0.00000E+00  0.00000E+00  0.00000E+00    0.82442E+02  0.00000E+00  0.00000E+00 -0.18497E+00  0.12694E+00  0.22332E+00
  0.16000E-01  0.82928E+02    0.16000E-01 -0.76384E-02 -0.83616E-02  0.00000E+00  0.00000E+00  0.00000E+00    0.82926E+02  0.00000E+00  0.00000E+00 -0.18537E+00  0.12823E+00  0.22407E+00
  0.17000E-01  0.83409E+02    0.17000E-01 -0.81153E-02 -0.88847E-02  0.00000E+00  0.00000E+00  0.00000E+00    0.83407E+02  0.00000E+00  0.00000E+00 -0.18573E+00  0.12953E+00  0.22481E+00
  0.18000E-01  0.83887E+02    0.18000E-01 -0.85922E-02 -0.94078E-02  0.00000E+00  0.00000E+00  0.00000E+00    0.83885E+02  0.00000E+00  0.00000E+00 -0.18605E+00  0.13086E+00  0.22554E+00
  0.19000E-01  0.84362E+02    0.19000E-01 -0.90690E-02 -0.99310E-02  0.00000E+00  0.00000E+00  0.00000E+00    0.84360E+02  0.00000E+00  0.00000E+00 -0.18635E+00  0.13220E+00  0.22627E+00
  0.20000E-01  0.84834E+02    0.20000E-01 -0.95459E-02 -0.10454E-01  0.00000E+00  0.00000E+00  0.00000E+00    0.84832E+02  0.00000E+00  0.00000E+00 -0.18661E+00  0.13356E+00  0.22698E+00
  0.21000E-01  0.85303E+02    0.21000E-01 -0.10023E-01 -0.10977E-01  0.00000E+00  0.00000E+00  0.00000E+00    0.85302E+02  0.00000E+00  0.00000E+00 -0.18683E+00  0.13494E+00  0.22768E+00
  0.22000E-01  0.85770E+02    0.22000E-01 -0.10500E-01 -0.11500E-01  0.00000E+00  0.00000E+00  0.00000E+00    0.85768E+02  0.00000E+00  0.00000E+00 -0.18702E+00  0.13633E+00  0.22837E+00
  0.22999E-01  0.86234E+02    0.23000E-01 -0.10976E-01 -0.12024E-01  0.00000E+00  0.00000E+00  0.00000E+00    0.86232E+02  0.00000E+00  0.00000E+00 -0.18718E+00  0.13775E+00  0.22906E+00
  0.23999E-01  0.86695E+02    0.24000E-01 -0.11453E-01 -0.12547E-01  0.00000E+00  0.00000E+00  0.00000E+00    0.86693E+02  0.00000E+00  0.00000E+00 -0.18731E+00  0.13918E+00  0.22974E+00
  0.24999E-01  0.87153E+02    0.25000E-01 -0.11930E-01 -0.13070E-01  0.00000E+00  0.00000E+00  0.00000E+00    0.87151E+02  0.00000E+00  0.00000E+00 -0.18740E+00  0.14063E+00  0.23040E+00
  0.25999E-01  0.87609E+02    0.26000E-01 -0.12406E-01 -0.13594E-01  0.00000E+00  0.00000E+00  0.00000E+00    0.87607E+02  0.00000E+00  0.00000E+00 -0.18746E+00  0.14211E+00  0.23107E+00
  0.26999E-01  0.88062E+02    0.27000E-01 -0.12883E-01 -0.14117E-01  0.00000E+00  0.00000E+00  0.00000E+00    0.88060E+02  0.00000E+00  0.00000E+00 -0.18749E+00  0.14359E+00  0.23172E+00
  0.27999E-01  0.88512E+02    0.28000E-01 -0.13360E-01 -0.14640E-01  0.00000E+00  0.00000E+00  0.00000E+00    0.88510E+02  0.00000E+00  0.00000E+00 -0.18749E+00  0.14510E+00  0.23237E+00
  0.28999E-01  0.88959E+02    0.29000E-01 -0.13836E-01 -0.15164E-01  0.00000E+00  0.00000E+00  0.00000E+00    0.88957E+02  0.00000E+00  0.00000E+00 -0.18745E+00  0.14662E+00  0.23301E+00
  0.29999E-01  0.89404E+02    0.30000E-01 -0.14313E-01 -0.15687E-01  0.00000E+00  0.00000E+00  0.00000E+00    0.89402E+02  0.00000E+00  0.00000E+00 -0.18738E+00  0.14816E+00  0.23365E+00
  0.30999E-01  0.89846E+02    0.31000E-01 -0.14790E-01 -0.16210E-01  0.00000E+00  0.00000E+00  0.00000E+00    0.89844E+02  0.00000E+00  0.00000E+00 -0.18729E+00  0.14972E+00  0.23427E+00
  0.31999E-01  0.90286E+02    0.32000E-01 -0.15266E-01 -0.16734E-01  0.00000E+00  0.00000E+00  0.00000E+00    0.90284E+02  0.00000E+00  0.00000E+00 -0.18716E+00  0.15129E+00  0.23489E+00
  0.32999E-01  0.90723E+02    0.33000E-01 -0.15743E-01 -0.17257E-01  0.00000E+00  0.00000E+00  0.00000E+00    0.90721E+02  0.00000E+00  0.00000E+00 -0.18700E+00  0.15288E+00  0.23551E+00
  0.33999E-01  0.91157E+02    0.34000E-01 -0.16219E-01 -0.17781E-01  0.00000E+00  0.00000E+00  0.00000E+00    0.91156E+02  0.00000E+00  0.00000E+00 -0.18681E+00  0.15449E+00  0.23612E+00
  0.34999E-01  0.91589E+02    0.35000E-01 -0.16696E-01 -0.18304E-01  0.00000E+00  0.00000E+00  0.00000E+00    0.91587E+02  0.00000E+00  0.00000E+00 -0.18660E+00  0.15611E+00  0.23672E+00
  0.35999E-01  0.92019E+02    0.36000E-01 -0.17172E-01 -0.18828E-01  0.00000E+00  0.00000E+00  0.00000E+00    0.92017E+02  0.00000E+00  0.00000E+00 -0.18635E+00  0.15775E+00  0.23732E+00
  0.36999E-01  0.92446E+02    0.37000E-01 -0.17649E-01 -0.19351E-01  0.00000E+00  0.00000E+00  0.00000E+00    0.92444E+02  0.00000E+00  0.00000E+00 -0.18608E+00  0.15941E+00  0.23792E+00
  0.37999E-01  0.92870E+02    0.38000E-01 -0.18125E-01 -0.19875E-01  0.00000E+00  0.00000E+00  0.00000E+00    0.92868E+02  0.00000E+00  0.00000E+00 -0.18578E+00  0.16108E+00  0.23850E+00
  0.38999E-01  0.93292E+02    0.39000E-01 -0.18601E-01 -0.20399E-01  0.00000E+00  0.00000E+00  0.00000E+00    0.93290E+02  0.00000E+00  0.00000E+00 -0.18545E+00  0.16277E+00  0.23909E+00
  0.39999E-01  0.93712E+02    0.40000E-01 -0.19078E-01 -0.20922E-01  0.00000E+00  0.00000E+00  0.00000E+00    0.93710E+02  0.00000E+00  0.00000E+00 -0.18509E+00  0.16447E+00  0.23967E+00
  0.40999E-01  0.94129E+02    0.41000E-01 -0.19554E-01 -0.21446E-01  0.00000E+00  0.00000E+00  0.00000E+00    0.94127E+02  0.00000E+00  0.00000E+00 -0.18471E+00  0.16619E+00  0.24024E+00
  0.41999E-01  0.94543E+02    0.42000E-01 -0.20030E-01 -0.21970E-01  0.00000E+00  0.00000E+00  0.00000E+00    0.94542E+02  0.00000E+00  0.00000E+00 -0.18430E+00  0.16793E+00  0.24081E+00
  0.42999E-01  0.94956E+02    0.43000E-01 -0.20507E-01 -0.22493E-01  0.00000E+00  0.00000E+00  0.00000E+00    0.94954E+02  0.00000E+00  0.00000E+00 -0.18386E+00  0.16968E+00  0.24137E+00
  0.43999E-01  0.95336E+02    0.44000E-01 -0.20983E-01 -0.23017E-01  0.00000E+00  0.00000E+00  0.00000E+00    0.95334E+02  0.00000E+00  0.00000E+00 -0.18610E+00  0.17004E+00  0.24195E+00
  0.44999E-01  0.95770E+02    0.45000E-01 -0.21459E-01 -0.23541E-01  0.00000E+00  0.00000E+00  0.00000E+00    0.95768E+02  0.00000E+00  0.00000E+00 -0.18309E+00  0.17309E+00  0.24246E+00
  0.45999E-01  0.96148E+02    0.46000E-01 -0.21935E-01 -0.24065E-01  0.00000E+00  0.00000E+00  0.00000E+00    0.96147E+02  0.00000E+00  0.00000E+00 -0.18511E+00  0.17357E+00  0.24307E+00
  0.46999E-01  0.96553E+02    0.47000E-01 -0.22412E-01 -0.24588E-01  0.00000E+00  0.00000E+00  0.00000E+00    0.96551E+02  0.00000E+00  0.00000E+00 -0.18463E+00  0.17529E+00  0.24363E+00
  0.47999E-01  0.96954E+02    0.48000E-01 -0.22888E-01 -0.25112E-01  0.00000E+00  0.00000E+00  0.00000E+00    0.96952E+02  0.00000E+00  0.00000E+00 -0.18407E+00  0.17709E+00  0.24418E+00
  0.48999E-01  0.97352E+02    0.49000E-01 -0.23364E-01 -0.25636E-01  0.00000E+00  0.00000E+00  0.00000E+00    0.97350E+02  0.00000E+00  0.00000E+00 -0.18349E+00  0.17891E+00  0.24473E+00
  0.49999E-01  0.97749E+02    0.50000E-01 -0.23840E-01 -0.26160E-01  0.00000E+00  0.00000E+00  0.00000E+00    0.97747E+02  0.00000E+00  0.00000E+00 -0.18287E+00  0.18074E+00  0.24527E+00
  0.50999E-01  0.98143E+02    0.51000E-01 -0.24316E-01 -0.26684E-01  0.00000E+00  0.00000E+00  0.00000E+00    0.98141E+02  0.00000E+00  0.00000E+00 -0.18223E+00  0.18259E+00  0.24582E+00
  0.51999E-01  0.98535E+02    0.52000E-01 -0.24792E-01 -0.27208E-01  0.00000E+00  0.00000E+00  0.00000E+00    0.98533E+02  0.00000E+00  0.00000E+00 -0.18157E+00  0.18445E+00  0.24637E+00
  0.52999E-01  0.98924E+02    0.53000E-01 -0.25268E-01 -0.27732E-01  0.00000E+00  0.00000E+00  0.00000E+00    0.98922E+02  0.00000E+00  0.00000E+00 -0.18089E+00  0.18632E+00  0.24691E+00
  0.53999E-01  0.99327E+02    0.54000E-01 -0.25744E-01 -0.28256E-01  0.00000E+00  0.00000E+00  0.00000E+00    0.99325E+02  0.00000E+00  0.00000E+00 -0.17761E+00  0.18963E+00  0.24733E+00
  0.54999E-01  0.99695E+02    0.55000E-01 -0.26220E-01 -0.28780E-01  0.00000E+00  0.00000E+00  0.00000E+00    0.99693E+02  0.00000E+00  0.00000E+00 -0.17940E+00  0.19018E+00  0.24799E+00
  0.55999E-01  0.10010E+03    0.56000E-01 -0.26696E-01 -0.29304E-01  0.00000E+00  0.00000E+00  0.00000E+00    0.10009E+03  0.00000E+00  0.00000E+00 -0.17614E+00  0.19348E+00  0.24840E+00
  0.56999E-01  0.10046E+03    0.57000E-01 -0.27172E-01 -0.29828E-01  0.00000E+00  0.00000E+00  0.00000E+00    0.10046E+03  0.00000E+00  0.00000E+00 -0.17787E+00  0.19402E+00  0.24906E+00
  0.57999E-01  0.10083E+03    0.58000E-01 -0.27648E-01 -0.30352E-01  0.00000E+00  0.00000E+00  0.00000E+00    0.10083E+03  0.00000E+00  0.00000E+00 -0.17742E+00  0.19576E+00  0.24957E+00
  0.58999E-01  0.10122E+03    0.59000E-01 -0.28124E-01 -0.30876E-01  0.00000E+00  0.00000E+00  0.00000E+00    0.10122E+03  0.00000E+00  0.00000E+00 -0.17631E+00  0.19784E+00  0.25012E+00
  0.59999E-01  0.10158E+03    0.60000E-01 -0.28600E-01 -0.31400E-01  0.00000E+00  0.00000E+00  0.00000E+00    0.10158E+03  0.00000E+00  0.00000E+00 -0.17576E+00  0.19968E+00  0.25063E+00
  0.60999E-01  0.10196E+03    0.61000E-01 -0.29075E-01 -0.31925E-01  0.00000E+00  0.00000E+00  0.00000E+00    0.10196E+03  0.00000E+00  0.00000E+00 -0.17460E+00  0.20179E+00  0.25118E+00
  0.61999E-01  0.10232E+03    0.62000E-01 -0.29551E-01 -0.32449E-01  0.00000E+00  0.00000E+00  0.00000E+00    0.10232E+03  0.00000E+00  0.00000E+00 -0.17400E+00  0.20365E+00  0.25170E+00
  0.62999E-01  0.10270E+03    0.63000E-01 -0.30027E-01 -0.32973E-01  0.00000E+00  0.00000E+00  0.00000E+00    0.10270E+03  0.00000E+00  0.00000E+00 -0.17280E+00  0.20579E+00  0.25224E+00
  0.63999E-01  0.10306E+03    0.64000E-01 -0.30503E-01 -0.33497E-01  0.00000E+00  0.00000E+00  0.00000E+00    0.10306E+03  0.00000E+00  0.00000E+00 -0.17216E+00  0.20767E+00  0.25277E+00
  0.64999E-01  0.10343E+03    0.65000E-01 -0.30978E-01 -0.34022E-01  0.00000E+00  0.00000E+00  0.00000E+00    0.10343E+03  0.00000E+00  0.00000E+00 -0.17092E+00  0.20984E+00  0.25331E+00
  0.65999E-01  0.10379E+03    0.66000E-01 -0.31454E-01 -0.34546E-01  0.00000E+00  0.00000E+00  0.00000E+00    0.10379E+03  0.00000E+00  0.00000E+00 -0.17024E+00  0.21174E+00  0.25383E+00
  0.66999E-01  0.10416E+03    0.67000E-01 -0.31930E-01 -0.35070E-01  0.00000E+00  0.00000E+00  0.00000E+00    0.10416E+03  0.00000E+00  0.00000E+00 -0.16895E+00  0.21394E+00  0.25437E+00
  0.67999E-01  0.10451E+03    0.68000E-01 -0.32405E-01 -0.35595E-01  0.00000E+00  0.00000E+00  0.00000E+00    0.10450E+03  0.00000E+00  0.00000E+00 -0.16823E+00  0.21587E+00  0.25490E+00
  0.68999E-01  0.10486E+03    0.69000E-01 -0.32881E-01 -0.36119E-01  0.00000E+00  0.00000E+00  0.00000E+00    0.10486E+03  0.00000E+00  0.00000E+00 -0.16726E+00  0.21793E+00  0.25543E+00
  0.69999E-01  0.10522E+03    0.70000E-01 -0.33357E-01 -0.36643E-01  0.00000E+00  0.00000E+00  0.00000E+00    0.10521E+03  0.00000E+00  0.00000E+00 -0.16621E+00  0.22003E+00  0.25597E+00
  0.70999E-01  0.10557E+03    0.71000E-01 -0.33832E-01 -0.37168E-01  0.00000E+00  0.00000E+00  0.00000E+00    0.10557E+03  0.00000E+00  0.00000E+00 -0.16514E+00  0.22214E+00  0.25651E+00
  0.71999E-01  0.10592E+03    0.72000E-01 -0.34308E-01 -0.37692E-01  0.00000E+00  0.00000E+00  0.00000E+00    0.10592E+03  0.00000E+00  0.00000E+00 -0.16405E+00  0.22426E+00  0.25705E+00
  0.72998E-01  0.10627E+03    0.73000E-01 -0.34783E-01 -0.38217E-01  0.00000E+00  0.00000E+00  0.00000E+00    0.10627E+03  0.00000E+00  0.00000E+00 -0.16294E+00  0.22639E+00  0.25759E+00
  0.73998E-01  0.10662E+03    0.74000E-01 -0.35259E-01 -0.38741E-01  0.00000E+00  0.00000E+00  0.00000E+00    0.10661E+03  0.00000E+00  0.00000E+00 -0.16180E+00  0.22854E+00  0.25813E+00
  0.74998E-01  0.10696E+03    0.75000E-01 -0.35734E-01 -0.39266E-01  0.00000E+00  0.00000E+00  0.00000E+00    0.10696E+03  0.00000E+00  0.00000E+00 -0.16065E+00  0.23070E+00  0.25868E+00
  0.75998E-01  0.10731E+03    0.76000E-01 -0.36209E-01 -0.39791E-01  0.00000E+00  0.00000E+00  0.00000E+00    0.10730E+03  0.00000E+00  0.00000E+00 -0.15949E+00  0.23287E+00  0.25923E+00
  0.76998E-01  0.10765E+03    0.77000E-01 -0.36685E-01 -0.40315E-01  0.00000E+00  0.00000E+00  0.00000E+00    0.10765E+03  0.00000E+00  0.00000E+00 -0.15830E+00  0.23506E+00  0.25979E+00
  0.77998E-01  0.10799E+03    0.78000E-01 -0.37160E-01 -0.40840E-01  0.00000E+00  0.00000E+00  0.00000E+00    0.10799E+03  0.00000E+00  0.00000E+00 -0.15710E+00  0.23726E+00  0.26035E+00
  0.78998E-01  0.10833E+03    0.79000E-01 -0.37636E-01 -0.41364E-01  0.00000E+00  0.00000E+00  0.00000E+00    0.10832E+03  0.00000E+00  0.00000E+00 -0.15588E+00  0.23947E+00  0.26091E+00
  0.79998E-01  0.10866E+03    0.80000E-01 -0.38111E-01 -0.41889E-01  0.00000E+00  0.00000E+00  0.00000E+00    0.10866E+03  0.00000E+00  0.00000E+00 -0.15464E+00  0.24170E+00  0.26148E+00
  0.80998E-01  0.10900E+03    0.81000E-01 -0.38586E-01 -0.42414E-01  0.00000E+00  0.00000E+00  0.00000E+00    0.10900E+03  0.00000E+00  0.00000E+00 -0.15338E+00  0.24394E+00  0.26205E+00
  0.81998E-01  0.10933E+03    0.82000E-01 -0.39061E-01 -0.42939E-01  0.00000E+00  0.00000E+00  0.00000E+00    0.10933E+03  0.00000E+00  0.00000E+00 -0.15210E+00  0.24620E+00  0.26263E+00
  0.82998E-01  0.10966E+03    0.83000E-01 -0.39537E-01 -0.43463E-01  0.00000E+00  0.00000E+00  0.00000E+00    0.10966E+03  0.00000E+00  0.00000E+00 -0.15081E+00  0.24847E+00  0.26322E+00
  0.83998E-01  0.10999E+03    0.84000E-01 -0.40012E-01 -0.43988E-01  0.00000E+00  0.00000E+00  0.00000E+00    0.10999E+03  0.00000E+00  0.00000E+00 -0.14346E+00  0.25360E+00  0.26383E+00
  0.84998E-01  0.11030E+03    0.85000E-01 -0.40487E-01 -0.44513E-01  0.00000E+00  0.00000E+00  0.00000E+00    0.11030E+03  0.00000E+00  0.00000E+00 -0.14371E+00  0.25555E+00  0.26452E+00
  0.85998E-01  0.11062E+03    0.86000E-01 -0.40962E-01 -0.45038E-01  0.00000E+00  0.00000E+00  0.00000E+00    0.11062E+03  0.00000E+00  0.00000E+00 -0.14213E+00  0.25794E+00  0.26514E+00
  0.86998E-01  0.11094E+03    0.87000E-01 -0.41437E-01 -0.45563E-01  0.00000E+00  0.00000E+00  0.00000E+00    0.11094E+03  0.00000E+00  0.00000E+00 -0.14077E+00  0.26029E+00  0.26576E+00
  0.87998E-01  0.11126E+03    0.88000E-01 -0.41912E-01 -0.46088E-01  0.00000E+00  0.00000E+00  0.00000E+00    0.11126E+03  0.00000E+00  0.00000E+00 -0.13939E+00  0.26265E+00  0.26638E+00
  0.88998E-01  0.11163E+03    0.89000E-01 -0.42387E-01 -0.46613E-01  0.00000E+00  0.00000E+00  0.00000E+00    0.11163E+03  0.00000E+00  0.00000E+00 -0.13662E+00  0.26560E+00  0.26693E+00
  0.89998E-01  0.11196E+03    0.90000E-01 -0.42862E-01 -0.47138E-01  0.00000E+00  0.00000E+00  0.00000E+00    0.11195E+03  0.00000E+00  0.00000E+00 -0.13556E+00  0.26791E+00  0.26755E+00
  0.90998E-01  0.11227E+03    0.91000E-01 -0.43337E-01 -0.47663E-01  0.00000E+00  0.00000E+00  0.00000E+00    0.11227E+03  0.00000E+00  0.00000E+00 -0.13414E+00  0.27032E+00  0.26819E+00
  0.91998E-01  0.11259E+03    0.92000E-01 -0.43812E-01 -0.48188E-01  0.00000E+00  0.00000E+00  0.00000E+00    0.11259E+03  0.00000E+00  0.00000E+00 -0.13270E+00  0.27275E+00  0.26884E+00
  0.92998E-01  0.11290E+03    0.93000E-01 -0.44287E-01 -0.48713E-01  0.00000E+00  0.00000E+00  0.00000E+00    0.11290E+03  0.00000E+00  0.00000E+00 -0.13125E+00  0.27519E+00  0.26950E+00
  0.93998E-01  0.11322E+03    0.94000E-01 -0.44762E-01 -0.49238E-01  0.00000E+00  0.00000E+00  0.00000E+00    0.11321E+03  0.00000E+00  0.00000E+00 -0.12978E+00  0.27764E+00  0.27017E+00
  0.94998E-01  0.11353E+03    0.95000E-01 -0.45237E-01 -0.49763E-01  0.00000E+00  0.00000E+00  0.00000E+00    0.11353E+03  0.00000E+00  0.00000E+00 -0.12830E+00  0.28011E+00  0.27085E+00
  0.95998E-01  0.11384E+03    0.96000E-01 -0.45712E-01 -0.50288E-01  0.00000E+00  0.00000E+00  0.00000E+00    0.11384E+03  0.00000E+00  0.00000E+00 -0.12681E+00  0.28260E+00  0.27154E+00
  0.96998E-01  0.11415E+03    0.97000E-01 -0.46187E-01 -0.50813E-01  0.00000E+00  0.00000E+00  0.00000E+00    0.11414E+03  0.00000E+00  0.00000E+00 -0.12530E+00  0.28510E+00  0.27224E+00
  0.97998E-01  0.11445E+03    0.98000E-01 -0.46662E-01 -0.51338E-01  0.00000E+00  0.00000E+00  0.00000E+00    0.11445E+03  0.00000E+00  0.00000E+00 -0.12378E+00  0.28762E+00  0.27295E+00
  0.98998E-01  0.11476E+03    0.99000E-01 -0.47137E-01 -0.51863E-01  0.00000E+00  0.00000E+00  0.00000E+00    0.11476E+03  0.00000E+00  0.00000E+00 -0.12224E+00  0.29015E+00  0.27367E+00
  0.99998E-01  0.11506E+03    0.10000E+00 -0.47611E-01 -0.52389E-01  0.00000E+00  0.00000E+00  0.00000E+00    0.11506E+03  0.00000E+00  0.00000E+00 -0.12070E+00  0.29271E+00  0.27441E+00
