          Evm          Svm            E11          E22          E33          E23          E13          E12         SCAU11       SCAU22       SCAU33       SCAU23       SCAU13       SCAU12      TEMP
  0.00000E+00  0.77263E+02    0.00000E+00  0.00000E+00  0.00000E+00  0.00000E+00  0.00000E+00  0.00000E+00    0.77261E+02  0.00000E+00  0.00000E+00 -0.17920E+00  0.11110E+00  0.21349E+00
  0.99998E-03  0.77764E+02    0.10000E-02 -0.47967E-03 -0.52033E-03  0.00000E+00  0.00000E+00  0.00000E+00    0.77763E+02  0.00000E+00  0.00000E+00 -0.18316E+00  0.11377E+00  0.21632E+00
  0.20000E-02  0.78237E+02    0.20000E-02 -0.95784E-03 -0.10422E-02  0.00000E+00  0.00000E+00  0.00000E+00    0.78236E+02  0.00000E+00  0.00000E+00 -0.18346E+00  0.11469E+00  0.21820E+00
  0.29999E-02  0.78760E+02    0.30000E-02 -0.14356E-02 -0.15644E-02  0.00000E+00  0.00000E+00  0.00000E+00    0.78758E+02  0.00000E+00  0.00000E+00 -0.18442E+00  0.11571E+00  0.21950E+00
  0.39999E-02  0.79273E+02    0.40000E-02 -0.19132E-02 -0.20868E-02  0.00000E+00  0.00000E+00  0.00000E+00    0.79271E+02  0.00000E+00  0.00000E+00 -0.18355E+00  0.11750E+00  0.22055E+00
  0.49999E-02  0.79797E+02    0.50000E-02 -0.23906E-02 -0.26094E-02  0.00000E+00  0.00000E+00  0.00000E+00    0.79796E+02  0.00000E+00  0.00000E+00 -0.18436E+00  0.11867E+00  0.22158E+00
  0.59999E-02  0.80312E+02    0.60000E-02 -0.28679E-02 -0.31321E-02  0.00000E+00  0.00000E+00  0.00000E+00    0.80311E+02  0.00000E+00  0.00000E+00 -0.18512E+00  0.11978E+00  0.22250E+00
  0.69998E-02  0.80824E+02    0.70000E-02 -0.33451E-02 -0.36549E-02  0.00000E+00  0.00000E+00  0.00000E+00    0.80822E+02  0.00000E+00  0.00000E+00 -0.18583E+00  0.12090E+00  0.22338E+00
  0.79998E-02  0.81332E+02    0.80000E-02 -0.38223E-02 -0.41777E-02  0.00000E+00  0.00000E+00  0.00000E+00    0.81330E+02  0.00000E+00  0.00000E+00 -0.18650E+00  0.12204E+00  0.22424E+00
  0.89998E-02  0.81837E+02    0.90000E-02 -0.42994E-02 -0.47006E-02  0.00000E+00  0.00000E+00  0.00000E+00    0.81835E+02  0.00000E+00  0.00000E+00 -0.18714E+00  0.12320E+00  0.22508E+00
  0.99998E-02  0.82339E+02    0.10000E-01 -0.47765E-02 -0.52235E-02  0.00000E+00  0.00000E+00  0.00000E+00    0.82337E+02  0.00000E+00  0.00000E+00 -0.18773E+00  0.12439E+00  0.22589E+00
  0.11000E-01  0.82838E+02    0.11000E-01 -0.52535E-02 -0.57465E-02  0.00000E+00  0.00000E+00  0.00000E+00    0.82836E+02  0.00000E+00  0.00000E+00 -0.18829E+00  0.12559E+00  0.22669E+00
  0.12000E-01  0.83334E+02    0.12000E-01 -0.57306E-02 -0.62694E-02  0.00000E+00  0.00000E+00  0.00000E+00    0.83332E+02  0.00000E+00  0.00000E+00 -0.18881E+00  0.12681E+00  0.22748E+00
  0.13000E-01  0.83826E+02    0.13000E-01 -0.62076E-02 -0.67924E-02  0.00000E+00  0.00000E+00  0.00000E+00    0.83825E+02  0.00000E+00  0.00000E+00 -0.18930E+00  0.12806E+00  0.22825E+00
  0.14000E-01  0.84316E+02    0.14000E-01 -0.66846E-02 -0.73154E-02  0.00000E+00  0.00000E+00  0.00000E+00    0.84314E+02  0.00000E+00  0.00000E+00 -0.18975E+00  0.12932E+00  0.22901E+00
  0.15000E-01  0.84803E+02    0.15000E-01 -0.71615E-02 -0.78385E-02  0.00000E+00  0.00000E+00  0.00000E+00    0.84801E+02  0.00000E+00  0.00000E+00 -0.19016E+00  0.13061E+00  0.22976E+00
  0.16000E-01  0.85287E+02    0.16000E-01 -0.76384E-02 -0.83616E-02  0.00000E+00  0.00000E+00  0.00000E+00    0.85285E+02  0.00000E+00  0.00000E+00 -0.19053E+00  0.13191E+00  0.23050E+00
  0.17000E-01  0.85768E+02    0.17000E-01 -0.81154E-02 -0.88846E-02  0.00000E+00  0.00000E+00  0.00000E+00    0.85766E+02  0.00000E+00  0.00000E+00 -0.19087E+00  0.13323E+00  0.23122E+00
  0.18000E-01  0.86246E+02    0.18000E-01 -0.85922E-02 -0.94078E-02  0.00000E+00  0.00000E+00  0.00000E+00    0.86244E+02  0.00000E+00  0.00000E+00 -0.19118E+00  0.13457E+00  0.23194E+00
  0.19000E-01  0.86721E+02    0.19000E-01 -0.90691E-02 -0.99309E-02  0.00000E+00  0.00000E+00  0.00000E+00    0.86719E+02  0.00000E+00  0.00000E+00 -0.19145E+00  0.13593E+00  0.23265E+00
  0.20000E-01  0.87193E+02    0.20000E-01 -0.95460E-02 -0.10454E-01  0.00000E+00  0.00000E+00  0.00000E+00    0.87192E+02  0.00000E+00  0.00000E+00 -0.19168E+00  0.13731E+00  0.23335E+00
  0.21000E-01  0.87663E+02    0.21000E-01 -0.10023E-01 -0.10977E-01  0.00000E+00  0.00000E+00  0.00000E+00    0.87661E+02  0.00000E+00  0.00000E+00 -0.19189E+00  0.13871E+00  0.23404E+00
  0.22000E-01  0.88130E+02    0.22000E-01 -0.10500E-01 -0.11500E-01  0.00000E+00  0.00000E+00  0.00000E+00    0.88128E+02  0.00000E+00  0.00000E+00 -0.19205E+00  0.14012E+00  0.23472E+00
  0.22999E-01  0.88593E+02    0.23000E-01 -0.10976E-01 -0.12024E-01  0.00000E+00  0.00000E+00  0.00000E+00    0.88592E+02  0.00000E+00  0.00000E+00 -0.19219E+00  0.14156E+00  0.23539E+00
  0.23999E-01  0.89055E+02    0.24000E-01 -0.11453E-01 -0.12547E-01  0.00000E+00  0.00000E+00  0.00000E+00    0.89053E+02  0.00000E+00  0.00000E+00 -0.19229E+00  0.14302E+00  0.23606E+00
  0.24999E-01  0.89513E+02    0.25000E-01 -0.11930E-01 -0.13070E-01  0.00000E+00  0.00000E+00  0.00000E+00    0.89511E+02  0.00000E+00  0.00000E+00 -0.19235E+00  0.14449E+00  0.23671E+00
  0.25999E-01  0.89969E+02    0.26000E-01 -0.12407E-01 -0.13593E-01  0.00000E+00  0.00000E+00  0.00000E+00    0.89967E+02  0.00000E+00  0.00000E+00 -0.19239E+00  0.14598E+00  0.23736E+00
  0.26999E-01  0.90421E+02    0.27000E-01 -0.12883E-01 -0.14117E-01  0.00000E+00  0.00000E+00  0.00000E+00    0.90420E+02  0.00000E+00  0.00000E+00 -0.19239E+00  0.14748E+00  0.23800E+00
  0.27999E-01  0.90872E+02    0.28000E-01 -0.13360E-01 -0.14640E-01  0.00000E+00  0.00000E+00  0.00000E+00    0.90870E+02  0.00000E+00  0.00000E+00 -0.19236E+00  0.14901E+00  0.23864E+00
  0.28999E-01  0.91319E+02    0.29000E-01 -0.13837E-01 -0.15163E-01  0.00000E+00  0.00000E+00  0.00000E+00    0.91317E+02  0.00000E+00  0.00000E+00 -0.19230E+00  0.15055E+00  0.23927E+00
  0.29999E-01  0.91764E+02    0.30000E-01 -0.14313E-01 -0.15687E-01  0.00000E+00  0.00000E+00  0.00000E+00    0.91762E+02  0.00000E+00  0.00000E+00 -0.19220E+00  0.15212E+00  0.23989E+00
  0.30999E-01  0.92207E+02    0.31000E-01 -0.14790E-01 -0.16210E-01  0.00000E+00  0.00000E+00  0.00000E+00    0.92205E+02  0.00000E+00  0.00000E+00 -0.19208E+00  0.15370E+00  0.24051E+00
  0.31999E-01  0.92646E+02    0.32000E-01 -0.15266E-01 -0.16734E-01  0.00000E+00  0.00000E+00  0.00000E+00    0.92644E+02  0.00000E+00  0.00000E+00 -0.19192E+00  0.15529E+00  0.24112E+00
  0.32999E-01  0.93083E+02    0.33000E-01 -0.15743E-01 -0.17257E-01  0.00000E+00  0.00000E+00  0.00000E+00    0.93081E+02  0.00000E+00  0.00000E+00 -0.19174E+00  0.15690E+00  0.24172E+00
  0.33999E-01  0.93518E+02    0.34000E-01 -0.16219E-01 -0.17781E-01  0.00000E+00  0.00000E+00  0.00000E+00    0.93516E+02  0.00000E+00  0.00000E+00 -0.19153E+00  0.15853E+00  0.24232E+00
  0.34999E-01  0.93950E+02    0.35000E-01 -0.16696E-01 -0.18304E-01  0.00000E+00  0.00000E+00  0.00000E+00    0.93948E+02  0.00000E+00  0.00000E+00 -0.19128E+00  0.16018E+00  0.24291E+00
  0.35999E-01  0.94379E+02    0.36000E-01 -0.17172E-01 -0.18828E-01  0.00000E+00  0.00000E+00  0.00000E+00    0.94378E+02  0.00000E+00  0.00000E+00 -0.19101E+00  0.16184E+00  0.24349E+00
  0.36999E-01  0.94807E+02    0.37000E-01 -0.17649E-01 -0.19351E-01  0.00000E+00  0.00000E+00  0.00000E+00    0.94805E+02  0.00000E+00  0.00000E+00 -0.19071E+00  0.16352E+00  0.24407E+00
  0.37999E-01  0.95231E+02    0.38000E-01 -0.18125E-01 -0.19875E-01  0.00000E+00  0.00000E+00  0.00000E+00    0.95229E+02  0.00000E+00  0.00000E+00 -0.19038E+00  0.16522E+00  0.24465E+00
  0.38999E-01  0.95653E+02    0.39000E-01 -0.18601E-01 -0.20399E-01  0.00000E+00  0.00000E+00  0.00000E+00    0.95651E+02  0.00000E+00  0.00000E+00 -0.19002E+00  0.16693E+00  0.24522E+00
  0.39999E-01  0.96073E+02    0.40000E-01 -0.19078E-01 -0.20922E-01  0.00000E+00  0.00000E+00  0.00000E+00    0.96071E+02  0.00000E+00  0.00000E+00 -0.18963E+00  0.16866E+00  0.24579E+00
  0.40999E-01  0.96458E+02    0.41000E-01 -0.19554E-01 -0.21446E-01  0.00000E+00  0.00000E+00  0.00000E+00    0.96456E+02  0.00000E+00  0.00000E+00 -0.19192E+00  0.16904E+00  0.24635E+00
  0.41999E-01  0.96901E+02    0.42000E-01 -0.20030E-01 -0.21970E-01  0.00000E+00  0.00000E+00  0.00000E+00    0.96899E+02  0.00000E+00  0.00000E+00 -0.18896E+00  0.17204E+00  0.24688E+00
  0.42999E-01  0.97286E+02    0.43000E-01 -0.20507E-01 -0.22493E-01  0.00000E+00  0.00000E+00  0.00000E+00    0.97284E+02  0.00000E+00  0.00000E+00 -0.19103E+00  0.17253E+00  0.24747E+00
  0.43999E-01  0.97697E+02    0.44000E-01 -0.20983E-01 -0.23017E-01  0.00000E+00  0.00000E+00  0.00000E+00    0.97695E+02  0.00000E+00  0.00000E+00 -0.19060E+00  0.17423E+00  0.24803E+00
  0.44999E-01  0.98105E+02    0.45000E-01 -0.21459E-01 -0.23541E-01  0.00000E+00  0.00000E+00  0.00000E+00    0.98103E+02  0.00000E+00  0.00000E+00 -0.19009E+00  0.17602E+00  0.24858E+00
  0.45999E-01  0.98511E+02    0.46000E-01 -0.21935E-01 -0.24065E-01  0.00000E+00  0.00000E+00  0.00000E+00    0.98509E+02  0.00000E+00  0.00000E+00 -0.18955E+00  0.17782E+00  0.24913E+00
  0.46999E-01  0.98914E+02    0.47000E-01 -0.22412E-01 -0.24588E-01  0.00000E+00  0.00000E+00  0.00000E+00    0.98912E+02  0.00000E+00  0.00000E+00 -0.18898E+00  0.17963E+00  0.24968E+00
  0.47999E-01  0.99315E+02    0.48000E-01 -0.22888E-01 -0.25112E-01  0.00000E+00  0.00000E+00  0.00000E+00    0.99313E+02  0.00000E+00  0.00000E+00 -0.18839E+00  0.18146E+00  0.25022E+00
  0.48999E-01  0.99714E+02    0.49000E-01 -0.23364E-01 -0.25636E-01  0.00000E+00  0.00000E+00  0.00000E+00    0.99712E+02  0.00000E+00  0.00000E+00 -0.18777E+00  0.18331E+00  0.25076E+00
  0.49999E-01  0.10011E+03    0.50000E-01 -0.23840E-01 -0.26160E-01  0.00000E+00  0.00000E+00  0.00000E+00    0.10011E+03  0.00000E+00  0.00000E+00 -0.18712E+00  0.18516E+00  0.25130E+00
  0.50999E-01  0.10052E+03    0.51000E-01 -0.24316E-01 -0.26684E-01  0.00000E+00  0.00000E+00  0.00000E+00    0.10052E+03  0.00000E+00  0.00000E+00 -0.18388E+00  0.18843E+00  0.25173E+00
  0.51999E-01  0.10089E+03    0.52000E-01 -0.24792E-01 -0.27208E-01  0.00000E+00  0.00000E+00  0.00000E+00    0.10089E+03  0.00000E+00  0.00000E+00 -0.18571E+00  0.18899E+00  0.25237E+00
  0.52999E-01  0.10130E+03    0.53000E-01 -0.25268E-01 -0.27732E-01  0.00000E+00  0.00000E+00  0.00000E+00    0.10130E+03  0.00000E+00  0.00000E+00 -0.18248E+00  0.19225E+00  0.25279E+00
  0.53999E-01  0.10167E+03    0.54000E-01 -0.25744E-01 -0.28256E-01  0.00000E+00  0.00000E+00  0.00000E+00    0.10167E+03  0.00000E+00  0.00000E+00 -0.18426E+00  0.19281E+00  0.25344E+00
  0.54999E-01  0.10208E+03    0.55000E-01 -0.26220E-01 -0.28780E-01  0.00000E+00  0.00000E+00  0.00000E+00    0.10207E+03  0.00000E+00  0.00000E+00 -0.18098E+00  0.19612E+00  0.25384E+00
  0.55999E-01  0.10244E+03    0.56000E-01 -0.26696E-01 -0.29304E-01  0.00000E+00  0.00000E+00  0.00000E+00    0.10244E+03  0.00000E+00  0.00000E+00 -0.18270E+00  0.19669E+00  0.25449E+00
  0.56999E-01  0.10281E+03    0.57000E-01 -0.27172E-01 -0.29828E-01  0.00000E+00  0.00000E+00  0.00000E+00    0.10281E+03  0.00000E+00  0.00000E+00 -0.18225E+00  0.19843E+00  0.25500E+00
  0.57999E-01  0.10320E+03    0.58000E-01 -0.27648E-01 -0.30352E-01  0.00000E+00  0.00000E+00  0.00000E+00    0.10320E+03  0.00000E+00  0.00000E+00 -0.18113E+00  0.20053E+00  0.25554E+00
  0.58999E-01  0.10357E+03    0.59000E-01 -0.28124E-01 -0.30876E-01  0.00000E+00  0.00000E+00  0.00000E+00    0.10357E+03  0.00000E+00  0.00000E+00 -0.18056E+00  0.20238E+00  0.25604E+00
  0.59999E-01  0.10395E+03    0.60000E-01 -0.28600E-01 -0.31400E-01  0.00000E+00  0.00000E+00  0.00000E+00    0.10395E+03  0.00000E+00  0.00000E+00 -0.17940E+00  0.20451E+00  0.25658E+00
  0.60999E-01  0.10432E+03    0.61000E-01 -0.29075E-01 -0.31925E-01  0.00000E+00  0.00000E+00  0.00000E+00    0.10432E+03  0.00000E+00  0.00000E+00 -0.17879E+00  0.20638E+00  0.25710E+00
  0.61999E-01  0.10470E+03    0.62000E-01 -0.29551E-01 -0.32449E-01  0.00000E+00  0.00000E+00  0.00000E+00    0.10470E+03  0.00000E+00  0.00000E+00 -0.17757E+00  0.20854E+00  0.25763E+00
  0.62999E-01  0.10506E+03    0.63000E-01 -0.30027E-01 -0.32973E-01  0.00000E+00  0.00000E+00  0.00000E+00    0.10505E+03  0.00000E+00  0.00000E+00 -0.17693E+00  0.21044E+00  0.25814E+00
  0.63999E-01  0.10543E+03    0.64000E-01 -0.30503E-01 -0.33497E-01  0.00000E+00  0.00000E+00  0.00000E+00    0.10543E+03  0.00000E+00  0.00000E+00 -0.17567E+00  0.21262E+00  0.25867E+00
  0.64999E-01  0.10579E+03    0.65000E-01 -0.30978E-01 -0.34022E-01  0.00000E+00  0.00000E+00  0.00000E+00    0.10579E+03  0.00000E+00  0.00000E+00 -0.17498E+00  0.21454E+00  0.25919E+00
  0.65999E-01  0.10615E+03    0.66000E-01 -0.31454E-01 -0.34546E-01  0.00000E+00  0.00000E+00  0.00000E+00    0.10615E+03  0.00000E+00  0.00000E+00 -0.17403E+00  0.21660E+00  0.25971E+00
  0.66999E-01  0.10651E+03    0.67000E-01 -0.31930E-01 -0.35070E-01  0.00000E+00  0.00000E+00  0.00000E+00    0.10651E+03  0.00000E+00  0.00000E+00 -0.17301E+00  0.21868E+00  0.26024E+00
  0.67999E-01  0.10687E+03    0.68000E-01 -0.32405E-01 -0.35595E-01  0.00000E+00  0.00000E+00  0.00000E+00    0.10687E+03  0.00000E+00  0.00000E+00 -0.17196E+00  0.22078E+00  0.26076E+00
  0.68999E-01  0.10723E+03    0.69000E-01 -0.32881E-01 -0.36119E-01  0.00000E+00  0.00000E+00  0.00000E+00    0.10722E+03  0.00000E+00  0.00000E+00 -0.17090E+00  0.22289E+00  0.26129E+00
  0.69999E-01  0.10758E+03    0.70000E-01 -0.33357E-01 -0.36643E-01  0.00000E+00  0.00000E+00  0.00000E+00    0.10758E+03  0.00000E+00  0.00000E+00 -0.16981E+00  0.22502E+00  0.26182E+00
  0.70999E-01  0.10793E+03    0.71000E-01 -0.33832E-01 -0.37168E-01  0.00000E+00  0.00000E+00  0.00000E+00    0.10793E+03  0.00000E+00  0.00000E+00 -0.16870E+00  0.22716E+00  0.26235E+00
  0.71999E-01  0.10829E+03    0.72000E-01 -0.34308E-01 -0.37692E-01  0.00000E+00  0.00000E+00  0.00000E+00    0.10828E+03  0.00000E+00  0.00000E+00 -0.16758E+00  0.22931E+00  0.26288E+00
  0.72998E-01  0.10863E+03    0.73000E-01 -0.34783E-01 -0.38217E-01  0.00000E+00  0.00000E+00  0.00000E+00    0.10863E+03  0.00000E+00  0.00000E+00 -0.16643E+00  0.23147E+00  0.26342E+00
  0.73998E-01  0.10898E+03    0.74000E-01 -0.35259E-01 -0.38741E-01  0.00000E+00  0.00000E+00  0.00000E+00    0.10898E+03  0.00000E+00  0.00000E+00 -0.16527E+00  0.23365E+00  0.26396E+00
  0.74998E-01  0.10933E+03    0.75000E-01 -0.35734E-01 -0.39266E-01  0.00000E+00  0.00000E+00  0.00000E+00    0.10933E+03  0.00000E+00  0.00000E+00 -0.16409E+00  0.23584E+00  0.26450E+00
  0.75998E-01  0.10967E+03    0.76000E-01 -0.36209E-01 -0.39791E-01  0.00000E+00  0.00000E+00  0.00000E+00    0.10967E+03  0.00000E+00  0.00000E+00 -0.16289E+00  0.23805E+00  0.26505E+00
  0.76998E-01  0.11001E+03    0.77000E-01 -0.36685E-01 -0.40315E-01  0.00000E+00  0.00000E+00  0.00000E+00    0.11001E+03  0.00000E+00  0.00000E+00 -0.16166E+00  0.24026E+00  0.26560E+00
  0.77998E-01  0.11035E+03    0.78000E-01 -0.37160E-01 -0.40840E-01  0.00000E+00  0.00000E+00  0.00000E+00    0.11035E+03  0.00000E+00  0.00000E+00 -0.16043E+00  0.24250E+00  0.26615E+00
  0.78998E-01  0.11069E+03    0.79000E-01 -0.37636E-01 -0.41364E-01  0.00000E+00  0.00000E+00  0.00000E+00    0.11069E+03  0.00000E+00  0.00000E+00 -0.15917E+00  0.24474E+00  0.26671E+00
  0.79998E-01  0.11103E+03    0.80000E-01 -0.38111E-01 -0.41889E-01  0.00000E+00  0.00000E+00  0.00000E+00    0.11103E+03  0.00000E+00  0.00000E+00 -0.15789E+00  0.24700E+00  0.26727E+00
  0.80998E-01  0.11136E+03    0.81000E-01 -0.38586E-01 -0.42414E-01  0.00000E+00  0.00000E+00  0.00000E+00    0.11136E+03  0.00000E+00  0.00000E+00 -0.15660E+00  0.24927E+00  0.26784E+00
  0.81998E-01  0.11170E+03    0.82000E-01 -0.39061E-01 -0.42939E-01  0.00000E+00  0.00000E+00  0.00000E+00    0.11170E+03  0.00000E+00  0.00000E+00 -0.14924E+00  0.25438E+00  0.26845E+00
  0.82998E-01  0.11201E+03    0.83000E-01 -0.39537E-01 -0.43463E-01  0.00000E+00  0.00000E+00  0.00000E+00    0.11201E+03  0.00000E+00  0.00000E+00 -0.14949E+00  0.25634E+00  0.26911E+00
  0.83998E-01  0.11233E+03    0.84000E-01 -0.40012E-01 -0.43988E-01  0.00000E+00  0.00000E+00  0.00000E+00    0.11233E+03  0.00000E+00  0.00000E+00 -0.14790E+00  0.25874E+00  0.26971E+00
  0.84998E-01  0.11266E+03    0.85000E-01 -0.40487E-01 -0.44513E-01  0.00000E+00  0.00000E+00  0.00000E+00    0.11266E+03  0.00000E+00  0.00000E+00 -0.14654E+00  0.26110E+00  0.27031E+00
  0.85998E-01  0.11298E+03    0.86000E-01 -0.40962E-01 -0.45038E-01  0.00000E+00  0.00000E+00  0.00000E+00    0.11298E+03  0.00000E+00  0.00000E+00 -0.14516E+00  0.26346E+00  0.27092E+00
  0.86998E-01  0.11335E+03    0.87000E-01 -0.41437E-01 -0.45563E-01  0.00000E+00  0.00000E+00  0.00000E+00    0.11335E+03  0.00000E+00  0.00000E+00 -0.14239E+00  0.26641E+00  0.27145E+00
  0.87998E-01  0.11368E+03    0.88000E-01 -0.41912E-01 -0.46088E-01  0.00000E+00  0.00000E+00  0.00000E+00    0.11368E+03  0.00000E+00  0.00000E+00 -0.14133E+00  0.26872E+00  0.27205E+00
  0.88998E-01  0.11400E+03    0.89000E-01 -0.42387E-01 -0.46613E-01  0.00000E+00  0.00000E+00  0.00000E+00    0.11400E+03  0.00000E+00  0.00000E+00 -0.13991E+00  0.27113E+00  0.27267E+00
  0.89998E-01  0.11432E+03    0.90000E-01 -0.42862E-01 -0.47138E-01  0.00000E+00  0.00000E+00  0.00000E+00    0.11432E+03  0.00000E+00  0.00000E+00 -0.13846E+00  0.27356E+00  0.27330E+00
  0.90998E-01  0.11464E+03    0.91000E-01 -0.43337E-01 -0.47663E-01  0.00000E+00  0.00000E+00  0.00000E+00    0.11464E+03  0.00000E+00  0.00000E+00 -0.13700E+00  0.27601E+00  0.27394E+00
  0.91998E-01  0.11496E+03    0.92000E-01 -0.43812E-01 -0.48188E-01  0.00000E+00  0.00000E+00  0.00000E+00    0.11496E+03  0.00000E+00  0.00000E+00 -0.13553E+00  0.27847E+00  0.27459E+00
  0.92998E-01  0.11527E+03    0.93000E-01 -0.44287E-01 -0.48713E-01  0.00000E+00  0.00000E+00  0.00000E+00    0.11527E+03  0.00000E+00  0.00000E+00 -0.13404E+00  0.28094E+00  0.27525E+00
  0.93998E-01  0.11559E+03    0.94000E-01 -0.44762E-01 -0.49238E-01  0.00000E+00  0.00000E+00  0.00000E+00    0.11558E+03  0.00000E+00  0.00000E+00 -0.13254E+00  0.28343E+00  0.27592E+00
  0.94998E-01  0.11590E+03    0.95000E-01 -0.45237E-01 -0.49763E-01  0.00000E+00  0.00000E+00  0.00000E+00    0.11589E+03  0.00000E+00  0.00000E+00 -0.13103E+00  0.28593E+00  0.27660E+00
  0.95998E-01  0.11621E+03    0.96000E-01 -0.45712E-01 -0.50288E-01  0.00000E+00  0.00000E+00  0.00000E+00    0.11620E+03  0.00000E+00  0.00000E+00 -0.12950E+00  0.28846E+00  0.27729E+00
  0.96998E-01  0.11652E+03    0.97000E-01 -0.46187E-01 -0.50813E-01  0.00000E+00  0.00000E+00  0.00000E+00    0.11651E+03  0.00000E+00  0.00000E+00 -0.12795E+00  0.29099E+00  0.27799E+00
  0.97998E-01  0.11682E+03    0.98000E-01 -0.46662E-01 -0.51338E-01  0.00000E+00  0.00000E+00  0.00000E+00    0.11682E+03  0.00000E+00  0.00000E+00 -0.12639E+00  0.29355E+00  0.27870E+00
  0.98998E-01  0.11713E+03    0.99000E-01 -0.47136E-01 -0.51864E-01  0.00000E+00  0.00000E+00  0.00000E+00    0.11713E+03  0.00000E+00  0.00000E+00 -0.12482E+00  0.29612E+00  0.27942E+00
  0.99998E-01  0.11743E+03    0.10000E+00 -0.47611E-01 -0.52389E-01  0.00000E+00  0.00000E+00  0.00000E+00    0.11743E+03  0.00000E+00  0.00000E+00 -0.12324E+00  0.29870E+00  0.28015E+00
