          Evm          Svm            E11          E22          E33          E23          E13          E12         SCAU11       SCAU22       SCAU33       SCAU23       SCAU13       SCAU12      TEMP
  0.00000E+00  0.92276E+02    0.00000E+00  0.00000E+00  0.00000E+00  0.00000E+00  0.00000E+00  0.00000E+00    0.92274E+02  0.00000E+00  0.00000E+00 -0.21402E+00  0.13268E+00  0.25497E+00
  0.99998E-03  0.92725E+02    0.10000E-02 -0.47967E-03 -0.52033E-03  0.00000E+00  0.00000E+00  0.00000E+00    0.92723E+02  0.00000E+00  0.00000E+00 -0.21763E+00  0.13708E+00  0.25740E+00
  0.20000E-02  0.93241E+02    0.20000E-02 -0.95794E-03 -0.10421E-02  0.00000E+00  0.00000E+00  0.00000E+00    0.93239E+02  0.00000E+00  0.00000E+00 -0.21654E+00  0.13757E+00  0.25981E+00
  0.29999E-02  0.93772E+02    0.30000E-02 -0.14358E-02 -0.15642E-02  0.00000E+00  0.00000E+00  0.00000E+00    0.93770E+02  0.00000E+00  0.00000E+00 -0.21738E+00  0.13873E+00  0.26122E+00
  0.39999E-02  0.94294E+02    0.40000E-02 -0.19135E-02 -0.20865E-02  0.00000E+00  0.00000E+00  0.00000E+00    0.94292E+02  0.00000E+00  0.00000E+00 -0.21810E+00  0.13985E+00  0.26227E+00
  0.49999E-02  0.94812E+02    0.50000E-02 -0.23910E-02 -0.26090E-02  0.00000E+00  0.00000E+00  0.00000E+00    0.94810E+02  0.00000E+00  0.00000E+00 -0.21876E+00  0.14100E+00  0.26321E+00
  0.59999E-02  0.95327E+02    0.60000E-02 -0.28684E-02 -0.31316E-02  0.00000E+00  0.00000E+00  0.00000E+00    0.95325E+02  0.00000E+00  0.00000E+00 -0.21939E+00  0.14218E+00  0.26410E+00
  0.69998E-02  0.95839E+02    0.70000E-02 -0.33457E-02 -0.36543E-02  0.00000E+00  0.00000E+00  0.00000E+00    0.95837E+02  0.00000E+00  0.00000E+00 -0.21997E+00  0.14339E+00  0.26494E+00
  0.79998E-02  0.96348E+02    0.80000E-02 -0.38229E-02 -0.41771E-02  0.00000E+00  0.00000E+00  0.00000E+00    0.96346E+02  0.00000E+00  0.00000E+00 -0.22052E+00  0.14462E+00  0.26574E+00
  0.89998E-02  0.96853E+02    0.90000E-02 -0.43001E-02 -0.46999E-02  0.00000E+00  0.00000E+00  0.00000E+00    0.96851E+02  0.00000E+00  0.00000E+00 -0.22102E+00  0.14588E+00  0.26651E+00
  0.99998E-02  0.97356E+02    0.10000E-01 -0.47772E-02 -0.52228E-02  0.00000E+00  0.00000E+00  0.00000E+00    0.97354E+02  0.00000E+00  0.00000E+00 -0.22149E+00  0.14716E+00  0.26725E+00
  0.11000E-01  0.97855E+02    0.11000E-01 -0.52543E-02 -0.57457E-02  0.00000E+00  0.00000E+00  0.00000E+00    0.97853E+02  0.00000E+00  0.00000E+00 -0.22192E+00  0.14847E+00  0.26798E+00
  0.12000E-01  0.98352E+02    0.12000E-01 -0.57314E-02 -0.62686E-02  0.00000E+00  0.00000E+00  0.00000E+00    0.98349E+02  0.00000E+00  0.00000E+00 -0.22231E+00  0.14980E+00  0.26869E+00
  0.13000E-01  0.98845E+02    0.13000E-01 -0.62084E-02 -0.67916E-02  0.00000E+00  0.00000E+00  0.00000E+00    0.98843E+02  0.00000E+00  0.00000E+00 -0.22265E+00  0.15115E+00  0.26938E+00
  0.14000E-01  0.99335E+02    0.14000E-01 -0.66853E-02 -0.73147E-02  0.00000E+00  0.00000E+00  0.00000E+00    0.99333E+02  0.00000E+00  0.00000E+00 -0.22296E+00  0.15252E+00  0.27006E+00
  0.15000E-01  0.99823E+02    0.15000E-01 -0.71623E-02 -0.78377E-02  0.00000E+00  0.00000E+00  0.00000E+00    0.99820E+02  0.00000E+00  0.00000E+00 -0.22323E+00  0.15391E+00  0.27073E+00
  0.16000E-01  0.10031E+03    0.16000E-01 -0.76392E-02 -0.83608E-02  0.00000E+00  0.00000E+00  0.00000E+00    0.10030E+03  0.00000E+00  0.00000E+00 -0.22346E+00  0.15533E+00  0.27139E+00
  0.17000E-01  0.10079E+03    0.17000E-01 -0.81161E-02 -0.88839E-02  0.00000E+00  0.00000E+00  0.00000E+00    0.10079E+03  0.00000E+00  0.00000E+00 -0.22366E+00  0.15676E+00  0.27204E+00
  0.18000E-01  0.10127E+03    0.18000E-01 -0.85930E-02 -0.94070E-02  0.00000E+00  0.00000E+00  0.00000E+00    0.10126E+03  0.00000E+00  0.00000E+00 -0.22381E+00  0.15822E+00  0.27267E+00
  0.19000E-01  0.10174E+03    0.19000E-01 -0.90699E-02 -0.99301E-02  0.00000E+00  0.00000E+00  0.00000E+00    0.10174E+03  0.00000E+00  0.00000E+00 -0.22393E+00  0.15970E+00  0.27330E+00
  0.20000E-01  0.10222E+03    0.20000E-01 -0.95467E-02 -0.10453E-01  0.00000E+00  0.00000E+00  0.00000E+00    0.10221E+03  0.00000E+00  0.00000E+00 -0.22401E+00  0.16120E+00  0.27392E+00
  0.21000E-01  0.10269E+03    0.21000E-01 -0.10024E-01 -0.10976E-01  0.00000E+00  0.00000E+00  0.00000E+00    0.10268E+03  0.00000E+00  0.00000E+00 -0.22406E+00  0.16272E+00  0.27452E+00
  0.22000E-01  0.10315E+03    0.22000E-01 -0.10500E-01 -0.11500E-01  0.00000E+00  0.00000E+00  0.00000E+00    0.10315E+03  0.00000E+00  0.00000E+00 -0.22407E+00  0.16427E+00  0.27512E+00
  0.22999E-01  0.10362E+03    0.23000E-01 -0.10977E-01 -0.12023E-01  0.00000E+00  0.00000E+00  0.00000E+00    0.10362E+03  0.00000E+00  0.00000E+00 -0.22404E+00  0.16582E+00  0.27572E+00
  0.23999E-01  0.10408E+03    0.24000E-01 -0.11454E-01 -0.12546E-01  0.00000E+00  0.00000E+00  0.00000E+00    0.10408E+03  0.00000E+00  0.00000E+00 -0.22398E+00  0.16741E+00  0.27630E+00
  0.24999E-01  0.10450E+03    0.25000E-01 -0.11931E-01 -0.13069E-01  0.00000E+00  0.00000E+00  0.00000E+00    0.10450E+03  0.00000E+00  0.00000E+00 -0.22654E+00  0.16781E+00  0.27683E+00
  0.25999E-01  0.10498E+03    0.26000E-01 -0.12407E-01 -0.13593E-01  0.00000E+00  0.00000E+00  0.00000E+00    0.10498E+03  0.00000E+00  0.00000E+00 -0.22393E+00  0.17044E+00  0.27743E+00
  0.26999E-01  0.10541E+03    0.27000E-01 -0.12884E-01 -0.14116E-01  0.00000E+00  0.00000E+00  0.00000E+00    0.10541E+03  0.00000E+00  0.00000E+00 -0.22628E+00  0.17103E+00  0.27796E+00
  0.27999E-01  0.10589E+03    0.28000E-01 -0.13361E-01 -0.14639E-01  0.00000E+00  0.00000E+00  0.00000E+00    0.10588E+03  0.00000E+00  0.00000E+00 -0.22358E+00  0.17373E+00  0.27854E+00
  0.28999E-01  0.10631E+03    0.29000E-01 -0.13837E-01 -0.15163E-01  0.00000E+00  0.00000E+00  0.00000E+00    0.10631E+03  0.00000E+00  0.00000E+00 -0.22587E+00  0.17435E+00  0.27908E+00
  0.29999E-01  0.10678E+03    0.30000E-01 -0.14314E-01 -0.15686E-01  0.00000E+00  0.00000E+00  0.00000E+00    0.10678E+03  0.00000E+00  0.00000E+00 -0.22309E+00  0.17711E+00  0.27962E+00
  0.30999E-01  0.10720E+03    0.31000E-01 -0.14790E-01 -0.16210E-01  0.00000E+00  0.00000E+00  0.00000E+00    0.10719E+03  0.00000E+00  0.00000E+00 -0.22532E+00  0.17774E+00  0.28017E+00
  0.31999E-01  0.10766E+03    0.32000E-01 -0.15267E-01 -0.16733E-01  0.00000E+00  0.00000E+00  0.00000E+00    0.10766E+03  0.00000E+00  0.00000E+00 -0.22248E+00  0.18057E+00  0.28069E+00
  0.32999E-01  0.10808E+03    0.33000E-01 -0.15744E-01 -0.17256E-01  0.00000E+00  0.00000E+00  0.00000E+00    0.10807E+03  0.00000E+00  0.00000E+00 -0.22465E+00  0.18120E+00  0.28124E+00
  0.33999E-01  0.10854E+03    0.34000E-01 -0.16220E-01 -0.17780E-01  0.00000E+00  0.00000E+00  0.00000E+00    0.10853E+03  0.00000E+00  0.00000E+00 -0.22173E+00  0.18410E+00  0.28174E+00
  0.34999E-01  0.10894E+03    0.35000E-01 -0.16697E-01 -0.18303E-01  0.00000E+00  0.00000E+00  0.00000E+00    0.10894E+03  0.00000E+00  0.00000E+00 -0.22385E+00  0.18473E+00  0.28229E+00
  0.35999E-01  0.10940E+03    0.36000E-01 -0.17173E-01 -0.18827E-01  0.00000E+00  0.00000E+00  0.00000E+00    0.10940E+03  0.00000E+00  0.00000E+00 -0.22086E+00  0.18770E+00  0.28276E+00
  0.36999E-01  0.10980E+03    0.37000E-01 -0.17649E-01 -0.19351E-01  0.00000E+00  0.00000E+00  0.00000E+00    0.10980E+03  0.00000E+00  0.00000E+00 -0.22292E+00  0.18835E+00  0.28332E+00
  0.37999E-01  0.11025E+03    0.38000E-01 -0.18126E-01 -0.19874E-01  0.00000E+00  0.00000E+00  0.00000E+00    0.11025E+03  0.00000E+00  0.00000E+00 -0.21987E+00  0.19137E+00  0.28377E+00
  0.38999E-01  0.11065E+03    0.39000E-01 -0.18602E-01 -0.20398E-01  0.00000E+00  0.00000E+00  0.00000E+00    0.11065E+03  0.00000E+00  0.00000E+00 -0.22188E+00  0.19202E+00  0.28434E+00
  0.39999E-01  0.11106E+03    0.40000E-01 -0.19079E-01 -0.20921E-01  0.00000E+00  0.00000E+00  0.00000E+00    0.11106E+03  0.00000E+00  0.00000E+00 -0.22166E+00  0.19371E+00  0.28482E+00
  0.40999E-01  0.11149E+03    0.41000E-01 -0.19555E-01 -0.21445E-01  0.00000E+00  0.00000E+00  0.00000E+00    0.11149E+03  0.00000E+00  0.00000E+00 -0.22080E+00  0.19569E+00  0.28534E+00
  0.41999E-01  0.11190E+03    0.42000E-01 -0.20031E-01 -0.21969E-01  0.00000E+00  0.00000E+00  0.00000E+00    0.11189E+03  0.00000E+00  0.00000E+00 -0.22045E+00  0.19749E+00  0.28580E+00
  0.42999E-01  0.11232E+03    0.43000E-01 -0.20507E-01 -0.22493E-01  0.00000E+00  0.00000E+00  0.00000E+00    0.11232E+03  0.00000E+00  0.00000E+00 -0.21952E+00  0.19951E+00  0.28632E+00
  0.43999E-01  0.11272E+03    0.44000E-01 -0.20984E-01 -0.23016E-01  0.00000E+00  0.00000E+00  0.00000E+00    0.11272E+03  0.00000E+00  0.00000E+00 -0.21912E+00  0.20133E+00  0.28679E+00
  0.44999E-01  0.11314E+03    0.45000E-01 -0.21460E-01 -0.23540E-01  0.00000E+00  0.00000E+00  0.00000E+00    0.11314E+03  0.00000E+00  0.00000E+00 -0.21813E+00  0.20339E+00  0.28729E+00
  0.45999E-01  0.11354E+03    0.46000E-01 -0.21936E-01 -0.24064E-01  0.00000E+00  0.00000E+00  0.00000E+00    0.11353E+03  0.00000E+00  0.00000E+00 -0.21768E+00  0.20524E+00  0.28775E+00
  0.46999E-01  0.11394E+03    0.47000E-01 -0.22412E-01 -0.24588E-01  0.00000E+00  0.00000E+00  0.00000E+00    0.11394E+03  0.00000E+00  0.00000E+00 -0.21698E+00  0.20720E+00  0.28823E+00
  0.47999E-01  0.11435E+03    0.48000E-01 -0.22888E-01 -0.25112E-01  0.00000E+00  0.00000E+00  0.00000E+00    0.11435E+03  0.00000E+00  0.00000E+00 -0.21585E+00  0.20933E+00  0.28873E+00
  0.48999E-01  0.11474E+03    0.49000E-01 -0.23365E-01 -0.25635E-01  0.00000E+00  0.00000E+00  0.00000E+00    0.11474E+03  0.00000E+00  0.00000E+00 -0.21532E+00  0.21122E+00  0.28919E+00
  0.49999E-01  0.11514E+03    0.50000E-01 -0.23841E-01 -0.26159E-01  0.00000E+00  0.00000E+00  0.00000E+00    0.11513E+03  0.00000E+00  0.00000E+00 -0.21453E+00  0.21323E+00  0.28966E+00
  0.50999E-01  0.11553E+03    0.51000E-01 -0.24317E-01 -0.26683E-01  0.00000E+00  0.00000E+00  0.00000E+00    0.11553E+03  0.00000E+00  0.00000E+00 -0.21367E+00  0.21527E+00  0.29014E+00
  0.51999E-01  0.11592E+03    0.52000E-01 -0.24793E-01 -0.27207E-01  0.00000E+00  0.00000E+00  0.00000E+00    0.11592E+03  0.00000E+00  0.00000E+00 -0.21278E+00  0.21733E+00  0.29061E+00
  0.52999E-01  0.11631E+03    0.53000E-01 -0.25269E-01 -0.27731E-01  0.00000E+00  0.00000E+00  0.00000E+00    0.11631E+03  0.00000E+00  0.00000E+00 -0.21187E+00  0.21940E+00  0.29108E+00
  0.53999E-01  0.11670E+03    0.54000E-01 -0.25745E-01 -0.28255E-01  0.00000E+00  0.00000E+00  0.00000E+00    0.11670E+03  0.00000E+00  0.00000E+00 -0.21093E+00  0.22148E+00  0.29155E+00
  0.54999E-01  0.11709E+03    0.55000E-01 -0.26221E-01 -0.28779E-01  0.00000E+00  0.00000E+00  0.00000E+00    0.11709E+03  0.00000E+00  0.00000E+00 -0.20996E+00  0.22358E+00  0.29202E+00
  0.55999E-01  0.11747E+03    0.56000E-01 -0.26697E-01 -0.29303E-01  0.00000E+00  0.00000E+00  0.00000E+00    0.11747E+03  0.00000E+00  0.00000E+00 -0.20897E+00  0.22570E+00  0.29249E+00
  0.56999E-01  0.11786E+03    0.57000E-01 -0.27173E-01 -0.29827E-01  0.00000E+00  0.00000E+00  0.00000E+00    0.11785E+03  0.00000E+00  0.00000E+00 -0.20796E+00  0.22784E+00  0.29295E+00
  0.57999E-01  0.11824E+03    0.58000E-01 -0.27648E-01 -0.30352E-01  0.00000E+00  0.00000E+00  0.00000E+00    0.11823E+03  0.00000E+00  0.00000E+00 -0.20693E+00  0.22998E+00  0.29342E+00
  0.58999E-01  0.11861E+03    0.59000E-01 -0.28124E-01 -0.30876E-01  0.00000E+00  0.00000E+00  0.00000E+00    0.11861E+03  0.00000E+00  0.00000E+00 -0.20587E+00  0.23214E+00  0.29389E+00
  0.59999E-01  0.11899E+03    0.60000E-01 -0.28600E-01 -0.31400E-01  0.00000E+00  0.00000E+00  0.00000E+00    0.11899E+03  0.00000E+00  0.00000E+00 -0.20478E+00  0.23431E+00  0.29436E+00
  0.60999E-01  0.11936E+03    0.61000E-01 -0.29076E-01 -0.31924E-01  0.00000E+00  0.00000E+00  0.00000E+00    0.11936E+03  0.00000E+00  0.00000E+00 -0.20367E+00  0.23650E+00  0.29483E+00
  0.61999E-01  0.11974E+03    0.62000E-01 -0.29552E-01 -0.32448E-01  0.00000E+00  0.00000E+00  0.00000E+00    0.11973E+03  0.00000E+00  0.00000E+00 -0.20254E+00  0.23871E+00  0.29530E+00
  0.62999E-01  0.12011E+03    0.63000E-01 -0.30027E-01 -0.32973E-01  0.00000E+00  0.00000E+00  0.00000E+00    0.12010E+03  0.00000E+00  0.00000E+00 -0.20139E+00  0.24092E+00  0.29577E+00
  0.63999E-01  0.12047E+03    0.64000E-01 -0.30503E-01 -0.33497E-01  0.00000E+00  0.00000E+00  0.00000E+00    0.12047E+03  0.00000E+00  0.00000E+00 -0.20022E+00  0.24315E+00  0.29624E+00
  0.64999E-01  0.12084E+03    0.65000E-01 -0.30979E-01 -0.34021E-01  0.00000E+00  0.00000E+00  0.00000E+00    0.12084E+03  0.00000E+00  0.00000E+00 -0.19902E+00  0.24540E+00  0.29672E+00
  0.65999E-01  0.12120E+03    0.66000E-01 -0.31455E-01 -0.34545E-01  0.00000E+00  0.00000E+00  0.00000E+00    0.12120E+03  0.00000E+00  0.00000E+00 -0.19780E+00  0.24766E+00  0.29720E+00
  0.66999E-01  0.12156E+03    0.67000E-01 -0.31930E-01 -0.35070E-01  0.00000E+00  0.00000E+00  0.00000E+00    0.12156E+03  0.00000E+00  0.00000E+00 -0.19656E+00  0.24993E+00  0.29768E+00
  0.67999E-01  0.12193E+03    0.68000E-01 -0.32406E-01 -0.35594E-01  0.00000E+00  0.00000E+00  0.00000E+00    0.12193E+03  0.00000E+00  0.00000E+00 -0.18918E+00  0.25478E+00  0.29822E+00
  0.68999E-01  0.12231E+03    0.69000E-01 -0.32881E-01 -0.36119E-01  0.00000E+00  0.00000E+00  0.00000E+00    0.12231E+03  0.00000E+00  0.00000E+00 -0.18819E+00  0.25729E+00  0.29870E+00
  0.69999E-01  0.12267E+03    0.70000E-01 -0.33357E-01 -0.36643E-01  0.00000E+00  0.00000E+00  0.00000E+00    0.12267E+03  0.00000E+00  0.00000E+00 -0.18697E+00  0.25964E+00  0.29917E+00
  0.70999E-01  0.12302E+03    0.71000E-01 -0.33832E-01 -0.37168E-01  0.00000E+00  0.00000E+00  0.00000E+00    0.12302E+03  0.00000E+00  0.00000E+00 -0.18563E+00  0.26201E+00  0.29966E+00
  0.71999E-01  0.12338E+03    0.72000E-01 -0.34308E-01 -0.37692E-01  0.00000E+00  0.00000E+00  0.00000E+00    0.12337E+03  0.00000E+00  0.00000E+00 -0.18429E+00  0.26438E+00  0.30015E+00
  0.72998E-01  0.12373E+03    0.73000E-01 -0.34783E-01 -0.38217E-01  0.00000E+00  0.00000E+00  0.00000E+00    0.12372E+03  0.00000E+00  0.00000E+00 -0.18292E+00  0.26676E+00  0.30065E+00
  0.73998E-01  0.12407E+03    0.74000E-01 -0.35259E-01 -0.38741E-01  0.00000E+00  0.00000E+00  0.00000E+00    0.12407E+03  0.00000E+00  0.00000E+00 -0.18154E+00  0.26917E+00  0.30115E+00
  0.74998E-01  0.12442E+03    0.75000E-01 -0.35734E-01 -0.39266E-01  0.00000E+00  0.00000E+00  0.00000E+00    0.12442E+03  0.00000E+00  0.00000E+00 -0.18013E+00  0.27158E+00  0.30166E+00
  0.75998E-01  0.12477E+03    0.76000E-01 -0.36209E-01 -0.39791E-01  0.00000E+00  0.00000E+00  0.00000E+00    0.12476E+03  0.00000E+00  0.00000E+00 -0.17871E+00  0.27401E+00  0.30216E+00
  0.76998E-01  0.12511E+03    0.77000E-01 -0.36685E-01 -0.40315E-01  0.00000E+00  0.00000E+00  0.00000E+00    0.12511E+03  0.00000E+00  0.00000E+00 -0.17727E+00  0.27645E+00  0.30268E+00
  0.77998E-01  0.12545E+03    0.78000E-01 -0.37160E-01 -0.40840E-01  0.00000E+00  0.00000E+00  0.00000E+00    0.12545E+03  0.00000E+00  0.00000E+00 -0.17581E+00  0.27891E+00  0.30320E+00
  0.78998E-01  0.12579E+03    0.79000E-01 -0.37635E-01 -0.41365E-01  0.00000E+00  0.00000E+00  0.00000E+00    0.12579E+03  0.00000E+00  0.00000E+00 -0.17433E+00  0.28138E+00  0.30373E+00
  0.79998E-01  0.12613E+03    0.80000E-01 -0.38111E-01 -0.41889E-01  0.00000E+00  0.00000E+00  0.00000E+00    0.12612E+03  0.00000E+00  0.00000E+00 -0.17284E+00  0.28387E+00  0.30426E+00
  0.80998E-01  0.12646E+03    0.81000E-01 -0.38586E-01 -0.42414E-01  0.00000E+00  0.00000E+00  0.00000E+00    0.12646E+03  0.00000E+00  0.00000E+00 -0.17132E+00  0.28637E+00  0.30480E+00
  0.81998E-01  0.12680E+03    0.82000E-01 -0.39061E-01 -0.42939E-01  0.00000E+00  0.00000E+00  0.00000E+00    0.12679E+03  0.00000E+00  0.00000E+00 -0.16979E+00  0.28889E+00  0.30534E+00
  0.82998E-01  0.12713E+03    0.83000E-01 -0.39536E-01 -0.43464E-01  0.00000E+00  0.00000E+00  0.00000E+00    0.12713E+03  0.00000E+00  0.00000E+00 -0.16824E+00  0.29142E+00  0.30590E+00
  0.83998E-01  0.12746E+03    0.84000E-01 -0.40011E-01 -0.43989E-01  0.00000E+00  0.00000E+00  0.00000E+00    0.12746E+03  0.00000E+00  0.00000E+00 -0.16667E+00  0.29397E+00  0.30646E+00
  0.84998E-01  0.12779E+03    0.85000E-01 -0.40487E-01 -0.44513E-01  0.00000E+00  0.00000E+00  0.00000E+00    0.12779E+03  0.00000E+00  0.00000E+00 -0.16508E+00  0.29653E+00  0.30703E+00
  0.85998E-01  0.12811E+03    0.86000E-01 -0.40962E-01 -0.45038E-01  0.00000E+00  0.00000E+00  0.00000E+00    0.12811E+03  0.00000E+00  0.00000E+00 -0.16348E+00  0.29911E+00  0.30760E+00
  0.86998E-01  0.12844E+03    0.87000E-01 -0.41437E-01 -0.45563E-01  0.00000E+00  0.00000E+00  0.00000E+00    0.12844E+03  0.00000E+00  0.00000E+00 -0.16186E+00  0.30170E+00  0.30819E+00
  0.87998E-01  0.12876E+03    0.88000E-01 -0.41912E-01 -0.46088E-01  0.00000E+00  0.00000E+00  0.00000E+00    0.12876E+03  0.00000E+00  0.00000E+00 -0.16023E+00  0.30431E+00  0.30878E+00
  0.88998E-01  0.12909E+03    0.89000E-01 -0.42387E-01 -0.46613E-01  0.00000E+00  0.00000E+00  0.00000E+00    0.12908E+03  0.00000E+00  0.00000E+00 -0.15858E+00  0.30694E+00  0.30939E+00
  0.89998E-01  0.12941E+03    0.90000E-01 -0.42862E-01 -0.47138E-01  0.00000E+00  0.00000E+00  0.00000E+00    0.12940E+03  0.00000E+00  0.00000E+00 -0.15691E+00  0.30958E+00  0.31000E+00
  0.90998E-01  0.12973E+03    0.91000E-01 -0.43337E-01 -0.47663E-01  0.00000E+00  0.00000E+00  0.00000E+00    0.12972E+03  0.00000E+00  0.00000E+00 -0.15523E+00  0.31224E+00  0.31063E+00
  0.91998E-01  0.13004E+03    0.92000E-01 -0.43812E-01 -0.48188E-01  0.00000E+00  0.00000E+00  0.00000E+00    0.13004E+03  0.00000E+00  0.00000E+00 -0.15353E+00  0.31492E+00  0.31126E+00
  0.92998E-01  0.13036E+03    0.93000E-01 -0.44287E-01 -0.48713E-01  0.00000E+00  0.00000E+00  0.00000E+00    0.13036E+03  0.00000E+00  0.00000E+00 -0.15182E+00  0.31761E+00  0.31191E+00
  0.93998E-01  0.13067E+03    0.94000E-01 -0.44762E-01 -0.49238E-01  0.00000E+00  0.00000E+00  0.00000E+00    0.13067E+03  0.00000E+00  0.00000E+00 -0.15009E+00  0.32032E+00  0.31257E+00
  0.94998E-01  0.13099E+03    0.95000E-01 -0.45237E-01 -0.49763E-01  0.00000E+00  0.00000E+00  0.00000E+00    0.13098E+03  0.00000E+00  0.00000E+00 -0.14835E+00  0.32305E+00  0.31324E+00
  0.95998E-01  0.13130E+03    0.96000E-01 -0.45711E-01 -0.50289E-01  0.00000E+00  0.00000E+00  0.00000E+00    0.13130E+03  0.00000E+00  0.00000E+00 -0.14659E+00  0.32580E+00  0.31392E+00
  0.96998E-01  0.13161E+03    0.97000E-01 -0.46186E-01 -0.50814E-01  0.00000E+00  0.00000E+00  0.00000E+00    0.13160E+03  0.00000E+00  0.00000E+00 -0.14482E+00  0.32856E+00  0.31462E+00
  0.97998E-01  0.13192E+03    0.98000E-01 -0.46661E-01 -0.51339E-01  0.00000E+00  0.00000E+00  0.00000E+00    0.13191E+03  0.00000E+00  0.00000E+00 -0.14303E+00  0.33134E+00  0.31532E+00
  0.98998E-01  0.13222E+03    0.99000E-01 -0.47136E-01 -0.51864E-01  0.00000E+00  0.00000E+00  0.00000E+00    0.13222E+03  0.00000E+00  0.00000E+00 -0.14123E+00  0.33414E+00  0.31605E+00
  0.99998E-01  0.13253E+03    0.10000E+00 -0.47611E-01 -0.52389E-01  0.00000E+00  0.00000E+00  0.00000E+00    0.13252E+03  0.00000E+00  0.00000E+00 -0.13942E+00  0.33695E+00  0.31678E+00
