          Evm          Svm            E11          E22          E33          E23          E13          E12         SCAU11       SCAU22       SCAU33       SCAU23       SCAU13       SCAU12      TEMP
  0.00000E+00  0.74053E+02    0.00000E+00  0.00000E+00  0.00000E+00  0.00000E+00  0.00000E+00  0.00000E+00    0.74051E+02  0.00000E+00  0.00000E+00 -0.17175E+00  0.10648E+00  0.20462E+00
  0.99998E-03  0.74555E+02    0.10000E-02 -0.47967E-03 -0.52033E-03  0.00000E+00  0.00000E+00  0.00000E+00    0.74553E+02  0.00000E+00  0.00000E+00 -0.17570E+00  0.10907E+00  0.20738E+00
  0.20000E-02  0.75028E+02    0.20000E-02 -0.95784E-03 -0.10422E-02  0.00000E+00  0.00000E+00  0.00000E+00    0.75026E+02  0.00000E+00  0.00000E+00 -0.17602E+00  0.10999E+00  0.20924E+00
  0.29999E-02  0.75550E+02    0.30000E-02 -0.14356E-02 -0.15644E-02  0.00000E+00  0.00000E+00  0.00000E+00    0.75549E+02  0.00000E+00  0.00000E+00 -0.17701E+00  0.11100E+00  0.21054E+00
  0.39999E-02  0.76072E+02    0.40000E-02 -0.19132E-02 -0.20868E-02  0.00000E+00  0.00000E+00  0.00000E+00    0.76070E+02  0.00000E+00  0.00000E+00 -0.17788E+00  0.11202E+00  0.21162E+00
  0.49999E-02  0.76589E+02    0.50000E-02 -0.23906E-02 -0.26094E-02  0.00000E+00  0.00000E+00  0.00000E+00    0.76588E+02  0.00000E+00  0.00000E+00 -0.17871E+00  0.11307E+00  0.21261E+00
  0.59999E-02  0.77094E+02    0.60000E-02 -0.28678E-02 -0.31322E-02  0.00000E+00  0.00000E+00  0.00000E+00    0.77092E+02  0.00000E+00  0.00000E+00 -0.17777E+00  0.11486E+00  0.21357E+00
  0.69998E-02  0.77612E+02    0.70000E-02 -0.33451E-02 -0.36549E-02  0.00000E+00  0.00000E+00  0.00000E+00    0.77610E+02  0.00000E+00  0.00000E+00 -0.17853E+00  0.11608E+00  0.21449E+00
  0.79998E-02  0.78121E+02    0.80000E-02 -0.38222E-02 -0.41778E-02  0.00000E+00  0.00000E+00  0.00000E+00    0.78119E+02  0.00000E+00  0.00000E+00 -0.17923E+00  0.11721E+00  0.21536E+00
  0.89998E-02  0.78626E+02    0.90000E-02 -0.42993E-02 -0.47007E-02  0.00000E+00  0.00000E+00  0.00000E+00    0.78624E+02  0.00000E+00  0.00000E+00 -0.17989E+00  0.11836E+00  0.21621E+00
  0.99998E-02  0.79128E+02    0.10000E-01 -0.47764E-02 -0.52236E-02  0.00000E+00  0.00000E+00  0.00000E+00    0.79126E+02  0.00000E+00  0.00000E+00 -0.18052E+00  0.11952E+00  0.21704E+00
  0.11000E-01  0.79626E+02    0.11000E-01 -0.52535E-02 -0.57465E-02  0.00000E+00  0.00000E+00  0.00000E+00    0.79625E+02  0.00000E+00  0.00000E+00 -0.18110E+00  0.12070E+00  0.21786E+00
  0.12000E-01  0.80122E+02    0.12000E-01 -0.57305E-02 -0.62695E-02  0.00000E+00  0.00000E+00  0.00000E+00    0.80120E+02  0.00000E+00  0.00000E+00 -0.18165E+00  0.12190E+00  0.21866E+00
  0.13000E-01  0.80615E+02    0.13000E-01 -0.62075E-02 -0.67925E-02  0.00000E+00  0.00000E+00  0.00000E+00    0.80613E+02  0.00000E+00  0.00000E+00 -0.18217E+00  0.12312E+00  0.21945E+00
  0.14000E-01  0.81105E+02    0.14000E-01 -0.66845E-02 -0.73155E-02  0.00000E+00  0.00000E+00  0.00000E+00    0.81103E+02  0.00000E+00  0.00000E+00 -0.18265E+00  0.12436E+00  0.22023E+00
  0.15000E-01  0.81591E+02    0.15000E-01 -0.71614E-02 -0.78386E-02  0.00000E+00  0.00000E+00  0.00000E+00    0.81589E+02  0.00000E+00  0.00000E+00 -0.18309E+00  0.12562E+00  0.22099E+00
  0.16000E-01  0.82075E+02    0.16000E-01 -0.76384E-02 -0.83616E-02  0.00000E+00  0.00000E+00  0.00000E+00    0.82073E+02  0.00000E+00  0.00000E+00 -0.18350E+00  0.12690E+00  0.22175E+00
  0.17000E-01  0.82556E+02    0.17000E-01 -0.81153E-02 -0.88847E-02  0.00000E+00  0.00000E+00  0.00000E+00    0.82554E+02  0.00000E+00  0.00000E+00 -0.18387E+00  0.12819E+00  0.22250E+00
  0.18000E-01  0.83034E+02    0.18000E-01 -0.85922E-02 -0.94078E-02  0.00000E+00  0.00000E+00  0.00000E+00    0.83032E+02  0.00000E+00  0.00000E+00 -0.18420E+00  0.12951E+00  0.22323E+00
  0.19000E-01  0.83509E+02    0.19000E-01 -0.90690E-02 -0.99310E-02  0.00000E+00  0.00000E+00  0.00000E+00    0.83507E+02  0.00000E+00  0.00000E+00 -0.18450E+00  0.13085E+00  0.22396E+00
  0.20000E-01  0.83981E+02    0.20000E-01 -0.95459E-02 -0.10454E-01  0.00000E+00  0.00000E+00  0.00000E+00    0.83979E+02  0.00000E+00  0.00000E+00 -0.18477E+00  0.13220E+00  0.22467E+00
  0.21000E-01  0.84451E+02    0.21000E-01 -0.10023E-01 -0.10977E-01  0.00000E+00  0.00000E+00  0.00000E+00    0.84449E+02  0.00000E+00  0.00000E+00 -0.18500E+00  0.13357E+00  0.22538E+00
  0.22000E-01  0.84917E+02    0.22000E-01 -0.10500E-01 -0.11500E-01  0.00000E+00  0.00000E+00  0.00000E+00    0.84915E+02  0.00000E+00  0.00000E+00 -0.18520E+00  0.13496E+00  0.22608E+00
  0.22999E-01  0.85381E+02    0.23000E-01 -0.10976E-01 -0.12024E-01  0.00000E+00  0.00000E+00  0.00000E+00    0.85379E+02  0.00000E+00  0.00000E+00 -0.18537E+00  0.13637E+00  0.22677E+00
  0.23999E-01  0.85842E+02    0.24000E-01 -0.11453E-01 -0.12547E-01  0.00000E+00  0.00000E+00  0.00000E+00    0.85840E+02  0.00000E+00  0.00000E+00 -0.18551E+00  0.13780E+00  0.22745E+00
  0.24999E-01  0.86300E+02    0.25000E-01 -0.11930E-01 -0.13070E-01  0.00000E+00  0.00000E+00  0.00000E+00    0.86298E+02  0.00000E+00  0.00000E+00 -0.18561E+00  0.13924E+00  0.22812E+00
  0.25999E-01  0.86756E+02    0.26000E-01 -0.12406E-01 -0.13594E-01  0.00000E+00  0.00000E+00  0.00000E+00    0.86754E+02  0.00000E+00  0.00000E+00 -0.18568E+00  0.14070E+00  0.22879E+00
  0.26999E-01  0.87208E+02    0.27000E-01 -0.12883E-01 -0.14117E-01  0.00000E+00  0.00000E+00  0.00000E+00    0.87207E+02  0.00000E+00  0.00000E+00 -0.18572E+00  0.14219E+00  0.22945E+00
  0.27999E-01  0.87658E+02    0.28000E-01 -0.13360E-01 -0.14640E-01  0.00000E+00  0.00000E+00  0.00000E+00    0.87657E+02  0.00000E+00  0.00000E+00 -0.18572E+00  0.14368E+00  0.23010E+00
  0.28999E-01  0.88106E+02    0.29000E-01 -0.13836E-01 -0.15164E-01  0.00000E+00  0.00000E+00  0.00000E+00    0.88104E+02  0.00000E+00  0.00000E+00 -0.18570E+00  0.14520E+00  0.23075E+00
  0.29999E-01  0.88551E+02    0.30000E-01 -0.14313E-01 -0.15687E-01  0.00000E+00  0.00000E+00  0.00000E+00    0.88549E+02  0.00000E+00  0.00000E+00 -0.18564E+00  0.14673E+00  0.23139E+00
  0.30999E-01  0.88993E+02    0.31000E-01 -0.14790E-01 -0.16210E-01  0.00000E+00  0.00000E+00  0.00000E+00    0.88991E+02  0.00000E+00  0.00000E+00 -0.18555E+00  0.14828E+00  0.23202E+00
  0.31999E-01  0.89433E+02    0.32000E-01 -0.15266E-01 -0.16734E-01  0.00000E+00  0.00000E+00  0.00000E+00    0.89431E+02  0.00000E+00  0.00000E+00 -0.18543E+00  0.14984E+00  0.23265E+00
  0.32999E-01  0.89870E+02    0.33000E-01 -0.15743E-01 -0.17257E-01  0.00000E+00  0.00000E+00  0.00000E+00    0.89868E+02  0.00000E+00  0.00000E+00 -0.18528E+00  0.15143E+00  0.23327E+00
  0.33999E-01  0.90304E+02    0.34000E-01 -0.16219E-01 -0.17781E-01  0.00000E+00  0.00000E+00  0.00000E+00    0.90302E+02  0.00000E+00  0.00000E+00 -0.18511E+00  0.15303E+00  0.23388E+00
  0.34999E-01  0.90736E+02    0.35000E-01 -0.16696E-01 -0.18304E-01  0.00000E+00  0.00000E+00  0.00000E+00    0.90734E+02  0.00000E+00  0.00000E+00 -0.18490E+00  0.15464E+00  0.23449E+00
  0.35999E-01  0.91165E+02    0.36000E-01 -0.17172E-01 -0.18828E-01  0.00000E+00  0.00000E+00  0.00000E+00    0.91163E+02  0.00000E+00  0.00000E+00 -0.18467E+00  0.15627E+00  0.23509E+00
  0.36999E-01  0.91592E+02    0.37000E-01 -0.17649E-01 -0.19351E-01  0.00000E+00  0.00000E+00  0.00000E+00    0.91590E+02  0.00000E+00  0.00000E+00 -0.18441E+00  0.15792E+00  0.23569E+00
  0.37999E-01  0.92017E+02    0.38000E-01 -0.18125E-01 -0.19875E-01  0.00000E+00  0.00000E+00  0.00000E+00    0.92015E+02  0.00000E+00  0.00000E+00 -0.18411E+00  0.15959E+00  0.23628E+00
  0.38999E-01  0.92439E+02    0.39000E-01 -0.18601E-01 -0.20399E-01  0.00000E+00  0.00000E+00  0.00000E+00    0.92437E+02  0.00000E+00  0.00000E+00 -0.18380E+00  0.16126E+00  0.23687E+00
  0.39999E-01  0.92858E+02    0.40000E-01 -0.19078E-01 -0.20922E-01  0.00000E+00  0.00000E+00  0.00000E+00    0.92856E+02  0.00000E+00  0.00000E+00 -0.18345E+00  0.16296E+00  0.23745E+00
  0.40999E-01  0.93275E+02    0.41000E-01 -0.19554E-01 -0.21446E-01  0.00000E+00  0.00000E+00  0.00000E+00    0.93273E+02  0.00000E+00  0.00000E+00 -0.18308E+00  0.16467E+00  0.23803E+00
  0.41999E-01  0.93690E+02    0.42000E-01 -0.20030E-01 -0.21970E-01  0.00000E+00  0.00000E+00  0.00000E+00    0.93688E+02  0.00000E+00  0.00000E+00 -0.18268E+00  0.16640E+00  0.23861E+00
  0.42999E-01  0.94102E+02    0.43000E-01 -0.20507E-01 -0.22493E-01  0.00000E+00  0.00000E+00  0.00000E+00    0.94100E+02  0.00000E+00  0.00000E+00 -0.18225E+00  0.16814E+00  0.23917E+00
  0.43999E-01  0.94512E+02    0.44000E-01 -0.20983E-01 -0.23017E-01  0.00000E+00  0.00000E+00  0.00000E+00    0.94510E+02  0.00000E+00  0.00000E+00 -0.18179E+00  0.16990E+00  0.23974E+00
  0.44999E-01  0.94890E+02    0.45000E-01 -0.21459E-01 -0.23541E-01  0.00000E+00  0.00000E+00  0.00000E+00    0.94888E+02  0.00000E+00  0.00000E+00 -0.18402E+00  0.17025E+00  0.24031E+00
  0.45999E-01  0.95321E+02    0.46000E-01 -0.21935E-01 -0.24065E-01  0.00000E+00  0.00000E+00  0.00000E+00    0.95319E+02  0.00000E+00  0.00000E+00 -0.18099E+00  0.17332E+00  0.24083E+00
  0.46999E-01  0.95698E+02    0.47000E-01 -0.22412E-01 -0.24588E-01  0.00000E+00  0.00000E+00  0.00000E+00    0.95696E+02  0.00000E+00  0.00000E+00 -0.18300E+00  0.17379E+00  0.24144E+00
  0.47999E-01  0.96100E+02    0.48000E-01 -0.22888E-01 -0.25112E-01  0.00000E+00  0.00000E+00  0.00000E+00    0.96098E+02  0.00000E+00  0.00000E+00 -0.18251E+00  0.17551E+00  0.24200E+00
  0.48999E-01  0.96499E+02    0.49000E-01 -0.23364E-01 -0.25636E-01  0.00000E+00  0.00000E+00  0.00000E+00    0.96497E+02  0.00000E+00  0.00000E+00 -0.18194E+00  0.17732E+00  0.24255E+00
  0.49999E-01  0.96895E+02    0.50000E-01 -0.23840E-01 -0.26160E-01  0.00000E+00  0.00000E+00  0.00000E+00    0.96893E+02  0.00000E+00  0.00000E+00 -0.18134E+00  0.17914E+00  0.24310E+00
  0.50999E-01  0.97289E+02    0.51000E-01 -0.24316E-01 -0.26684E-01  0.00000E+00  0.00000E+00  0.00000E+00    0.97287E+02  0.00000E+00  0.00000E+00 -0.18071E+00  0.18098E+00  0.24365E+00
  0.51999E-01  0.97681E+02    0.52000E-01 -0.24792E-01 -0.27208E-01  0.00000E+00  0.00000E+00  0.00000E+00    0.97679E+02  0.00000E+00  0.00000E+00 -0.18006E+00  0.18283E+00  0.24420E+00
  0.52999E-01  0.98071E+02    0.53000E-01 -0.25268E-01 -0.27732E-01  0.00000E+00  0.00000E+00  0.00000E+00    0.98069E+02  0.00000E+00  0.00000E+00 -0.17938E+00  0.18469E+00  0.24474E+00
  0.53999E-01  0.98458E+02    0.54000E-01 -0.25744E-01 -0.28256E-01  0.00000E+00  0.00000E+00  0.00000E+00    0.98456E+02  0.00000E+00  0.00000E+00 -0.17869E+00  0.18657E+00  0.24528E+00
  0.54999E-01  0.98858E+02    0.55000E-01 -0.26220E-01 -0.28780E-01  0.00000E+00  0.00000E+00  0.00000E+00    0.98856E+02  0.00000E+00  0.00000E+00 -0.17540E+00  0.18990E+00  0.24571E+00
  0.55999E-01  0.99225E+02    0.56000E-01 -0.26696E-01 -0.29304E-01  0.00000E+00  0.00000E+00  0.00000E+00    0.99223E+02  0.00000E+00  0.00000E+00 -0.17718E+00  0.19043E+00  0.24637E+00
  0.56999E-01  0.99622E+02    0.57000E-01 -0.27172E-01 -0.29828E-01  0.00000E+00  0.00000E+00  0.00000E+00    0.99620E+02  0.00000E+00  0.00000E+00 -0.17390E+00  0.19375E+00  0.24678E+00
  0.57999E-01  0.99985E+02    0.58000E-01 -0.27648E-01 -0.30352E-01  0.00000E+00  0.00000E+00  0.00000E+00    0.99983E+02  0.00000E+00  0.00000E+00 -0.17562E+00  0.19429E+00  0.24744E+00
  0.58999E-01  0.10035E+03    0.59000E-01 -0.28124E-01 -0.30876E-01  0.00000E+00  0.00000E+00  0.00000E+00    0.10035E+03  0.00000E+00  0.00000E+00 -0.17517E+00  0.19602E+00  0.24796E+00
  0.59999E-01  0.10074E+03    0.60000E-01 -0.28600E-01 -0.31400E-01  0.00000E+00  0.00000E+00  0.00000E+00    0.10074E+03  0.00000E+00  0.00000E+00 -0.17404E+00  0.19811E+00  0.24851E+00
  0.60999E-01  0.10110E+03    0.61000E-01 -0.29075E-01 -0.31925E-01  0.00000E+00  0.00000E+00  0.00000E+00    0.10110E+03  0.00000E+00  0.00000E+00 -0.17348E+00  0.19995E+00  0.24903E+00
  0.61999E-01  0.10148E+03    0.62000E-01 -0.29551E-01 -0.32449E-01  0.00000E+00  0.00000E+00  0.00000E+00    0.10148E+03  0.00000E+00  0.00000E+00 -0.17231E+00  0.20206E+00  0.24958E+00
  0.62999E-01  0.10184E+03    0.63000E-01 -0.30027E-01 -0.32973E-01  0.00000E+00  0.00000E+00  0.00000E+00    0.10184E+03  0.00000E+00  0.00000E+00 -0.17171E+00  0.20392E+00  0.25010E+00
  0.63999E-01  0.10222E+03    0.64000E-01 -0.30503E-01 -0.33497E-01  0.00000E+00  0.00000E+00  0.00000E+00    0.10221E+03  0.00000E+00  0.00000E+00 -0.17049E+00  0.20607E+00  0.25064E+00
  0.64999E-01  0.10257E+03    0.65000E-01 -0.30978E-01 -0.34022E-01  0.00000E+00  0.00000E+00  0.00000E+00    0.10257E+03  0.00000E+00  0.00000E+00 -0.16985E+00  0.20795E+00  0.25117E+00
  0.65999E-01  0.10294E+03    0.66000E-01 -0.31454E-01 -0.34546E-01  0.00000E+00  0.00000E+00  0.00000E+00    0.10294E+03  0.00000E+00  0.00000E+00 -0.16859E+00  0.21013E+00  0.25171E+00
  0.66999E-01  0.10329E+03    0.67000E-01 -0.31930E-01 -0.35070E-01  0.00000E+00  0.00000E+00  0.00000E+00    0.10329E+03  0.00000E+00  0.00000E+00 -0.16791E+00  0.21203E+00  0.25224E+00
  0.67999E-01  0.10366E+03    0.68000E-01 -0.32405E-01 -0.35595E-01  0.00000E+00  0.00000E+00  0.00000E+00    0.10366E+03  0.00000E+00  0.00000E+00 -0.16661E+00  0.21423E+00  0.25278E+00
  0.68999E-01  0.10401E+03    0.69000E-01 -0.32881E-01 -0.36119E-01  0.00000E+00  0.00000E+00  0.00000E+00    0.10401E+03  0.00000E+00  0.00000E+00 -0.16588E+00  0.21616E+00  0.25331E+00
  0.69999E-01  0.10436E+03    0.70000E-01 -0.33357E-01 -0.36643E-01  0.00000E+00  0.00000E+00  0.00000E+00    0.10436E+03  0.00000E+00  0.00000E+00 -0.16490E+00  0.21823E+00  0.25385E+00
  0.70999E-01  0.10471E+03    0.71000E-01 -0.33832E-01 -0.37168E-01  0.00000E+00  0.00000E+00  0.00000E+00    0.10471E+03  0.00000E+00  0.00000E+00 -0.16384E+00  0.22032E+00  0.25439E+00
  0.71999E-01  0.10507E+03    0.72000E-01 -0.34308E-01 -0.37692E-01  0.00000E+00  0.00000E+00  0.00000E+00    0.10506E+03  0.00000E+00  0.00000E+00 -0.16277E+00  0.22243E+00  0.25494E+00
  0.72998E-01  0.10541E+03    0.73000E-01 -0.34783E-01 -0.38217E-01  0.00000E+00  0.00000E+00  0.00000E+00    0.10541E+03  0.00000E+00  0.00000E+00 -0.16167E+00  0.22455E+00  0.25548E+00
  0.73998E-01  0.10576E+03    0.74000E-01 -0.35259E-01 -0.38741E-01  0.00000E+00  0.00000E+00  0.00000E+00    0.10576E+03  0.00000E+00  0.00000E+00 -0.16055E+00  0.22669E+00  0.25603E+00
  0.74998E-01  0.10611E+03    0.75000E-01 -0.35734E-01 -0.39266E-01  0.00000E+00  0.00000E+00  0.00000E+00    0.10611E+03  0.00000E+00  0.00000E+00 -0.15941E+00  0.22884E+00  0.25658E+00
  0.75998E-01  0.10645E+03    0.76000E-01 -0.36210E-01 -0.39790E-01  0.00000E+00  0.00000E+00  0.00000E+00    0.10645E+03  0.00000E+00  0.00000E+00 -0.15826E+00  0.23100E+00  0.25714E+00
  0.76998E-01  0.10679E+03    0.77000E-01 -0.36685E-01 -0.40315E-01  0.00000E+00  0.00000E+00  0.00000E+00    0.10679E+03  0.00000E+00  0.00000E+00 -0.15708E+00  0.23318E+00  0.25769E+00
  0.77998E-01  0.10713E+03    0.78000E-01 -0.37160E-01 -0.40840E-01  0.00000E+00  0.00000E+00  0.00000E+00    0.10713E+03  0.00000E+00  0.00000E+00 -0.15589E+00  0.23537E+00  0.25825E+00
  0.78998E-01  0.10747E+03    0.79000E-01 -0.37636E-01 -0.41364E-01  0.00000E+00  0.00000E+00  0.00000E+00    0.10747E+03  0.00000E+00  0.00000E+00 -0.15468E+00  0.23757E+00  0.25882E+00
  0.79998E-01  0.10781E+03    0.80000E-01 -0.38111E-01 -0.41889E-01  0.00000E+00  0.00000E+00  0.00000E+00    0.10781E+03  0.00000E+00  0.00000E+00 -0.15346E+00  0.23979E+00  0.25939E+00
  0.80998E-01  0.10814E+03    0.81000E-01 -0.38586E-01 -0.42414E-01  0.00000E+00  0.00000E+00  0.00000E+00    0.10814E+03  0.00000E+00  0.00000E+00 -0.15221E+00  0.24202E+00  0.25996E+00
  0.81998E-01  0.10847E+03    0.82000E-01 -0.39061E-01 -0.42939E-01  0.00000E+00  0.00000E+00  0.00000E+00    0.10847E+03  0.00000E+00  0.00000E+00 -0.15095E+00  0.24426E+00  0.26054E+00
  0.82998E-01  0.10881E+03    0.83000E-01 -0.39537E-01 -0.43463E-01  0.00000E+00  0.00000E+00  0.00000E+00    0.10880E+03  0.00000E+00  0.00000E+00 -0.14967E+00  0.24652E+00  0.26113E+00
  0.83998E-01  0.10914E+03    0.84000E-01 -0.40012E-01 -0.43988E-01  0.00000E+00  0.00000E+00  0.00000E+00    0.10913E+03  0.00000E+00  0.00000E+00 -0.14837E+00  0.24879E+00  0.26172E+00
  0.84998E-01  0.10946E+03    0.85000E-01 -0.40487E-01 -0.44513E-01  0.00000E+00  0.00000E+00  0.00000E+00    0.10946E+03  0.00000E+00  0.00000E+00 -0.14102E+00  0.25394E+00  0.26234E+00
  0.85998E-01  0.10977E+03    0.86000E-01 -0.40962E-01 -0.45038E-01  0.00000E+00  0.00000E+00  0.00000E+00    0.10977E+03  0.00000E+00  0.00000E+00 -0.14127E+00  0.25588E+00  0.26304E+00
  0.86998E-01  0.11009E+03    0.87000E-01 -0.41437E-01 -0.45563E-01  0.00000E+00  0.00000E+00  0.00000E+00    0.11008E+03  0.00000E+00  0.00000E+00 -0.13968E+00  0.25828E+00  0.26367E+00
  0.87998E-01  0.11041E+03    0.88000E-01 -0.41912E-01 -0.46088E-01  0.00000E+00  0.00000E+00  0.00000E+00    0.11041E+03  0.00000E+00  0.00000E+00 -0.13832E+00  0.26063E+00  0.26430E+00
  0.88998E-01  0.11073E+03    0.89000E-01 -0.42388E-01 -0.46612E-01  0.00000E+00  0.00000E+00  0.00000E+00    0.11073E+03  0.00000E+00  0.00000E+00 -0.13694E+00  0.26300E+00  0.26493E+00
  0.89998E-01  0.11109E+03    0.90000E-01 -0.42863E-01 -0.47137E-01  0.00000E+00  0.00000E+00  0.00000E+00    0.11109E+03  0.00000E+00  0.00000E+00 -0.13416E+00  0.26596E+00  0.26549E+00
  0.90998E-01  0.11142E+03    0.91000E-01 -0.43338E-01 -0.47662E-01  0.00000E+00  0.00000E+00  0.00000E+00    0.11141E+03  0.00000E+00  0.00000E+00 -0.13310E+00  0.26827E+00  0.26611E+00
  0.91998E-01  0.11173E+03    0.92000E-01 -0.43813E-01 -0.48187E-01  0.00000E+00  0.00000E+00  0.00000E+00    0.11173E+03  0.00000E+00  0.00000E+00 -0.13168E+00  0.27068E+00  0.26676E+00
  0.92998E-01  0.11205E+03    0.93000E-01 -0.44288E-01 -0.48712E-01  0.00000E+00  0.00000E+00  0.00000E+00    0.11204E+03  0.00000E+00  0.00000E+00 -0.13024E+00  0.27311E+00  0.26742E+00
  0.93998E-01  0.11236E+03    0.94000E-01 -0.44762E-01 -0.49238E-01  0.00000E+00  0.00000E+00  0.00000E+00    0.11236E+03  0.00000E+00  0.00000E+00 -0.12878E+00  0.27555E+00  0.26809E+00
  0.94998E-01  0.11267E+03    0.95000E-01 -0.45237E-01 -0.49763E-01  0.00000E+00  0.00000E+00  0.00000E+00    0.11267E+03  0.00000E+00  0.00000E+00 -0.12732E+00  0.27801E+00  0.26877E+00
  0.95998E-01  0.11298E+03    0.96000E-01 -0.45712E-01 -0.50288E-01  0.00000E+00  0.00000E+00  0.00000E+00    0.11298E+03  0.00000E+00  0.00000E+00 -0.12584E+00  0.28048E+00  0.26946E+00
  0.96998E-01  0.11329E+03    0.97000E-01 -0.46187E-01 -0.50813E-01  0.00000E+00  0.00000E+00  0.00000E+00    0.11329E+03  0.00000E+00  0.00000E+00 -0.12434E+00  0.28297E+00  0.27016E+00
  0.97998E-01  0.11360E+03    0.98000E-01 -0.46662E-01 -0.51338E-01  0.00000E+00  0.00000E+00  0.00000E+00    0.11359E+03  0.00000E+00  0.00000E+00 -0.12283E+00  0.28548E+00  0.27087E+00
  0.98998E-01  0.11390E+03    0.99000E-01 -0.47137E-01 -0.51863E-01  0.00000E+00  0.00000E+00  0.00000E+00    0.11390E+03  0.00000E+00  0.00000E+00 -0.12131E+00  0.28800E+00  0.27160E+00
  0.99998E-01  0.11420E+03    0.10000E+00 -0.47611E-01 -0.52389E-01  0.00000E+00  0.00000E+00  0.00000E+00    0.11420E+03  0.00000E+00  0.00000E+00 -0.11977E+00  0.29054E+00  0.27233E+00
