          Evm          Svm            E11          E22          E33          E23          E13          E12         SCAU11       SCAU22       SCAU33       SCAU23       SCAU13       SCAU12      TEMP
  0.00000E+00  0.13034E+03    0.00000E+00  0.00000E+00  0.00000E+00  0.00000E+00  0.00000E+00  0.00000E+00    0.13034E+03  0.00000E+00  0.00000E+00 -0.30231E+00  0.18742E+00  0.36016E+00
  0.99998E-03  0.13098E+03    0.10000E-02 -0.47967E-03 -0.52033E-03  0.00000E+00  0.00000E+00  0.00000E+00    0.13098E+03  0.00000E+00  0.00000E+00 -0.30741E+00  0.19363E+00  0.36359E+00
  0.20000E-02  0.13171E+03    0.20000E-02 -0.95794E-03 -0.10421E-02  0.00000E+00  0.00000E+00  0.00000E+00    0.13170E+03  0.00000E+00  0.00000E+00 -0.30587E+00  0.19433E+00  0.36699E+00
  0.29999E-02  0.13246E+03    0.30000E-02 -0.14358E-02 -0.15642E-02  0.00000E+00  0.00000E+00  0.00000E+00    0.13245E+03  0.00000E+00  0.00000E+00 -0.30706E+00  0.19596E+00  0.36898E+00
  0.39999E-02  0.13319E+03    0.40000E-02 -0.19135E-02 -0.20865E-02  0.00000E+00  0.00000E+00  0.00000E+00    0.13319E+03  0.00000E+00  0.00000E+00 -0.30807E+00  0.19754E+00  0.37046E+00
  0.49999E-02  0.13393E+03    0.50000E-02 -0.23910E-02 -0.26090E-02  0.00000E+00  0.00000E+00  0.00000E+00    0.13392E+03  0.00000E+00  0.00000E+00 -0.30901E+00  0.19916E+00  0.37180E+00
  0.59999E-02  0.13465E+03    0.60000E-02 -0.28684E-02 -0.31316E-02  0.00000E+00  0.00000E+00  0.00000E+00    0.13465E+03  0.00000E+00  0.00000E+00 -0.30989E+00  0.20083E+00  0.37305E+00
  0.69998E-02  0.13538E+03    0.70000E-02 -0.33457E-02 -0.36543E-02  0.00000E+00  0.00000E+00  0.00000E+00    0.13537E+03  0.00000E+00  0.00000E+00 -0.31072E+00  0.20254E+00  0.37423E+00
  0.79998E-02  0.13609E+03    0.80000E-02 -0.38229E-02 -0.41771E-02  0.00000E+00  0.00000E+00  0.00000E+00    0.13609E+03  0.00000E+00  0.00000E+00 -0.31149E+00  0.20428E+00  0.37536E+00
  0.89998E-02  0.13681E+03    0.90000E-02 -0.43001E-02 -0.46999E-02  0.00000E+00  0.00000E+00  0.00000E+00    0.13681E+03  0.00000E+00  0.00000E+00 -0.31221E+00  0.20606E+00  0.37645E+00
  0.99998E-02  0.13752E+03    0.10000E-01 -0.47772E-02 -0.52228E-02  0.00000E+00  0.00000E+00  0.00000E+00    0.13752E+03  0.00000E+00  0.00000E+00 -0.31287E+00  0.20787E+00  0.37750E+00
  0.11000E-01  0.13822E+03    0.11000E-01 -0.52543E-02 -0.57457E-02  0.00000E+00  0.00000E+00  0.00000E+00    0.13822E+03  0.00000E+00  0.00000E+00 -0.31347E+00  0.20972E+00  0.37853E+00
  0.12000E-01  0.13893E+03    0.12000E-01 -0.57314E-02 -0.62686E-02  0.00000E+00  0.00000E+00  0.00000E+00    0.13892E+03  0.00000E+00  0.00000E+00 -0.31401E+00  0.21159E+00  0.37953E+00
  0.13000E-01  0.13962E+03    0.13000E-01 -0.62084E-02 -0.67916E-02  0.00000E+00  0.00000E+00  0.00000E+00    0.13962E+03  0.00000E+00  0.00000E+00 -0.31451E+00  0.21350E+00  0.38051E+00
  0.14000E-01  0.14031E+03    0.14000E-01 -0.66853E-02 -0.73147E-02  0.00000E+00  0.00000E+00  0.00000E+00    0.14031E+03  0.00000E+00  0.00000E+00 -0.31494E+00  0.21544E+00  0.38147E+00
  0.15000E-01  0.14100E+03    0.15000E-01 -0.71623E-02 -0.78377E-02  0.00000E+00  0.00000E+00  0.00000E+00    0.14100E+03  0.00000E+00  0.00000E+00 -0.31532E+00  0.21741E+00  0.38242E+00
  0.16000E-01  0.14169E+03    0.16000E-01 -0.76392E-02 -0.83608E-02  0.00000E+00  0.00000E+00  0.00000E+00    0.14168E+03  0.00000E+00  0.00000E+00 -0.31565E+00  0.21941E+00  0.38335E+00
  0.17000E-01  0.14237E+03    0.17000E-01 -0.81161E-02 -0.88839E-02  0.00000E+00  0.00000E+00  0.00000E+00    0.14236E+03  0.00000E+00  0.00000E+00 -0.31592E+00  0.22144E+00  0.38426E+00
  0.18000E-01  0.14304E+03    0.18000E-01 -0.85930E-02 -0.94070E-02  0.00000E+00  0.00000E+00  0.00000E+00    0.14304E+03  0.00000E+00  0.00000E+00 -0.31614E+00  0.22350E+00  0.38516E+00
  0.19000E-01  0.14372E+03    0.19000E-01 -0.90699E-02 -0.99301E-02  0.00000E+00  0.00000E+00  0.00000E+00    0.14371E+03  0.00000E+00  0.00000E+00 -0.31631E+00  0.22559E+00  0.38605E+00
  0.20000E-01  0.14438E+03    0.20000E-01 -0.95467E-02 -0.10453E-01  0.00000E+00  0.00000E+00  0.00000E+00    0.14438E+03  0.00000E+00  0.00000E+00 -0.31642E+00  0.22771E+00  0.38692E+00
  0.21000E-01  0.14505E+03    0.21000E-01 -0.10024E-01 -0.10976E-01  0.00000E+00  0.00000E+00  0.00000E+00    0.14504E+03  0.00000E+00  0.00000E+00 -0.31649E+00  0.22985E+00  0.38778E+00
  0.22000E-01  0.14571E+03    0.22000E-01 -0.10500E-01 -0.11500E-01  0.00000E+00  0.00000E+00  0.00000E+00    0.14570E+03  0.00000E+00  0.00000E+00 -0.31651E+00  0.23203E+00  0.38862E+00
  0.22999E-01  0.14636E+03    0.23000E-01 -0.10977E-01 -0.12023E-01  0.00000E+00  0.00000E+00  0.00000E+00    0.14636E+03  0.00000E+00  0.00000E+00 -0.31647E+00  0.23423E+00  0.38946E+00
  0.23999E-01  0.14702E+03    0.24000E-01 -0.11454E-01 -0.12546E-01  0.00000E+00  0.00000E+00  0.00000E+00    0.14701E+03  0.00000E+00  0.00000E+00 -0.31639E+00  0.23647E+00  0.39029E+00
  0.24999E-01  0.14761E+03    0.25000E-01 -0.11931E-01 -0.13069E-01  0.00000E+00  0.00000E+00  0.00000E+00    0.14760E+03  0.00000E+00  0.00000E+00 -0.32000E+00  0.23704E+00  0.39103E+00
  0.25999E-01  0.14829E+03    0.26000E-01 -0.12407E-01 -0.13593E-01  0.00000E+00  0.00000E+00  0.00000E+00    0.14829E+03  0.00000E+00  0.00000E+00 -0.31631E+00  0.24075E+00  0.39189E+00
  0.26999E-01  0.14889E+03    0.27000E-01 -0.12884E-01 -0.14116E-01  0.00000E+00  0.00000E+00  0.00000E+00    0.14889E+03  0.00000E+00  0.00000E+00 -0.31963E+00  0.24159E+00  0.39263E+00
  0.27999E-01  0.14957E+03    0.28000E-01 -0.13361E-01 -0.14639E-01  0.00000E+00  0.00000E+00  0.00000E+00    0.14957E+03  0.00000E+00  0.00000E+00 -0.31582E+00  0.24541E+00  0.39345E+00
  0.28999E-01  0.15016E+03    0.29000E-01 -0.13837E-01 -0.15163E-01  0.00000E+00  0.00000E+00  0.00000E+00    0.15016E+03  0.00000E+00  0.00000E+00 -0.31905E+00  0.24627E+00  0.39421E+00
  0.29999E-01  0.15083E+03    0.30000E-01 -0.14314E-01 -0.15686E-01  0.00000E+00  0.00000E+00  0.00000E+00    0.15083E+03  0.00000E+00  0.00000E+00 -0.31513E+00  0.25018E+00  0.39498E+00
  0.30999E-01  0.15142E+03    0.31000E-01 -0.14790E-01 -0.16210E-01  0.00000E+00  0.00000E+00  0.00000E+00    0.15142E+03  0.00000E+00  0.00000E+00 -0.31828E+00  0.25106E+00  0.39575E+00
  0.31999E-01  0.15208E+03    0.32000E-01 -0.15267E-01 -0.16733E-01  0.00000E+00  0.00000E+00  0.00000E+00    0.15208E+03  0.00000E+00  0.00000E+00 -0.31426E+00  0.25506E+00  0.39649E+00
  0.32999E-01  0.15266E+03    0.33000E-01 -0.15744E-01 -0.17256E-01  0.00000E+00  0.00000E+00  0.00000E+00    0.15266E+03  0.00000E+00  0.00000E+00 -0.31732E+00  0.25595E+00  0.39726E+00
  0.33999E-01  0.15331E+03    0.34000E-01 -0.16220E-01 -0.17780E-01  0.00000E+00  0.00000E+00  0.00000E+00    0.15331E+03  0.00000E+00  0.00000E+00 -0.31320E+00  0.26004E+00  0.39796E+00
  0.34999E-01  0.15389E+03    0.35000E-01 -0.16697E-01 -0.18303E-01  0.00000E+00  0.00000E+00  0.00000E+00    0.15388E+03  0.00000E+00  0.00000E+00 -0.31619E+00  0.26094E+00  0.39875E+00
  0.35999E-01  0.15453E+03    0.36000E-01 -0.17173E-01 -0.18827E-01  0.00000E+00  0.00000E+00  0.00000E+00    0.15453E+03  0.00000E+00  0.00000E+00 -0.31198E+00  0.26513E+00  0.39941E+00
  0.36999E-01  0.15510E+03    0.37000E-01 -0.17649E-01 -0.19351E-01  0.00000E+00  0.00000E+00  0.00000E+00    0.15510E+03  0.00000E+00  0.00000E+00 -0.31489E+00  0.26604E+00  0.40021E+00
  0.37999E-01  0.15574E+03    0.38000E-01 -0.18126E-01 -0.19874E-01  0.00000E+00  0.00000E+00  0.00000E+00    0.15573E+03  0.00000E+00  0.00000E+00 -0.31058E+00  0.27032E+00  0.40084E+00
  0.38999E-01  0.15630E+03    0.39000E-01 -0.18602E-01 -0.20398E-01  0.00000E+00  0.00000E+00  0.00000E+00    0.15630E+03  0.00000E+00  0.00000E+00 -0.31341E+00  0.27124E+00  0.40165E+00
  0.39999E-01  0.15688E+03    0.40000E-01 -0.19079E-01 -0.20921E-01  0.00000E+00  0.00000E+00  0.00000E+00    0.15688E+03  0.00000E+00  0.00000E+00 -0.31311E+00  0.27363E+00  0.40231E+00
  0.40999E-01  0.15749E+03    0.41000E-01 -0.19555E-01 -0.21445E-01  0.00000E+00  0.00000E+00  0.00000E+00    0.15748E+03  0.00000E+00  0.00000E+00 -0.31188E+00  0.27642E+00  0.40306E+00
  0.41999E-01  0.15806E+03    0.42000E-01 -0.20031E-01 -0.21969E-01  0.00000E+00  0.00000E+00  0.00000E+00    0.15805E+03  0.00000E+00  0.00000E+00 -0.31140E+00  0.27896E+00  0.40371E+00
  0.42999E-01  0.15866E+03    0.43000E-01 -0.20507E-01 -0.22493E-01  0.00000E+00  0.00000E+00  0.00000E+00    0.15865E+03  0.00000E+00  0.00000E+00 -0.31008E+00  0.28181E+00  0.40444E+00
  0.43999E-01  0.15922E+03    0.44000E-01 -0.20984E-01 -0.23016E-01  0.00000E+00  0.00000E+00  0.00000E+00    0.15922E+03  0.00000E+00  0.00000E+00 -0.30952E+00  0.28439E+00  0.40510E+00
  0.44999E-01  0.15982E+03    0.45000E-01 -0.21460E-01 -0.23540E-01  0.00000E+00  0.00000E+00  0.00000E+00    0.15981E+03  0.00000E+00  0.00000E+00 -0.30812E+00  0.28730E+00  0.40581E+00
  0.45999E-01  0.16037E+03    0.46000E-01 -0.21936E-01 -0.24064E-01  0.00000E+00  0.00000E+00  0.00000E+00    0.16037E+03  0.00000E+00  0.00000E+00 -0.30749E+00  0.28991E+00  0.40646E+00
  0.46999E-01  0.16094E+03    0.47000E-01 -0.22412E-01 -0.24588E-01  0.00000E+00  0.00000E+00  0.00000E+00    0.16094E+03  0.00000E+00  0.00000E+00 -0.30649E+00  0.29268E+00  0.40714E+00
  0.47999E-01  0.16153E+03    0.48000E-01 -0.22888E-01 -0.25112E-01  0.00000E+00  0.00000E+00  0.00000E+00    0.16152E+03  0.00000E+00  0.00000E+00 -0.30490E+00  0.29569E+00  0.40784E+00
  0.48999E-01  0.16208E+03    0.49000E-01 -0.23365E-01 -0.25635E-01  0.00000E+00  0.00000E+00  0.00000E+00    0.16207E+03  0.00000E+00  0.00000E+00 -0.30415E+00  0.29836E+00  0.40849E+00
  0.49999E-01  0.16263E+03    0.50000E-01 -0.23841E-01 -0.26159E-01  0.00000E+00  0.00000E+00  0.00000E+00    0.16263E+03  0.00000E+00  0.00000E+00 -0.30303E+00  0.30120E+00  0.40916E+00
  0.50999E-01  0.16319E+03    0.51000E-01 -0.24317E-01 -0.26683E-01  0.00000E+00  0.00000E+00  0.00000E+00    0.16319E+03  0.00000E+00  0.00000E+00 -0.30182E+00  0.30408E+00  0.40983E+00
  0.51999E-01  0.16375E+03    0.52000E-01 -0.24793E-01 -0.27207E-01  0.00000E+00  0.00000E+00  0.00000E+00    0.16374E+03  0.00000E+00  0.00000E+00 -0.30056E+00  0.30698E+00  0.41050E+00
  0.52999E-01  0.16430E+03    0.53000E-01 -0.25269E-01 -0.27731E-01  0.00000E+00  0.00000E+00  0.00000E+00    0.16430E+03  0.00000E+00  0.00000E+00 -0.29927E+00  0.30991E+00  0.41116E+00
  0.53999E-01  0.16485E+03    0.54000E-01 -0.25745E-01 -0.28255E-01  0.00000E+00  0.00000E+00  0.00000E+00    0.16484E+03  0.00000E+00  0.00000E+00 -0.29794E+00  0.31285E+00  0.41182E+00
  0.54999E-01  0.16539E+03    0.55000E-01 -0.26221E-01 -0.28779E-01  0.00000E+00  0.00000E+00  0.00000E+00    0.16539E+03  0.00000E+00  0.00000E+00 -0.29658E+00  0.31582E+00  0.41249E+00
  0.55999E-01  0.16594E+03    0.56000E-01 -0.26697E-01 -0.29303E-01  0.00000E+00  0.00000E+00  0.00000E+00    0.16593E+03  0.00000E+00  0.00000E+00 -0.29518E+00  0.31882E+00  0.41315E+00
  0.56999E-01  0.16648E+03    0.57000E-01 -0.27173E-01 -0.29827E-01  0.00000E+00  0.00000E+00  0.00000E+00    0.16647E+03  0.00000E+00  0.00000E+00 -0.29375E+00  0.32183E+00  0.41381E+00
  0.57999E-01  0.16701E+03    0.58000E-01 -0.27648E-01 -0.30352E-01  0.00000E+00  0.00000E+00  0.00000E+00    0.16701E+03  0.00000E+00  0.00000E+00 -0.29229E+00  0.32486E+00  0.41447E+00
  0.58999E-01  0.16755E+03    0.59000E-01 -0.28124E-01 -0.30876E-01  0.00000E+00  0.00000E+00  0.00000E+00    0.16754E+03  0.00000E+00  0.00000E+00 -0.29079E+00  0.32791E+00  0.41513E+00
  0.59999E-01  0.16808E+03    0.60000E-01 -0.28600E-01 -0.31400E-01  0.00000E+00  0.00000E+00  0.00000E+00    0.16807E+03  0.00000E+00  0.00000E+00 -0.28926E+00  0.33097E+00  0.41579E+00
  0.60999E-01  0.16861E+03    0.61000E-01 -0.29076E-01 -0.31924E-01  0.00000E+00  0.00000E+00  0.00000E+00    0.16860E+03  0.00000E+00  0.00000E+00 -0.28769E+00  0.33407E+00  0.41646E+00
  0.61999E-01  0.16913E+03    0.62000E-01 -0.29552E-01 -0.32448E-01  0.00000E+00  0.00000E+00  0.00000E+00    0.16913E+03  0.00000E+00  0.00000E+00 -0.28609E+00  0.33718E+00  0.41712E+00
  0.62999E-01  0.16965E+03    0.63000E-01 -0.30027E-01 -0.32973E-01  0.00000E+00  0.00000E+00  0.00000E+00    0.16965E+03  0.00000E+00  0.00000E+00 -0.28447E+00  0.34031E+00  0.41779E+00
  0.63999E-01  0.17017E+03    0.64000E-01 -0.30503E-01 -0.33497E-01  0.00000E+00  0.00000E+00  0.00000E+00    0.17017E+03  0.00000E+00  0.00000E+00 -0.28281E+00  0.34346E+00  0.41846E+00
  0.64999E-01  0.17069E+03    0.65000E-01 -0.30979E-01 -0.34021E-01  0.00000E+00  0.00000E+00  0.00000E+00    0.17069E+03  0.00000E+00  0.00000E+00 -0.28112E+00  0.34663E+00  0.41913E+00
  0.65999E-01  0.17120E+03    0.66000E-01 -0.31455E-01 -0.34545E-01  0.00000E+00  0.00000E+00  0.00000E+00    0.17120E+03  0.00000E+00  0.00000E+00 -0.27941E+00  0.34983E+00  0.41980E+00
  0.66999E-01  0.17171E+03    0.67000E-01 -0.31930E-01 -0.35070E-01  0.00000E+00  0.00000E+00  0.00000E+00    0.17171E+03  0.00000E+00  0.00000E+00 -0.27766E+00  0.35304E+00  0.42048E+00
  0.67999E-01  0.17223E+03    0.68000E-01 -0.32406E-01 -0.35594E-01  0.00000E+00  0.00000E+00  0.00000E+00    0.17223E+03  0.00000E+00  0.00000E+00 -0.26722E+00  0.35989E+00  0.42124E+00
  0.68999E-01  0.17277E+03    0.69000E-01 -0.32881E-01 -0.36119E-01  0.00000E+00  0.00000E+00  0.00000E+00    0.17277E+03  0.00000E+00  0.00000E+00 -0.26582E+00  0.36344E+00  0.42192E+00
  0.69999E-01  0.17328E+03    0.70000E-01 -0.33357E-01 -0.36643E-01  0.00000E+00  0.00000E+00  0.00000E+00    0.17327E+03  0.00000E+00  0.00000E+00 -0.26410E+00  0.36676E+00  0.42259E+00
  0.70999E-01  0.17378E+03    0.71000E-01 -0.33832E-01 -0.37168E-01  0.00000E+00  0.00000E+00  0.00000E+00    0.17377E+03  0.00000E+00  0.00000E+00 -0.26221E+00  0.37009E+00  0.42328E+00
  0.71999E-01  0.17427E+03    0.72000E-01 -0.34308E-01 -0.37692E-01  0.00000E+00  0.00000E+00  0.00000E+00    0.17427E+03  0.00000E+00  0.00000E+00 -0.26031E+00  0.37345E+00  0.42398E+00
  0.72998E-01  0.17477E+03    0.73000E-01 -0.34783E-01 -0.38217E-01  0.00000E+00  0.00000E+00  0.00000E+00    0.17476E+03  0.00000E+00  0.00000E+00 -0.25838E+00  0.37682E+00  0.42468E+00
  0.73998E-01  0.17526E+03    0.74000E-01 -0.35259E-01 -0.38741E-01  0.00000E+00  0.00000E+00  0.00000E+00    0.17526E+03  0.00000E+00  0.00000E+00 -0.25643E+00  0.38021E+00  0.42539E+00
  0.74998E-01  0.17575E+03    0.75000E-01 -0.35734E-01 -0.39266E-01  0.00000E+00  0.00000E+00  0.00000E+00    0.17575E+03  0.00000E+00  0.00000E+00 -0.25445E+00  0.38362E+00  0.42610E+00
  0.75998E-01  0.17624E+03    0.76000E-01 -0.36209E-01 -0.39791E-01  0.00000E+00  0.00000E+00  0.00000E+00    0.17623E+03  0.00000E+00  0.00000E+00 -0.25244E+00  0.38705E+00  0.42682E+00
  0.76998E-01  0.17672E+03    0.77000E-01 -0.36685E-01 -0.40315E-01  0.00000E+00  0.00000E+00  0.00000E+00    0.17672E+03  0.00000E+00  0.00000E+00 -0.25040E+00  0.39050E+00  0.42755E+00
  0.77998E-01  0.17720E+03    0.78000E-01 -0.37160E-01 -0.40840E-01  0.00000E+00  0.00000E+00  0.00000E+00    0.17720E+03  0.00000E+00  0.00000E+00 -0.24834E+00  0.39397E+00  0.42828E+00
  0.78998E-01  0.17768E+03    0.79000E-01 -0.37635E-01 -0.41365E-01  0.00000E+00  0.00000E+00  0.00000E+00    0.17768E+03  0.00000E+00  0.00000E+00 -0.24625E+00  0.39746E+00  0.42902E+00
  0.79998E-01  0.17816E+03    0.80000E-01 -0.38111E-01 -0.41889E-01  0.00000E+00  0.00000E+00  0.00000E+00    0.17815E+03  0.00000E+00  0.00000E+00 -0.24414E+00  0.40098E+00  0.42978E+00
  0.80998E-01  0.17863E+03    0.81000E-01 -0.38586E-01 -0.42414E-01  0.00000E+00  0.00000E+00  0.00000E+00    0.17863E+03  0.00000E+00  0.00000E+00 -0.24200E+00  0.40451E+00  0.43054E+00
  0.81998E-01  0.17910E+03    0.82000E-01 -0.39061E-01 -0.42939E-01  0.00000E+00  0.00000E+00  0.00000E+00    0.17910E+03  0.00000E+00  0.00000E+00 -0.23983E+00  0.40806E+00  0.43131E+00
  0.82998E-01  0.17957E+03    0.83000E-01 -0.39536E-01 -0.43464E-01  0.00000E+00  0.00000E+00  0.00000E+00    0.17957E+03  0.00000E+00  0.00000E+00 -0.23764E+00  0.41164E+00  0.43209E+00
  0.83998E-01  0.18004E+03    0.84000E-01 -0.40011E-01 -0.43989E-01  0.00000E+00  0.00000E+00  0.00000E+00    0.18004E+03  0.00000E+00  0.00000E+00 -0.23543E+00  0.41524E+00  0.43288E+00
  0.84998E-01  0.18050E+03    0.85000E-01 -0.40487E-01 -0.44513E-01  0.00000E+00  0.00000E+00  0.00000E+00    0.18050E+03  0.00000E+00  0.00000E+00 -0.23319E+00  0.41886E+00  0.43368E+00
  0.85998E-01  0.18097E+03    0.86000E-01 -0.40962E-01 -0.45038E-01  0.00000E+00  0.00000E+00  0.00000E+00    0.18096E+03  0.00000E+00  0.00000E+00 -0.23093E+00  0.42250E+00  0.43450E+00
  0.86998E-01  0.18143E+03    0.87000E-01 -0.41437E-01 -0.45563E-01  0.00000E+00  0.00000E+00  0.00000E+00    0.18142E+03  0.00000E+00  0.00000E+00 -0.22864E+00  0.42617E+00  0.43533E+00
  0.87998E-01  0.18188E+03    0.88000E-01 -0.41912E-01 -0.46088E-01  0.00000E+00  0.00000E+00  0.00000E+00    0.18188E+03  0.00000E+00  0.00000E+00 -0.22633E+00  0.42986E+00  0.43617E+00
  0.88998E-01  0.18234E+03    0.89000E-01 -0.42387E-01 -0.46613E-01  0.00000E+00  0.00000E+00  0.00000E+00    0.18234E+03  0.00000E+00  0.00000E+00 -0.22400E+00  0.43357E+00  0.43702E+00
  0.89998E-01  0.18279E+03    0.90000E-01 -0.42862E-01 -0.47138E-01  0.00000E+00  0.00000E+00  0.00000E+00    0.18279E+03  0.00000E+00  0.00000E+00 -0.22164E+00  0.43730E+00  0.43789E+00
  0.90998E-01  0.18324E+03    0.91000E-01 -0.43337E-01 -0.47663E-01  0.00000E+00  0.00000E+00  0.00000E+00    0.18324E+03  0.00000E+00  0.00000E+00 -0.21927E+00  0.44106E+00  0.43878E+00
  0.91998E-01  0.18369E+03    0.92000E-01 -0.43812E-01 -0.48188E-01  0.00000E+00  0.00000E+00  0.00000E+00    0.18369E+03  0.00000E+00  0.00000E+00 -0.21687E+00  0.44484E+00  0.43967E+00
  0.92998E-01  0.18414E+03    0.93000E-01 -0.44287E-01 -0.48713E-01  0.00000E+00  0.00000E+00  0.00000E+00    0.18413E+03  0.00000E+00  0.00000E+00 -0.21445E+00  0.44864E+00  0.44059E+00
  0.93998E-01  0.18458E+03    0.94000E-01 -0.44762E-01 -0.49238E-01  0.00000E+00  0.00000E+00  0.00000E+00    0.18458E+03  0.00000E+00  0.00000E+00 -0.21201E+00  0.45247E+00  0.44152E+00
  0.94998E-01  0.18502E+03    0.95000E-01 -0.45237E-01 -0.49763E-01  0.00000E+00  0.00000E+00  0.00000E+00    0.18502E+03  0.00000E+00  0.00000E+00 -0.20954E+00  0.45632E+00  0.44246E+00
  0.95998E-01  0.18546E+03    0.96000E-01 -0.45711E-01 -0.50289E-01  0.00000E+00  0.00000E+00  0.00000E+00    0.18546E+03  0.00000E+00  0.00000E+00 -0.20706E+00  0.46020E+00  0.44343E+00
  0.96998E-01  0.18590E+03    0.97000E-01 -0.46186E-01 -0.50814E-01  0.00000E+00  0.00000E+00  0.00000E+00    0.18590E+03  0.00000E+00  0.00000E+00 -0.20456E+00  0.46410E+00  0.44441E+00
  0.97998E-01  0.18634E+03    0.98000E-01 -0.46661E-01 -0.51339E-01  0.00000E+00  0.00000E+00  0.00000E+00    0.18633E+03  0.00000E+00  0.00000E+00 -0.20204E+00  0.46803E+00  0.44541E+00
  0.98998E-01  0.18677E+03    0.99000E-01 -0.47136E-01 -0.51864E-01  0.00000E+00  0.00000E+00  0.00000E+00    0.18676E+03  0.00000E+00  0.00000E+00 -0.19950E+00  0.47198E+00  0.44643E+00
  0.99998E-01  0.18720E+03    0.10000E+00 -0.47611E-01 -0.52389E-01  0.00000E+00  0.00000E+00  0.00000E+00    0.18720E+03  0.00000E+00  0.00000E+00 -0.19694E+00  0.47596E+00  0.44746E+00
