          Evm          Svm            E11          E22          E33          E23          E13          E12         SCAU11       SCAU22       SCAU33       SCAU23       SCAU13       SCAU12      TEMP
  0.00000E+00  0.12440E+03    0.00000E+00  0.00000E+00  0.00000E+00  0.00000E+00  0.00000E+00  0.00000E+00    0.12439E+03  0.00000E+00  0.00000E+00 -0.28851E+00  0.17887E+00  0.34373E+00
  0.99998E-03  0.12503E+03    0.10000E-02 -0.47967E-03 -0.52033E-03  0.00000E+00  0.00000E+00  0.00000E+00    0.12503E+03  0.00000E+00  0.00000E+00 -0.29357E+00  0.18486E+00  0.34708E+00
  0.20000E-02  0.12577E+03    0.20000E-02 -0.95794E-03 -0.10421E-02  0.00000E+00  0.00000E+00  0.00000E+00    0.12577E+03  0.00000E+00  0.00000E+00 -0.29455E+00  0.18445E+00  0.35074E+00
  0.29999E-02  0.12650E+03    0.30000E-02 -0.14358E-02 -0.15642E-02  0.00000E+00  0.00000E+00  0.00000E+00    0.12650E+03  0.00000E+00  0.00000E+00 -0.29329E+00  0.18701E+00  0.35234E+00
  0.39999E-02  0.12725E+03    0.40000E-02 -0.19134E-02 -0.20866E-02  0.00000E+00  0.00000E+00  0.00000E+00    0.12724E+03  0.00000E+00  0.00000E+00 -0.29438E+00  0.18871E+00  0.35398E+00
  0.49999E-02  0.12798E+03    0.50000E-02 -0.23909E-02 -0.26091E-02  0.00000E+00  0.00000E+00  0.00000E+00    0.12798E+03  0.00000E+00  0.00000E+00 -0.29539E+00  0.19032E+00  0.35533E+00
  0.59999E-02  0.12871E+03    0.60000E-02 -0.28683E-02 -0.31317E-02  0.00000E+00  0.00000E+00  0.00000E+00    0.12870E+03  0.00000E+00  0.00000E+00 -0.29632E+00  0.19196E+00  0.35659E+00
  0.69998E-02  0.12943E+03    0.70000E-02 -0.33455E-02 -0.36545E-02  0.00000E+00  0.00000E+00  0.00000E+00    0.12943E+03  0.00000E+00  0.00000E+00 -0.29720E+00  0.19363E+00  0.35779E+00
  0.79998E-02  0.13015E+03    0.80000E-02 -0.38227E-02 -0.41773E-02  0.00000E+00  0.00000E+00  0.00000E+00    0.13014E+03  0.00000E+00  0.00000E+00 -0.29802E+00  0.19534E+00  0.35894E+00
  0.89998E-02  0.13086E+03    0.90000E-02 -0.42999E-02 -0.47001E-02  0.00000E+00  0.00000E+00  0.00000E+00    0.13086E+03  0.00000E+00  0.00000E+00 -0.29878E+00  0.19708E+00  0.36005E+00
  0.99998E-02  0.13157E+03    0.10000E-01 -0.47770E-02 -0.52230E-02  0.00000E+00  0.00000E+00  0.00000E+00    0.13157E+03  0.00000E+00  0.00000E+00 -0.29949E+00  0.19885E+00  0.36113E+00
  0.11000E-01  0.13228E+03    0.11000E-01 -0.52541E-02 -0.57459E-02  0.00000E+00  0.00000E+00  0.00000E+00    0.13227E+03  0.00000E+00  0.00000E+00 -0.30015E+00  0.20065E+00  0.36218E+00
  0.12000E-01  0.13298E+03    0.12000E-01 -0.57311E-02 -0.62689E-02  0.00000E+00  0.00000E+00  0.00000E+00    0.13297E+03  0.00000E+00  0.00000E+00 -0.30075E+00  0.20249E+00  0.36321E+00
  0.13000E-01  0.13367E+03    0.13000E-01 -0.62081E-02 -0.67919E-02  0.00000E+00  0.00000E+00  0.00000E+00    0.13367E+03  0.00000E+00  0.00000E+00 -0.30130E+00  0.20435E+00  0.36422E+00
  0.14000E-01  0.13437E+03    0.14000E-01 -0.66851E-02 -0.73149E-02  0.00000E+00  0.00000E+00  0.00000E+00    0.13436E+03  0.00000E+00  0.00000E+00 -0.30179E+00  0.20625E+00  0.36521E+00
  0.15000E-01  0.13505E+03    0.15000E-01 -0.71621E-02 -0.78379E-02  0.00000E+00  0.00000E+00  0.00000E+00    0.13505E+03  0.00000E+00  0.00000E+00 -0.30222E+00  0.20817E+00  0.36619E+00
  0.16000E-01  0.13574E+03    0.16000E-01 -0.76390E-02 -0.83610E-02  0.00000E+00  0.00000E+00  0.00000E+00    0.13573E+03  0.00000E+00  0.00000E+00 -0.30261E+00  0.21013E+00  0.36714E+00
  0.17000E-01  0.13642E+03    0.17000E-01 -0.81159E-02 -0.88841E-02  0.00000E+00  0.00000E+00  0.00000E+00    0.13641E+03  0.00000E+00  0.00000E+00 -0.30294E+00  0.21211E+00  0.36809E+00
  0.18000E-01  0.13709E+03    0.18000E-01 -0.85928E-02 -0.94072E-02  0.00000E+00  0.00000E+00  0.00000E+00    0.13709E+03  0.00000E+00  0.00000E+00 -0.30322E+00  0.21413E+00  0.36902E+00
  0.19000E-01  0.13777E+03    0.19000E-01 -0.90696E-02 -0.99304E-02  0.00000E+00  0.00000E+00  0.00000E+00    0.13776E+03  0.00000E+00  0.00000E+00 -0.30345E+00  0.21617E+00  0.36994E+00
  0.20000E-01  0.13843E+03    0.20000E-01 -0.95465E-02 -0.10454E-01  0.00000E+00  0.00000E+00  0.00000E+00    0.13843E+03  0.00000E+00  0.00000E+00 -0.30363E+00  0.21824E+00  0.37084E+00
  0.21000E-01  0.13910E+03    0.21000E-01 -0.10023E-01 -0.10977E-01  0.00000E+00  0.00000E+00  0.00000E+00    0.13909E+03  0.00000E+00  0.00000E+00 -0.30376E+00  0.22034E+00  0.37173E+00
  0.22000E-01  0.13976E+03    0.22000E-01 -0.10500E-01 -0.11500E-01  0.00000E+00  0.00000E+00  0.00000E+00    0.13975E+03  0.00000E+00  0.00000E+00 -0.30383E+00  0.22247E+00  0.37262E+00
  0.22999E-01  0.14041E+03    0.23000E-01 -0.10977E-01 -0.12023E-01  0.00000E+00  0.00000E+00  0.00000E+00    0.14041E+03  0.00000E+00  0.00000E+00 -0.30385E+00  0.22462E+00  0.37348E+00
  0.23999E-01  0.14106E+03    0.24000E-01 -0.11454E-01 -0.12546E-01  0.00000E+00  0.00000E+00  0.00000E+00    0.14106E+03  0.00000E+00  0.00000E+00 -0.30383E+00  0.22681E+00  0.37434E+00
  0.24999E-01  0.14171E+03    0.25000E-01 -0.11930E-01 -0.13070E-01  0.00000E+00  0.00000E+00  0.00000E+00    0.14171E+03  0.00000E+00  0.00000E+00 -0.30376E+00  0.22902E+00  0.37519E+00
  0.25999E-01  0.14236E+03    0.26000E-01 -0.12407E-01 -0.13593E-01  0.00000E+00  0.00000E+00  0.00000E+00    0.14235E+03  0.00000E+00  0.00000E+00 -0.30365E+00  0.23125E+00  0.37602E+00
  0.26999E-01  0.14300E+03    0.27000E-01 -0.12884E-01 -0.14116E-01  0.00000E+00  0.00000E+00  0.00000E+00    0.14299E+03  0.00000E+00  0.00000E+00 -0.30348E+00  0.23352E+00  0.37685E+00
  0.27999E-01  0.14363E+03    0.28000E-01 -0.13360E-01 -0.14640E-01  0.00000E+00  0.00000E+00  0.00000E+00    0.14363E+03  0.00000E+00  0.00000E+00 -0.30327E+00  0.23582E+00  0.37766E+00
  0.28999E-01  0.14421E+03    0.29000E-01 -0.13837E-01 -0.15163E-01  0.00000E+00  0.00000E+00  0.00000E+00    0.14421E+03  0.00000E+00  0.00000E+00 -0.30678E+00  0.23640E+00  0.37842E+00
  0.29999E-01  0.14489E+03    0.30000E-01 -0.14314E-01 -0.15686E-01  0.00000E+00  0.00000E+00  0.00000E+00    0.14489E+03  0.00000E+00  0.00000E+00 -0.30293E+00  0.24032E+00  0.37922E+00
  0.30999E-01  0.14547E+03    0.31000E-01 -0.14790E-01 -0.16210E-01  0.00000E+00  0.00000E+00  0.00000E+00    0.14546E+03  0.00000E+00  0.00000E+00 -0.30616E+00  0.24106E+00  0.38002E+00
  0.31999E-01  0.14614E+03    0.32000E-01 -0.15267E-01 -0.16733E-01  0.00000E+00  0.00000E+00  0.00000E+00    0.14613E+03  0.00000E+00  0.00000E+00 -0.30220E+00  0.24509E+00  0.38079E+00
  0.32999E-01  0.14671E+03    0.33000E-01 -0.15743E-01 -0.17257E-01  0.00000E+00  0.00000E+00  0.00000E+00    0.14671E+03  0.00000E+00  0.00000E+00 -0.30534E+00  0.24584E+00  0.38159E+00
  0.33999E-01  0.14736E+03    0.34000E-01 -0.16220E-01 -0.17780E-01  0.00000E+00  0.00000E+00  0.00000E+00    0.14736E+03  0.00000E+00  0.00000E+00 -0.30132E+00  0.24983E+00  0.38234E+00
  0.34999E-01  0.14793E+03    0.35000E-01 -0.16696E-01 -0.18304E-01  0.00000E+00  0.00000E+00  0.00000E+00    0.14793E+03  0.00000E+00  0.00000E+00 -0.30437E+00  0.25071E+00  0.38312E+00
  0.35999E-01  0.14858E+03    0.36000E-01 -0.17173E-01 -0.18827E-01  0.00000E+00  0.00000E+00  0.00000E+00    0.14857E+03  0.00000E+00  0.00000E+00 -0.30023E+00  0.25481E+00  0.38384E+00
  0.36999E-01  0.14915E+03    0.37000E-01 -0.17649E-01 -0.19351E-01  0.00000E+00  0.00000E+00  0.00000E+00    0.14914E+03  0.00000E+00  0.00000E+00 -0.30320E+00  0.25568E+00  0.38464E+00
  0.37999E-01  0.14978E+03    0.38000E-01 -0.18126E-01 -0.19874E-01  0.00000E+00  0.00000E+00  0.00000E+00    0.14978E+03  0.00000E+00  0.00000E+00 -0.29898E+00  0.25987E+00  0.38532E+00
  0.38999E-01  0.15035E+03    0.39000E-01 -0.18602E-01 -0.20398E-01  0.00000E+00  0.00000E+00  0.00000E+00    0.15034E+03  0.00000E+00  0.00000E+00 -0.30187E+00  0.26076E+00  0.38613E+00
  0.39999E-01  0.15097E+03    0.40000E-01 -0.19078E-01 -0.20922E-01  0.00000E+00  0.00000E+00  0.00000E+00    0.15097E+03  0.00000E+00  0.00000E+00 -0.29757E+00  0.26504E+00  0.38678E+00
  0.40999E-01  0.15153E+03    0.41000E-01 -0.19555E-01 -0.21445E-01  0.00000E+00  0.00000E+00  0.00000E+00    0.15153E+03  0.00000E+00  0.00000E+00 -0.30038E+00  0.26593E+00  0.38760E+00
  0.41999E-01  0.15215E+03    0.42000E-01 -0.20031E-01 -0.21969E-01  0.00000E+00  0.00000E+00  0.00000E+00    0.15214E+03  0.00000E+00  0.00000E+00 -0.29599E+00  0.27030E+00  0.38822E+00
  0.42999E-01  0.15270E+03    0.43000E-01 -0.20507E-01 -0.22493E-01  0.00000E+00  0.00000E+00  0.00000E+00    0.15270E+03  0.00000E+00  0.00000E+00 -0.29872E+00  0.27120E+00  0.38905E+00
  0.43999E-01  0.15327E+03    0.44000E-01 -0.20983E-01 -0.23017E-01  0.00000E+00  0.00000E+00  0.00000E+00    0.15326E+03  0.00000E+00  0.00000E+00 -0.29833E+00  0.27360E+00  0.38973E+00
  0.44999E-01  0.15386E+03    0.45000E-01 -0.21460E-01 -0.23540E-01  0.00000E+00  0.00000E+00  0.00000E+00    0.15386E+03  0.00000E+00  0.00000E+00 -0.29702E+00  0.27644E+00  0.39048E+00
  0.45999E-01  0.15442E+03    0.46000E-01 -0.21936E-01 -0.24064E-01  0.00000E+00  0.00000E+00  0.00000E+00    0.15441E+03  0.00000E+00  0.00000E+00 -0.29646E+00  0.27899E+00  0.39114E+00
  0.46999E-01  0.15500E+03    0.47000E-01 -0.22412E-01 -0.24588E-01  0.00000E+00  0.00000E+00  0.00000E+00    0.15500E+03  0.00000E+00  0.00000E+00 -0.29506E+00  0.28188E+00  0.39189E+00
  0.47999E-01  0.15555E+03    0.48000E-01 -0.22888E-01 -0.25112E-01  0.00000E+00  0.00000E+00  0.00000E+00    0.15555E+03  0.00000E+00  0.00000E+00 -0.29443E+00  0.28448E+00  0.39256E+00
  0.48999E-01  0.15613E+03    0.49000E-01 -0.23364E-01 -0.25636E-01  0.00000E+00  0.00000E+00  0.00000E+00    0.15613E+03  0.00000E+00  0.00000E+00 -0.29295E+00  0.28742E+00  0.39328E+00
  0.49999E-01  0.15668E+03    0.50000E-01 -0.23840E-01 -0.26160E-01  0.00000E+00  0.00000E+00  0.00000E+00    0.15668E+03  0.00000E+00  0.00000E+00 -0.29225E+00  0.29004E+00  0.39395E+00
  0.50999E-01  0.15725E+03    0.51000E-01 -0.24317E-01 -0.26683E-01  0.00000E+00  0.00000E+00  0.00000E+00    0.15725E+03  0.00000E+00  0.00000E+00 -0.29070E+00  0.29303E+00  0.39467E+00
  0.51999E-01  0.15779E+03    0.52000E-01 -0.24793E-01 -0.27207E-01  0.00000E+00  0.00000E+00  0.00000E+00    0.15779E+03  0.00000E+00  0.00000E+00 -0.28992E+00  0.29569E+00  0.39534E+00
  0.52999E-01  0.15834E+03    0.53000E-01 -0.25269E-01 -0.27731E-01  0.00000E+00  0.00000E+00  0.00000E+00    0.15834E+03  0.00000E+00  0.00000E+00 -0.28878E+00  0.29853E+00  0.39602E+00
  0.53999E-01  0.15889E+03    0.54000E-01 -0.25745E-01 -0.28255E-01  0.00000E+00  0.00000E+00  0.00000E+00    0.15889E+03  0.00000E+00  0.00000E+00 -0.28755E+00  0.30140E+00  0.39671E+00
  0.54999E-01  0.15943E+03    0.55000E-01 -0.26221E-01 -0.28779E-01  0.00000E+00  0.00000E+00  0.00000E+00    0.15943E+03  0.00000E+00  0.00000E+00 -0.28627E+00  0.30430E+00  0.39739E+00
  0.55999E-01  0.15998E+03    0.56000E-01 -0.26696E-01 -0.29304E-01  0.00000E+00  0.00000E+00  0.00000E+00    0.15997E+03  0.00000E+00  0.00000E+00 -0.28495E+00  0.30722E+00  0.39808E+00
  0.56999E-01  0.16052E+03    0.57000E-01 -0.27172E-01 -0.29828E-01  0.00000E+00  0.00000E+00  0.00000E+00    0.16051E+03  0.00000E+00  0.00000E+00 -0.28360E+00  0.31016E+00  0.39877E+00
  0.57999E-01  0.16105E+03    0.58000E-01 -0.27648E-01 -0.30352E-01  0.00000E+00  0.00000E+00  0.00000E+00    0.16105E+03  0.00000E+00  0.00000E+00 -0.28222E+00  0.31312E+00  0.39945E+00
  0.58999E-01  0.16159E+03    0.59000E-01 -0.28124E-01 -0.30876E-01  0.00000E+00  0.00000E+00  0.00000E+00    0.16158E+03  0.00000E+00  0.00000E+00 -0.28080E+00  0.31610E+00  0.40013E+00
  0.59999E-01  0.16212E+03    0.60000E-01 -0.28600E-01 -0.31400E-01  0.00000E+00  0.00000E+00  0.00000E+00    0.16211E+03  0.00000E+00  0.00000E+00 -0.27936E+00  0.31911E+00  0.40081E+00
  0.60999E-01  0.16264E+03    0.61000E-01 -0.29076E-01 -0.31924E-01  0.00000E+00  0.00000E+00  0.00000E+00    0.16264E+03  0.00000E+00  0.00000E+00 -0.27788E+00  0.32213E+00  0.40150E+00
  0.61999E-01  0.16317E+03    0.62000E-01 -0.29552E-01 -0.32448E-01  0.00000E+00  0.00000E+00  0.00000E+00    0.16317E+03  0.00000E+00  0.00000E+00 -0.27636E+00  0.32516E+00  0.40219E+00
  0.62999E-01  0.16369E+03    0.63000E-01 -0.30027E-01 -0.32973E-01  0.00000E+00  0.00000E+00  0.00000E+00    0.16369E+03  0.00000E+00  0.00000E+00 -0.27481E+00  0.32822E+00  0.40287E+00
  0.63999E-01  0.16421E+03    0.64000E-01 -0.30503E-01 -0.33497E-01  0.00000E+00  0.00000E+00  0.00000E+00    0.16421E+03  0.00000E+00  0.00000E+00 -0.27324E+00  0.33130E+00  0.40356E+00
  0.64999E-01  0.16473E+03    0.65000E-01 -0.30979E-01 -0.34021E-01  0.00000E+00  0.00000E+00  0.00000E+00    0.16472E+03  0.00000E+00  0.00000E+00 -0.27163E+00  0.33440E+00  0.40425E+00
  0.65999E-01  0.16524E+03    0.66000E-01 -0.31454E-01 -0.34546E-01  0.00000E+00  0.00000E+00  0.00000E+00    0.16524E+03  0.00000E+00  0.00000E+00 -0.27000E+00  0.33751E+00  0.40494E+00
  0.66999E-01  0.16575E+03    0.67000E-01 -0.31930E-01 -0.35070E-01  0.00000E+00  0.00000E+00  0.00000E+00    0.16575E+03  0.00000E+00  0.00000E+00 -0.26833E+00  0.34065E+00  0.40564E+00
  0.67999E-01  0.16626E+03    0.68000E-01 -0.32406E-01 -0.35594E-01  0.00000E+00  0.00000E+00  0.00000E+00    0.16626E+03  0.00000E+00  0.00000E+00 -0.26664E+00  0.34381E+00  0.40633E+00
  0.68999E-01  0.16676E+03    0.69000E-01 -0.32881E-01 -0.36119E-01  0.00000E+00  0.00000E+00  0.00000E+00    0.16676E+03  0.00000E+00  0.00000E+00 -0.26491E+00  0.34698E+00  0.40703E+00
  0.69999E-01  0.16727E+03    0.70000E-01 -0.33357E-01 -0.36643E-01  0.00000E+00  0.00000E+00  0.00000E+00    0.16726E+03  0.00000E+00  0.00000E+00 -0.26316E+00  0.35017E+00  0.40774E+00
  0.70999E-01  0.16777E+03    0.71000E-01 -0.33832E-01 -0.37168E-01  0.00000E+00  0.00000E+00  0.00000E+00    0.16776E+03  0.00000E+00  0.00000E+00 -0.26138E+00  0.35339E+00  0.40845E+00
  0.71999E-01  0.16827E+03    0.72000E-01 -0.34308E-01 -0.37692E-01  0.00000E+00  0.00000E+00  0.00000E+00    0.16827E+03  0.00000E+00  0.00000E+00 -0.25095E+00  0.36036E+00  0.40923E+00
  0.72998E-01  0.16880E+03    0.73000E-01 -0.34783E-01 -0.38217E-01  0.00000E+00  0.00000E+00  0.00000E+00    0.16880E+03  0.00000E+00  0.00000E+00 -0.24950E+00  0.36391E+00  0.40995E+00
  0.73998E-01  0.16929E+03    0.74000E-01 -0.35259E-01 -0.38741E-01  0.00000E+00  0.00000E+00  0.00000E+00    0.16929E+03  0.00000E+00  0.00000E+00 -0.24774E+00  0.36722E+00  0.41066E+00
  0.74998E-01  0.16978E+03    0.75000E-01 -0.35734E-01 -0.39266E-01  0.00000E+00  0.00000E+00  0.00000E+00    0.16978E+03  0.00000E+00  0.00000E+00 -0.24583E+00  0.37056E+00  0.41139E+00
  0.75998E-01  0.17027E+03    0.76000E-01 -0.36209E-01 -0.39791E-01  0.00000E+00  0.00000E+00  0.00000E+00    0.17026E+03  0.00000E+00  0.00000E+00 -0.24391E+00  0.37392E+00  0.41212E+00
  0.76998E-01  0.17075E+03    0.77000E-01 -0.36685E-01 -0.40315E-01  0.00000E+00  0.00000E+00  0.00000E+00    0.17075E+03  0.00000E+00  0.00000E+00 -0.24196E+00  0.37729E+00  0.41287E+00
  0.77998E-01  0.17123E+03    0.78000E-01 -0.37160E-01 -0.40840E-01  0.00000E+00  0.00000E+00  0.00000E+00    0.17123E+03  0.00000E+00  0.00000E+00 -0.23998E+00  0.38068E+00  0.41361E+00
  0.78998E-01  0.17171E+03    0.79000E-01 -0.37635E-01 -0.41365E-01  0.00000E+00  0.00000E+00  0.00000E+00    0.17171E+03  0.00000E+00  0.00000E+00 -0.23798E+00  0.38409E+00  0.41437E+00
  0.79998E-01  0.17219E+03    0.80000E-01 -0.38111E-01 -0.41889E-01  0.00000E+00  0.00000E+00  0.00000E+00    0.17218E+03  0.00000E+00  0.00000E+00 -0.23595E+00  0.38753E+00  0.41514E+00
  0.80998E-01  0.17266E+03    0.81000E-01 -0.38586E-01 -0.42414E-01  0.00000E+00  0.00000E+00  0.00000E+00    0.17266E+03  0.00000E+00  0.00000E+00 -0.23390E+00  0.39098E+00  0.41591E+00
  0.81998E-01  0.17313E+03    0.82000E-01 -0.39061E-01 -0.42939E-01  0.00000E+00  0.00000E+00  0.00000E+00    0.17313E+03  0.00000E+00  0.00000E+00 -0.23182E+00  0.39445E+00  0.41669E+00
  0.82998E-01  0.17360E+03    0.83000E-01 -0.39536E-01 -0.43464E-01  0.00000E+00  0.00000E+00  0.00000E+00    0.17360E+03  0.00000E+00  0.00000E+00 -0.22972E+00  0.39795E+00  0.41748E+00
  0.83998E-01  0.17407E+03    0.84000E-01 -0.40012E-01 -0.43988E-01  0.00000E+00  0.00000E+00  0.00000E+00    0.17406E+03  0.00000E+00  0.00000E+00 -0.22759E+00  0.40146E+00  0.41829E+00
  0.84998E-01  0.17453E+03    0.85000E-01 -0.40487E-01 -0.44513E-01  0.00000E+00  0.00000E+00  0.00000E+00    0.17453E+03  0.00000E+00  0.00000E+00 -0.22544E+00  0.40500E+00  0.41910E+00
  0.85998E-01  0.17499E+03    0.86000E-01 -0.40962E-01 -0.45038E-01  0.00000E+00  0.00000E+00  0.00000E+00    0.17499E+03  0.00000E+00  0.00000E+00 -0.22327E+00  0.40856E+00  0.41992E+00
  0.86998E-01  0.17545E+03    0.87000E-01 -0.41437E-01 -0.45563E-01  0.00000E+00  0.00000E+00  0.00000E+00    0.17545E+03  0.00000E+00  0.00000E+00 -0.22107E+00  0.41214E+00  0.42076E+00
  0.87998E-01  0.17591E+03    0.88000E-01 -0.41912E-01 -0.46088E-01  0.00000E+00  0.00000E+00  0.00000E+00    0.17591E+03  0.00000E+00  0.00000E+00 -0.21885E+00  0.41575E+00  0.42161E+00
  0.88998E-01  0.17636E+03    0.89000E-01 -0.42387E-01 -0.46613E-01  0.00000E+00  0.00000E+00  0.00000E+00    0.17636E+03  0.00000E+00  0.00000E+00 -0.21661E+00  0.41937E+00  0.42247E+00
  0.89998E-01  0.17682E+03    0.90000E-01 -0.42862E-01 -0.47138E-01  0.00000E+00  0.00000E+00  0.00000E+00    0.17681E+03  0.00000E+00  0.00000E+00 -0.21434E+00  0.42302E+00  0.42335E+00
  0.90998E-01  0.17727E+03    0.91000E-01 -0.43337E-01 -0.47663E-01  0.00000E+00  0.00000E+00  0.00000E+00    0.17726E+03  0.00000E+00  0.00000E+00 -0.21205E+00  0.42669E+00  0.42423E+00
  0.91998E-01  0.17772E+03    0.92000E-01 -0.43812E-01 -0.48188E-01  0.00000E+00  0.00000E+00  0.00000E+00    0.17771E+03  0.00000E+00  0.00000E+00 -0.20975E+00  0.43039E+00  0.42514E+00
  0.92998E-01  0.17816E+03    0.93000E-01 -0.44287E-01 -0.48713E-01  0.00000E+00  0.00000E+00  0.00000E+00    0.17816E+03  0.00000E+00  0.00000E+00 -0.20741E+00  0.43410E+00  0.42606E+00
  0.93998E-01  0.17860E+03    0.94000E-01 -0.44762E-01 -0.49238E-01  0.00000E+00  0.00000E+00  0.00000E+00    0.17860E+03  0.00000E+00  0.00000E+00 -0.20506E+00  0.43784E+00  0.42699E+00
  0.94998E-01  0.17905E+03    0.95000E-01 -0.45237E-01 -0.49763E-01  0.00000E+00  0.00000E+00  0.00000E+00    0.17904E+03  0.00000E+00  0.00000E+00 -0.20269E+00  0.44161E+00  0.42794E+00
  0.95998E-01  0.17948E+03    0.96000E-01 -0.45711E-01 -0.50289E-01  0.00000E+00  0.00000E+00  0.00000E+00    0.17948E+03  0.00000E+00  0.00000E+00 -0.20030E+00  0.44540E+00  0.42890E+00
  0.96998E-01  0.17992E+03    0.97000E-01 -0.46186E-01 -0.50814E-01  0.00000E+00  0.00000E+00  0.00000E+00    0.17992E+03  0.00000E+00  0.00000E+00 -0.19789E+00  0.44921E+00  0.42989E+00
  0.97998E-01  0.18036E+03    0.98000E-01 -0.46661E-01 -0.51339E-01  0.00000E+00  0.00000E+00  0.00000E+00    0.18035E+03  0.00000E+00  0.00000E+00 -0.19546E+00  0.45305E+00  0.43089E+00
  0.98998E-01  0.18079E+03    0.99000E-01 -0.47136E-01 -0.51864E-01  0.00000E+00  0.00000E+00  0.00000E+00    0.18079E+03  0.00000E+00  0.00000E+00 -0.19300E+00  0.45691E+00  0.43191E+00
  0.99998E-01  0.18122E+03    0.10000E+00 -0.47611E-01 -0.52389E-01  0.00000E+00  0.00000E+00  0.00000E+00    0.18122E+03  0.00000E+00  0.00000E+00 -0.19053E+00  0.46080E+00  0.43295E+00
