          Evm          Svm            E11          E22          E33          E23          E13          E12         SCAU11       SCAU22       SCAU33       SCAU23       SCAU13       SCAU12      TEMP
  0.00000E+00  0.12034E+03    0.00000E+00  0.00000E+00  0.00000E+00  0.00000E+00  0.00000E+00  0.00000E+00    0.12034E+03  0.00000E+00  0.00000E+00 -0.27910E+00  0.17304E+00  0.33251E+00
  0.99998E-03  0.12104E+03    0.10000E-02 -0.47967E-03 -0.52033E-03  0.00000E+00  0.00000E+00  0.00000E+00    0.12104E+03  0.00000E+00  0.00000E+00 -0.28476E+00  0.17712E+00  0.33674E+00
  0.20000E-02  0.12171E+03    0.20000E-02 -0.95784E-03 -0.10422E-02  0.00000E+00  0.00000E+00  0.00000E+00    0.12171E+03  0.00000E+00  0.00000E+00 -0.28507E+00  0.17841E+00  0.33948E+00
  0.29999E-02  0.12244E+03    0.30000E-02 -0.14356E-02 -0.15644E-02  0.00000E+00  0.00000E+00  0.00000E+00    0.12244E+03  0.00000E+00  0.00000E+00 -0.28393E+00  0.18101E+00  0.34117E+00
  0.39999E-02  0.12319E+03    0.40000E-02 -0.19132E-02 -0.20868E-02  0.00000E+00  0.00000E+00  0.00000E+00    0.12318E+03  0.00000E+00  0.00000E+00 -0.28505E+00  0.18269E+00  0.34278E+00
  0.49999E-02  0.12392E+03    0.50000E-02 -0.23906E-02 -0.26094E-02  0.00000E+00  0.00000E+00  0.00000E+00    0.12392E+03  0.00000E+00  0.00000E+00 -0.28608E+00  0.18428E+00  0.34411E+00
  0.59999E-02  0.12465E+03    0.60000E-02 -0.28679E-02 -0.31321E-02  0.00000E+00  0.00000E+00  0.00000E+00    0.12464E+03  0.00000E+00  0.00000E+00 -0.28705E+00  0.18590E+00  0.34537E+00
  0.69998E-02  0.12537E+03    0.70000E-02 -0.33452E-02 -0.36548E-02  0.00000E+00  0.00000E+00  0.00000E+00    0.12537E+03  0.00000E+00  0.00000E+00 -0.28796E+00  0.18755E+00  0.34657E+00
  0.79998E-02  0.12609E+03    0.80000E-02 -0.38224E-02 -0.41776E-02  0.00000E+00  0.00000E+00  0.00000E+00    0.12608E+03  0.00000E+00  0.00000E+00 -0.28882E+00  0.18923E+00  0.34773E+00
  0.89998E-02  0.12680E+03    0.90000E-02 -0.42995E-02 -0.47005E-02  0.00000E+00  0.00000E+00  0.00000E+00    0.12680E+03  0.00000E+00  0.00000E+00 -0.28962E+00  0.19094E+00  0.34886E+00
  0.99998E-02  0.12751E+03    0.10000E-01 -0.47766E-02 -0.52234E-02  0.00000E+00  0.00000E+00  0.00000E+00    0.12751E+03  0.00000E+00  0.00000E+00 -0.29036E+00  0.19269E+00  0.34996E+00
  0.11000E-01  0.12822E+03    0.11000E-01 -0.52537E-02 -0.57463E-02  0.00000E+00  0.00000E+00  0.00000E+00    0.12821E+03  0.00000E+00  0.00000E+00 -0.29105E+00  0.19447E+00  0.35103E+00
  0.12000E-01  0.12892E+03    0.12000E-01 -0.57307E-02 -0.62693E-02  0.00000E+00  0.00000E+00  0.00000E+00    0.12891E+03  0.00000E+00  0.00000E+00 -0.29169E+00  0.19627E+00  0.35208E+00
  0.13000E-01  0.12961E+03    0.13000E-01 -0.62077E-02 -0.67923E-02  0.00000E+00  0.00000E+00  0.00000E+00    0.12961E+03  0.00000E+00  0.00000E+00 -0.29227E+00  0.19811E+00  0.35311E+00
  0.14000E-01  0.13031E+03    0.14000E-01 -0.66847E-02 -0.73153E-02  0.00000E+00  0.00000E+00  0.00000E+00    0.13030E+03  0.00000E+00  0.00000E+00 -0.29281E+00  0.19998E+00  0.35412E+00
  0.15000E-01  0.13099E+03    0.15000E-01 -0.71617E-02 -0.78383E-02  0.00000E+00  0.00000E+00  0.00000E+00    0.13099E+03  0.00000E+00  0.00000E+00 -0.29328E+00  0.20187E+00  0.35512E+00
  0.16000E-01  0.13168E+03    0.16000E-01 -0.76386E-02 -0.83614E-02  0.00000E+00  0.00000E+00  0.00000E+00    0.13167E+03  0.00000E+00  0.00000E+00 -0.29371E+00  0.20380E+00  0.35610E+00
  0.17000E-01  0.13236E+03    0.17000E-01 -0.81155E-02 -0.88845E-02  0.00000E+00  0.00000E+00  0.00000E+00    0.13235E+03  0.00000E+00  0.00000E+00 -0.29408E+00  0.20575E+00  0.35706E+00
  0.18000E-01  0.13303E+03    0.18000E-01 -0.85924E-02 -0.94076E-02  0.00000E+00  0.00000E+00  0.00000E+00    0.13303E+03  0.00000E+00  0.00000E+00 -0.29440E+00  0.20773E+00  0.35801E+00
  0.19000E-01  0.13370E+03    0.19000E-01 -0.90693E-02 -0.99307E-02  0.00000E+00  0.00000E+00  0.00000E+00    0.13370E+03  0.00000E+00  0.00000E+00 -0.29467E+00  0.20974E+00  0.35895E+00
  0.20000E-01  0.13437E+03    0.20000E-01 -0.95461E-02 -0.10454E-01  0.00000E+00  0.00000E+00  0.00000E+00    0.13437E+03  0.00000E+00  0.00000E+00 -0.29489E+00  0.21178E+00  0.35987E+00
  0.21000E-01  0.13504E+03    0.21000E-01 -0.10023E-01 -0.10977E-01  0.00000E+00  0.00000E+00  0.00000E+00    0.13503E+03  0.00000E+00  0.00000E+00 -0.29505E+00  0.21384E+00  0.36079E+00
  0.22000E-01  0.13570E+03    0.22000E-01 -0.10500E-01 -0.11500E-01  0.00000E+00  0.00000E+00  0.00000E+00    0.13569E+03  0.00000E+00  0.00000E+00 -0.29517E+00  0.21594E+00  0.36169E+00
  0.22999E-01  0.13635E+03    0.23000E-01 -0.10976E-01 -0.12024E-01  0.00000E+00  0.00000E+00  0.00000E+00    0.13635E+03  0.00000E+00  0.00000E+00 -0.29524E+00  0.21806E+00  0.36258E+00
  0.23999E-01  0.13700E+03    0.24000E-01 -0.11453E-01 -0.12547E-01  0.00000E+00  0.00000E+00  0.00000E+00    0.13700E+03  0.00000E+00  0.00000E+00 -0.29526E+00  0.22021E+00  0.36346E+00
  0.24999E-01  0.13765E+03    0.25000E-01 -0.11930E-01 -0.13070E-01  0.00000E+00  0.00000E+00  0.00000E+00    0.13765E+03  0.00000E+00  0.00000E+00 -0.29523E+00  0.22239E+00  0.36433E+00
  0.25999E-01  0.13829E+03    0.26000E-01 -0.12407E-01 -0.13593E-01  0.00000E+00  0.00000E+00  0.00000E+00    0.13829E+03  0.00000E+00  0.00000E+00 -0.29516E+00  0.22459E+00  0.36519E+00
  0.26999E-01  0.13893E+03    0.27000E-01 -0.12883E-01 -0.14117E-01  0.00000E+00  0.00000E+00  0.00000E+00    0.13893E+03  0.00000E+00  0.00000E+00 -0.29504E+00  0.22682E+00  0.36604E+00
  0.27999E-01  0.13957E+03    0.28000E-01 -0.13360E-01 -0.14640E-01  0.00000E+00  0.00000E+00  0.00000E+00    0.13957E+03  0.00000E+00  0.00000E+00 -0.29488E+00  0.22908E+00  0.36687E+00
  0.28999E-01  0.14020E+03    0.29000E-01 -0.13837E-01 -0.15163E-01  0.00000E+00  0.00000E+00  0.00000E+00    0.14020E+03  0.00000E+00  0.00000E+00 -0.29466E+00  0.23136E+00  0.36770E+00
  0.29999E-01  0.14083E+03    0.30000E-01 -0.14313E-01 -0.15687E-01  0.00000E+00  0.00000E+00  0.00000E+00    0.14083E+03  0.00000E+00  0.00000E+00 -0.29441E+00  0.23367E+00  0.36852E+00
  0.30999E-01  0.14146E+03    0.31000E-01 -0.14790E-01 -0.16210E-01  0.00000E+00  0.00000E+00  0.00000E+00    0.14146E+03  0.00000E+00  0.00000E+00 -0.29410E+00  0.23600E+00  0.36933E+00
  0.31999E-01  0.14203E+03    0.32000E-01 -0.15266E-01 -0.16734E-01  0.00000E+00  0.00000E+00  0.00000E+00    0.14203E+03  0.00000E+00  0.00000E+00 -0.29754E+00  0.23658E+00  0.37009E+00
  0.32999E-01  0.14269E+03    0.33000E-01 -0.15743E-01 -0.17257E-01  0.00000E+00  0.00000E+00  0.00000E+00    0.14269E+03  0.00000E+00  0.00000E+00 -0.29360E+00  0.24059E+00  0.37088E+00
  0.33999E-01  0.14326E+03    0.34000E-01 -0.16219E-01 -0.17781E-01  0.00000E+00  0.00000E+00  0.00000E+00    0.14326E+03  0.00000E+00  0.00000E+00 -0.29674E+00  0.24133E+00  0.37169E+00
  0.34999E-01  0.14387E+03    0.35000E-01 -0.16696E-01 -0.18304E-01  0.00000E+00  0.00000E+00  0.00000E+00    0.14387E+03  0.00000E+00  0.00000E+00 -0.29637E+00  0.24365E+00  0.37247E+00
  0.35999E-01  0.14448E+03    0.36000E-01 -0.17172E-01 -0.18828E-01  0.00000E+00  0.00000E+00  0.00000E+00    0.14448E+03  0.00000E+00  0.00000E+00 -0.29587E+00  0.24607E+00  0.37324E+00
  0.36999E-01  0.14508E+03    0.37000E-01 -0.17649E-01 -0.19351E-01  0.00000E+00  0.00000E+00  0.00000E+00    0.14508E+03  0.00000E+00  0.00000E+00 -0.29532E+00  0.24853E+00  0.37401E+00
  0.37999E-01  0.14569E+03    0.38000E-01 -0.18125E-01 -0.19875E-01  0.00000E+00  0.00000E+00  0.00000E+00    0.14568E+03  0.00000E+00  0.00000E+00 -0.29472E+00  0.25101E+00  0.37478E+00
  0.38999E-01  0.14628E+03    0.39000E-01 -0.18602E-01 -0.20398E-01  0.00000E+00  0.00000E+00  0.00000E+00    0.14628E+03  0.00000E+00  0.00000E+00 -0.29409E+00  0.25352E+00  0.37554E+00
  0.39999E-01  0.14688E+03    0.40000E-01 -0.19078E-01 -0.20922E-01  0.00000E+00  0.00000E+00  0.00000E+00    0.14687E+03  0.00000E+00  0.00000E+00 -0.29341E+00  0.25605E+00  0.37630E+00
  0.40999E-01  0.14747E+03    0.41000E-01 -0.19554E-01 -0.21446E-01  0.00000E+00  0.00000E+00  0.00000E+00    0.14746E+03  0.00000E+00  0.00000E+00 -0.29270E+00  0.25860E+00  0.37705E+00
  0.41999E-01  0.14808E+03    0.42000E-01 -0.20031E-01 -0.21969E-01  0.00000E+00  0.00000E+00  0.00000E+00    0.14808E+03  0.00000E+00  0.00000E+00 -0.28827E+00  0.26300E+00  0.37770E+00
  0.42999E-01  0.14863E+03    0.43000E-01 -0.20507E-01 -0.22493E-01  0.00000E+00  0.00000E+00  0.00000E+00    0.14863E+03  0.00000E+00  0.00000E+00 -0.29106E+00  0.26387E+00  0.37853E+00
  0.43999E-01  0.14924E+03    0.44000E-01 -0.20983E-01 -0.23017E-01  0.00000E+00  0.00000E+00  0.00000E+00    0.14924E+03  0.00000E+00  0.00000E+00 -0.28665E+00  0.26826E+00  0.37916E+00
  0.44999E-01  0.14979E+03    0.45000E-01 -0.21459E-01 -0.23541E-01  0.00000E+00  0.00000E+00  0.00000E+00    0.14979E+03  0.00000E+00  0.00000E+00 -0.28935E+00  0.26914E+00  0.38000E+00
  0.45999E-01  0.15039E+03    0.46000E-01 -0.21936E-01 -0.24064E-01  0.00000E+00  0.00000E+00  0.00000E+00    0.15039E+03  0.00000E+00  0.00000E+00 -0.28487E+00  0.27362E+00  0.38060E+00
  0.46999E-01  0.15094E+03    0.47000E-01 -0.22412E-01 -0.24588E-01  0.00000E+00  0.00000E+00  0.00000E+00    0.15093E+03  0.00000E+00  0.00000E+00 -0.28749E+00  0.27449E+00  0.38146E+00
  0.47999E-01  0.15149E+03    0.48000E-01 -0.22888E-01 -0.25112E-01  0.00000E+00  0.00000E+00  0.00000E+00    0.15149E+03  0.00000E+00  0.00000E+00 -0.28701E+00  0.27693E+00  0.38214E+00
  0.48999E-01  0.15207E+03    0.49000E-01 -0.23364E-01 -0.25636E-01  0.00000E+00  0.00000E+00  0.00000E+00    0.15207E+03  0.00000E+00  0.00000E+00 -0.28559E+00  0.27983E+00  0.38289E+00
  0.49999E-01  0.15261E+03    0.50000E-01 -0.23840E-01 -0.26160E-01  0.00000E+00  0.00000E+00  0.00000E+00    0.15261E+03  0.00000E+00  0.00000E+00 -0.28495E+00  0.28241E+00  0.38357E+00
  0.50999E-01  0.15319E+03    0.51000E-01 -0.24316E-01 -0.26684E-01  0.00000E+00  0.00000E+00  0.00000E+00    0.15318E+03  0.00000E+00  0.00000E+00 -0.28345E+00  0.28535E+00  0.38431E+00
  0.51999E-01  0.15373E+03    0.52000E-01 -0.24792E-01 -0.27208E-01  0.00000E+00  0.00000E+00  0.00000E+00    0.15372E+03  0.00000E+00  0.00000E+00 -0.28273E+00  0.28797E+00  0.38498E+00
  0.52999E-01  0.15429E+03    0.53000E-01 -0.25268E-01 -0.27732E-01  0.00000E+00  0.00000E+00  0.00000E+00    0.15429E+03  0.00000E+00  0.00000E+00 -0.28116E+00  0.29096E+00  0.38572E+00
  0.53999E-01  0.15482E+03    0.54000E-01 -0.25744E-01 -0.28256E-01  0.00000E+00  0.00000E+00  0.00000E+00    0.15482E+03  0.00000E+00  0.00000E+00 -0.28037E+00  0.29361E+00  0.38640E+00
  0.54999E-01  0.15537E+03    0.55000E-01 -0.26220E-01 -0.28780E-01  0.00000E+00  0.00000E+00  0.00000E+00    0.15536E+03  0.00000E+00  0.00000E+00 -0.27922E+00  0.29644E+00  0.38710E+00
  0.55999E-01  0.15593E+03    0.56000E-01 -0.26696E-01 -0.29304E-01  0.00000E+00  0.00000E+00  0.00000E+00    0.15592E+03  0.00000E+00  0.00000E+00 -0.27748E+00  0.29952E+00  0.38782E+00
  0.56999E-01  0.15645E+03    0.57000E-01 -0.27172E-01 -0.29828E-01  0.00000E+00  0.00000E+00  0.00000E+00    0.15645E+03  0.00000E+00  0.00000E+00 -0.27659E+00  0.30223E+00  0.38851E+00
  0.57999E-01  0.15699E+03    0.58000E-01 -0.27648E-01 -0.30352E-01  0.00000E+00  0.00000E+00  0.00000E+00    0.15698E+03  0.00000E+00  0.00000E+00 -0.27534E+00  0.30511E+00  0.38921E+00
  0.58999E-01  0.15752E+03    0.59000E-01 -0.28124E-01 -0.30876E-01  0.00000E+00  0.00000E+00  0.00000E+00    0.15751E+03  0.00000E+00  0.00000E+00 -0.27399E+00  0.30804E+00  0.38990E+00
  0.59999E-01  0.15805E+03    0.60000E-01 -0.28600E-01 -0.31400E-01  0.00000E+00  0.00000E+00  0.00000E+00    0.15805E+03  0.00000E+00  0.00000E+00 -0.27260E+00  0.31099E+00  0.39060E+00
  0.60999E-01  0.15858E+03    0.61000E-01 -0.29075E-01 -0.31925E-01  0.00000E+00  0.00000E+00  0.00000E+00    0.15857E+03  0.00000E+00  0.00000E+00 -0.27117E+00  0.31396E+00  0.39129E+00
  0.61999E-01  0.15910E+03    0.62000E-01 -0.29551E-01 -0.32449E-01  0.00000E+00  0.00000E+00  0.00000E+00    0.15910E+03  0.00000E+00  0.00000E+00 -0.26972E+00  0.31696E+00  0.39199E+00
  0.62999E-01  0.15962E+03    0.63000E-01 -0.30027E-01 -0.32973E-01  0.00000E+00  0.00000E+00  0.00000E+00    0.15962E+03  0.00000E+00  0.00000E+00 -0.26823E+00  0.31997E+00  0.39270E+00
  0.63999E-01  0.16014E+03    0.64000E-01 -0.30503E-01 -0.33497E-01  0.00000E+00  0.00000E+00  0.00000E+00    0.16014E+03  0.00000E+00  0.00000E+00 -0.26671E+00  0.32300E+00  0.39339E+00
  0.64999E-01  0.16066E+03    0.65000E-01 -0.30978E-01 -0.34022E-01  0.00000E+00  0.00000E+00  0.00000E+00    0.16065E+03  0.00000E+00  0.00000E+00 -0.26516E+00  0.32604E+00  0.39410E+00
  0.65999E-01  0.16117E+03    0.66000E-01 -0.31454E-01 -0.34546E-01  0.00000E+00  0.00000E+00  0.00000E+00    0.16117E+03  0.00000E+00  0.00000E+00 -0.26358E+00  0.32911E+00  0.39480E+00
  0.66999E-01  0.16168E+03    0.67000E-01 -0.31930E-01 -0.35070E-01  0.00000E+00  0.00000E+00  0.00000E+00    0.16168E+03  0.00000E+00  0.00000E+00 -0.26198E+00  0.33220E+00  0.39551E+00
  0.67999E-01  0.16219E+03    0.68000E-01 -0.32405E-01 -0.35595E-01  0.00000E+00  0.00000E+00  0.00000E+00    0.16218E+03  0.00000E+00  0.00000E+00 -0.26034E+00  0.33530E+00  0.39622E+00
  0.68999E-01  0.16269E+03    0.69000E-01 -0.32881E-01 -0.36119E-01  0.00000E+00  0.00000E+00  0.00000E+00    0.16269E+03  0.00000E+00  0.00000E+00 -0.25867E+00  0.33842E+00  0.39693E+00
  0.69999E-01  0.16320E+03    0.70000E-01 -0.33356E-01 -0.36644E-01  0.00000E+00  0.00000E+00  0.00000E+00    0.16319E+03  0.00000E+00  0.00000E+00 -0.25698E+00  0.34157E+00  0.39765E+00
  0.70999E-01  0.16369E+03    0.71000E-01 -0.33832E-01 -0.37168E-01  0.00000E+00  0.00000E+00  0.00000E+00    0.16369E+03  0.00000E+00  0.00000E+00 -0.25526E+00  0.34473E+00  0.39836E+00
  0.71999E-01  0.16419E+03    0.72000E-01 -0.34307E-01 -0.37693E-01  0.00000E+00  0.00000E+00  0.00000E+00    0.16419E+03  0.00000E+00  0.00000E+00 -0.25351E+00  0.34791E+00  0.39909E+00
  0.72998E-01  0.16469E+03    0.73000E-01 -0.34783E-01 -0.38217E-01  0.00000E+00  0.00000E+00  0.00000E+00    0.16468E+03  0.00000E+00  0.00000E+00 -0.25173E+00  0.35112E+00  0.39982E+00
  0.73998E-01  0.16518E+03    0.74000E-01 -0.35258E-01 -0.38742E-01  0.00000E+00  0.00000E+00  0.00000E+00    0.16518E+03  0.00000E+00  0.00000E+00 -0.24131E+00  0.35812E+00  0.40062E+00
  0.74998E-01  0.16564E+03    0.75000E-01 -0.35734E-01 -0.39266E-01  0.00000E+00  0.00000E+00  0.00000E+00    0.16564E+03  0.00000E+00  0.00000E+00 -0.24173E+00  0.36095E+00  0.40142E+00
  0.75998E-01  0.16612E+03    0.76000E-01 -0.36209E-01 -0.39791E-01  0.00000E+00  0.00000E+00  0.00000E+00    0.16611E+03  0.00000E+00  0.00000E+00 -0.23952E+00  0.36433E+00  0.40220E+00
  0.76998E-01  0.16660E+03    0.77000E-01 -0.36685E-01 -0.40315E-01  0.00000E+00  0.00000E+00  0.00000E+00    0.16660E+03  0.00000E+00  0.00000E+00 -0.23762E+00  0.36764E+00  0.40296E+00
  0.77998E-01  0.16708E+03    0.78000E-01 -0.37160E-01 -0.40840E-01  0.00000E+00  0.00000E+00  0.00000E+00    0.16708E+03  0.00000E+00  0.00000E+00 -0.23570E+00  0.37098E+00  0.40372E+00
  0.78998E-01  0.16763E+03    0.79000E-01 -0.37635E-01 -0.41365E-01  0.00000E+00  0.00000E+00  0.00000E+00    0.16762E+03  0.00000E+00  0.00000E+00 -0.23183E+00  0.37508E+00  0.40441E+00
  0.79998E-01  0.16811E+03    0.80000E-01 -0.38111E-01 -0.41889E-01  0.00000E+00  0.00000E+00  0.00000E+00    0.16811E+03  0.00000E+00  0.00000E+00 -0.23038E+00  0.37835E+00  0.40515E+00
  0.80998E-01  0.16859E+03    0.81000E-01 -0.38586E-01 -0.42414E-01  0.00000E+00  0.00000E+00  0.00000E+00    0.16858E+03  0.00000E+00  0.00000E+00 -0.22839E+00  0.38174E+00  0.40593E+00
  0.81998E-01  0.16906E+03    0.82000E-01 -0.39061E-01 -0.42939E-01  0.00000E+00  0.00000E+00  0.00000E+00    0.16905E+03  0.00000E+00  0.00000E+00 -0.22636E+00  0.38517E+00  0.40672E+00
  0.82998E-01  0.16953E+03    0.83000E-01 -0.39536E-01 -0.43464E-01  0.00000E+00  0.00000E+00  0.00000E+00    0.16952E+03  0.00000E+00  0.00000E+00 -0.22432E+00  0.38861E+00  0.40752E+00
  0.83998E-01  0.16999E+03    0.84000E-01 -0.40011E-01 -0.43989E-01  0.00000E+00  0.00000E+00  0.00000E+00    0.16999E+03  0.00000E+00  0.00000E+00 -0.22225E+00  0.39207E+00  0.40833E+00
  0.84998E-01  0.17046E+03    0.85000E-01 -0.40486E-01 -0.44514E-01  0.00000E+00  0.00000E+00  0.00000E+00    0.17045E+03  0.00000E+00  0.00000E+00 -0.22016E+00  0.39555E+00  0.40915E+00
  0.85998E-01  0.17092E+03    0.86000E-01 -0.40962E-01 -0.45038E-01  0.00000E+00  0.00000E+00  0.00000E+00    0.17091E+03  0.00000E+00  0.00000E+00 -0.21805E+00  0.39905E+00  0.40998E+00
  0.86998E-01  0.17138E+03    0.87000E-01 -0.41437E-01 -0.45563E-01  0.00000E+00  0.00000E+00  0.00000E+00    0.17137E+03  0.00000E+00  0.00000E+00 -0.21591E+00  0.40257E+00  0.41082E+00
  0.87998E-01  0.17183E+03    0.88000E-01 -0.41912E-01 -0.46088E-01  0.00000E+00  0.00000E+00  0.00000E+00    0.17183E+03  0.00000E+00  0.00000E+00 -0.21375E+00  0.40612E+00  0.41167E+00
  0.88998E-01  0.17229E+03    0.89000E-01 -0.42387E-01 -0.46613E-01  0.00000E+00  0.00000E+00  0.00000E+00    0.17228E+03  0.00000E+00  0.00000E+00 -0.21157E+00  0.40969E+00  0.41254E+00
  0.89998E-01  0.17274E+03    0.90000E-01 -0.42862E-01 -0.47138E-01  0.00000E+00  0.00000E+00  0.00000E+00    0.17274E+03  0.00000E+00  0.00000E+00 -0.20937E+00  0.41328E+00  0.41342E+00
  0.90998E-01  0.17319E+03    0.91000E-01 -0.43337E-01 -0.47663E-01  0.00000E+00  0.00000E+00  0.00000E+00    0.17319E+03  0.00000E+00  0.00000E+00 -0.20714E+00  0.41689E+00  0.41431E+00
  0.91998E-01  0.17364E+03    0.92000E-01 -0.43812E-01 -0.48188E-01  0.00000E+00  0.00000E+00  0.00000E+00    0.17363E+03  0.00000E+00  0.00000E+00 -0.20489E+00  0.42053E+00  0.41522E+00
  0.92998E-01  0.17408E+03    0.93000E-01 -0.44287E-01 -0.48713E-01  0.00000E+00  0.00000E+00  0.00000E+00    0.17408E+03  0.00000E+00  0.00000E+00 -0.20262E+00  0.42418E+00  0.41614E+00
  0.93998E-01  0.17453E+03    0.94000E-01 -0.44762E-01 -0.49238E-01  0.00000E+00  0.00000E+00  0.00000E+00    0.17452E+03  0.00000E+00  0.00000E+00 -0.20033E+00  0.42786E+00  0.41708E+00
  0.94998E-01  0.17497E+03    0.95000E-01 -0.45236E-01 -0.49764E-01  0.00000E+00  0.00000E+00  0.00000E+00    0.17496E+03  0.00000E+00  0.00000E+00 -0.19802E+00  0.43157E+00  0.41803E+00
  0.95998E-01  0.17540E+03    0.96000E-01 -0.45711E-01 -0.50289E-01  0.00000E+00  0.00000E+00  0.00000E+00    0.17540E+03  0.00000E+00  0.00000E+00 -0.19569E+00  0.43530E+00  0.41900E+00
  0.96998E-01  0.17584E+03    0.97000E-01 -0.46186E-01 -0.50814E-01  0.00000E+00  0.00000E+00  0.00000E+00    0.17584E+03  0.00000E+00  0.00000E+00 -0.19334E+00  0.43905E+00  0.41998E+00
  0.97998E-01  0.17628E+03    0.98000E-01 -0.46661E-01 -0.51339E-01  0.00000E+00  0.00000E+00  0.00000E+00    0.17627E+03  0.00000E+00  0.00000E+00 -0.19097E+00  0.44283E+00  0.42098E+00
  0.98998E-01  0.17671E+03    0.99000E-01 -0.47136E-01 -0.51864E-01  0.00000E+00  0.00000E+00  0.00000E+00    0.17670E+03  0.00000E+00  0.00000E+00 -0.18858E+00  0.44663E+00  0.42200E+00
  0.99998E-01  0.17714E+03    0.10000E+00 -0.47611E-01 -0.52389E-01  0.00000E+00  0.00000E+00  0.00000E+00    0.17713E+03  0.00000E+00  0.00000E+00 -0.18617E+00  0.45045E+00  0.42304E+00
