          Evm          Svm            E11          E22          E33          E23          E13          E12         SCAU11       SCAU22       SCAU33       SCAU23       SCAU13       SCAU12      TEMP
  0.00000E+00  0.11501E+03    0.00000E+00  0.00000E+00  0.00000E+00  0.00000E+00  0.00000E+00  0.00000E+00    0.11501E+03  0.00000E+00  0.00000E+00 -0.26675E+00  0.16538E+00  0.31780E+00
  0.99998E-03  0.11572E+03    0.10000E-02 -0.47967E-03 -0.52033E-03  0.00000E+00  0.00000E+00  0.00000E+00    0.11572E+03  0.00000E+00  0.00000E+00 -0.27238E+00  0.16932E+00  0.32192E+00
  0.20000E-02  0.11639E+03    0.20000E-02 -0.95784E-03 -0.10422E-02  0.00000E+00  0.00000E+00  0.00000E+00    0.11639E+03  0.00000E+00  0.00000E+00 -0.27275E+00  0.17061E+00  0.32462E+00
  0.29999E-02  0.11712E+03    0.30000E-02 -0.14356E-02 -0.15644E-02  0.00000E+00  0.00000E+00  0.00000E+00    0.11711E+03  0.00000E+00  0.00000E+00 -0.27165E+00  0.17317E+00  0.32633E+00
  0.39999E-02  0.11786E+03    0.40000E-02 -0.19132E-02 -0.20868E-02  0.00000E+00  0.00000E+00  0.00000E+00    0.11786E+03  0.00000E+00  0.00000E+00 -0.27281E+00  0.17482E+00  0.32795E+00
  0.49999E-02  0.11860E+03    0.50000E-02 -0.23906E-02 -0.26094E-02  0.00000E+00  0.00000E+00  0.00000E+00    0.11859E+03  0.00000E+00  0.00000E+00 -0.27389E+00  0.17637E+00  0.32931E+00
  0.59999E-02  0.11932E+03    0.60000E-02 -0.28679E-02 -0.31321E-02  0.00000E+00  0.00000E+00  0.00000E+00    0.11932E+03  0.00000E+00  0.00000E+00 -0.27490E+00  0.17796E+00  0.33059E+00
  0.69998E-02  0.12005E+03    0.70000E-02 -0.33452E-02 -0.36548E-02  0.00000E+00  0.00000E+00  0.00000E+00    0.12004E+03  0.00000E+00  0.00000E+00 -0.27586E+00  0.17958E+00  0.33182E+00
  0.79998E-02  0.12076E+03    0.80000E-02 -0.38224E-02 -0.41776E-02  0.00000E+00  0.00000E+00  0.00000E+00    0.12076E+03  0.00000E+00  0.00000E+00 -0.27676E+00  0.18123E+00  0.33300E+00
  0.89998E-02  0.12148E+03    0.90000E-02 -0.42995E-02 -0.47005E-02  0.00000E+00  0.00000E+00  0.00000E+00    0.12147E+03  0.00000E+00  0.00000E+00 -0.27760E+00  0.18291E+00  0.33416E+00
  0.99998E-02  0.12219E+03    0.10000E-01 -0.47766E-02 -0.52234E-02  0.00000E+00  0.00000E+00  0.00000E+00    0.12218E+03  0.00000E+00  0.00000E+00 -0.27839E+00  0.18462E+00  0.33528E+00
  0.11000E-01  0.12289E+03    0.11000E-01 -0.52537E-02 -0.57463E-02  0.00000E+00  0.00000E+00  0.00000E+00    0.12289E+03  0.00000E+00  0.00000E+00 -0.27913E+00  0.18636E+00  0.33638E+00
  0.12000E-01  0.12359E+03    0.12000E-01 -0.57307E-02 -0.62693E-02  0.00000E+00  0.00000E+00  0.00000E+00    0.12359E+03  0.00000E+00  0.00000E+00 -0.27981E+00  0.18813E+00  0.33746E+00
  0.13000E-01  0.12429E+03    0.13000E-01 -0.62077E-02 -0.67923E-02  0.00000E+00  0.00000E+00  0.00000E+00    0.12429E+03  0.00000E+00  0.00000E+00 -0.28045E+00  0.18993E+00  0.33852E+00
  0.14000E-01  0.12498E+03    0.14000E-01 -0.66847E-02 -0.73153E-02  0.00000E+00  0.00000E+00  0.00000E+00    0.12498E+03  0.00000E+00  0.00000E+00 -0.28102E+00  0.19175E+00  0.33956E+00
  0.15000E-01  0.12567E+03    0.15000E-01 -0.71616E-02 -0.78384E-02  0.00000E+00  0.00000E+00  0.00000E+00    0.12567E+03  0.00000E+00  0.00000E+00 -0.28155E+00  0.19361E+00  0.34059E+00
  0.16000E-01  0.12635E+03    0.16000E-01 -0.76386E-02 -0.83614E-02  0.00000E+00  0.00000E+00  0.00000E+00    0.12635E+03  0.00000E+00  0.00000E+00 -0.28203E+00  0.19549E+00  0.34160E+00
  0.17000E-01  0.12703E+03    0.17000E-01 -0.81155E-02 -0.88845E-02  0.00000E+00  0.00000E+00  0.00000E+00    0.12703E+03  0.00000E+00  0.00000E+00 -0.28245E+00  0.19740E+00  0.34259E+00
  0.18000E-01  0.12771E+03    0.18000E-01 -0.85924E-02 -0.94076E-02  0.00000E+00  0.00000E+00  0.00000E+00    0.12770E+03  0.00000E+00  0.00000E+00 -0.28283E+00  0.19934E+00  0.34357E+00
  0.19000E-01  0.12838E+03    0.19000E-01 -0.90692E-02 -0.99308E-02  0.00000E+00  0.00000E+00  0.00000E+00    0.12838E+03  0.00000E+00  0.00000E+00 -0.28315E+00  0.20131E+00  0.34454E+00
  0.20000E-01  0.12905E+03    0.20000E-01 -0.95461E-02 -0.10454E-01  0.00000E+00  0.00000E+00  0.00000E+00    0.12904E+03  0.00000E+00  0.00000E+00 -0.28342E+00  0.20331E+00  0.34549E+00
  0.21000E-01  0.12971E+03    0.21000E-01 -0.10023E-01 -0.10977E-01  0.00000E+00  0.00000E+00  0.00000E+00    0.12971E+03  0.00000E+00  0.00000E+00 -0.28364E+00  0.20533E+00  0.34644E+00
  0.22000E-01  0.13037E+03    0.22000E-01 -0.10500E-01 -0.11500E-01  0.00000E+00  0.00000E+00  0.00000E+00    0.13037E+03  0.00000E+00  0.00000E+00 -0.28382E+00  0.20738E+00  0.34736E+00
  0.22999E-01  0.13102E+03    0.23000E-01 -0.10976E-01 -0.12024E-01  0.00000E+00  0.00000E+00  0.00000E+00    0.13102E+03  0.00000E+00  0.00000E+00 -0.28395E+00  0.20946E+00  0.34828E+00
  0.23999E-01  0.13168E+03    0.24000E-01 -0.11453E-01 -0.12547E-01  0.00000E+00  0.00000E+00  0.00000E+00    0.13167E+03  0.00000E+00  0.00000E+00 -0.28402E+00  0.21156E+00  0.34919E+00
  0.24999E-01  0.13232E+03    0.25000E-01 -0.11930E-01 -0.13070E-01  0.00000E+00  0.00000E+00  0.00000E+00    0.13232E+03  0.00000E+00  0.00000E+00 -0.28405E+00  0.21369E+00  0.35009E+00
  0.25999E-01  0.13297E+03    0.26000E-01 -0.12407E-01 -0.13593E-01  0.00000E+00  0.00000E+00  0.00000E+00    0.13296E+03  0.00000E+00  0.00000E+00 -0.28404E+00  0.21585E+00  0.35097E+00
  0.26999E-01  0.13361E+03    0.27000E-01 -0.12883E-01 -0.14117E-01  0.00000E+00  0.00000E+00  0.00000E+00    0.13360E+03  0.00000E+00  0.00000E+00 -0.28397E+00  0.21803E+00  0.35185E+00
  0.27999E-01  0.13424E+03    0.28000E-01 -0.13360E-01 -0.14640E-01  0.00000E+00  0.00000E+00  0.00000E+00    0.13424E+03  0.00000E+00  0.00000E+00 -0.28386E+00  0.22024E+00  0.35271E+00
  0.28999E-01  0.13488E+03    0.29000E-01 -0.13837E-01 -0.15163E-01  0.00000E+00  0.00000E+00  0.00000E+00    0.13487E+03  0.00000E+00  0.00000E+00 -0.28371E+00  0.22247E+00  0.35357E+00
  0.29999E-01  0.13550E+03    0.30000E-01 -0.14313E-01 -0.15687E-01  0.00000E+00  0.00000E+00  0.00000E+00    0.13550E+03  0.00000E+00  0.00000E+00 -0.28352E+00  0.22473E+00  0.35442E+00
  0.30999E-01  0.13613E+03    0.31000E-01 -0.14790E-01 -0.16210E-01  0.00000E+00  0.00000E+00  0.00000E+00    0.13613E+03  0.00000E+00  0.00000E+00 -0.28327E+00  0.22702E+00  0.35526E+00
  0.31999E-01  0.13675E+03    0.32000E-01 -0.15266E-01 -0.16734E-01  0.00000E+00  0.00000E+00  0.00000E+00    0.13675E+03  0.00000E+00  0.00000E+00 -0.28299E+00  0.22932E+00  0.35609E+00
  0.32999E-01  0.13737E+03    0.33000E-01 -0.15743E-01 -0.17257E-01  0.00000E+00  0.00000E+00  0.00000E+00    0.13737E+03  0.00000E+00  0.00000E+00 -0.28266E+00  0.23166E+00  0.35691E+00
  0.33999E-01  0.13798E+03    0.34000E-01 -0.16219E-01 -0.17781E-01  0.00000E+00  0.00000E+00  0.00000E+00    0.13798E+03  0.00000E+00  0.00000E+00 -0.28229E+00  0.23402E+00  0.35772E+00
  0.34999E-01  0.13859E+03    0.35000E-01 -0.16696E-01 -0.18304E-01  0.00000E+00  0.00000E+00  0.00000E+00    0.13859E+03  0.00000E+00  0.00000E+00 -0.28188E+00  0.23641E+00  0.35853E+00
  0.35999E-01  0.13915E+03    0.36000E-01 -0.17172E-01 -0.18828E-01  0.00000E+00  0.00000E+00  0.00000E+00    0.13915E+03  0.00000E+00  0.00000E+00 -0.28522E+00  0.23698E+00  0.35931E+00
  0.36999E-01  0.13980E+03    0.37000E-01 -0.17649E-01 -0.19351E-01  0.00000E+00  0.00000E+00  0.00000E+00    0.13979E+03  0.00000E+00  0.00000E+00 -0.28117E+00  0.24108E+00  0.36007E+00
  0.37999E-01  0.14035E+03    0.38000E-01 -0.18125E-01 -0.19875E-01  0.00000E+00  0.00000E+00  0.00000E+00    0.14035E+03  0.00000E+00  0.00000E+00 -0.28421E+00  0.24181E+00  0.36089E+00
  0.38999E-01  0.14095E+03    0.39000E-01 -0.18602E-01 -0.20398E-01  0.00000E+00  0.00000E+00  0.00000E+00    0.14095E+03  0.00000E+00  0.00000E+00 -0.28374E+00  0.24416E+00  0.36167E+00
  0.39999E-01  0.14155E+03    0.40000E-01 -0.19078E-01 -0.20922E-01  0.00000E+00  0.00000E+00  0.00000E+00    0.14154E+03  0.00000E+00  0.00000E+00 -0.28313E+00  0.24663E+00  0.36245E+00
  0.40999E-01  0.14214E+03    0.41000E-01 -0.19554E-01 -0.21446E-01  0.00000E+00  0.00000E+00  0.00000E+00    0.14213E+03  0.00000E+00  0.00000E+00 -0.28248E+00  0.24912E+00  0.36322E+00
  0.41999E-01  0.14272E+03    0.42000E-01 -0.20031E-01 -0.21969E-01  0.00000E+00  0.00000E+00  0.00000E+00    0.14272E+03  0.00000E+00  0.00000E+00 -0.28179E+00  0.25164E+00  0.36399E+00
  0.42999E-01  0.14331E+03    0.43000E-01 -0.20507E-01 -0.22493E-01  0.00000E+00  0.00000E+00  0.00000E+00    0.14330E+03  0.00000E+00  0.00000E+00 -0.28107E+00  0.25419E+00  0.36476E+00
  0.43999E-01  0.14389E+03    0.44000E-01 -0.20983E-01 -0.23017E-01  0.00000E+00  0.00000E+00  0.00000E+00    0.14388E+03  0.00000E+00  0.00000E+00 -0.28030E+00  0.25675E+00  0.36552E+00
  0.44999E-01  0.14446E+03    0.45000E-01 -0.21459E-01 -0.23541E-01  0.00000E+00  0.00000E+00  0.00000E+00    0.14446E+03  0.00000E+00  0.00000E+00 -0.27949E+00  0.25934E+00  0.36627E+00
  0.45999E-01  0.14506E+03    0.46000E-01 -0.21936E-01 -0.24064E-01  0.00000E+00  0.00000E+00  0.00000E+00    0.14506E+03  0.00000E+00  0.00000E+00 -0.27500E+00  0.26383E+00  0.36691E+00
  0.46999E-01  0.14560E+03    0.47000E-01 -0.22412E-01 -0.24588E-01  0.00000E+00  0.00000E+00  0.00000E+00    0.14560E+03  0.00000E+00  0.00000E+00 -0.27770E+00  0.26467E+00  0.36777E+00
  0.47999E-01  0.14620E+03    0.48000E-01 -0.22888E-01 -0.25112E-01  0.00000E+00  0.00000E+00  0.00000E+00    0.14620E+03  0.00000E+00  0.00000E+00 -0.27322E+00  0.26915E+00  0.36838E+00
  0.48999E-01  0.14673E+03    0.49000E-01 -0.23364E-01 -0.25636E-01  0.00000E+00  0.00000E+00  0.00000E+00    0.14673E+03  0.00000E+00  0.00000E+00 -0.27583E+00  0.26999E+00  0.36926E+00
  0.49999E-01  0.14732E+03    0.50000E-01 -0.23840E-01 -0.26160E-01  0.00000E+00  0.00000E+00  0.00000E+00    0.14732E+03  0.00000E+00  0.00000E+00 -0.27128E+00  0.27456E+00  0.36984E+00
  0.50999E-01  0.14785E+03    0.51000E-01 -0.24316E-01 -0.26684E-01  0.00000E+00  0.00000E+00  0.00000E+00    0.14785E+03  0.00000E+00  0.00000E+00 -0.27382E+00  0.27539E+00  0.37073E+00
  0.51999E-01  0.14839E+03    0.52000E-01 -0.24792E-01 -0.27208E-01  0.00000E+00  0.00000E+00  0.00000E+00    0.14839E+03  0.00000E+00  0.00000E+00 -0.27327E+00  0.27786E+00  0.37143E+00
  0.52999E-01  0.14896E+03    0.53000E-01 -0.25268E-01 -0.27732E-01  0.00000E+00  0.00000E+00  0.00000E+00    0.14896E+03  0.00000E+00  0.00000E+00 -0.27178E+00  0.28078E+00  0.37218E+00
  0.53999E-01  0.14949E+03    0.54000E-01 -0.25744E-01 -0.28256E-01  0.00000E+00  0.00000E+00  0.00000E+00    0.14949E+03  0.00000E+00  0.00000E+00 -0.27107E+00  0.28337E+00  0.37287E+00
  0.54999E-01  0.15005E+03    0.55000E-01 -0.26220E-01 -0.28780E-01  0.00000E+00  0.00000E+00  0.00000E+00    0.15005E+03  0.00000E+00  0.00000E+00 -0.26950E+00  0.28634E+00  0.37362E+00
  0.55999E-01  0.15058E+03    0.56000E-01 -0.26696E-01 -0.29304E-01  0.00000E+00  0.00000E+00  0.00000E+00    0.15057E+03  0.00000E+00  0.00000E+00 -0.26871E+00  0.28897E+00  0.37432E+00
  0.56999E-01  0.15113E+03    0.57000E-01 -0.27172E-01 -0.29828E-01  0.00000E+00  0.00000E+00  0.00000E+00    0.15113E+03  0.00000E+00  0.00000E+00 -0.26708E+00  0.29198E+00  0.37506E+00
  0.57999E-01  0.15165E+03    0.58000E-01 -0.27648E-01 -0.30352E-01  0.00000E+00  0.00000E+00  0.00000E+00    0.15165E+03  0.00000E+00  0.00000E+00 -0.26623E+00  0.29465E+00  0.37577E+00
  0.58999E-01  0.15220E+03    0.59000E-01 -0.28124E-01 -0.30876E-01  0.00000E+00  0.00000E+00  0.00000E+00    0.15220E+03  0.00000E+00  0.00000E+00 -0.26453E+00  0.29771E+00  0.37650E+00
  0.59999E-01  0.15272E+03    0.60000E-01 -0.28600E-01 -0.31400E-01  0.00000E+00  0.00000E+00  0.00000E+00    0.15271E+03  0.00000E+00  0.00000E+00 -0.26363E+00  0.30040E+00  0.37721E+00
  0.60999E-01  0.15324E+03    0.61000E-01 -0.29075E-01 -0.31925E-01  0.00000E+00  0.00000E+00  0.00000E+00    0.15324E+03  0.00000E+00  0.00000E+00 -0.26235E+00  0.30328E+00  0.37792E+00
  0.61999E-01  0.15376E+03    0.62000E-01 -0.29551E-01 -0.32449E-01  0.00000E+00  0.00000E+00  0.00000E+00    0.15376E+03  0.00000E+00  0.00000E+00 -0.26098E+00  0.30620E+00  0.37864E+00
  0.62999E-01  0.15429E+03    0.63000E-01 -0.30027E-01 -0.32973E-01  0.00000E+00  0.00000E+00  0.00000E+00    0.15428E+03  0.00000E+00  0.00000E+00 -0.25958E+00  0.30915E+00  0.37935E+00
  0.63999E-01  0.15480E+03    0.64000E-01 -0.30503E-01 -0.33497E-01  0.00000E+00  0.00000E+00  0.00000E+00    0.15480E+03  0.00000E+00  0.00000E+00 -0.25813E+00  0.31212E+00  0.38007E+00
  0.64999E-01  0.15532E+03    0.65000E-01 -0.30978E-01 -0.34022E-01  0.00000E+00  0.00000E+00  0.00000E+00    0.15532E+03  0.00000E+00  0.00000E+00 -0.25666E+00  0.31510E+00  0.38079E+00
  0.65999E-01  0.15583E+03    0.66000E-01 -0.31454E-01 -0.34546E-01  0.00000E+00  0.00000E+00  0.00000E+00    0.15583E+03  0.00000E+00  0.00000E+00 -0.25515E+00  0.31810E+00  0.38151E+00
  0.66999E-01  0.15634E+03    0.67000E-01 -0.31930E-01 -0.35070E-01  0.00000E+00  0.00000E+00  0.00000E+00    0.15634E+03  0.00000E+00  0.00000E+00 -0.25362E+00  0.32112E+00  0.38224E+00
  0.67999E-01  0.15685E+03    0.68000E-01 -0.32405E-01 -0.35595E-01  0.00000E+00  0.00000E+00  0.00000E+00    0.15685E+03  0.00000E+00  0.00000E+00 -0.25206E+00  0.32416E+00  0.38296E+00
  0.68999E-01  0.15735E+03    0.69000E-01 -0.32881E-01 -0.36119E-01  0.00000E+00  0.00000E+00  0.00000E+00    0.15735E+03  0.00000E+00  0.00000E+00 -0.25047E+00  0.32721E+00  0.38369E+00
  0.69999E-01  0.15786E+03    0.70000E-01 -0.33357E-01 -0.36643E-01  0.00000E+00  0.00000E+00  0.00000E+00    0.15785E+03  0.00000E+00  0.00000E+00 -0.24885E+00  0.33029E+00  0.38442E+00
  0.70999E-01  0.15836E+03    0.71000E-01 -0.33832E-01 -0.37168E-01  0.00000E+00  0.00000E+00  0.00000E+00    0.15835E+03  0.00000E+00  0.00000E+00 -0.24720E+00  0.33339E+00  0.38516E+00
  0.71999E-01  0.15885E+03    0.72000E-01 -0.34308E-01 -0.37692E-01  0.00000E+00  0.00000E+00  0.00000E+00    0.15885E+03  0.00000E+00  0.00000E+00 -0.24553E+00  0.33650E+00  0.38589E+00
  0.72998E-01  0.15935E+03    0.73000E-01 -0.34783E-01 -0.38217E-01  0.00000E+00  0.00000E+00  0.00000E+00    0.15934E+03  0.00000E+00  0.00000E+00 -0.24383E+00  0.33963E+00  0.38663E+00
  0.73998E-01  0.15984E+03    0.74000E-01 -0.35259E-01 -0.38741E-01  0.00000E+00  0.00000E+00  0.00000E+00    0.15983E+03  0.00000E+00  0.00000E+00 -0.24210E+00  0.34279E+00  0.38738E+00
  0.74998E-01  0.16033E+03    0.75000E-01 -0.35734E-01 -0.39266E-01  0.00000E+00  0.00000E+00  0.00000E+00    0.16032E+03  0.00000E+00  0.00000E+00 -0.24034E+00  0.34596E+00  0.38813E+00
  0.75998E-01  0.16081E+03    0.76000E-01 -0.36209E-01 -0.39791E-01  0.00000E+00  0.00000E+00  0.00000E+00    0.16081E+03  0.00000E+00  0.00000E+00 -0.23856E+00  0.34915E+00  0.38889E+00
  0.76998E-01  0.16130E+03    0.77000E-01 -0.36685E-01 -0.40315E-01  0.00000E+00  0.00000E+00  0.00000E+00    0.16129E+03  0.00000E+00  0.00000E+00 -0.23675E+00  0.35236E+00  0.38966E+00
  0.77998E-01  0.16178E+03    0.78000E-01 -0.37160E-01 -0.40840E-01  0.00000E+00  0.00000E+00  0.00000E+00    0.16178E+03  0.00000E+00  0.00000E+00 -0.22633E+00  0.35948E+00  0.39047E+00
  0.78998E-01  0.16223E+03    0.79000E-01 -0.37635E-01 -0.41365E-01  0.00000E+00  0.00000E+00  0.00000E+00    0.16222E+03  0.00000E+00  0.00000E+00 -0.22671E+00  0.36228E+00  0.39134E+00
  0.79998E-01  0.16269E+03    0.80000E-01 -0.38111E-01 -0.41889E-01  0.00000E+00  0.00000E+00  0.00000E+00    0.16269E+03  0.00000E+00  0.00000E+00 -0.22447E+00  0.36567E+00  0.39216E+00
  0.80998E-01  0.16317E+03    0.81000E-01 -0.38586E-01 -0.42414E-01  0.00000E+00  0.00000E+00  0.00000E+00    0.16316E+03  0.00000E+00  0.00000E+00 -0.22255E+00  0.36900E+00  0.39296E+00
  0.81998E-01  0.16364E+03    0.82000E-01 -0.39061E-01 -0.42939E-01  0.00000E+00  0.00000E+00  0.00000E+00    0.16363E+03  0.00000E+00  0.00000E+00 -0.22062E+00  0.37233E+00  0.39377E+00
  0.82998E-01  0.16417E+03    0.83000E-01 -0.39536E-01 -0.43464E-01  0.00000E+00  0.00000E+00  0.00000E+00    0.16417E+03  0.00000E+00  0.00000E+00 -0.21672E+00  0.37647E+00  0.39448E+00
  0.83998E-01  0.16465E+03    0.84000E-01 -0.40012E-01 -0.43988E-01  0.00000E+00  0.00000E+00  0.00000E+00    0.16464E+03  0.00000E+00  0.00000E+00 -0.21524E+00  0.37974E+00  0.39527E+00
  0.84998E-01  0.16511E+03    0.85000E-01 -0.40487E-01 -0.44513E-01  0.00000E+00  0.00000E+00  0.00000E+00    0.16511E+03  0.00000E+00  0.00000E+00 -0.21323E+00  0.38315E+00  0.39610E+00
  0.85998E-01  0.16557E+03    0.86000E-01 -0.40962E-01 -0.45038E-01  0.00000E+00  0.00000E+00  0.00000E+00    0.16557E+03  0.00000E+00  0.00000E+00 -0.21119E+00  0.38658E+00  0.39694E+00
  0.86998E-01  0.16603E+03    0.87000E-01 -0.41437E-01 -0.45563E-01  0.00000E+00  0.00000E+00  0.00000E+00    0.16603E+03  0.00000E+00  0.00000E+00 -0.20913E+00  0.39003E+00  0.39779E+00
  0.87998E-01  0.16648E+03    0.88000E-01 -0.41912E-01 -0.46088E-01  0.00000E+00  0.00000E+00  0.00000E+00    0.16648E+03  0.00000E+00  0.00000E+00 -0.20705E+00  0.39350E+00  0.39865E+00
  0.88998E-01  0.16694E+03    0.89000E-01 -0.42387E-01 -0.46613E-01  0.00000E+00  0.00000E+00  0.00000E+00    0.16694E+03  0.00000E+00  0.00000E+00 -0.20494E+00  0.39699E+00  0.39952E+00
  0.89998E-01  0.16739E+03    0.90000E-01 -0.42862E-01 -0.47138E-01  0.00000E+00  0.00000E+00  0.00000E+00    0.16739E+03  0.00000E+00  0.00000E+00 -0.20282E+00  0.40051E+00  0.40041E+00
  0.90998E-01  0.16784E+03    0.91000E-01 -0.43337E-01 -0.47663E-01  0.00000E+00  0.00000E+00  0.00000E+00    0.16784E+03  0.00000E+00  0.00000E+00 -0.20067E+00  0.40404E+00  0.40130E+00
  0.91998E-01  0.16829E+03    0.92000E-01 -0.43812E-01 -0.48188E-01  0.00000E+00  0.00000E+00  0.00000E+00    0.16828E+03  0.00000E+00  0.00000E+00 -0.19851E+00  0.40760E+00  0.40222E+00
  0.92998E-01  0.16873E+03    0.93000E-01 -0.44287E-01 -0.48713E-01  0.00000E+00  0.00000E+00  0.00000E+00    0.16873E+03  0.00000E+00  0.00000E+00 -0.19632E+00  0.41118E+00  0.40314E+00
  0.93998E-01  0.16917E+03    0.94000E-01 -0.44762E-01 -0.49238E-01  0.00000E+00  0.00000E+00  0.00000E+00    0.16917E+03  0.00000E+00  0.00000E+00 -0.19411E+00  0.41478E+00  0.40408E+00
  0.94998E-01  0.16962E+03    0.95000E-01 -0.45237E-01 -0.49763E-01  0.00000E+00  0.00000E+00  0.00000E+00    0.16961E+03  0.00000E+00  0.00000E+00 -0.19188E+00  0.41841E+00  0.40504E+00
  0.95998E-01  0.17005E+03    0.96000E-01 -0.45712E-01 -0.50288E-01  0.00000E+00  0.00000E+00  0.00000E+00    0.17005E+03  0.00000E+00  0.00000E+00 -0.18963E+00  0.42206E+00  0.40601E+00
  0.96998E-01  0.17049E+03    0.97000E-01 -0.46187E-01 -0.50813E-01  0.00000E+00  0.00000E+00  0.00000E+00    0.17049E+03  0.00000E+00  0.00000E+00 -0.18735E+00  0.42573E+00  0.40699E+00
  0.97998E-01  0.17092E+03    0.98000E-01 -0.46661E-01 -0.51339E-01  0.00000E+00  0.00000E+00  0.00000E+00    0.17092E+03  0.00000E+00  0.00000E+00 -0.18507E+00  0.42943E+00  0.40800E+00
  0.98998E-01  0.17136E+03    0.99000E-01 -0.47136E-01 -0.51864E-01  0.00000E+00  0.00000E+00  0.00000E+00    0.17135E+03  0.00000E+00  0.00000E+00 -0.18276E+00  0.43315E+00  0.40902E+00
  0.99998E-01  0.17179E+03    0.10000E+00 -0.47611E-01 -0.52389E-01  0.00000E+00  0.00000E+00  0.00000E+00    0.17178E+03  0.00000E+00  0.00000E+00 -0.18043E+00  0.43689E+00  0.41005E+00
