          Evm          Svm            E11          E22          E33          E23          E13          E12         SCAU11       SCAU22       SCAU33       SCAU23       SCAU13       SCAU12      TEMP
  0.00000E+00  0.11314E+03    0.00000E+00  0.00000E+00  0.00000E+00  0.00000E+00  0.00000E+00  0.00000E+00    0.11314E+03  0.00000E+00  0.00000E+00 -0.26240E+00  0.16268E+00  0.31261E+00
  0.99998E-03  0.11385E+03    0.10000E-02 -0.47967E-03 -0.52033E-03  0.00000E+00  0.00000E+00  0.00000E+00    0.11384E+03  0.00000E+00  0.00000E+00 -0.26802E+00  0.16657E+00  0.31670E+00
  0.20000E-02  0.11451E+03    0.20000E-02 -0.95784E-03 -0.10422E-02  0.00000E+00  0.00000E+00  0.00000E+00    0.11451E+03  0.00000E+00  0.00000E+00 -0.26840E+00  0.16786E+00  0.31938E+00
  0.29999E-02  0.11524E+03    0.30000E-02 -0.14356E-02 -0.15644E-02  0.00000E+00  0.00000E+00  0.00000E+00    0.11524E+03  0.00000E+00  0.00000E+00 -0.26732E+00  0.17041E+00  0.32110E+00
  0.39999E-02  0.11599E+03    0.40000E-02 -0.19132E-02 -0.20868E-02  0.00000E+00  0.00000E+00  0.00000E+00    0.11598E+03  0.00000E+00  0.00000E+00 -0.26850E+00  0.17205E+00  0.32273E+00
  0.49999E-02  0.11672E+03    0.50000E-02 -0.23906E-02 -0.26094E-02  0.00000E+00  0.00000E+00  0.00000E+00    0.11672E+03  0.00000E+00  0.00000E+00 -0.26959E+00  0.17359E+00  0.32409E+00
  0.59999E-02  0.11745E+03    0.60000E-02 -0.28679E-02 -0.31321E-02  0.00000E+00  0.00000E+00  0.00000E+00    0.11744E+03  0.00000E+00  0.00000E+00 -0.27062E+00  0.17516E+00  0.32538E+00
  0.69998E-02  0.11817E+03    0.70000E-02 -0.33452E-02 -0.36548E-02  0.00000E+00  0.00000E+00  0.00000E+00    0.11817E+03  0.00000E+00  0.00000E+00 -0.27159E+00  0.17676E+00  0.32661E+00
  0.79998E-02  0.11889E+03    0.80000E-02 -0.38224E-02 -0.41776E-02  0.00000E+00  0.00000E+00  0.00000E+00    0.11888E+03  0.00000E+00  0.00000E+00 -0.27251E+00  0.17840E+00  0.32781E+00
  0.89998E-02  0.11960E+03    0.90000E-02 -0.42995E-02 -0.47005E-02  0.00000E+00  0.00000E+00  0.00000E+00    0.11960E+03  0.00000E+00  0.00000E+00 -0.27337E+00  0.18007E+00  0.32897E+00
  0.99998E-02  0.12031E+03    0.10000E-01 -0.47766E-02 -0.52234E-02  0.00000E+00  0.00000E+00  0.00000E+00    0.12031E+03  0.00000E+00  0.00000E+00 -0.27418E+00  0.18177E+00  0.33011E+00
  0.11000E-01  0.12101E+03    0.11000E-01 -0.52537E-02 -0.57463E-02  0.00000E+00  0.00000E+00  0.00000E+00    0.12101E+03  0.00000E+00  0.00000E+00 -0.27493E+00  0.18350E+00  0.33122E+00
  0.12000E-01  0.12171E+03    0.12000E-01 -0.57307E-02 -0.62693E-02  0.00000E+00  0.00000E+00  0.00000E+00    0.12171E+03  0.00000E+00  0.00000E+00 -0.27563E+00  0.18526E+00  0.33231E+00
  0.13000E-01  0.12241E+03    0.13000E-01 -0.62077E-02 -0.67923E-02  0.00000E+00  0.00000E+00  0.00000E+00    0.12241E+03  0.00000E+00  0.00000E+00 -0.27628E+00  0.18704E+00  0.33338E+00
  0.14000E-01  0.12310E+03    0.14000E-01 -0.66847E-02 -0.73153E-02  0.00000E+00  0.00000E+00  0.00000E+00    0.12310E+03  0.00000E+00  0.00000E+00 -0.27687E+00  0.18885E+00  0.33443E+00
  0.15000E-01  0.12379E+03    0.15000E-01 -0.71616E-02 -0.78384E-02  0.00000E+00  0.00000E+00  0.00000E+00    0.12379E+03  0.00000E+00  0.00000E+00 -0.27742E+00  0.19070E+00  0.33546E+00
  0.16000E-01  0.12447E+03    0.16000E-01 -0.76386E-02 -0.83614E-02  0.00000E+00  0.00000E+00  0.00000E+00    0.12447E+03  0.00000E+00  0.00000E+00 -0.27791E+00  0.19257E+00  0.33649E+00
  0.17000E-01  0.12515E+03    0.17000E-01 -0.81155E-02 -0.88845E-02  0.00000E+00  0.00000E+00  0.00000E+00    0.12515E+03  0.00000E+00  0.00000E+00 -0.27835E+00  0.19446E+00  0.33749E+00
  0.18000E-01  0.12583E+03    0.18000E-01 -0.85924E-02 -0.94076E-02  0.00000E+00  0.00000E+00  0.00000E+00    0.12583E+03  0.00000E+00  0.00000E+00 -0.27875E+00  0.19639E+00  0.33848E+00
  0.19000E-01  0.12650E+03    0.19000E-01 -0.90692E-02 -0.99308E-02  0.00000E+00  0.00000E+00  0.00000E+00    0.12650E+03  0.00000E+00  0.00000E+00 -0.27909E+00  0.19834E+00  0.33946E+00
  0.20000E-01  0.12717E+03    0.20000E-01 -0.95461E-02 -0.10454E-01  0.00000E+00  0.00000E+00  0.00000E+00    0.12716E+03  0.00000E+00  0.00000E+00 -0.27938E+00  0.20032E+00  0.34042E+00
  0.21000E-01  0.12783E+03    0.21000E-01 -0.10023E-01 -0.10977E-01  0.00000E+00  0.00000E+00  0.00000E+00    0.12783E+03  0.00000E+00  0.00000E+00 -0.27962E+00  0.20233E+00  0.34138E+00
  0.22000E-01  0.12849E+03    0.22000E-01 -0.10500E-01 -0.11500E-01  0.00000E+00  0.00000E+00  0.00000E+00    0.12849E+03  0.00000E+00  0.00000E+00 -0.27982E+00  0.20437E+00  0.34232E+00
  0.22999E-01  0.12915E+03    0.23000E-01 -0.10976E-01 -0.12024E-01  0.00000E+00  0.00000E+00  0.00000E+00    0.12914E+03  0.00000E+00  0.00000E+00 -0.27996E+00  0.20643E+00  0.34324E+00
  0.23999E-01  0.12980E+03    0.24000E-01 -0.11453E-01 -0.12547E-01  0.00000E+00  0.00000E+00  0.00000E+00    0.12979E+03  0.00000E+00  0.00000E+00 -0.28006E+00  0.20851E+00  0.34416E+00
  0.24999E-01  0.13044E+03    0.25000E-01 -0.11930E-01 -0.13070E-01  0.00000E+00  0.00000E+00  0.00000E+00    0.13044E+03  0.00000E+00  0.00000E+00 -0.28011E+00  0.21062E+00  0.34507E+00
  0.25999E-01  0.13109E+03    0.26000E-01 -0.12407E-01 -0.13593E-01  0.00000E+00  0.00000E+00  0.00000E+00    0.13109E+03  0.00000E+00  0.00000E+00 -0.28012E+00  0.21277E+00  0.34596E+00
  0.26999E-01  0.13173E+03    0.27000E-01 -0.12883E-01 -0.14117E-01  0.00000E+00  0.00000E+00  0.00000E+00    0.13173E+03  0.00000E+00  0.00000E+00 -0.28008E+00  0.21493E+00  0.34685E+00
  0.27999E-01  0.13236E+03    0.28000E-01 -0.13360E-01 -0.14640E-01  0.00000E+00  0.00000E+00  0.00000E+00    0.13236E+03  0.00000E+00  0.00000E+00 -0.27998E+00  0.21712E+00  0.34773E+00
  0.28999E-01  0.13300E+03    0.29000E-01 -0.13837E-01 -0.15163E-01  0.00000E+00  0.00000E+00  0.00000E+00    0.13299E+03  0.00000E+00  0.00000E+00 -0.27985E+00  0.21934E+00  0.34859E+00
  0.29999E-01  0.13363E+03    0.30000E-01 -0.14313E-01 -0.15687E-01  0.00000E+00  0.00000E+00  0.00000E+00    0.13362E+03  0.00000E+00  0.00000E+00 -0.27967E+00  0.22158E+00  0.34945E+00
  0.30999E-01  0.13425E+03    0.31000E-01 -0.14790E-01 -0.16210E-01  0.00000E+00  0.00000E+00  0.00000E+00    0.13425E+03  0.00000E+00  0.00000E+00 -0.27946E+00  0.22385E+00  0.35030E+00
  0.31999E-01  0.13487E+03    0.32000E-01 -0.15266E-01 -0.16734E-01  0.00000E+00  0.00000E+00  0.00000E+00    0.13487E+03  0.00000E+00  0.00000E+00 -0.27919E+00  0.22614E+00  0.35114E+00
  0.32999E-01  0.13549E+03    0.33000E-01 -0.15743E-01 -0.17257E-01  0.00000E+00  0.00000E+00  0.00000E+00    0.13549E+03  0.00000E+00  0.00000E+00 -0.27888E+00  0.22846E+00  0.35197E+00
  0.33999E-01  0.13610E+03    0.34000E-01 -0.16219E-01 -0.17781E-01  0.00000E+00  0.00000E+00  0.00000E+00    0.13610E+03  0.00000E+00  0.00000E+00 -0.27854E+00  0.23080E+00  0.35279E+00
  0.34999E-01  0.13671E+03    0.35000E-01 -0.16696E-01 -0.18304E-01  0.00000E+00  0.00000E+00  0.00000E+00    0.13671E+03  0.00000E+00  0.00000E+00 -0.27814E+00  0.23317E+00  0.35361E+00
  0.35999E-01  0.13732E+03    0.36000E-01 -0.17172E-01 -0.18828E-01  0.00000E+00  0.00000E+00  0.00000E+00    0.13732E+03  0.00000E+00  0.00000E+00 -0.27771E+00  0.23556E+00  0.35442E+00
  0.36999E-01  0.13792E+03    0.37000E-01 -0.17649E-01 -0.19351E-01  0.00000E+00  0.00000E+00  0.00000E+00    0.13792E+03  0.00000E+00  0.00000E+00 -0.27724E+00  0.23797E+00  0.35522E+00
  0.37999E-01  0.13848E+03    0.38000E-01 -0.18125E-01 -0.19875E-01  0.00000E+00  0.00000E+00  0.00000E+00    0.13847E+03  0.00000E+00  0.00000E+00 -0.28052E+00  0.23853E+00  0.35600E+00
  0.38999E-01  0.13911E+03    0.39000E-01 -0.18602E-01 -0.20398E-01  0.00000E+00  0.00000E+00  0.00000E+00    0.13911E+03  0.00000E+00  0.00000E+00 -0.27641E+00  0.24270E+00  0.35675E+00
  0.39999E-01  0.13967E+03    0.40000E-01 -0.19078E-01 -0.20922E-01  0.00000E+00  0.00000E+00  0.00000E+00    0.13966E+03  0.00000E+00  0.00000E+00 -0.27941E+00  0.24341E+00  0.35758E+00
  0.40999E-01  0.14026E+03    0.41000E-01 -0.19554E-01 -0.21446E-01  0.00000E+00  0.00000E+00  0.00000E+00    0.14026E+03  0.00000E+00  0.00000E+00 -0.27887E+00  0.24579E+00  0.35836E+00
  0.41999E-01  0.14084E+03    0.42000E-01 -0.20031E-01 -0.21969E-01  0.00000E+00  0.00000E+00  0.00000E+00    0.14084E+03  0.00000E+00  0.00000E+00 -0.27821E+00  0.24829E+00  0.35913E+00
  0.42999E-01  0.14143E+03    0.43000E-01 -0.20507E-01 -0.22493E-01  0.00000E+00  0.00000E+00  0.00000E+00    0.14142E+03  0.00000E+00  0.00000E+00 -0.27751E+00  0.25081E+00  0.35991E+00
  0.43999E-01  0.14201E+03    0.44000E-01 -0.20983E-01 -0.23017E-01  0.00000E+00  0.00000E+00  0.00000E+00    0.14200E+03  0.00000E+00  0.00000E+00 -0.27677E+00  0.25336E+00  0.36067E+00
  0.44999E-01  0.14258E+03    0.45000E-01 -0.21459E-01 -0.23541E-01  0.00000E+00  0.00000E+00  0.00000E+00    0.14258E+03  0.00000E+00  0.00000E+00 -0.27599E+00  0.25592E+00  0.36144E+00
  0.45999E-01  0.14316E+03    0.46000E-01 -0.21936E-01 -0.24064E-01  0.00000E+00  0.00000E+00  0.00000E+00    0.14315E+03  0.00000E+00  0.00000E+00 -0.27517E+00  0.25851E+00  0.36220E+00
  0.46999E-01  0.14373E+03    0.47000E-01 -0.22412E-01 -0.24588E-01  0.00000E+00  0.00000E+00  0.00000E+00    0.14372E+03  0.00000E+00  0.00000E+00 -0.27431E+00  0.26112E+00  0.36295E+00
  0.47999E-01  0.14432E+03    0.48000E-01 -0.22888E-01 -0.25112E-01  0.00000E+00  0.00000E+00  0.00000E+00    0.14432E+03  0.00000E+00  0.00000E+00 -0.26977E+00  0.26566E+00  0.36357E+00
  0.48999E-01  0.14485E+03    0.49000E-01 -0.23364E-01 -0.25636E-01  0.00000E+00  0.00000E+00  0.00000E+00    0.14485E+03  0.00000E+00  0.00000E+00 -0.27242E+00  0.26649E+00  0.36445E+00
  0.49999E-01  0.14544E+03    0.50000E-01 -0.23840E-01 -0.26160E-01  0.00000E+00  0.00000E+00  0.00000E+00    0.14544E+03  0.00000E+00  0.00000E+00 -0.26790E+00  0.27102E+00  0.36505E+00
  0.50999E-01  0.14597E+03    0.51000E-01 -0.24316E-01 -0.26684E-01  0.00000E+00  0.00000E+00  0.00000E+00    0.14597E+03  0.00000E+00  0.00000E+00 -0.27046E+00  0.27185E+00  0.36594E+00
  0.51999E-01  0.14655E+03    0.52000E-01 -0.24792E-01 -0.27208E-01  0.00000E+00  0.00000E+00  0.00000E+00    0.14655E+03  0.00000E+00  0.00000E+00 -0.26587E+00  0.27647E+00  0.36651E+00
  0.52999E-01  0.14708E+03    0.53000E-01 -0.25268E-01 -0.27732E-01  0.00000E+00  0.00000E+00  0.00000E+00    0.14707E+03  0.00000E+00  0.00000E+00 -0.26836E+00  0.27730E+00  0.36741E+00
  0.53999E-01  0.14761E+03    0.54000E-01 -0.25744E-01 -0.28256E-01  0.00000E+00  0.00000E+00  0.00000E+00    0.14761E+03  0.00000E+00  0.00000E+00 -0.26777E+00  0.27977E+00  0.36812E+00
  0.54999E-01  0.14817E+03    0.55000E-01 -0.26220E-01 -0.28780E-01  0.00000E+00  0.00000E+00  0.00000E+00    0.14817E+03  0.00000E+00  0.00000E+00 -0.26623E+00  0.28271E+00  0.36887E+00
  0.55999E-01  0.14870E+03    0.56000E-01 -0.26696E-01 -0.29304E-01  0.00000E+00  0.00000E+00  0.00000E+00    0.14869E+03  0.00000E+00  0.00000E+00 -0.26548E+00  0.28532E+00  0.36957E+00
  0.56999E-01  0.14925E+03    0.57000E-01 -0.27172E-01 -0.29828E-01  0.00000E+00  0.00000E+00  0.00000E+00    0.14925E+03  0.00000E+00  0.00000E+00 -0.26387E+00  0.28831E+00  0.37032E+00
  0.57999E-01  0.14977E+03    0.58000E-01 -0.27648E-01 -0.30352E-01  0.00000E+00  0.00000E+00  0.00000E+00    0.14977E+03  0.00000E+00  0.00000E+00 -0.26305E+00  0.29095E+00  0.37103E+00
  0.58999E-01  0.15032E+03    0.59000E-01 -0.28124E-01 -0.30876E-01  0.00000E+00  0.00000E+00  0.00000E+00    0.15032E+03  0.00000E+00  0.00000E+00 -0.26137E+00  0.29399E+00  0.37177E+00
  0.59999E-01  0.15083E+03    0.60000E-01 -0.28600E-01 -0.31400E-01  0.00000E+00  0.00000E+00  0.00000E+00    0.15083E+03  0.00000E+00  0.00000E+00 -0.26049E+00  0.29666E+00  0.37249E+00
  0.60999E-01  0.15138E+03    0.61000E-01 -0.29075E-01 -0.31925E-01  0.00000E+00  0.00000E+00  0.00000E+00    0.15137E+03  0.00000E+00  0.00000E+00 -0.25875E+00  0.29974E+00  0.37322E+00
  0.61999E-01  0.15189E+03    0.62000E-01 -0.29551E-01 -0.32449E-01  0.00000E+00  0.00000E+00  0.00000E+00    0.15188E+03  0.00000E+00  0.00000E+00 -0.25781E+00  0.30245E+00  0.37393E+00
  0.62999E-01  0.15240E+03    0.63000E-01 -0.30027E-01 -0.32973E-01  0.00000E+00  0.00000E+00  0.00000E+00    0.15240E+03  0.00000E+00  0.00000E+00 -0.25650E+00  0.30534E+00  0.37465E+00
  0.63999E-01  0.15292E+03    0.64000E-01 -0.30503E-01 -0.33497E-01  0.00000E+00  0.00000E+00  0.00000E+00    0.15292E+03  0.00000E+00  0.00000E+00 -0.25510E+00  0.30828E+00  0.37538E+00
  0.64999E-01  0.15344E+03    0.65000E-01 -0.30978E-01 -0.34022E-01  0.00000E+00  0.00000E+00  0.00000E+00    0.15344E+03  0.00000E+00  0.00000E+00 -0.25365E+00  0.31124E+00  0.37610E+00
  0.65999E-01  0.15395E+03    0.66000E-01 -0.31454E-01 -0.34546E-01  0.00000E+00  0.00000E+00  0.00000E+00    0.15395E+03  0.00000E+00  0.00000E+00 -0.25218E+00  0.31422E+00  0.37683E+00
  0.66999E-01  0.15446E+03    0.67000E-01 -0.31930E-01 -0.35070E-01  0.00000E+00  0.00000E+00  0.00000E+00    0.15446E+03  0.00000E+00  0.00000E+00 -0.25067E+00  0.31722E+00  0.37756E+00
  0.67999E-01  0.15497E+03    0.68000E-01 -0.32405E-01 -0.35595E-01  0.00000E+00  0.00000E+00  0.00000E+00    0.15497E+03  0.00000E+00  0.00000E+00 -0.24913E+00  0.32023E+00  0.37829E+00
  0.68999E-01  0.15547E+03    0.69000E-01 -0.32881E-01 -0.36119E-01  0.00000E+00  0.00000E+00  0.00000E+00    0.15547E+03  0.00000E+00  0.00000E+00 -0.24757E+00  0.32327E+00  0.37903E+00
  0.69999E-01  0.15597E+03    0.70000E-01 -0.33357E-01 -0.36643E-01  0.00000E+00  0.00000E+00  0.00000E+00    0.15597E+03  0.00000E+00  0.00000E+00 -0.24598E+00  0.32632E+00  0.37976E+00
  0.70999E-01  0.15647E+03    0.71000E-01 -0.33832E-01 -0.37168E-01  0.00000E+00  0.00000E+00  0.00000E+00    0.15647E+03  0.00000E+00  0.00000E+00 -0.24436E+00  0.32939E+00  0.38050E+00
  0.71999E-01  0.15697E+03    0.72000E-01 -0.34308E-01 -0.37692E-01  0.00000E+00  0.00000E+00  0.00000E+00    0.15697E+03  0.00000E+00  0.00000E+00 -0.24271E+00  0.33248E+00  0.38124E+00
  0.72998E-01  0.15746E+03    0.73000E-01 -0.34783E-01 -0.38217E-01  0.00000E+00  0.00000E+00  0.00000E+00    0.15746E+03  0.00000E+00  0.00000E+00 -0.24103E+00  0.33559E+00  0.38199E+00
  0.73998E-01  0.15795E+03    0.74000E-01 -0.35259E-01 -0.38741E-01  0.00000E+00  0.00000E+00  0.00000E+00    0.15795E+03  0.00000E+00  0.00000E+00 -0.23933E+00  0.33871E+00  0.38274E+00
  0.74998E-01  0.15844E+03    0.75000E-01 -0.35734E-01 -0.39266E-01  0.00000E+00  0.00000E+00  0.00000E+00    0.15844E+03  0.00000E+00  0.00000E+00 -0.23760E+00  0.34186E+00  0.38350E+00
  0.75998E-01  0.15893E+03    0.76000E-01 -0.36209E-01 -0.39791E-01  0.00000E+00  0.00000E+00  0.00000E+00    0.15893E+03  0.00000E+00  0.00000E+00 -0.23585E+00  0.34503E+00  0.38426E+00
  0.76998E-01  0.15941E+03    0.77000E-01 -0.36685E-01 -0.40315E-01  0.00000E+00  0.00000E+00  0.00000E+00    0.15941E+03  0.00000E+00  0.00000E+00 -0.23407E+00  0.34822E+00  0.38503E+00
  0.77998E-01  0.15989E+03    0.78000E-01 -0.37160E-01 -0.40840E-01  0.00000E+00  0.00000E+00  0.00000E+00    0.15989E+03  0.00000E+00  0.00000E+00 -0.23226E+00  0.35142E+00  0.38580E+00
  0.78998E-01  0.16037E+03    0.79000E-01 -0.37635E-01 -0.41365E-01  0.00000E+00  0.00000E+00  0.00000E+00    0.16037E+03  0.00000E+00  0.00000E+00 -0.22185E+00  0.35856E+00  0.38663E+00
  0.79998E-01  0.16082E+03    0.80000E-01 -0.38111E-01 -0.41889E-01  0.00000E+00  0.00000E+00  0.00000E+00    0.16082E+03  0.00000E+00  0.00000E+00 -0.22223E+00  0.36135E+00  0.38752E+00
  0.80998E-01  0.16128E+03    0.81000E-01 -0.38586E-01 -0.42414E-01  0.00000E+00  0.00000E+00  0.00000E+00    0.16128E+03  0.00000E+00  0.00000E+00 -0.22000E+00  0.36473E+00  0.38834E+00
  0.81998E-01  0.16175E+03    0.82000E-01 -0.39061E-01 -0.42939E-01  0.00000E+00  0.00000E+00  0.00000E+00    0.16175E+03  0.00000E+00  0.00000E+00 -0.21808E+00  0.36805E+00  0.38916E+00
  0.82998E-01  0.16222E+03    0.83000E-01 -0.39537E-01 -0.43463E-01  0.00000E+00  0.00000E+00  0.00000E+00    0.16222E+03  0.00000E+00  0.00000E+00 -0.21615E+00  0.37138E+00  0.38997E+00
  0.83998E-01  0.16275E+03    0.84000E-01 -0.40012E-01 -0.43988E-01  0.00000E+00  0.00000E+00  0.00000E+00    0.16275E+03  0.00000E+00  0.00000E+00 -0.21225E+00  0.37552E+00  0.39070E+00
  0.84998E-01  0.16322E+03    0.85000E-01 -0.40487E-01 -0.44513E-01  0.00000E+00  0.00000E+00  0.00000E+00    0.16322E+03  0.00000E+00  0.00000E+00 -0.21077E+00  0.37879E+00  0.39150E+00
  0.85998E-01  0.16369E+03    0.86000E-01 -0.40962E-01 -0.45038E-01  0.00000E+00  0.00000E+00  0.00000E+00    0.16368E+03  0.00000E+00  0.00000E+00 -0.20877E+00  0.38219E+00  0.39234E+00
  0.86998E-01  0.16414E+03    0.87000E-01 -0.41437E-01 -0.45563E-01  0.00000E+00  0.00000E+00  0.00000E+00    0.16414E+03  0.00000E+00  0.00000E+00 -0.20673E+00  0.38561E+00  0.39319E+00
  0.87998E-01  0.16460E+03    0.88000E-01 -0.41912E-01 -0.46088E-01  0.00000E+00  0.00000E+00  0.00000E+00    0.16460E+03  0.00000E+00  0.00000E+00 -0.20468E+00  0.38906E+00  0.39406E+00
  0.88998E-01  0.16505E+03    0.89000E-01 -0.42387E-01 -0.46613E-01  0.00000E+00  0.00000E+00  0.00000E+00    0.16505E+03  0.00000E+00  0.00000E+00 -0.20260E+00  0.39252E+00  0.39493E+00
  0.89998E-01  0.16551E+03    0.90000E-01 -0.42862E-01 -0.47138E-01  0.00000E+00  0.00000E+00  0.00000E+00    0.16550E+03  0.00000E+00  0.00000E+00 -0.20050E+00  0.39601E+00  0.39582E+00
  0.90998E-01  0.16595E+03    0.91000E-01 -0.43337E-01 -0.47663E-01  0.00000E+00  0.00000E+00  0.00000E+00    0.16595E+03  0.00000E+00  0.00000E+00 -0.19839E+00  0.39952E+00  0.39672E+00
  0.91998E-01  0.16640E+03    0.92000E-01 -0.43812E-01 -0.48188E-01  0.00000E+00  0.00000E+00  0.00000E+00    0.16640E+03  0.00000E+00  0.00000E+00 -0.19625E+00  0.40305E+00  0.39764E+00
  0.92998E-01  0.16685E+03    0.93000E-01 -0.44287E-01 -0.48713E-01  0.00000E+00  0.00000E+00  0.00000E+00    0.16684E+03  0.00000E+00  0.00000E+00 -0.19409E+00  0.40660E+00  0.39856E+00
  0.93998E-01  0.16729E+03    0.94000E-01 -0.44762E-01 -0.49238E-01  0.00000E+00  0.00000E+00  0.00000E+00    0.16729E+03  0.00000E+00  0.00000E+00 -0.19190E+00  0.41018E+00  0.39950E+00
  0.94998E-01  0.16773E+03    0.95000E-01 -0.45237E-01 -0.49763E-01  0.00000E+00  0.00000E+00  0.00000E+00    0.16773E+03  0.00000E+00  0.00000E+00 -0.18970E+00  0.41378E+00  0.40046E+00
  0.95998E-01  0.16817E+03    0.96000E-01 -0.45712E-01 -0.50288E-01  0.00000E+00  0.00000E+00  0.00000E+00    0.16816E+03  0.00000E+00  0.00000E+00 -0.18748E+00  0.41740E+00  0.40143E+00
  0.96998E-01  0.16860E+03    0.97000E-01 -0.46187E-01 -0.50813E-01  0.00000E+00  0.00000E+00  0.00000E+00    0.16860E+03  0.00000E+00  0.00000E+00 -0.18524E+00  0.42104E+00  0.40242E+00
  0.97998E-01  0.16904E+03    0.98000E-01 -0.46661E-01 -0.51339E-01  0.00000E+00  0.00000E+00  0.00000E+00    0.16903E+03  0.00000E+00  0.00000E+00 -0.18298E+00  0.42471E+00  0.40342E+00
  0.98998E-01  0.16947E+03    0.99000E-01 -0.47136E-01 -0.51864E-01  0.00000E+00  0.00000E+00  0.00000E+00    0.16947E+03  0.00000E+00  0.00000E+00 -0.18070E+00  0.42840E+00  0.40444E+00
  0.99998E-01  0.16990E+03    0.10000E+00 -0.47611E-01 -0.52389E-01  0.00000E+00  0.00000E+00  0.00000E+00    0.16990E+03  0.00000E+00  0.00000E+00 -0.17840E+00  0.43212E+00  0.40548E+00
