          Evm          Svm            E11          E22          E33          E23          E13          E12         SCAU11       SCAU22       SCAU33       SCAU23       SCAU13       SCAU12      TEMP
  0.00000E+00  0.11158E+03    0.00000E+00  0.00000E+00  0.00000E+00  0.00000E+00  0.00000E+00  0.00000E+00    0.11158E+03  0.00000E+00  0.00000E+00 -0.25879E+00  0.16045E+00  0.30832E+00
  0.99998E-03  0.11229E+03    0.10000E-02 -0.47967E-03 -0.52033E-03  0.00000E+00  0.00000E+00  0.00000E+00    0.11229E+03  0.00000E+00  0.00000E+00 -0.26441E+00  0.16429E+00  0.31237E+00
  0.20000E-02  0.11296E+03    0.20000E-02 -0.95784E-03 -0.10422E-02  0.00000E+00  0.00000E+00  0.00000E+00    0.11296E+03  0.00000E+00  0.00000E+00 -0.26480E+00  0.16559E+00  0.31505E+00
  0.29999E-02  0.11370E+03    0.30000E-02 -0.14356E-02 -0.15644E-02  0.00000E+00  0.00000E+00  0.00000E+00    0.11370E+03  0.00000E+00  0.00000E+00 -0.26615E+00  0.16704E+00  0.31688E+00
  0.39999E-02  0.11442E+03    0.40000E-02 -0.19132E-02 -0.20868E-02  0.00000E+00  0.00000E+00  0.00000E+00    0.11442E+03  0.00000E+00  0.00000E+00 -0.26489E+00  0.16958E+00  0.31834E+00
  0.49999E-02  0.11516E+03    0.50000E-02 -0.23906E-02 -0.26094E-02  0.00000E+00  0.00000E+00  0.00000E+00    0.11516E+03  0.00000E+00  0.00000E+00 -0.26602E+00  0.17126E+00  0.31979E+00
  0.59999E-02  0.11589E+03    0.60000E-02 -0.28679E-02 -0.31321E-02  0.00000E+00  0.00000E+00  0.00000E+00    0.11589E+03  0.00000E+00  0.00000E+00 -0.26707E+00  0.17284E+00  0.32109E+00
  0.69998E-02  0.11661E+03    0.70000E-02 -0.33451E-02 -0.36549E-02  0.00000E+00  0.00000E+00  0.00000E+00    0.11661E+03  0.00000E+00  0.00000E+00 -0.26805E+00  0.17443E+00  0.32232E+00
  0.79998E-02  0.11733E+03    0.80000E-02 -0.38223E-02 -0.41777E-02  0.00000E+00  0.00000E+00  0.00000E+00    0.11733E+03  0.00000E+00  0.00000E+00 -0.26898E+00  0.17606E+00  0.32352E+00
  0.89998E-02  0.11804E+03    0.90000E-02 -0.42994E-02 -0.47006E-02  0.00000E+00  0.00000E+00  0.00000E+00    0.11804E+03  0.00000E+00  0.00000E+00 -0.26986E+00  0.17772E+00  0.32469E+00
  0.99998E-02  0.11875E+03    0.10000E-01 -0.47765E-02 -0.52235E-02  0.00000E+00  0.00000E+00  0.00000E+00    0.11875E+03  0.00000E+00  0.00000E+00 -0.27068E+00  0.17941E+00  0.32583E+00
  0.11000E-01  0.11946E+03    0.11000E-01 -0.52536E-02 -0.57464E-02  0.00000E+00  0.00000E+00  0.00000E+00    0.11946E+03  0.00000E+00  0.00000E+00 -0.27145E+00  0.18113E+00  0.32694E+00
  0.12000E-01  0.12016E+03    0.12000E-01 -0.57306E-02 -0.62694E-02  0.00000E+00  0.00000E+00  0.00000E+00    0.12016E+03  0.00000E+00  0.00000E+00 -0.27216E+00  0.18288E+00  0.32804E+00
  0.13000E-01  0.12086E+03    0.13000E-01 -0.62076E-02 -0.67924E-02  0.00000E+00  0.00000E+00  0.00000E+00    0.12085E+03  0.00000E+00  0.00000E+00 -0.27283E+00  0.18465E+00  0.32912E+00
  0.14000E-01  0.12155E+03    0.14000E-01 -0.66846E-02 -0.73154E-02  0.00000E+00  0.00000E+00  0.00000E+00    0.12154E+03  0.00000E+00  0.00000E+00 -0.27344E+00  0.18645E+00  0.33018E+00
  0.15000E-01  0.12223E+03    0.15000E-01 -0.71615E-02 -0.78385E-02  0.00000E+00  0.00000E+00  0.00000E+00    0.12223E+03  0.00000E+00  0.00000E+00 -0.27400E+00  0.18828E+00  0.33122E+00
  0.16000E-01  0.12292E+03    0.16000E-01 -0.76385E-02 -0.83615E-02  0.00000E+00  0.00000E+00  0.00000E+00    0.12292E+03  0.00000E+00  0.00000E+00 -0.27450E+00  0.19014E+00  0.33225E+00
  0.17000E-01  0.12360E+03    0.17000E-01 -0.81154E-02 -0.88846E-02  0.00000E+00  0.00000E+00  0.00000E+00    0.12360E+03  0.00000E+00  0.00000E+00 -0.27496E+00  0.19202E+00  0.33326E+00
  0.18000E-01  0.12427E+03    0.18000E-01 -0.85923E-02 -0.94077E-02  0.00000E+00  0.00000E+00  0.00000E+00    0.12427E+03  0.00000E+00  0.00000E+00 -0.27536E+00  0.19394E+00  0.33426E+00
  0.19000E-01  0.12494E+03    0.19000E-01 -0.90691E-02 -0.99309E-02  0.00000E+00  0.00000E+00  0.00000E+00    0.12494E+03  0.00000E+00  0.00000E+00 -0.27572E+00  0.19588E+00  0.33525E+00
  0.20000E-01  0.12561E+03    0.20000E-01 -0.95460E-02 -0.10454E-01  0.00000E+00  0.00000E+00  0.00000E+00    0.12561E+03  0.00000E+00  0.00000E+00 -0.27603E+00  0.19785E+00  0.33622E+00
  0.21000E-01  0.12628E+03    0.21000E-01 -0.10023E-01 -0.10977E-01  0.00000E+00  0.00000E+00  0.00000E+00    0.12627E+03  0.00000E+00  0.00000E+00 -0.27629E+00  0.19984E+00  0.33718E+00
  0.22000E-01  0.12693E+03    0.22000E-01 -0.10500E-01 -0.11500E-01  0.00000E+00  0.00000E+00  0.00000E+00    0.12693E+03  0.00000E+00  0.00000E+00 -0.27650E+00  0.20186E+00  0.33813E+00
  0.22999E-01  0.12759E+03    0.23000E-01 -0.10976E-01 -0.12024E-01  0.00000E+00  0.00000E+00  0.00000E+00    0.12759E+03  0.00000E+00  0.00000E+00 -0.27666E+00  0.20391E+00  0.33907E+00
  0.23999E-01  0.12824E+03    0.24000E-01 -0.11453E-01 -0.12547E-01  0.00000E+00  0.00000E+00  0.00000E+00    0.12824E+03  0.00000E+00  0.00000E+00 -0.27678E+00  0.20599E+00  0.33999E+00
  0.24999E-01  0.12889E+03    0.25000E-01 -0.11930E-01 -0.13070E-01  0.00000E+00  0.00000E+00  0.00000E+00    0.12889E+03  0.00000E+00  0.00000E+00 -0.27685E+00  0.20809E+00  0.34091E+00
  0.25999E-01  0.12953E+03    0.26000E-01 -0.12407E-01 -0.13593E-01  0.00000E+00  0.00000E+00  0.00000E+00    0.12953E+03  0.00000E+00  0.00000E+00 -0.27687E+00  0.21021E+00  0.34181E+00
  0.26999E-01  0.13017E+03    0.27000E-01 -0.12883E-01 -0.14117E-01  0.00000E+00  0.00000E+00  0.00000E+00    0.13017E+03  0.00000E+00  0.00000E+00 -0.27684E+00  0.21236E+00  0.34271E+00
  0.27999E-01  0.13081E+03    0.28000E-01 -0.13360E-01 -0.14640E-01  0.00000E+00  0.00000E+00  0.00000E+00    0.13081E+03  0.00000E+00  0.00000E+00 -0.27677E+00  0.21454E+00  0.34359E+00
  0.28999E-01  0.13144E+03    0.29000E-01 -0.13836E-01 -0.15164E-01  0.00000E+00  0.00000E+00  0.00000E+00    0.13144E+03  0.00000E+00  0.00000E+00 -0.27665E+00  0.21675E+00  0.34447E+00
  0.29999E-01  0.13207E+03    0.30000E-01 -0.14313E-01 -0.15687E-01  0.00000E+00  0.00000E+00  0.00000E+00    0.13207E+03  0.00000E+00  0.00000E+00 -0.27650E+00  0.21897E+00  0.34533E+00
  0.30999E-01  0.13269E+03    0.31000E-01 -0.14790E-01 -0.16210E-01  0.00000E+00  0.00000E+00  0.00000E+00    0.13269E+03  0.00000E+00  0.00000E+00 -0.27629E+00  0.22123E+00  0.34619E+00
  0.31999E-01  0.13332E+03    0.32000E-01 -0.15266E-01 -0.16734E-01  0.00000E+00  0.00000E+00  0.00000E+00    0.13331E+03  0.00000E+00  0.00000E+00 -0.27605E+00  0.22350E+00  0.34704E+00
  0.32999E-01  0.13393E+03    0.33000E-01 -0.15743E-01 -0.17257E-01  0.00000E+00  0.00000E+00  0.00000E+00    0.13393E+03  0.00000E+00  0.00000E+00 -0.27576E+00  0.22580E+00  0.34788E+00
  0.33999E-01  0.13455E+03    0.34000E-01 -0.16219E-01 -0.17781E-01  0.00000E+00  0.00000E+00  0.00000E+00    0.13454E+03  0.00000E+00  0.00000E+00 -0.27543E+00  0.22813E+00  0.34870E+00
  0.34999E-01  0.13516E+03    0.35000E-01 -0.16696E-01 -0.18304E-01  0.00000E+00  0.00000E+00  0.00000E+00    0.13515E+03  0.00000E+00  0.00000E+00 -0.27506E+00  0.23048E+00  0.34953E+00
  0.35999E-01  0.13576E+03    0.36000E-01 -0.17172E-01 -0.18828E-01  0.00000E+00  0.00000E+00  0.00000E+00    0.13576E+03  0.00000E+00  0.00000E+00 -0.27464E+00  0.23286E+00  0.35035E+00
  0.36999E-01  0.13637E+03    0.37000E-01 -0.17649E-01 -0.19351E-01  0.00000E+00  0.00000E+00  0.00000E+00    0.13636E+03  0.00000E+00  0.00000E+00 -0.27419E+00  0.23525E+00  0.35115E+00
  0.37999E-01  0.13697E+03    0.38000E-01 -0.18125E-01 -0.19875E-01  0.00000E+00  0.00000E+00  0.00000E+00    0.13696E+03  0.00000E+00  0.00000E+00 -0.27369E+00  0.23768E+00  0.35196E+00
  0.38999E-01  0.13752E+03    0.39000E-01 -0.18601E-01 -0.20399E-01  0.00000E+00  0.00000E+00  0.00000E+00    0.13751E+03  0.00000E+00  0.00000E+00 -0.27696E+00  0.23823E+00  0.35274E+00
  0.39999E-01  0.13815E+03    0.40000E-01 -0.19078E-01 -0.20922E-01  0.00000E+00  0.00000E+00  0.00000E+00    0.13815E+03  0.00000E+00  0.00000E+00 -0.27283E+00  0.24241E+00  0.35350E+00
  0.40999E-01  0.13870E+03    0.41000E-01 -0.19554E-01 -0.21446E-01  0.00000E+00  0.00000E+00  0.00000E+00    0.13870E+03  0.00000E+00  0.00000E+00 -0.27580E+00  0.24312E+00  0.35432E+00
  0.41999E-01  0.13929E+03    0.42000E-01 -0.20030E-01 -0.21970E-01  0.00000E+00  0.00000E+00  0.00000E+00    0.13928E+03  0.00000E+00  0.00000E+00 -0.27524E+00  0.24551E+00  0.35511E+00
  0.42999E-01  0.13987E+03    0.43000E-01 -0.20507E-01 -0.22493E-01  0.00000E+00  0.00000E+00  0.00000E+00    0.13987E+03  0.00000E+00  0.00000E+00 -0.27456E+00  0.24801E+00  0.35588E+00
  0.43999E-01  0.14045E+03    0.44000E-01 -0.20983E-01 -0.23017E-01  0.00000E+00  0.00000E+00  0.00000E+00    0.14045E+03  0.00000E+00  0.00000E+00 -0.27384E+00  0.25054E+00  0.35666E+00
  0.44999E-01  0.14103E+03    0.45000E-01 -0.21459E-01 -0.23541E-01  0.00000E+00  0.00000E+00  0.00000E+00    0.14102E+03  0.00000E+00  0.00000E+00 -0.27309E+00  0.25309E+00  0.35743E+00
  0.45999E-01  0.14160E+03    0.46000E-01 -0.21935E-01 -0.24065E-01  0.00000E+00  0.00000E+00  0.00000E+00    0.14160E+03  0.00000E+00  0.00000E+00 -0.27229E+00  0.25566E+00  0.35820E+00
  0.46999E-01  0.14217E+03    0.47000E-01 -0.22412E-01 -0.24588E-01  0.00000E+00  0.00000E+00  0.00000E+00    0.14217E+03  0.00000E+00  0.00000E+00 -0.27145E+00  0.25825E+00  0.35896E+00
  0.47999E-01  0.14274E+03    0.48000E-01 -0.22888E-01 -0.25112E-01  0.00000E+00  0.00000E+00  0.00000E+00    0.14273E+03  0.00000E+00  0.00000E+00 -0.27058E+00  0.26086E+00  0.35971E+00
  0.48999E-01  0.14332E+03    0.49000E-01 -0.23364E-01 -0.25636E-01  0.00000E+00  0.00000E+00  0.00000E+00    0.14332E+03  0.00000E+00  0.00000E+00 -0.26603E+00  0.26542E+00  0.36033E+00
  0.49999E-01  0.14386E+03    0.50000E-01 -0.23840E-01 -0.26160E-01  0.00000E+00  0.00000E+00  0.00000E+00    0.14385E+03  0.00000E+00  0.00000E+00 -0.26866E+00  0.26624E+00  0.36122E+00
  0.50999E-01  0.14444E+03    0.51000E-01 -0.24316E-01 -0.26684E-01  0.00000E+00  0.00000E+00  0.00000E+00    0.14444E+03  0.00000E+00  0.00000E+00 -0.26413E+00  0.27079E+00  0.36182E+00
  0.51999E-01  0.14497E+03    0.52000E-01 -0.24792E-01 -0.27208E-01  0.00000E+00  0.00000E+00  0.00000E+00    0.14497E+03  0.00000E+00  0.00000E+00 -0.26667E+00  0.27160E+00  0.36271E+00
  0.52999E-01  0.14554E+03    0.53000E-01 -0.25268E-01 -0.27732E-01  0.00000E+00  0.00000E+00  0.00000E+00    0.14554E+03  0.00000E+00  0.00000E+00 -0.26207E+00  0.27625E+00  0.36329E+00
  0.53999E-01  0.14607E+03    0.54000E-01 -0.25744E-01 -0.28256E-01  0.00000E+00  0.00000E+00  0.00000E+00    0.14606E+03  0.00000E+00  0.00000E+00 -0.26454E+00  0.27706E+00  0.36420E+00
  0.54999E-01  0.14660E+03    0.55000E-01 -0.26220E-01 -0.28780E-01  0.00000E+00  0.00000E+00  0.00000E+00    0.14660E+03  0.00000E+00  0.00000E+00 -0.26394E+00  0.27953E+00  0.36490E+00
  0.55999E-01  0.14716E+03    0.56000E-01 -0.26696E-01 -0.29304E-01  0.00000E+00  0.00000E+00  0.00000E+00    0.14715E+03  0.00000E+00  0.00000E+00 -0.26239E+00  0.28248E+00  0.36566E+00
  0.56999E-01  0.14768E+03    0.57000E-01 -0.27172E-01 -0.29828E-01  0.00000E+00  0.00000E+00  0.00000E+00    0.14768E+03  0.00000E+00  0.00000E+00 -0.26163E+00  0.28508E+00  0.36637E+00
  0.57999E-01  0.14823E+03    0.58000E-01 -0.27648E-01 -0.30352E-01  0.00000E+00  0.00000E+00  0.00000E+00    0.14823E+03  0.00000E+00  0.00000E+00 -0.26000E+00  0.28807E+00  0.36712E+00
  0.58999E-01  0.14875E+03    0.59000E-01 -0.28124E-01 -0.30876E-01  0.00000E+00  0.00000E+00  0.00000E+00    0.14874E+03  0.00000E+00  0.00000E+00 -0.25917E+00  0.29071E+00  0.36784E+00
  0.59999E-01  0.14929E+03    0.60000E-01 -0.28600E-01 -0.31400E-01  0.00000E+00  0.00000E+00  0.00000E+00    0.14929E+03  0.00000E+00  0.00000E+00 -0.25749E+00  0.29375E+00  0.36858E+00
  0.60999E-01  0.14980E+03    0.61000E-01 -0.29075E-01 -0.31925E-01  0.00000E+00  0.00000E+00  0.00000E+00    0.14980E+03  0.00000E+00  0.00000E+00 -0.25660E+00  0.29643E+00  0.36930E+00
  0.61999E-01  0.15034E+03    0.62000E-01 -0.29551E-01 -0.32449E-01  0.00000E+00  0.00000E+00  0.00000E+00    0.15034E+03  0.00000E+00  0.00000E+00 -0.25485E+00  0.29950E+00  0.37004E+00
  0.62999E-01  0.15085E+03    0.63000E-01 -0.30027E-01 -0.32973E-01  0.00000E+00  0.00000E+00  0.00000E+00    0.15085E+03  0.00000E+00  0.00000E+00 -0.25390E+00  0.30221E+00  0.37076E+00
  0.63999E-01  0.15136E+03    0.64000E-01 -0.30503E-01 -0.33497E-01  0.00000E+00  0.00000E+00  0.00000E+00    0.15136E+03  0.00000E+00  0.00000E+00 -0.25258E+00  0.30511E+00  0.37149E+00
  0.64999E-01  0.15188E+03    0.65000E-01 -0.30978E-01 -0.34022E-01  0.00000E+00  0.00000E+00  0.00000E+00    0.15188E+03  0.00000E+00  0.00000E+00 -0.25117E+00  0.30804E+00  0.37222E+00
  0.65999E-01  0.15239E+03    0.66000E-01 -0.31454E-01 -0.34546E-01  0.00000E+00  0.00000E+00  0.00000E+00    0.15239E+03  0.00000E+00  0.00000E+00 -0.24972E+00  0.31100E+00  0.37295E+00
  0.66999E-01  0.15290E+03    0.67000E-01 -0.31930E-01 -0.35070E-01  0.00000E+00  0.00000E+00  0.00000E+00    0.15290E+03  0.00000E+00  0.00000E+00 -0.24823E+00  0.31398E+00  0.37369E+00
  0.67999E-01  0.15341E+03    0.68000E-01 -0.32405E-01 -0.35595E-01  0.00000E+00  0.00000E+00  0.00000E+00    0.15341E+03  0.00000E+00  0.00000E+00 -0.24671E+00  0.31698E+00  0.37442E+00
  0.68999E-01  0.15391E+03    0.69000E-01 -0.32881E-01 -0.36119E-01  0.00000E+00  0.00000E+00  0.00000E+00    0.15391E+03  0.00000E+00  0.00000E+00 -0.24517E+00  0.31999E+00  0.37516E+00
  0.69999E-01  0.15442E+03    0.70000E-01 -0.33357E-01 -0.36643E-01  0.00000E+00  0.00000E+00  0.00000E+00    0.15441E+03  0.00000E+00  0.00000E+00 -0.24360E+00  0.32303E+00  0.37590E+00
  0.70999E-01  0.15491E+03    0.71000E-01 -0.33832E-01 -0.37168E-01  0.00000E+00  0.00000E+00  0.00000E+00    0.15491E+03  0.00000E+00  0.00000E+00 -0.24201E+00  0.32608E+00  0.37665E+00
  0.71999E-01  0.15541E+03    0.72000E-01 -0.34308E-01 -0.37692E-01  0.00000E+00  0.00000E+00  0.00000E+00    0.15541E+03  0.00000E+00  0.00000E+00 -0.24038E+00  0.32915E+00  0.37739E+00
  0.72998E-01  0.15590E+03    0.73000E-01 -0.34783E-01 -0.38217E-01  0.00000E+00  0.00000E+00  0.00000E+00    0.15590E+03  0.00000E+00  0.00000E+00 -0.23873E+00  0.33224E+00  0.37814E+00
  0.73998E-01  0.15639E+03    0.74000E-01 -0.35259E-01 -0.38741E-01  0.00000E+00  0.00000E+00  0.00000E+00    0.15639E+03  0.00000E+00  0.00000E+00 -0.23705E+00  0.33534E+00  0.37890E+00
  0.74998E-01  0.15688E+03    0.75000E-01 -0.35734E-01 -0.39266E-01  0.00000E+00  0.00000E+00  0.00000E+00    0.15688E+03  0.00000E+00  0.00000E+00 -0.23534E+00  0.33847E+00  0.37966E+00
  0.75998E-01  0.15737E+03    0.76000E-01 -0.36209E-01 -0.39791E-01  0.00000E+00  0.00000E+00  0.00000E+00    0.15737E+03  0.00000E+00  0.00000E+00 -0.23361E+00  0.34162E+00  0.38042E+00
  0.76998E-01  0.15785E+03    0.77000E-01 -0.36685E-01 -0.40315E-01  0.00000E+00  0.00000E+00  0.00000E+00    0.15785E+03  0.00000E+00  0.00000E+00 -0.23185E+00  0.34478E+00  0.38120E+00
  0.77998E-01  0.15833E+03    0.78000E-01 -0.37160E-01 -0.40840E-01  0.00000E+00  0.00000E+00  0.00000E+00    0.15833E+03  0.00000E+00  0.00000E+00 -0.23007E+00  0.34797E+00  0.38198E+00
  0.78998E-01  0.15881E+03    0.79000E-01 -0.37635E-01 -0.41365E-01  0.00000E+00  0.00000E+00  0.00000E+00    0.15881E+03  0.00000E+00  0.00000E+00 -0.22825E+00  0.35117E+00  0.38276E+00
  0.79998E-01  0.15929E+03    0.80000E-01 -0.38111E-01 -0.41889E-01  0.00000E+00  0.00000E+00  0.00000E+00    0.15929E+03  0.00000E+00  0.00000E+00 -0.21785E+00  0.35833E+00  0.38359E+00
  0.80998E-01  0.15973E+03    0.81000E-01 -0.38586E-01 -0.42414E-01  0.00000E+00  0.00000E+00  0.00000E+00    0.15973E+03  0.00000E+00  0.00000E+00 -0.21823E+00  0.36111E+00  0.38450E+00
  0.81998E-01  0.16019E+03    0.82000E-01 -0.39061E-01 -0.42939E-01  0.00000E+00  0.00000E+00  0.00000E+00    0.16019E+03  0.00000E+00  0.00000E+00 -0.21599E+00  0.36449E+00  0.38533E+00
  0.82998E-01  0.16066E+03    0.83000E-01 -0.39536E-01 -0.43464E-01  0.00000E+00  0.00000E+00  0.00000E+00    0.16066E+03  0.00000E+00  0.00000E+00 -0.21407E+00  0.36781E+00  0.38616E+00
  0.83998E-01  0.16113E+03    0.84000E-01 -0.40012E-01 -0.43988E-01  0.00000E+00  0.00000E+00  0.00000E+00    0.16112E+03  0.00000E+00  0.00000E+00 -0.21214E+00  0.37114E+00  0.38699E+00
  0.84998E-01  0.16165E+03    0.85000E-01 -0.40487E-01 -0.44513E-01  0.00000E+00  0.00000E+00  0.00000E+00    0.16165E+03  0.00000E+00  0.00000E+00 -0.20824E+00  0.37528E+00  0.38773E+00
  0.85998E-01  0.16212E+03    0.86000E-01 -0.40962E-01 -0.45038E-01  0.00000E+00  0.00000E+00  0.00000E+00    0.16212E+03  0.00000E+00  0.00000E+00 -0.20676E+00  0.37855E+00  0.38854E+00
  0.86998E-01  0.16258E+03    0.87000E-01 -0.41437E-01 -0.45563E-01  0.00000E+00  0.00000E+00  0.00000E+00    0.16258E+03  0.00000E+00  0.00000E+00 -0.20475E+00  0.38195E+00  0.38939E+00
  0.87998E-01  0.16304E+03    0.88000E-01 -0.41912E-01 -0.46088E-01  0.00000E+00  0.00000E+00  0.00000E+00    0.16304E+03  0.00000E+00  0.00000E+00 -0.20272E+00  0.38537E+00  0.39026E+00
  0.88998E-01  0.16349E+03    0.89000E-01 -0.42387E-01 -0.46613E-01  0.00000E+00  0.00000E+00  0.00000E+00    0.16349E+03  0.00000E+00  0.00000E+00 -0.20067E+00  0.38882E+00  0.39113E+00
  0.89998E-01  0.16394E+03    0.90000E-01 -0.42862E-01 -0.47138E-01  0.00000E+00  0.00000E+00  0.00000E+00    0.16394E+03  0.00000E+00  0.00000E+00 -0.19859E+00  0.39228E+00  0.39202E+00
  0.90998E-01  0.16439E+03    0.91000E-01 -0.43337E-01 -0.47663E-01  0.00000E+00  0.00000E+00  0.00000E+00    0.16439E+03  0.00000E+00  0.00000E+00 -0.19650E+00  0.39577E+00  0.39293E+00
  0.91998E-01  0.16484E+03    0.92000E-01 -0.43812E-01 -0.48188E-01  0.00000E+00  0.00000E+00  0.00000E+00    0.16484E+03  0.00000E+00  0.00000E+00 -0.19438E+00  0.39928E+00  0.39384E+00
  0.92998E-01  0.16528E+03    0.93000E-01 -0.44287E-01 -0.48713E-01  0.00000E+00  0.00000E+00  0.00000E+00    0.16528E+03  0.00000E+00  0.00000E+00 -0.19224E+00  0.40281E+00  0.39477E+00
  0.93998E-01  0.16573E+03    0.94000E-01 -0.44762E-01 -0.49238E-01  0.00000E+00  0.00000E+00  0.00000E+00    0.16572E+03  0.00000E+00  0.00000E+00 -0.19009E+00  0.40636E+00  0.39571E+00
  0.94998E-01  0.16617E+03    0.95000E-01 -0.45237E-01 -0.49763E-01  0.00000E+00  0.00000E+00  0.00000E+00    0.16616E+03  0.00000E+00  0.00000E+00 -0.18791E+00  0.40993E+00  0.39667E+00
  0.95998E-01  0.16661E+03    0.96000E-01 -0.45712E-01 -0.50288E-01  0.00000E+00  0.00000E+00  0.00000E+00    0.16660E+03  0.00000E+00  0.00000E+00 -0.18571E+00  0.41353E+00  0.39764E+00
  0.96998E-01  0.16704E+03    0.97000E-01 -0.46187E-01 -0.50813E-01  0.00000E+00  0.00000E+00  0.00000E+00    0.16704E+03  0.00000E+00  0.00000E+00 -0.18349E+00  0.41715E+00  0.39863E+00
  0.97998E-01  0.16747E+03    0.98000E-01 -0.46661E-01 -0.51339E-01  0.00000E+00  0.00000E+00  0.00000E+00    0.16747E+03  0.00000E+00  0.00000E+00 -0.18125E+00  0.42080E+00  0.39963E+00
  0.98998E-01  0.16791E+03    0.99000E-01 -0.47136E-01 -0.51864E-01  0.00000E+00  0.00000E+00  0.00000E+00    0.16790E+03  0.00000E+00  0.00000E+00 -0.17900E+00  0.42447E+00  0.40065E+00
  0.99998E-01  0.16834E+03    0.10000E+00 -0.47611E-01 -0.52389E-01  0.00000E+00  0.00000E+00  0.00000E+00    0.16833E+03  0.00000E+00  0.00000E+00 -0.17672E+00  0.42816E+00  0.40169E+00
