          Evm          Svm            E11          E22          E33          E23          E13          E12         SCAU11       SCAU22       SCAU33       SCAU23       SCAU13       SCAU12      TEMP
  0.00000E+00  0.11027E+03    0.00000E+00  0.00000E+00  0.00000E+00  0.00000E+00  0.00000E+00  0.00000E+00    0.11027E+03  0.00000E+00  0.00000E+00 -0.25574E+00  0.15856E+00  0.30469E+00
  0.99998E-03  0.11098E+03    0.10000E-02 -0.47967E-03 -0.52033E-03  0.00000E+00  0.00000E+00  0.00000E+00    0.11097E+03  0.00000E+00  0.00000E+00 -0.26135E+00  0.16236E+00  0.30871E+00
  0.20000E-02  0.11164E+03    0.20000E-02 -0.95784E-03 -0.10422E-02  0.00000E+00  0.00000E+00  0.00000E+00    0.11164E+03  0.00000E+00  0.00000E+00 -0.26176E+00  0.16366E+00  0.31138E+00
  0.29999E-02  0.11238E+03    0.30000E-02 -0.14356E-02 -0.15644E-02  0.00000E+00  0.00000E+00  0.00000E+00    0.11238E+03  0.00000E+00  0.00000E+00 -0.26312E+00  0.16511E+00  0.31321E+00
  0.39999E-02  0.11311E+03    0.40000E-02 -0.19132E-02 -0.20868E-02  0.00000E+00  0.00000E+00  0.00000E+00    0.11310E+03  0.00000E+00  0.00000E+00 -0.26187E+00  0.16764E+00  0.31468E+00
  0.49999E-02  0.11385E+03    0.50000E-02 -0.23906E-02 -0.26094E-02  0.00000E+00  0.00000E+00  0.00000E+00    0.11385E+03  0.00000E+00  0.00000E+00 -0.26301E+00  0.16931E+00  0.31613E+00
  0.59999E-02  0.11458E+03    0.60000E-02 -0.28679E-02 -0.31321E-02  0.00000E+00  0.00000E+00  0.00000E+00    0.11457E+03  0.00000E+00  0.00000E+00 -0.26407E+00  0.17088E+00  0.31743E+00
  0.69998E-02  0.11530E+03    0.70000E-02 -0.33451E-02 -0.36549E-02  0.00000E+00  0.00000E+00  0.00000E+00    0.11530E+03  0.00000E+00  0.00000E+00 -0.26506E+00  0.17247E+00  0.31868E+00
  0.79998E-02  0.11602E+03    0.80000E-02 -0.38223E-02 -0.41777E-02  0.00000E+00  0.00000E+00  0.00000E+00    0.11601E+03  0.00000E+00  0.00000E+00 -0.26600E+00  0.17409E+00  0.31988E+00
  0.89998E-02  0.11673E+03    0.90000E-02 -0.42994E-02 -0.47006E-02  0.00000E+00  0.00000E+00  0.00000E+00    0.11673E+03  0.00000E+00  0.00000E+00 -0.26689E+00  0.17574E+00  0.32105E+00
  0.99998E-02  0.11744E+03    0.10000E-01 -0.47765E-02 -0.52235E-02  0.00000E+00  0.00000E+00  0.00000E+00    0.11744E+03  0.00000E+00  0.00000E+00 -0.26772E+00  0.17742E+00  0.32220E+00
  0.11000E-01  0.11814E+03    0.11000E-01 -0.52536E-02 -0.57464E-02  0.00000E+00  0.00000E+00  0.00000E+00    0.11814E+03  0.00000E+00  0.00000E+00 -0.26850E+00  0.17912E+00  0.32332E+00
  0.12000E-01  0.11884E+03    0.12000E-01 -0.57306E-02 -0.62694E-02  0.00000E+00  0.00000E+00  0.00000E+00    0.11884E+03  0.00000E+00  0.00000E+00 -0.26923E+00  0.18086E+00  0.32443E+00
  0.13000E-01  0.11954E+03    0.13000E-01 -0.62076E-02 -0.67924E-02  0.00000E+00  0.00000E+00  0.00000E+00    0.11954E+03  0.00000E+00  0.00000E+00 -0.26990E+00  0.18263E+00  0.32551E+00
  0.14000E-01  0.12023E+03    0.14000E-01 -0.66846E-02 -0.73154E-02  0.00000E+00  0.00000E+00  0.00000E+00    0.12023E+03  0.00000E+00  0.00000E+00 -0.27053E+00  0.18442E+00  0.32658E+00
  0.15000E-01  0.12092E+03    0.15000E-01 -0.71615E-02 -0.78385E-02  0.00000E+00  0.00000E+00  0.00000E+00    0.12092E+03  0.00000E+00  0.00000E+00 -0.27110E+00  0.18624E+00  0.32763E+00
  0.16000E-01  0.12160E+03    0.16000E-01 -0.76385E-02 -0.83615E-02  0.00000E+00  0.00000E+00  0.00000E+00    0.12160E+03  0.00000E+00  0.00000E+00 -0.27162E+00  0.18809E+00  0.32867E+00
  0.17000E-01  0.12228E+03    0.17000E-01 -0.81154E-02 -0.88846E-02  0.00000E+00  0.00000E+00  0.00000E+00    0.12228E+03  0.00000E+00  0.00000E+00 -0.27209E+00  0.18996E+00  0.32969E+00
  0.18000E-01  0.12296E+03    0.18000E-01 -0.85922E-02 -0.94078E-02  0.00000E+00  0.00000E+00  0.00000E+00    0.12295E+03  0.00000E+00  0.00000E+00 -0.27251E+00  0.19187E+00  0.33069E+00
  0.19000E-01  0.12363E+03    0.19000E-01 -0.90691E-02 -0.99309E-02  0.00000E+00  0.00000E+00  0.00000E+00    0.12363E+03  0.00000E+00  0.00000E+00 -0.27288E+00  0.19380E+00  0.33169E+00
  0.20000E-01  0.12430E+03    0.20000E-01 -0.95460E-02 -0.10454E-01  0.00000E+00  0.00000E+00  0.00000E+00    0.12429E+03  0.00000E+00  0.00000E+00 -0.27320E+00  0.19575E+00  0.33267E+00
  0.21000E-01  0.12496E+03    0.21000E-01 -0.10023E-01 -0.10977E-01  0.00000E+00  0.00000E+00  0.00000E+00    0.12496E+03  0.00000E+00  0.00000E+00 -0.27347E+00  0.19774E+00  0.33364E+00
  0.22000E-01  0.12562E+03    0.22000E-01 -0.10500E-01 -0.11500E-01  0.00000E+00  0.00000E+00  0.00000E+00    0.12562E+03  0.00000E+00  0.00000E+00 -0.27369E+00  0.19975E+00  0.33459E+00
  0.22999E-01  0.12627E+03    0.23000E-01 -0.10976E-01 -0.12024E-01  0.00000E+00  0.00000E+00  0.00000E+00    0.12627E+03  0.00000E+00  0.00000E+00 -0.27387E+00  0.20179E+00  0.33554E+00
  0.23999E-01  0.12693E+03    0.24000E-01 -0.11453E-01 -0.12547E-01  0.00000E+00  0.00000E+00  0.00000E+00    0.12692E+03  0.00000E+00  0.00000E+00 -0.27400E+00  0.20385E+00  0.33647E+00
  0.24999E-01  0.12757E+03    0.25000E-01 -0.11930E-01 -0.13070E-01  0.00000E+00  0.00000E+00  0.00000E+00    0.12757E+03  0.00000E+00  0.00000E+00 -0.27408E+00  0.20594E+00  0.33739E+00
  0.25999E-01  0.12822E+03    0.26000E-01 -0.12407E-01 -0.13593E-01  0.00000E+00  0.00000E+00  0.00000E+00    0.12821E+03  0.00000E+00  0.00000E+00 -0.27412E+00  0.20805E+00  0.33830E+00
  0.26999E-01  0.12886E+03    0.27000E-01 -0.12883E-01 -0.14117E-01  0.00000E+00  0.00000E+00  0.00000E+00    0.12885E+03  0.00000E+00  0.00000E+00 -0.27411E+00  0.21019E+00  0.33920E+00
  0.27999E-01  0.12949E+03    0.28000E-01 -0.13360E-01 -0.14640E-01  0.00000E+00  0.00000E+00  0.00000E+00    0.12949E+03  0.00000E+00  0.00000E+00 -0.27405E+00  0.21236E+00  0.34009E+00
  0.28999E-01  0.13012E+03    0.29000E-01 -0.13837E-01 -0.15163E-01  0.00000E+00  0.00000E+00  0.00000E+00    0.13012E+03  0.00000E+00  0.00000E+00 -0.27395E+00  0.21455E+00  0.34098E+00
  0.29999E-01  0.13075E+03    0.30000E-01 -0.14313E-01 -0.15687E-01  0.00000E+00  0.00000E+00  0.00000E+00    0.13075E+03  0.00000E+00  0.00000E+00 -0.27381E+00  0.21677E+00  0.34185E+00
  0.30999E-01  0.13138E+03    0.31000E-01 -0.14790E-01 -0.16210E-01  0.00000E+00  0.00000E+00  0.00000E+00    0.13137E+03  0.00000E+00  0.00000E+00 -0.27362E+00  0.21901E+00  0.34271E+00
  0.31999E-01  0.13200E+03    0.32000E-01 -0.15266E-01 -0.16734E-01  0.00000E+00  0.00000E+00  0.00000E+00    0.13200E+03  0.00000E+00  0.00000E+00 -0.27339E+00  0.22127E+00  0.34357E+00
  0.32999E-01  0.13262E+03    0.33000E-01 -0.15743E-01 -0.17257E-01  0.00000E+00  0.00000E+00  0.00000E+00    0.13261E+03  0.00000E+00  0.00000E+00 -0.27312E+00  0.22356E+00  0.34441E+00
  0.33999E-01  0.13323E+03    0.34000E-01 -0.16219E-01 -0.17781E-01  0.00000E+00  0.00000E+00  0.00000E+00    0.13323E+03  0.00000E+00  0.00000E+00 -0.27280E+00  0.22588E+00  0.34525E+00
  0.34999E-01  0.13384E+03    0.35000E-01 -0.16696E-01 -0.18304E-01  0.00000E+00  0.00000E+00  0.00000E+00    0.13384E+03  0.00000E+00  0.00000E+00 -0.27244E+00  0.22821E+00  0.34608E+00
  0.35999E-01  0.13445E+03    0.36000E-01 -0.17172E-01 -0.18828E-01  0.00000E+00  0.00000E+00  0.00000E+00    0.13444E+03  0.00000E+00  0.00000E+00 -0.27204E+00  0.23057E+00  0.34690E+00
  0.36999E-01  0.13505E+03    0.37000E-01 -0.17649E-01 -0.19351E-01  0.00000E+00  0.00000E+00  0.00000E+00    0.13505E+03  0.00000E+00  0.00000E+00 -0.27160E+00  0.23296E+00  0.34772E+00
  0.37999E-01  0.13565E+03    0.38000E-01 -0.18125E-01 -0.19875E-01  0.00000E+00  0.00000E+00  0.00000E+00    0.13565E+03  0.00000E+00  0.00000E+00 -0.27112E+00  0.23537E+00  0.34853E+00
  0.38999E-01  0.13625E+03    0.39000E-01 -0.18601E-01 -0.20399E-01  0.00000E+00  0.00000E+00  0.00000E+00    0.13624E+03  0.00000E+00  0.00000E+00 -0.27060E+00  0.23780E+00  0.34933E+00
  0.39999E-01  0.13679E+03    0.40000E-01 -0.19078E-01 -0.20922E-01  0.00000E+00  0.00000E+00  0.00000E+00    0.13679E+03  0.00000E+00  0.00000E+00 -0.27385E+00  0.23835E+00  0.35012E+00
  0.40999E-01  0.13742E+03    0.41000E-01 -0.19554E-01 -0.21446E-01  0.00000E+00  0.00000E+00  0.00000E+00    0.13742E+03  0.00000E+00  0.00000E+00 -0.26970E+00  0.24255E+00  0.35087E+00
  0.41999E-01  0.13797E+03    0.42000E-01 -0.20030E-01 -0.21970E-01  0.00000E+00  0.00000E+00  0.00000E+00    0.13797E+03  0.00000E+00  0.00000E+00 -0.27265E+00  0.24325E+00  0.35170E+00
  0.42999E-01  0.13855E+03    0.43000E-01 -0.20507E-01 -0.22493E-01  0.00000E+00  0.00000E+00  0.00000E+00    0.13855E+03  0.00000E+00  0.00000E+00 -0.27207E+00  0.24565E+00  0.35249E+00
  0.43999E-01  0.13913E+03    0.44000E-01 -0.20983E-01 -0.23017E-01  0.00000E+00  0.00000E+00  0.00000E+00    0.13913E+03  0.00000E+00  0.00000E+00 -0.27137E+00  0.24815E+00  0.35326E+00
  0.44999E-01  0.13971E+03    0.45000E-01 -0.21459E-01 -0.23541E-01  0.00000E+00  0.00000E+00  0.00000E+00    0.13971E+03  0.00000E+00  0.00000E+00 -0.27063E+00  0.25069E+00  0.35404E+00
  0.45999E-01  0.14028E+03    0.46000E-01 -0.21935E-01 -0.24065E-01  0.00000E+00  0.00000E+00  0.00000E+00    0.14028E+03  0.00000E+00  0.00000E+00 -0.26985E+00  0.25325E+00  0.35481E+00
  0.46999E-01  0.14085E+03    0.47000E-01 -0.22412E-01 -0.24588E-01  0.00000E+00  0.00000E+00  0.00000E+00    0.14085E+03  0.00000E+00  0.00000E+00 -0.26903E+00  0.25582E+00  0.35558E+00
  0.47999E-01  0.14142E+03    0.48000E-01 -0.22888E-01 -0.25112E-01  0.00000E+00  0.00000E+00  0.00000E+00    0.14142E+03  0.00000E+00  0.00000E+00 -0.26818E+00  0.25842E+00  0.35634E+00
  0.48999E-01  0.14198E+03    0.49000E-01 -0.23364E-01 -0.25636E-01  0.00000E+00  0.00000E+00  0.00000E+00    0.14198E+03  0.00000E+00  0.00000E+00 -0.26728E+00  0.26104E+00  0.35710E+00
  0.49999E-01  0.14257E+03    0.50000E-01 -0.23840E-01 -0.26160E-01  0.00000E+00  0.00000E+00  0.00000E+00    0.14256E+03  0.00000E+00  0.00000E+00 -0.26272E+00  0.26562E+00  0.35772E+00
  0.50999E-01  0.14310E+03    0.51000E-01 -0.24316E-01 -0.26684E-01  0.00000E+00  0.00000E+00  0.00000E+00    0.14309E+03  0.00000E+00  0.00000E+00 -0.26533E+00  0.26643E+00  0.35862E+00
  0.51999E-01  0.14368E+03    0.52000E-01 -0.24792E-01 -0.27208E-01  0.00000E+00  0.00000E+00  0.00000E+00    0.14367E+03  0.00000E+00  0.00000E+00 -0.26078E+00  0.27100E+00  0.35921E+00
  0.52999E-01  0.14420E+03    0.53000E-01 -0.25268E-01 -0.27732E-01  0.00000E+00  0.00000E+00  0.00000E+00    0.14420E+03  0.00000E+00  0.00000E+00 -0.26331E+00  0.27180E+00  0.36011E+00
  0.53999E-01  0.14477E+03    0.54000E-01 -0.25744E-01 -0.28256E-01  0.00000E+00  0.00000E+00  0.00000E+00    0.14477E+03  0.00000E+00  0.00000E+00 -0.25869E+00  0.27646E+00  0.36069E+00
  0.54999E-01  0.14529E+03    0.55000E-01 -0.26220E-01 -0.28780E-01  0.00000E+00  0.00000E+00  0.00000E+00    0.14529E+03  0.00000E+00  0.00000E+00 -0.26115E+00  0.27727E+00  0.36160E+00
  0.55999E-01  0.14582E+03    0.56000E-01 -0.26696E-01 -0.29304E-01  0.00000E+00  0.00000E+00  0.00000E+00    0.14582E+03  0.00000E+00  0.00000E+00 -0.26053E+00  0.27973E+00  0.36231E+00
  0.56999E-01  0.14638E+03    0.57000E-01 -0.27172E-01 -0.29828E-01  0.00000E+00  0.00000E+00  0.00000E+00    0.14637E+03  0.00000E+00  0.00000E+00 -0.25897E+00  0.28269E+00  0.36307E+00
  0.57999E-01  0.14690E+03    0.58000E-01 -0.27648E-01 -0.30352E-01  0.00000E+00  0.00000E+00  0.00000E+00    0.14689E+03  0.00000E+00  0.00000E+00 -0.25819E+00  0.28530E+00  0.36378E+00
  0.58999E-01  0.14744E+03    0.59000E-01 -0.28124E-01 -0.30876E-01  0.00000E+00  0.00000E+00  0.00000E+00    0.14744E+03  0.00000E+00  0.00000E+00 -0.25655E+00  0.28830E+00  0.36454E+00
  0.59999E-01  0.14796E+03    0.60000E-01 -0.28600E-01 -0.31400E-01  0.00000E+00  0.00000E+00  0.00000E+00    0.14796E+03  0.00000E+00  0.00000E+00 -0.25571E+00  0.29094E+00  0.36526E+00
  0.60999E-01  0.14850E+03    0.61000E-01 -0.29075E-01 -0.31925E-01  0.00000E+00  0.00000E+00  0.00000E+00    0.14850E+03  0.00000E+00  0.00000E+00 -0.25400E+00  0.29398E+00  0.36601E+00
  0.61999E-01  0.14901E+03    0.62000E-01 -0.29551E-01 -0.32449E-01  0.00000E+00  0.00000E+00  0.00000E+00    0.14901E+03  0.00000E+00  0.00000E+00 -0.25310E+00  0.29666E+00  0.36673E+00
  0.62999E-01  0.14955E+03    0.63000E-01 -0.30027E-01 -0.32973E-01  0.00000E+00  0.00000E+00  0.00000E+00    0.14954E+03  0.00000E+00  0.00000E+00 -0.25134E+00  0.29974E+00  0.36748E+00
  0.63999E-01  0.15005E+03    0.64000E-01 -0.30503E-01 -0.33497E-01  0.00000E+00  0.00000E+00  0.00000E+00    0.15005E+03  0.00000E+00  0.00000E+00 -0.25038E+00  0.30245E+00  0.36820E+00
  0.64999E-01  0.15056E+03    0.65000E-01 -0.30978E-01 -0.34022E-01  0.00000E+00  0.00000E+00  0.00000E+00    0.15056E+03  0.00000E+00  0.00000E+00 -0.24905E+00  0.30535E+00  0.36893E+00
  0.65999E-01  0.15107E+03    0.66000E-01 -0.31454E-01 -0.34546E-01  0.00000E+00  0.00000E+00  0.00000E+00    0.15107E+03  0.00000E+00  0.00000E+00 -0.24763E+00  0.30829E+00  0.36967E+00
  0.66999E-01  0.15158E+03    0.67000E-01 -0.31930E-01 -0.35070E-01  0.00000E+00  0.00000E+00  0.00000E+00    0.15158E+03  0.00000E+00  0.00000E+00 -0.24617E+00  0.31125E+00  0.37041E+00
  0.67999E-01  0.15209E+03    0.68000E-01 -0.32405E-01 -0.35595E-01  0.00000E+00  0.00000E+00  0.00000E+00    0.15209E+03  0.00000E+00  0.00000E+00 -0.24467E+00  0.31423E+00  0.37115E+00
  0.68999E-01  0.15259E+03    0.69000E-01 -0.32881E-01 -0.36119E-01  0.00000E+00  0.00000E+00  0.00000E+00    0.15259E+03  0.00000E+00  0.00000E+00 -0.24314E+00  0.31722E+00  0.37189E+00
  0.69999E-01  0.15310E+03    0.70000E-01 -0.33357E-01 -0.36643E-01  0.00000E+00  0.00000E+00  0.00000E+00    0.15309E+03  0.00000E+00  0.00000E+00 -0.24159E+00  0.32024E+00  0.37264E+00
  0.70999E-01  0.15360E+03    0.71000E-01 -0.33832E-01 -0.37168E-01  0.00000E+00  0.00000E+00  0.00000E+00    0.15359E+03  0.00000E+00  0.00000E+00 -0.24001E+00  0.32327E+00  0.37339E+00
  0.71999E-01  0.15409E+03    0.72000E-01 -0.34308E-01 -0.37692E-01  0.00000E+00  0.00000E+00  0.00000E+00    0.15409E+03  0.00000E+00  0.00000E+00 -0.23841E+00  0.32633E+00  0.37414E+00
  0.72998E-01  0.15459E+03    0.73000E-01 -0.34783E-01 -0.38217E-01  0.00000E+00  0.00000E+00  0.00000E+00    0.15458E+03  0.00000E+00  0.00000E+00 -0.23677E+00  0.32940E+00  0.37489E+00
  0.73998E-01  0.15508E+03    0.74000E-01 -0.35259E-01 -0.38741E-01  0.00000E+00  0.00000E+00  0.00000E+00    0.15507E+03  0.00000E+00  0.00000E+00 -0.23511E+00  0.33249E+00  0.37565E+00
  0.74998E-01  0.15556E+03    0.75000E-01 -0.35734E-01 -0.39266E-01  0.00000E+00  0.00000E+00  0.00000E+00    0.15556E+03  0.00000E+00  0.00000E+00 -0.23343E+00  0.33560E+00  0.37641E+00
  0.75998E-01  0.15605E+03    0.76000E-01 -0.36209E-01 -0.39791E-01  0.00000E+00  0.00000E+00  0.00000E+00    0.15605E+03  0.00000E+00  0.00000E+00 -0.23171E+00  0.33873E+00  0.37718E+00
  0.76998E-01  0.15653E+03    0.77000E-01 -0.36685E-01 -0.40315E-01  0.00000E+00  0.00000E+00  0.00000E+00    0.15653E+03  0.00000E+00  0.00000E+00 -0.22997E+00  0.34188E+00  0.37796E+00
  0.77998E-01  0.15701E+03    0.78000E-01 -0.37160E-01 -0.40840E-01  0.00000E+00  0.00000E+00  0.00000E+00    0.15701E+03  0.00000E+00  0.00000E+00 -0.22821E+00  0.34505E+00  0.37874E+00
  0.78998E-01  0.15749E+03    0.79000E-01 -0.37635E-01 -0.41365E-01  0.00000E+00  0.00000E+00  0.00000E+00    0.15749E+03  0.00000E+00  0.00000E+00 -0.22641E+00  0.34823E+00  0.37952E+00
  0.79998E-01  0.15797E+03    0.80000E-01 -0.38111E-01 -0.41889E-01  0.00000E+00  0.00000E+00  0.00000E+00    0.15796E+03  0.00000E+00  0.00000E+00 -0.22460E+00  0.35144E+00  0.38031E+00
  0.80998E-01  0.15844E+03    0.81000E-01 -0.38586E-01 -0.42414E-01  0.00000E+00  0.00000E+00  0.00000E+00    0.15844E+03  0.00000E+00  0.00000E+00 -0.21420E+00  0.35862E+00  0.38116E+00
  0.81998E-01  0.15888E+03    0.82000E-01 -0.39061E-01 -0.42939E-01  0.00000E+00  0.00000E+00  0.00000E+00    0.15888E+03  0.00000E+00  0.00000E+00 -0.21457E+00  0.36140E+00  0.38208E+00
  0.82998E-01  0.15934E+03    0.83000E-01 -0.39537E-01 -0.43463E-01  0.00000E+00  0.00000E+00  0.00000E+00    0.15934E+03  0.00000E+00  0.00000E+00 -0.21233E+00  0.36478E+00  0.38292E+00
  0.83998E-01  0.15981E+03    0.84000E-01 -0.40012E-01 -0.43988E-01  0.00000E+00  0.00000E+00  0.00000E+00    0.15980E+03  0.00000E+00  0.00000E+00 -0.21040E+00  0.36810E+00  0.38376E+00
  0.84998E-01  0.16027E+03    0.85000E-01 -0.40487E-01 -0.44513E-01  0.00000E+00  0.00000E+00  0.00000E+00    0.16027E+03  0.00000E+00  0.00000E+00 -0.20847E+00  0.37144E+00  0.38460E+00
  0.85998E-01  0.16079E+03    0.86000E-01 -0.40962E-01 -0.45038E-01  0.00000E+00  0.00000E+00  0.00000E+00    0.16079E+03  0.00000E+00  0.00000E+00 -0.20456E+00  0.37559E+00  0.38535E+00
  0.86998E-01  0.16126E+03    0.87000E-01 -0.41437E-01 -0.45563E-01  0.00000E+00  0.00000E+00  0.00000E+00    0.16126E+03  0.00000E+00  0.00000E+00 -0.20308E+00  0.37885E+00  0.38618E+00
  0.87998E-01  0.16172E+03    0.88000E-01 -0.41912E-01 -0.46088E-01  0.00000E+00  0.00000E+00  0.00000E+00    0.16171E+03  0.00000E+00  0.00000E+00 -0.20107E+00  0.38226E+00  0.38704E+00
  0.88998E-01  0.16217E+03    0.89000E-01 -0.42387E-01 -0.46613E-01  0.00000E+00  0.00000E+00  0.00000E+00    0.16217E+03  0.00000E+00  0.00000E+00 -0.19903E+00  0.38568E+00  0.38792E+00
  0.89998E-01  0.16262E+03    0.90000E-01 -0.42862E-01 -0.47138E-01  0.00000E+00  0.00000E+00  0.00000E+00    0.16262E+03  0.00000E+00  0.00000E+00 -0.19697E+00  0.38913E+00  0.38881E+00
  0.90998E-01  0.16307E+03    0.91000E-01 -0.43337E-01 -0.47663E-01  0.00000E+00  0.00000E+00  0.00000E+00    0.16307E+03  0.00000E+00  0.00000E+00 -0.19490E+00  0.39260E+00  0.38971E+00
  0.91998E-01  0.16352E+03    0.92000E-01 -0.43812E-01 -0.48188E-01  0.00000E+00  0.00000E+00  0.00000E+00    0.16352E+03  0.00000E+00  0.00000E+00 -0.19280E+00  0.39609E+00  0.39063E+00
  0.92998E-01  0.16396E+03    0.93000E-01 -0.44287E-01 -0.48713E-01  0.00000E+00  0.00000E+00  0.00000E+00    0.16396E+03  0.00000E+00  0.00000E+00 -0.19068E+00  0.39960E+00  0.39156E+00
  0.93998E-01  0.16441E+03    0.94000E-01 -0.44762E-01 -0.49238E-01  0.00000E+00  0.00000E+00  0.00000E+00    0.16440E+03  0.00000E+00  0.00000E+00 -0.18855E+00  0.40313E+00  0.39250E+00
  0.94998E-01  0.16485E+03    0.95000E-01 -0.45237E-01 -0.49763E-01  0.00000E+00  0.00000E+00  0.00000E+00    0.16484E+03  0.00000E+00  0.00000E+00 -0.18639E+00  0.40669E+00  0.39346E+00
  0.95998E-01  0.16528E+03    0.96000E-01 -0.45712E-01 -0.50288E-01  0.00000E+00  0.00000E+00  0.00000E+00    0.16528E+03  0.00000E+00  0.00000E+00 -0.18421E+00  0.41027E+00  0.39443E+00
  0.96998E-01  0.16572E+03    0.97000E-01 -0.46187E-01 -0.50813E-01  0.00000E+00  0.00000E+00  0.00000E+00    0.16572E+03  0.00000E+00  0.00000E+00 -0.18201E+00  0.41387E+00  0.39542E+00
  0.97998E-01  0.16615E+03    0.98000E-01 -0.46662E-01 -0.51338E-01  0.00000E+00  0.00000E+00  0.00000E+00    0.16615E+03  0.00000E+00  0.00000E+00 -0.17979E+00  0.41749E+00  0.39643E+00
  0.98998E-01  0.16658E+03    0.99000E-01 -0.47136E-01 -0.51864E-01  0.00000E+00  0.00000E+00  0.00000E+00    0.16658E+03  0.00000E+00  0.00000E+00 -0.17756E+00  0.42114E+00  0.39745E+00
  0.99998E-01  0.16701E+03    0.10000E+00 -0.47611E-01 -0.52389E-01  0.00000E+00  0.00000E+00  0.00000E+00    0.16701E+03  0.00000E+00  0.00000E+00 -0.17530E+00  0.42481E+00  0.39848E+00
