          Evm          Svm            E11          E22          E33          E23          E13          E12         SCAU11       SCAU22       SCAU33       SCAU23       SCAU13       SCAU12      TEMP
  0.00000E+00  0.16284E+03    0.00000E+00  0.00000E+00  0.00000E+00  0.00000E+00  0.00000E+00  0.00000E+00    0.16283E+03  0.00000E+00  0.00000E+00 -0.37767E+00  0.23415E+00  0.44994E+00
  0.99998E-03  0.16353E+03    0.10000E-02 -0.47967E-03 -0.52033E-03  0.00000E+00  0.00000E+00  0.00000E+00    0.16353E+03  0.00000E+00  0.00000E+00 -0.38639E+00  0.23902E+00  0.45476E+00
  0.20000E-02  0.16418E+03    0.20000E-02 -0.95785E-03 -0.10421E-02  0.00000E+00  0.00000E+00  0.00000E+00    0.16418E+03  0.00000E+00  0.00000E+00 -0.38099E+00  0.24186E+00  0.45746E+00
  0.29999E-02  0.16487E+03    0.30000E-02 -0.14357E-02 -0.15643E-02  0.00000E+00  0.00000E+00  0.00000E+00    0.16486E+03  0.00000E+00  0.00000E+00 -0.38548E+00  0.24207E+00  0.45961E+00
  0.39999E-02  0.16567E+03    0.40000E-02 -0.19133E-02 -0.20867E-02  0.00000E+00  0.00000E+00  0.00000E+00    0.16566E+03  0.00000E+00  0.00000E+00 -0.38288E+00  0.24534E+00  0.46092E+00
  0.49999E-02  0.16634E+03    0.50000E-02 -0.23907E-02 -0.26093E-02  0.00000E+00  0.00000E+00  0.00000E+00    0.16634E+03  0.00000E+00  0.00000E+00 -0.38695E+00  0.24566E+00  0.46215E+00
  0.59999E-02  0.16713E+03    0.60000E-02 -0.28681E-02 -0.31319E-02  0.00000E+00  0.00000E+00  0.00000E+00    0.16712E+03  0.00000E+00  0.00000E+00 -0.38420E+00  0.24901E+00  0.46329E+00
  0.69998E-02  0.16780E+03    0.70000E-02 -0.33454E-02 -0.36546E-02  0.00000E+00  0.00000E+00  0.00000E+00    0.16779E+03  0.00000E+00  0.00000E+00 -0.38817E+00  0.24946E+00  0.46425E+00
  0.79998E-02  0.16857E+03    0.80000E-02 -0.38226E-02 -0.41774E-02  0.00000E+00  0.00000E+00  0.00000E+00    0.16857E+03  0.00000E+00  0.00000E+00 -0.38528E+00  0.25287E+00  0.46529E+00
  0.89998E-02  0.16923E+03    0.90000E-02 -0.42997E-02 -0.47003E-02  0.00000E+00  0.00000E+00  0.00000E+00    0.16923E+03  0.00000E+00  0.00000E+00 -0.38915E+00  0.25340E+00  0.46612E+00
  0.99998E-02  0.17000E+03    0.10000E-01 -0.47768E-02 -0.52232E-02  0.00000E+00  0.00000E+00  0.00000E+00    0.16999E+03  0.00000E+00  0.00000E+00 -0.38610E+00  0.25689E+00  0.46708E+00
  0.11000E-01  0.17065E+03    0.11000E-01 -0.52539E-02 -0.57461E-02  0.00000E+00  0.00000E+00  0.00000E+00    0.17065E+03  0.00000E+00  0.00000E+00 -0.38988E+00  0.25750E+00  0.46785E+00
  0.12000E-01  0.17141E+03    0.12000E-01 -0.57309E-02 -0.62691E-02  0.00000E+00  0.00000E+00  0.00000E+00    0.17140E+03  0.00000E+00  0.00000E+00 -0.38668E+00  0.26105E+00  0.46875E+00
  0.13000E-01  0.17205E+03    0.13000E-01 -0.62080E-02 -0.67920E-02  0.00000E+00  0.00000E+00  0.00000E+00    0.17205E+03  0.00000E+00  0.00000E+00 -0.39036E+00  0.26173E+00  0.46949E+00
  0.14000E-01  0.17280E+03    0.14000E-01 -0.66850E-02 -0.73150E-02  0.00000E+00  0.00000E+00  0.00000E+00    0.17280E+03  0.00000E+00  0.00000E+00 -0.38701E+00  0.26536E+00  0.47034E+00
  0.15000E-01  0.17344E+03    0.15000E-01 -0.71619E-02 -0.78381E-02  0.00000E+00  0.00000E+00  0.00000E+00    0.17344E+03  0.00000E+00  0.00000E+00 -0.39059E+00  0.26610E+00  0.47107E+00
  0.16000E-01  0.17417E+03    0.16000E-01 -0.76389E-02 -0.83611E-02  0.00000E+00  0.00000E+00  0.00000E+00    0.17417E+03  0.00000E+00  0.00000E+00 -0.38711E+00  0.26982E+00  0.47186E+00
  0.17000E-01  0.17481E+03    0.17000E-01 -0.81158E-02 -0.88842E-02  0.00000E+00  0.00000E+00  0.00000E+00    0.17480E+03  0.00000E+00  0.00000E+00 -0.39060E+00  0.27061E+00  0.47257E+00
  0.18000E-01  0.17547E+03    0.18000E-01 -0.85927E-02 -0.94073E-02  0.00000E+00  0.00000E+00  0.00000E+00    0.17546E+03  0.00000E+00  0.00000E+00 -0.39100E+00  0.27269E+00  0.47327E+00
  0.19000E-01  0.17620E+03    0.19000E-01 -0.90696E-02 -0.99304E-02  0.00000E+00  0.00000E+00  0.00000E+00    0.17620E+03  0.00000E+00  0.00000E+00 -0.38684E+00  0.27674E+00  0.47402E+00
  0.20000E-01  0.17683E+03    0.20000E-01 -0.95464E-02 -0.10454E-01  0.00000E+00  0.00000E+00  0.00000E+00    0.17683E+03  0.00000E+00  0.00000E+00 -0.39017E+00  0.27761E+00  0.47473E+00
  0.21000E-01  0.17748E+03    0.21000E-01 -0.10023E-01 -0.10977E-01  0.00000E+00  0.00000E+00  0.00000E+00    0.17747E+03  0.00000E+00  0.00000E+00 -0.39040E+00  0.27979E+00  0.47539E+00
  0.22000E-01  0.17814E+03    0.22000E-01 -0.10500E-01 -0.11500E-01  0.00000E+00  0.00000E+00  0.00000E+00    0.17813E+03  0.00000E+00  0.00000E+00 -0.39018E+00  0.28221E+00  0.47606E+00
  0.22999E-01  0.17879E+03    0.23000E-01 -0.10977E-01 -0.12023E-01  0.00000E+00  0.00000E+00  0.00000E+00    0.17879E+03  0.00000E+00  0.00000E+00 -0.38983E+00  0.28467E+00  0.47673E+00
  0.23999E-01  0.17945E+03    0.24000E-01 -0.11454E-01 -0.12546E-01  0.00000E+00  0.00000E+00  0.00000E+00    0.17944E+03  0.00000E+00  0.00000E+00 -0.38941E+00  0.28716E+00  0.47740E+00
  0.24999E-01  0.18010E+03    0.25000E-01 -0.11930E-01 -0.13070E-01  0.00000E+00  0.00000E+00  0.00000E+00    0.18009E+03  0.00000E+00  0.00000E+00 -0.38894E+00  0.28969E+00  0.47805E+00
  0.25999E-01  0.18074E+03    0.26000E-01 -0.12407E-01 -0.13593E-01  0.00000E+00  0.00000E+00  0.00000E+00    0.18074E+03  0.00000E+00  0.00000E+00 -0.38841E+00  0.29225E+00  0.47869E+00
  0.26999E-01  0.18139E+03    0.27000E-01 -0.12884E-01 -0.14116E-01  0.00000E+00  0.00000E+00  0.00000E+00    0.18138E+03  0.00000E+00  0.00000E+00 -0.38784E+00  0.29483E+00  0.47932E+00
  0.27999E-01  0.18203E+03    0.28000E-01 -0.13360E-01 -0.14640E-01  0.00000E+00  0.00000E+00  0.00000E+00    0.18202E+03  0.00000E+00  0.00000E+00 -0.38721E+00  0.29745E+00  0.47995E+00
  0.28999E-01  0.18266E+03    0.29000E-01 -0.13837E-01 -0.15163E-01  0.00000E+00  0.00000E+00  0.00000E+00    0.18266E+03  0.00000E+00  0.00000E+00 -0.38653E+00  0.30010E+00  0.48056E+00
  0.29999E-01  0.18329E+03    0.30000E-01 -0.14314E-01 -0.15686E-01  0.00000E+00  0.00000E+00  0.00000E+00    0.18329E+03  0.00000E+00  0.00000E+00 -0.38580E+00  0.30278E+00  0.48117E+00
  0.30999E-01  0.18392E+03    0.31000E-01 -0.14790E-01 -0.16210E-01  0.00000E+00  0.00000E+00  0.00000E+00    0.18392E+03  0.00000E+00  0.00000E+00 -0.38502E+00  0.30549E+00  0.48178E+00
  0.31999E-01  0.18454E+03    0.32000E-01 -0.15267E-01 -0.16733E-01  0.00000E+00  0.00000E+00  0.00000E+00    0.18454E+03  0.00000E+00  0.00000E+00 -0.38419E+00  0.30823E+00  0.48237E+00
  0.32999E-01  0.18517E+03    0.33000E-01 -0.15743E-01 -0.17257E-01  0.00000E+00  0.00000E+00  0.00000E+00    0.18516E+03  0.00000E+00  0.00000E+00 -0.38331E+00  0.31101E+00  0.48297E+00
  0.33999E-01  0.18578E+03    0.34000E-01 -0.16220E-01 -0.17780E-01  0.00000E+00  0.00000E+00  0.00000E+00    0.18578E+03  0.00000E+00  0.00000E+00 -0.38238E+00  0.31381E+00  0.48355E+00
  0.34999E-01  0.18640E+03    0.35000E-01 -0.16696E-01 -0.18304E-01  0.00000E+00  0.00000E+00  0.00000E+00    0.18639E+03  0.00000E+00  0.00000E+00 -0.38141E+00  0.31664E+00  0.48413E+00
  0.35999E-01  0.18701E+03    0.36000E-01 -0.17173E-01 -0.18827E-01  0.00000E+00  0.00000E+00  0.00000E+00    0.18700E+03  0.00000E+00  0.00000E+00 -0.38038E+00  0.31949E+00  0.48471E+00
  0.36999E-01  0.18761E+03    0.37000E-01 -0.17649E-01 -0.19351E-01  0.00000E+00  0.00000E+00  0.00000E+00    0.18761E+03  0.00000E+00  0.00000E+00 -0.37931E+00  0.32238E+00  0.48528E+00
  0.37999E-01  0.18821E+03    0.38000E-01 -0.18125E-01 -0.19875E-01  0.00000E+00  0.00000E+00  0.00000E+00    0.18821E+03  0.00000E+00  0.00000E+00 -0.37820E+00  0.32530E+00  0.48584E+00
  0.38999E-01  0.18881E+03    0.39000E-01 -0.18602E-01 -0.20398E-01  0.00000E+00  0.00000E+00  0.00000E+00    0.18881E+03  0.00000E+00  0.00000E+00 -0.37704E+00  0.32824E+00  0.48640E+00
  0.39999E-01  0.18941E+03    0.40000E-01 -0.19078E-01 -0.20922E-01  0.00000E+00  0.00000E+00  0.00000E+00    0.18941E+03  0.00000E+00  0.00000E+00 -0.37584E+00  0.33121E+00  0.48695E+00
  0.40999E-01  0.19000E+03    0.41000E-01 -0.19554E-01 -0.21446E-01  0.00000E+00  0.00000E+00  0.00000E+00    0.19000E+03  0.00000E+00  0.00000E+00 -0.37459E+00  0.33421E+00  0.48751E+00
  0.41999E-01  0.19059E+03    0.42000E-01 -0.20031E-01 -0.21969E-01  0.00000E+00  0.00000E+00  0.00000E+00    0.19059E+03  0.00000E+00  0.00000E+00 -0.37330E+00  0.33724E+00  0.48806E+00
  0.42999E-01  0.19118E+03    0.43000E-01 -0.20507E-01 -0.22493E-01  0.00000E+00  0.00000E+00  0.00000E+00    0.19117E+03  0.00000E+00  0.00000E+00 -0.37197E+00  0.34029E+00  0.48860E+00
  0.43999E-01  0.19176E+03    0.44000E-01 -0.20983E-01 -0.23017E-01  0.00000E+00  0.00000E+00  0.00000E+00    0.19176E+03  0.00000E+00  0.00000E+00 -0.37060E+00  0.34336E+00  0.48914E+00
  0.44999E-01  0.19234E+03    0.45000E-01 -0.21459E-01 -0.23541E-01  0.00000E+00  0.00000E+00  0.00000E+00    0.19234E+03  0.00000E+00  0.00000E+00 -0.36919E+00  0.34647E+00  0.48968E+00
  0.45999E-01  0.19292E+03    0.46000E-01 -0.21936E-01 -0.24064E-01  0.00000E+00  0.00000E+00  0.00000E+00    0.19291E+03  0.00000E+00  0.00000E+00 -0.36773E+00  0.34960E+00  0.49022E+00
  0.46999E-01  0.19349E+03    0.47000E-01 -0.22412E-01 -0.24588E-01  0.00000E+00  0.00000E+00  0.00000E+00    0.19348E+03  0.00000E+00  0.00000E+00 -0.36623E+00  0.35276E+00  0.49076E+00
  0.47999E-01  0.19400E+03    0.48000E-01 -0.22888E-01 -0.25112E-01  0.00000E+00  0.00000E+00  0.00000E+00    0.19400E+03  0.00000E+00  0.00000E+00 -0.35771E+00  0.35838E+00  0.49144E+00
  0.48999E-01  0.19459E+03    0.49000E-01 -0.23364E-01 -0.25636E-01  0.00000E+00  0.00000E+00  0.00000E+00    0.19459E+03  0.00000E+00  0.00000E+00 -0.35621E+00  0.36195E+00  0.49198E+00
  0.49999E-01  0.19516E+03    0.50000E-01 -0.23840E-01 -0.26160E-01  0.00000E+00  0.00000E+00  0.00000E+00    0.19516E+03  0.00000E+00  0.00000E+00 -0.35464E+00  0.36525E+00  0.49251E+00
  0.50999E-01  0.19572E+03    0.51000E-01 -0.24316E-01 -0.26684E-01  0.00000E+00  0.00000E+00  0.00000E+00    0.19572E+03  0.00000E+00  0.00000E+00 -0.35298E+00  0.36855E+00  0.49304E+00
  0.51999E-01  0.19628E+03    0.52000E-01 -0.24792E-01 -0.27208E-01  0.00000E+00  0.00000E+00  0.00000E+00    0.19627E+03  0.00000E+00  0.00000E+00 -0.35128E+00  0.37187E+00  0.49358E+00
  0.52999E-01  0.19683E+03    0.53000E-01 -0.25268E-01 -0.27732E-01  0.00000E+00  0.00000E+00  0.00000E+00    0.19683E+03  0.00000E+00  0.00000E+00 -0.34955E+00  0.37521E+00  0.49411E+00
  0.53999E-01  0.19746E+03    0.54000E-01 -0.25744E-01 -0.28256E-01  0.00000E+00  0.00000E+00  0.00000E+00    0.19746E+03  0.00000E+00  0.00000E+00 -0.34590E+00  0.37914E+00  0.49468E+00
  0.54999E-01  0.19802E+03    0.55000E-01 -0.26220E-01 -0.28780E-01  0.00000E+00  0.00000E+00  0.00000E+00    0.19802E+03  0.00000E+00  0.00000E+00 -0.34466E+00  0.38247E+00  0.49516E+00
  0.55999E-01  0.19856E+03    0.56000E-01 -0.26696E-01 -0.29304E-01  0.00000E+00  0.00000E+00  0.00000E+00    0.19856E+03  0.00000E+00  0.00000E+00 -0.34282E+00  0.38589E+00  0.49568E+00
  0.56999E-01  0.19910E+03    0.57000E-01 -0.27172E-01 -0.29828E-01  0.00000E+00  0.00000E+00  0.00000E+00    0.19910E+03  0.00000E+00  0.00000E+00 -0.34093E+00  0.38934E+00  0.49622E+00
  0.57999E-01  0.19964E+03    0.58000E-01 -0.27647E-01 -0.30353E-01  0.00000E+00  0.00000E+00  0.00000E+00    0.19964E+03  0.00000E+00  0.00000E+00 -0.33901E+00  0.39280E+00  0.49675E+00
  0.58999E-01  0.20018E+03    0.59000E-01 -0.28123E-01 -0.30877E-01  0.00000E+00  0.00000E+00  0.00000E+00    0.20017E+03  0.00000E+00  0.00000E+00 -0.33706E+00  0.39628E+00  0.49729E+00
  0.59999E-01  0.20071E+03    0.60000E-01 -0.28599E-01 -0.31401E-01  0.00000E+00  0.00000E+00  0.00000E+00    0.20071E+03  0.00000E+00  0.00000E+00 -0.33508E+00  0.39979E+00  0.49783E+00
  0.60999E-01  0.20124E+03    0.61000E-01 -0.29075E-01 -0.31925E-01  0.00000E+00  0.00000E+00  0.00000E+00    0.20124E+03  0.00000E+00  0.00000E+00 -0.33306E+00  0.40332E+00  0.49838E+00
  0.61999E-01  0.20177E+03    0.62000E-01 -0.29550E-01 -0.32450E-01  0.00000E+00  0.00000E+00  0.00000E+00    0.20176E+03  0.00000E+00  0.00000E+00 -0.33101E+00  0.40687E+00  0.49893E+00
  0.62999E-01  0.20229E+03    0.63000E-01 -0.30026E-01 -0.32974E-01  0.00000E+00  0.00000E+00  0.00000E+00    0.20229E+03  0.00000E+00  0.00000E+00 -0.32892E+00  0.41045E+00  0.49948E+00
  0.63999E-01  0.20281E+03    0.64000E-01 -0.30502E-01 -0.33498E-01  0.00000E+00  0.00000E+00  0.00000E+00    0.20281E+03  0.00000E+00  0.00000E+00 -0.32680E+00  0.41404E+00  0.50003E+00
  0.64999E-01  0.20333E+03    0.65000E-01 -0.30977E-01 -0.34023E-01  0.00000E+00  0.00000E+00  0.00000E+00    0.20333E+03  0.00000E+00  0.00000E+00 -0.32465E+00  0.41766E+00  0.50059E+00
  0.65999E-01  0.20384E+03    0.66000E-01 -0.31453E-01 -0.34547E-01  0.00000E+00  0.00000E+00  0.00000E+00    0.20384E+03  0.00000E+00  0.00000E+00 -0.32247E+00  0.42130E+00  0.50116E+00
  0.66999E-01  0.20436E+03    0.67000E-01 -0.31929E-01 -0.35071E-01  0.00000E+00  0.00000E+00  0.00000E+00    0.20435E+03  0.00000E+00  0.00000E+00 -0.32026E+00  0.42496E+00  0.50173E+00
  0.67999E-01  0.20487E+03    0.68000E-01 -0.32404E-01 -0.35596E-01  0.00000E+00  0.00000E+00  0.00000E+00    0.20486E+03  0.00000E+00  0.00000E+00 -0.31801E+00  0.42865E+00  0.50231E+00
  0.68999E-01  0.20538E+03    0.69000E-01 -0.32880E-01 -0.36120E-01  0.00000E+00  0.00000E+00  0.00000E+00    0.20537E+03  0.00000E+00  0.00000E+00 -0.31574E+00  0.43235E+00  0.50289E+00
  0.69999E-01  0.20588E+03    0.70000E-01 -0.33355E-01 -0.36645E-01  0.00000E+00  0.00000E+00  0.00000E+00    0.20588E+03  0.00000E+00  0.00000E+00 -0.31343E+00  0.43608E+00  0.50349E+00
  0.70999E-01  0.20638E+03    0.71000E-01 -0.33831E-01 -0.37169E-01  0.00000E+00  0.00000E+00  0.00000E+00    0.20638E+03  0.00000E+00  0.00000E+00 -0.31109E+00  0.43983E+00  0.50408E+00
  0.71998E-01  0.20688E+03    0.72000E-01 -0.34306E-01 -0.37694E-01  0.00000E+00  0.00000E+00  0.00000E+00    0.20688E+03  0.00000E+00  0.00000E+00 -0.30873E+00  0.44360E+00  0.50469E+00
  0.72998E-01  0.20738E+03    0.73000E-01 -0.34782E-01 -0.38218E-01  0.00000E+00  0.00000E+00  0.00000E+00    0.20737E+03  0.00000E+00  0.00000E+00 -0.30633E+00  0.44739E+00  0.50531E+00
  0.73998E-01  0.20787E+03    0.74000E-01 -0.35257E-01 -0.38743E-01  0.00000E+00  0.00000E+00  0.00000E+00    0.20787E+03  0.00000E+00  0.00000E+00 -0.30391E+00  0.45121E+00  0.50593E+00
  0.74998E-01  0.20836E+03    0.75000E-01 -0.35732E-01 -0.39268E-01  0.00000E+00  0.00000E+00  0.00000E+00    0.20836E+03  0.00000E+00  0.00000E+00 -0.30145E+00  0.45505E+00  0.50656E+00
  0.75998E-01  0.20885E+03    0.76000E-01 -0.36208E-01 -0.39792E-01  0.00000E+00  0.00000E+00  0.00000E+00    0.20885E+03  0.00000E+00  0.00000E+00 -0.29897E+00  0.45891E+00  0.50720E+00
  0.76998E-01  0.20934E+03    0.77000E-01 -0.36683E-01 -0.40317E-01  0.00000E+00  0.00000E+00  0.00000E+00    0.20934E+03  0.00000E+00  0.00000E+00 -0.29646E+00  0.46279E+00  0.50786E+00
  0.77998E-01  0.20982E+03    0.78000E-01 -0.37158E-01 -0.40842E-01  0.00000E+00  0.00000E+00  0.00000E+00    0.20982E+03  0.00000E+00  0.00000E+00 -0.29392E+00  0.46670E+00  0.50852E+00
  0.78998E-01  0.21030E+03    0.79000E-01 -0.37633E-01 -0.41367E-01  0.00000E+00  0.00000E+00  0.00000E+00    0.21030E+03  0.00000E+00  0.00000E+00 -0.29136E+00  0.47063E+00  0.50919E+00
  0.79998E-01  0.21078E+03    0.80000E-01 -0.38109E-01 -0.41891E-01  0.00000E+00  0.00000E+00  0.00000E+00    0.21078E+03  0.00000E+00  0.00000E+00 -0.28877E+00  0.47458E+00  0.50988E+00
  0.80998E-01  0.21126E+03    0.81000E-01 -0.38584E-01 -0.42416E-01  0.00000E+00  0.00000E+00  0.00000E+00    0.21126E+03  0.00000E+00  0.00000E+00 -0.28615E+00  0.47855E+00  0.51058E+00
  0.81998E-01  0.21173E+03    0.82000E-01 -0.39059E-01 -0.42941E-01  0.00000E+00  0.00000E+00  0.00000E+00    0.21173E+03  0.00000E+00  0.00000E+00 -0.28350E+00  0.48255E+00  0.51129E+00
  0.82998E-01  0.21221E+03    0.83000E-01 -0.39534E-01 -0.43466E-01  0.00000E+00  0.00000E+00  0.00000E+00    0.21220E+03  0.00000E+00  0.00000E+00 -0.28083E+00  0.48658E+00  0.51201E+00
  0.83998E-01  0.21268E+03    0.84000E-01 -0.40009E-01 -0.43991E-01  0.00000E+00  0.00000E+00  0.00000E+00    0.21267E+03  0.00000E+00  0.00000E+00 -0.27814E+00  0.49063E+00  0.51275E+00
  0.84998E-01  0.21314E+03    0.85000E-01 -0.40484E-01 -0.44516E-01  0.00000E+00  0.00000E+00  0.00000E+00    0.21314E+03  0.00000E+00  0.00000E+00 -0.27541E+00  0.49470E+00  0.51351E+00
  0.85998E-01  0.21361E+03    0.86000E-01 -0.40960E-01 -0.45040E-01  0.00000E+00  0.00000E+00  0.00000E+00    0.21360E+03  0.00000E+00  0.00000E+00 -0.27267E+00  0.49880E+00  0.51427E+00
  0.86998E-01  0.21407E+03    0.87000E-01 -0.41435E-01 -0.45565E-01  0.00000E+00  0.00000E+00  0.00000E+00    0.21407E+03  0.00000E+00  0.00000E+00 -0.26990E+00  0.50292E+00  0.51506E+00
  0.87998E-01  0.21453E+03    0.88000E-01 -0.41910E-01 -0.46090E-01  0.00000E+00  0.00000E+00  0.00000E+00    0.21453E+03  0.00000E+00  0.00000E+00 -0.26710E+00  0.50707E+00  0.51586E+00
  0.88998E-01  0.21499E+03    0.89000E-01 -0.42385E-01 -0.46615E-01  0.00000E+00  0.00000E+00  0.00000E+00    0.21498E+03  0.00000E+00  0.00000E+00 -0.26429E+00  0.51125E+00  0.51667E+00
  0.89998E-01  0.21544E+03    0.90000E-01 -0.42860E-01 -0.47140E-01  0.00000E+00  0.00000E+00  0.00000E+00    0.21544E+03  0.00000E+00  0.00000E+00 -0.26144E+00  0.51545E+00  0.51751E+00
  0.90998E-01  0.21590E+03    0.91000E-01 -0.43335E-01 -0.47665E-01  0.00000E+00  0.00000E+00  0.00000E+00    0.21589E+03  0.00000E+00  0.00000E+00 -0.25858E+00  0.51967E+00  0.51836E+00
  0.91998E-01  0.21635E+03    0.92000E-01 -0.43810E-01 -0.48190E-01  0.00000E+00  0.00000E+00  0.00000E+00    0.21634E+03  0.00000E+00  0.00000E+00 -0.25569E+00  0.52393E+00  0.51923E+00
  0.92998E-01  0.21680E+03    0.93000E-01 -0.44284E-01 -0.48716E-01  0.00000E+00  0.00000E+00  0.00000E+00    0.21679E+03  0.00000E+00  0.00000E+00 -0.25278E+00  0.52821E+00  0.52012E+00
  0.93998E-01  0.21724E+03    0.94000E-01 -0.44759E-01 -0.49241E-01  0.00000E+00  0.00000E+00  0.00000E+00    0.21724E+03  0.00000E+00  0.00000E+00 -0.24985E+00  0.53251E+00  0.52103E+00
  0.94998E-01  0.21769E+03    0.95000E-01 -0.45234E-01 -0.49766E-01  0.00000E+00  0.00000E+00  0.00000E+00    0.21768E+03  0.00000E+00  0.00000E+00 -0.24690E+00  0.53685E+00  0.52196E+00
  0.95998E-01  0.21813E+03    0.96000E-01 -0.45709E-01 -0.50291E-01  0.00000E+00  0.00000E+00  0.00000E+00    0.21813E+03  0.00000E+00  0.00000E+00 -0.24393E+00  0.54121E+00  0.52291E+00
  0.96998E-01  0.21857E+03    0.97000E-01 -0.46184E-01 -0.50816E-01  0.00000E+00  0.00000E+00  0.00000E+00    0.21857E+03  0.00000E+00  0.00000E+00 -0.24093E+00  0.54560E+00  0.52388E+00
  0.97998E-01  0.21901E+03    0.98000E-01 -0.46659E-01 -0.51341E-01  0.00000E+00  0.00000E+00  0.00000E+00    0.21900E+03  0.00000E+00  0.00000E+00 -0.23792E+00  0.55002E+00  0.52488E+00
  0.98998E-01  0.21944E+03    0.99000E-01 -0.47133E-01 -0.51867E-01  0.00000E+00  0.00000E+00  0.00000E+00    0.21944E+03  0.00000E+00  0.00000E+00 -0.23489E+00  0.55447E+00  0.52589E+00
  0.99998E-01  0.21988E+03    0.10000E+00 -0.47608E-01 -0.52392E-01  0.00000E+00  0.00000E+00  0.00000E+00    0.21987E+03  0.00000E+00  0.00000E+00 -0.23183E+00  0.55894E+00  0.52693E+00
