          Evm          Svm            E11          E22          E33          E23          E13          E12         SCAU11       SCAU22       SCAU33       SCAU23       SCAU13       SCAU12      TEMP
  0.00000E+00  0.10728E+03    0.00000E+00  0.00000E+00  0.00000E+00  0.00000E+00  0.00000E+00  0.00000E+00    0.10728E+03  0.00000E+00  0.00000E+00 -0.24881E+00  0.15426E+00  0.29643E+00
  0.99998E-03  0.10799E+03    0.10000E-02 -0.47967E-03 -0.52033E-03  0.00000E+00  0.00000E+00  0.00000E+00    0.10799E+03  0.00000E+00  0.00000E+00 -0.25441E+00  0.15799E+00  0.30039E+00
  0.20000E-02  0.10866E+03    0.20000E-02 -0.95784E-03 -0.10422E-02  0.00000E+00  0.00000E+00  0.00000E+00    0.10865E+03  0.00000E+00  0.00000E+00 -0.25484E+00  0.15929E+00  0.30303E+00
  0.29999E-02  0.10939E+03    0.30000E-02 -0.14356E-02 -0.15644E-02  0.00000E+00  0.00000E+00  0.00000E+00    0.10939E+03  0.00000E+00  0.00000E+00 -0.25622E+00  0.16072E+00  0.30486E+00
  0.39999E-02  0.11013E+03    0.40000E-02 -0.19132E-02 -0.20868E-02  0.00000E+00  0.00000E+00  0.00000E+00    0.11013E+03  0.00000E+00  0.00000E+00 -0.25742E+00  0.16218E+00  0.30638E+00
  0.49999E-02  0.11085E+03    0.50000E-02 -0.23906E-02 -0.26094E-02  0.00000E+00  0.00000E+00  0.00000E+00    0.11085E+03  0.00000E+00  0.00000E+00 -0.25613E+00  0.16471E+00  0.30778E+00
  0.59999E-02  0.11159E+03    0.60000E-02 -0.28678E-02 -0.31322E-02  0.00000E+00  0.00000E+00  0.00000E+00    0.11158E+03  0.00000E+00  0.00000E+00 -0.25724E+00  0.16641E+00  0.30914E+00
  0.69998E-02  0.11231E+03    0.70000E-02 -0.33451E-02 -0.36549E-02  0.00000E+00  0.00000E+00  0.00000E+00    0.11231E+03  0.00000E+00  0.00000E+00 -0.25827E+00  0.16799E+00  0.31040E+00
  0.79998E-02  0.11303E+03    0.80000E-02 -0.38222E-02 -0.41778E-02  0.00000E+00  0.00000E+00  0.00000E+00    0.11302E+03  0.00000E+00  0.00000E+00 -0.25923E+00  0.16959E+00  0.31162E+00
  0.89998E-02  0.11374E+03    0.90000E-02 -0.42994E-02 -0.47006E-02  0.00000E+00  0.00000E+00  0.00000E+00    0.11374E+03  0.00000E+00  0.00000E+00 -0.26015E+00  0.17122E+00  0.31280E+00
  0.99998E-02  0.11445E+03    0.10000E-01 -0.47764E-02 -0.52236E-02  0.00000E+00  0.00000E+00  0.00000E+00    0.11445E+03  0.00000E+00  0.00000E+00 -0.26100E+00  0.17288E+00  0.31397E+00
  0.11000E-01  0.11515E+03    0.11000E-01 -0.52535E-02 -0.57465E-02  0.00000E+00  0.00000E+00  0.00000E+00    0.11515E+03  0.00000E+00  0.00000E+00 -0.26181E+00  0.17457E+00  0.31510E+00
  0.12000E-01  0.11585E+03    0.12000E-01 -0.57305E-02 -0.62695E-02  0.00000E+00  0.00000E+00  0.00000E+00    0.11585E+03  0.00000E+00  0.00000E+00 -0.26256E+00  0.17628E+00  0.31622E+00
  0.13000E-01  0.11655E+03    0.13000E-01 -0.62075E-02 -0.67925E-02  0.00000E+00  0.00000E+00  0.00000E+00    0.11655E+03  0.00000E+00  0.00000E+00 -0.26327E+00  0.17803E+00  0.31732E+00
  0.14000E-01  0.11724E+03    0.14000E-01 -0.66845E-02 -0.73155E-02  0.00000E+00  0.00000E+00  0.00000E+00    0.11724E+03  0.00000E+00  0.00000E+00 -0.26391E+00  0.17980E+00  0.31840E+00
  0.15000E-01  0.11793E+03    0.15000E-01 -0.71615E-02 -0.78385E-02  0.00000E+00  0.00000E+00  0.00000E+00    0.11793E+03  0.00000E+00  0.00000E+00 -0.26452E+00  0.18160E+00  0.31947E+00
  0.16000E-01  0.11861E+03    0.16000E-01 -0.76384E-02 -0.83616E-02  0.00000E+00  0.00000E+00  0.00000E+00    0.11861E+03  0.00000E+00  0.00000E+00 -0.26506E+00  0.18343E+00  0.32052E+00
  0.17000E-01  0.11929E+03    0.17000E-01 -0.81153E-02 -0.88847E-02  0.00000E+00  0.00000E+00  0.00000E+00    0.11929E+03  0.00000E+00  0.00000E+00 -0.26556E+00  0.18528E+00  0.32156E+00
  0.18000E-01  0.11997E+03    0.18000E-01 -0.85922E-02 -0.94078E-02  0.00000E+00  0.00000E+00  0.00000E+00    0.11996E+03  0.00000E+00  0.00000E+00 -0.26601E+00  0.18716E+00  0.32259E+00
  0.19000E-01  0.12064E+03    0.19000E-01 -0.90691E-02 -0.99309E-02  0.00000E+00  0.00000E+00  0.00000E+00    0.12064E+03  0.00000E+00  0.00000E+00 -0.26641E+00  0.18907E+00  0.32360E+00
  0.20000E-01  0.12130E+03    0.20000E-01 -0.95459E-02 -0.10454E-01  0.00000E+00  0.00000E+00  0.00000E+00    0.12130E+03  0.00000E+00  0.00000E+00 -0.26676E+00  0.19100E+00  0.32459E+00
  0.21000E-01  0.12197E+03    0.21000E-01 -0.10023E-01 -0.10977E-01  0.00000E+00  0.00000E+00  0.00000E+00    0.12197E+03  0.00000E+00  0.00000E+00 -0.26706E+00  0.19296E+00  0.32558E+00
  0.22000E-01  0.12263E+03    0.22000E-01 -0.10500E-01 -0.11500E-01  0.00000E+00  0.00000E+00  0.00000E+00    0.12262E+03  0.00000E+00  0.00000E+00 -0.26732E+00  0.19494E+00  0.32655E+00
  0.22999E-01  0.12328E+03    0.23000E-01 -0.10976E-01 -0.12024E-01  0.00000E+00  0.00000E+00  0.00000E+00    0.12328E+03  0.00000E+00  0.00000E+00 -0.26753E+00  0.19696E+00  0.32751E+00
  0.23999E-01  0.12393E+03    0.24000E-01 -0.11453E-01 -0.12547E-01  0.00000E+00  0.00000E+00  0.00000E+00    0.12393E+03  0.00000E+00  0.00000E+00 -0.26769E+00  0.19899E+00  0.32845E+00
  0.24999E-01  0.12458E+03    0.25000E-01 -0.11930E-01 -0.13070E-01  0.00000E+00  0.00000E+00  0.00000E+00    0.12458E+03  0.00000E+00  0.00000E+00 -0.26780E+00  0.20106E+00  0.32939E+00
  0.25999E-01  0.12522E+03    0.26000E-01 -0.12406E-01 -0.13594E-01  0.00000E+00  0.00000E+00  0.00000E+00    0.12522E+03  0.00000E+00  0.00000E+00 -0.26787E+00  0.20315E+00  0.33032E+00
  0.26999E-01  0.12586E+03    0.27000E-01 -0.12883E-01 -0.14117E-01  0.00000E+00  0.00000E+00  0.00000E+00    0.12586E+03  0.00000E+00  0.00000E+00 -0.26790E+00  0.20526E+00  0.33124E+00
  0.27999E-01  0.12650E+03    0.28000E-01 -0.13360E-01 -0.14640E-01  0.00000E+00  0.00000E+00  0.00000E+00    0.12650E+03  0.00000E+00  0.00000E+00 -0.26787E+00  0.20740E+00  0.33215E+00
  0.28999E-01  0.12713E+03    0.29000E-01 -0.13836E-01 -0.15164E-01  0.00000E+00  0.00000E+00  0.00000E+00    0.12713E+03  0.00000E+00  0.00000E+00 -0.26781E+00  0.20956E+00  0.33305E+00
  0.29999E-01  0.12776E+03    0.30000E-01 -0.14313E-01 -0.15687E-01  0.00000E+00  0.00000E+00  0.00000E+00    0.12776E+03  0.00000E+00  0.00000E+00 -0.26770E+00  0.21175E+00  0.33393E+00
  0.30999E-01  0.12839E+03    0.31000E-01 -0.14790E-01 -0.16210E-01  0.00000E+00  0.00000E+00  0.00000E+00    0.12838E+03  0.00000E+00  0.00000E+00 -0.26754E+00  0.21397E+00  0.33481E+00
  0.31999E-01  0.12901E+03    0.32000E-01 -0.15266E-01 -0.16734E-01  0.00000E+00  0.00000E+00  0.00000E+00    0.12900E+03  0.00000E+00  0.00000E+00 -0.26734E+00  0.21620E+00  0.33568E+00
  0.32999E-01  0.12962E+03    0.33000E-01 -0.15743E-01 -0.17257E-01  0.00000E+00  0.00000E+00  0.00000E+00    0.12962E+03  0.00000E+00  0.00000E+00 -0.26710E+00  0.21847E+00  0.33655E+00
  0.33999E-01  0.13024E+03    0.34000E-01 -0.16219E-01 -0.17781E-01  0.00000E+00  0.00000E+00  0.00000E+00    0.13023E+03  0.00000E+00  0.00000E+00 -0.26682E+00  0.22075E+00  0.33740E+00
  0.34999E-01  0.13085E+03    0.35000E-01 -0.16696E-01 -0.18304E-01  0.00000E+00  0.00000E+00  0.00000E+00    0.13085E+03  0.00000E+00  0.00000E+00 -0.26650E+00  0.22305E+00  0.33824E+00
  0.35999E-01  0.13145E+03    0.36000E-01 -0.17172E-01 -0.18828E-01  0.00000E+00  0.00000E+00  0.00000E+00    0.13145E+03  0.00000E+00  0.00000E+00 -0.26614E+00  0.22539E+00  0.33908E+00
  0.36999E-01  0.13206E+03    0.37000E-01 -0.17649E-01 -0.19351E-01  0.00000E+00  0.00000E+00  0.00000E+00    0.13205E+03  0.00000E+00  0.00000E+00 -0.26573E+00  0.22774E+00  0.33991E+00
  0.37999E-01  0.13266E+03    0.38000E-01 -0.18125E-01 -0.19875E-01  0.00000E+00  0.00000E+00  0.00000E+00    0.13265E+03  0.00000E+00  0.00000E+00 -0.26529E+00  0.23012E+00  0.34074E+00
  0.38999E-01  0.13325E+03    0.39000E-01 -0.18601E-01 -0.20399E-01  0.00000E+00  0.00000E+00  0.00000E+00    0.13325E+03  0.00000E+00  0.00000E+00 -0.26481E+00  0.23252E+00  0.34155E+00
  0.39999E-01  0.13385E+03    0.40000E-01 -0.19078E-01 -0.20922E-01  0.00000E+00  0.00000E+00  0.00000E+00    0.13384E+03  0.00000E+00  0.00000E+00 -0.26429E+00  0.23494E+00  0.34236E+00
  0.40999E-01  0.13444E+03    0.41000E-01 -0.19554E-01 -0.21446E-01  0.00000E+00  0.00000E+00  0.00000E+00    0.13443E+03  0.00000E+00  0.00000E+00 -0.26373E+00  0.23738E+00  0.34317E+00
  0.41999E-01  0.13502E+03    0.42000E-01 -0.20030E-01 -0.21970E-01  0.00000E+00  0.00000E+00  0.00000E+00    0.13502E+03  0.00000E+00  0.00000E+00 -0.26312E+00  0.23985E+00  0.34396E+00
  0.42999E-01  0.13556E+03    0.43000E-01 -0.20507E-01 -0.22493E-01  0.00000E+00  0.00000E+00  0.00000E+00    0.13556E+03  0.00000E+00  0.00000E+00 -0.26631E+00  0.24037E+00  0.34477E+00
  0.43999E-01  0.13618E+03    0.44000E-01 -0.20983E-01 -0.23017E-01  0.00000E+00  0.00000E+00  0.00000E+00    0.13617E+03  0.00000E+00  0.00000E+00 -0.26207E+00  0.24466E+00  0.34550E+00
  0.44999E-01  0.13672E+03    0.45000E-01 -0.21459E-01 -0.23541E-01  0.00000E+00  0.00000E+00  0.00000E+00    0.13671E+03  0.00000E+00  0.00000E+00 -0.26494E+00  0.24535E+00  0.34635E+00
  0.45999E-01  0.13729E+03    0.46000E-01 -0.21935E-01 -0.24065E-01  0.00000E+00  0.00000E+00  0.00000E+00    0.13729E+03  0.00000E+00  0.00000E+00 -0.26429E+00  0.24777E+00  0.34713E+00
  0.46999E-01  0.13786E+03    0.47000E-01 -0.22412E-01 -0.24588E-01  0.00000E+00  0.00000E+00  0.00000E+00    0.13786E+03  0.00000E+00  0.00000E+00 -0.26352E+00  0.25032E+00  0.34791E+00
  0.47999E-01  0.13843E+03    0.48000E-01 -0.22888E-01 -0.25112E-01  0.00000E+00  0.00000E+00  0.00000E+00    0.13842E+03  0.00000E+00  0.00000E+00 -0.26271E+00  0.25288E+00  0.34868E+00
  0.48999E-01  0.13899E+03    0.49000E-01 -0.23364E-01 -0.25636E-01  0.00000E+00  0.00000E+00  0.00000E+00    0.13899E+03  0.00000E+00  0.00000E+00 -0.26186E+00  0.25546E+00  0.34945E+00
  0.49999E-01  0.13955E+03    0.50000E-01 -0.23840E-01 -0.26160E-01  0.00000E+00  0.00000E+00  0.00000E+00    0.13955E+03  0.00000E+00  0.00000E+00 -0.26097E+00  0.25807E+00  0.35022E+00
  0.50999E-01  0.14011E+03    0.51000E-01 -0.24316E-01 -0.26684E-01  0.00000E+00  0.00000E+00  0.00000E+00    0.14010E+03  0.00000E+00  0.00000E+00 -0.26005E+00  0.26069E+00  0.35099E+00
  0.51999E-01  0.14066E+03    0.52000E-01 -0.24792E-01 -0.27208E-01  0.00000E+00  0.00000E+00  0.00000E+00    0.14066E+03  0.00000E+00  0.00000E+00 -0.25909E+00  0.26333E+00  0.35175E+00
  0.52999E-01  0.14123E+03    0.53000E-01 -0.25268E-01 -0.27732E-01  0.00000E+00  0.00000E+00  0.00000E+00    0.14123E+03  0.00000E+00  0.00000E+00 -0.25448E+00  0.26800E+00  0.35235E+00
  0.53999E-01  0.14175E+03    0.54000E-01 -0.25744E-01 -0.28256E-01  0.00000E+00  0.00000E+00  0.00000E+00    0.14175E+03  0.00000E+00  0.00000E+00 -0.25702E+00  0.26878E+00  0.35327E+00
  0.54999E-01  0.14232E+03    0.55000E-01 -0.26220E-01 -0.28780E-01  0.00000E+00  0.00000E+00  0.00000E+00    0.14232E+03  0.00000E+00  0.00000E+00 -0.25242E+00  0.27342E+00  0.35385E+00
  0.55999E-01  0.14284E+03    0.56000E-01 -0.26696E-01 -0.29304E-01  0.00000E+00  0.00000E+00  0.00000E+00    0.14284E+03  0.00000E+00  0.00000E+00 -0.25488E+00  0.27420E+00  0.35478E+00
  0.56999E-01  0.14337E+03    0.57000E-01 -0.27172E-01 -0.29828E-01  0.00000E+00  0.00000E+00  0.00000E+00    0.14336E+03  0.00000E+00  0.00000E+00 -0.25426E+00  0.27666E+00  0.35550E+00
  0.57999E-01  0.14392E+03    0.58000E-01 -0.27648E-01 -0.30352E-01  0.00000E+00  0.00000E+00  0.00000E+00    0.14391E+03  0.00000E+00  0.00000E+00 -0.25271E+00  0.27960E+00  0.35627E+00
  0.58999E-01  0.14443E+03    0.59000E-01 -0.28124E-01 -0.30876E-01  0.00000E+00  0.00000E+00  0.00000E+00    0.14443E+03  0.00000E+00  0.00000E+00 -0.25194E+00  0.28219E+00  0.35699E+00
  0.59999E-01  0.14498E+03    0.60000E-01 -0.28600E-01 -0.31400E-01  0.00000E+00  0.00000E+00  0.00000E+00    0.14498E+03  0.00000E+00  0.00000E+00 -0.25031E+00  0.28517E+00  0.35776E+00
  0.60999E-01  0.14549E+03    0.61000E-01 -0.29075E-01 -0.31925E-01  0.00000E+00  0.00000E+00  0.00000E+00    0.14549E+03  0.00000E+00  0.00000E+00 -0.24948E+00  0.28780E+00  0.35848E+00
  0.61999E-01  0.14603E+03    0.62000E-01 -0.29551E-01 -0.32449E-01  0.00000E+00  0.00000E+00  0.00000E+00    0.14603E+03  0.00000E+00  0.00000E+00 -0.24778E+00  0.29082E+00  0.35925E+00
  0.62999E-01  0.14653E+03    0.63000E-01 -0.30027E-01 -0.32973E-01  0.00000E+00  0.00000E+00  0.00000E+00    0.14653E+03  0.00000E+00  0.00000E+00 -0.24690E+00  0.29348E+00  0.35998E+00
  0.63999E-01  0.14707E+03    0.64000E-01 -0.30503E-01 -0.33497E-01  0.00000E+00  0.00000E+00  0.00000E+00    0.14706E+03  0.00000E+00  0.00000E+00 -0.24514E+00  0.29654E+00  0.36074E+00
  0.64999E-01  0.14757E+03    0.65000E-01 -0.30978E-01 -0.34022E-01  0.00000E+00  0.00000E+00  0.00000E+00    0.14756E+03  0.00000E+00  0.00000E+00 -0.24420E+00  0.29923E+00  0.36147E+00
  0.65999E-01  0.14809E+03    0.66000E-01 -0.31454E-01 -0.34546E-01  0.00000E+00  0.00000E+00  0.00000E+00    0.14809E+03  0.00000E+00  0.00000E+00 -0.24238E+00  0.30234E+00  0.36223E+00
  0.66999E-01  0.14859E+03    0.67000E-01 -0.31930E-01 -0.35070E-01  0.00000E+00  0.00000E+00  0.00000E+00    0.14859E+03  0.00000E+00  0.00000E+00 -0.24138E+00  0.30507E+00  0.36296E+00
  0.67999E-01  0.14909E+03    0.68000E-01 -0.32405E-01 -0.35595E-01  0.00000E+00  0.00000E+00  0.00000E+00    0.14909E+03  0.00000E+00  0.00000E+00 -0.24000E+00  0.30798E+00  0.36372E+00
  0.68999E-01  0.14960E+03    0.69000E-01 -0.32881E-01 -0.36119E-01  0.00000E+00  0.00000E+00  0.00000E+00    0.14959E+03  0.00000E+00  0.00000E+00 -0.23853E+00  0.31093E+00  0.36446E+00
  0.69999E-01  0.15010E+03    0.70000E-01 -0.33357E-01 -0.36643E-01  0.00000E+00  0.00000E+00  0.00000E+00    0.15010E+03  0.00000E+00  0.00000E+00 -0.23703E+00  0.31391E+00  0.36522E+00
  0.70999E-01  0.15060E+03    0.71000E-01 -0.33832E-01 -0.37168E-01  0.00000E+00  0.00000E+00  0.00000E+00    0.15059E+03  0.00000E+00  0.00000E+00 -0.23549E+00  0.31691E+00  0.36597E+00
  0.71999E-01  0.15109E+03    0.72000E-01 -0.34308E-01 -0.37692E-01  0.00000E+00  0.00000E+00  0.00000E+00    0.15109E+03  0.00000E+00  0.00000E+00 -0.23393E+00  0.31993E+00  0.36673E+00
  0.72998E-01  0.15159E+03    0.73000E-01 -0.34783E-01 -0.38217E-01  0.00000E+00  0.00000E+00  0.00000E+00    0.15158E+03  0.00000E+00  0.00000E+00 -0.23234E+00  0.32296E+00  0.36750E+00
  0.73998E-01  0.15208E+03    0.74000E-01 -0.35259E-01 -0.38741E-01  0.00000E+00  0.00000E+00  0.00000E+00    0.15207E+03  0.00000E+00  0.00000E+00 -0.23072E+00  0.32601E+00  0.36826E+00
  0.74998E-01  0.15257E+03    0.75000E-01 -0.35734E-01 -0.39266E-01  0.00000E+00  0.00000E+00  0.00000E+00    0.15256E+03  0.00000E+00  0.00000E+00 -0.22907E+00  0.32908E+00  0.36904E+00
  0.75998E-01  0.15305E+03    0.76000E-01 -0.36209E-01 -0.39791E-01  0.00000E+00  0.00000E+00  0.00000E+00    0.15305E+03  0.00000E+00  0.00000E+00 -0.22741E+00  0.33217E+00  0.36981E+00
  0.76998E-01  0.15353E+03    0.77000E-01 -0.36685E-01 -0.40315E-01  0.00000E+00  0.00000E+00  0.00000E+00    0.15353E+03  0.00000E+00  0.00000E+00 -0.22571E+00  0.33528E+00  0.37059E+00
  0.77998E-01  0.15401E+03    0.78000E-01 -0.37160E-01 -0.40840E-01  0.00000E+00  0.00000E+00  0.00000E+00    0.15401E+03  0.00000E+00  0.00000E+00 -0.22399E+00  0.33841E+00  0.37138E+00
  0.78998E-01  0.15449E+03    0.79000E-01 -0.37636E-01 -0.41364E-01  0.00000E+00  0.00000E+00  0.00000E+00    0.15449E+03  0.00000E+00  0.00000E+00 -0.22224E+00  0.34156E+00  0.37217E+00
  0.79998E-01  0.15497E+03    0.80000E-01 -0.38111E-01 -0.41889E-01  0.00000E+00  0.00000E+00  0.00000E+00    0.15496E+03  0.00000E+00  0.00000E+00 -0.22046E+00  0.34472E+00  0.37297E+00
  0.80998E-01  0.15544E+03    0.81000E-01 -0.38586E-01 -0.42414E-01  0.00000E+00  0.00000E+00  0.00000E+00    0.15544E+03  0.00000E+00  0.00000E+00 -0.21867E+00  0.34791E+00  0.37378E+00
  0.81998E-01  0.15591E+03    0.82000E-01 -0.39061E-01 -0.42939E-01  0.00000E+00  0.00000E+00  0.00000E+00    0.15591E+03  0.00000E+00  0.00000E+00 -0.21685E+00  0.35111E+00  0.37459E+00
  0.82998E-01  0.15638E+03    0.83000E-01 -0.39537E-01 -0.43463E-01  0.00000E+00  0.00000E+00  0.00000E+00    0.15638E+03  0.00000E+00  0.00000E+00 -0.20645E+00  0.35834E+00  0.37545E+00
  0.83998E-01  0.15682E+03    0.84000E-01 -0.40012E-01 -0.43988E-01  0.00000E+00  0.00000E+00  0.00000E+00    0.15681E+03  0.00000E+00  0.00000E+00 -0.20681E+00  0.36110E+00  0.37641E+00
  0.84998E-01  0.15727E+03    0.85000E-01 -0.40487E-01 -0.44513E-01  0.00000E+00  0.00000E+00  0.00000E+00    0.15727E+03  0.00000E+00  0.00000E+00 -0.20458E+00  0.36449E+00  0.37727E+00
  0.85998E-01  0.15773E+03    0.86000E-01 -0.40962E-01 -0.45038E-01  0.00000E+00  0.00000E+00  0.00000E+00    0.15773E+03  0.00000E+00  0.00000E+00 -0.20265E+00  0.36780E+00  0.37813E+00
  0.86998E-01  0.15819E+03    0.87000E-01 -0.41437E-01 -0.45563E-01  0.00000E+00  0.00000E+00  0.00000E+00    0.15819E+03  0.00000E+00  0.00000E+00 -0.20071E+00  0.37113E+00  0.37900E+00
  0.87998E-01  0.15871E+03    0.88000E-01 -0.41912E-01 -0.46088E-01  0.00000E+00  0.00000E+00  0.00000E+00    0.15870E+03  0.00000E+00  0.00000E+00 -0.19680E+00  0.37530E+00  0.37977E+00
  0.88998E-01  0.15917E+03    0.89000E-01 -0.42387E-01 -0.46613E-01  0.00000E+00  0.00000E+00  0.00000E+00    0.15917E+03  0.00000E+00  0.00000E+00 -0.19531E+00  0.37856E+00  0.38062E+00
  0.89998E-01  0.15962E+03    0.90000E-01 -0.42862E-01 -0.47138E-01  0.00000E+00  0.00000E+00  0.00000E+00    0.15962E+03  0.00000E+00  0.00000E+00 -0.19330E+00  0.38196E+00  0.38151E+00
  0.90998E-01  0.16007E+03    0.91000E-01 -0.43337E-01 -0.47663E-01  0.00000E+00  0.00000E+00  0.00000E+00    0.16007E+03  0.00000E+00  0.00000E+00 -0.19126E+00  0.38539E+00  0.38242E+00
  0.91998E-01  0.16052E+03    0.92000E-01 -0.43812E-01 -0.48188E-01  0.00000E+00  0.00000E+00  0.00000E+00    0.16051E+03  0.00000E+00  0.00000E+00 -0.18921E+00  0.38884E+00  0.38334E+00
  0.92998E-01  0.16096E+03    0.93000E-01 -0.44287E-01 -0.48713E-01  0.00000E+00  0.00000E+00  0.00000E+00    0.16096E+03  0.00000E+00  0.00000E+00 -0.18714E+00  0.39230E+00  0.38427E+00
  0.93998E-01  0.16140E+03    0.94000E-01 -0.44762E-01 -0.49238E-01  0.00000E+00  0.00000E+00  0.00000E+00    0.16140E+03  0.00000E+00  0.00000E+00 -0.18505E+00  0.39579E+00  0.38521E+00
  0.94998E-01  0.16184E+03    0.95000E-01 -0.45237E-01 -0.49763E-01  0.00000E+00  0.00000E+00  0.00000E+00    0.16184E+03  0.00000E+00  0.00000E+00 -0.18293E+00  0.39931E+00  0.38617E+00
  0.95998E-01  0.16228E+03    0.96000E-01 -0.45712E-01 -0.50288E-01  0.00000E+00  0.00000E+00  0.00000E+00    0.16228E+03  0.00000E+00  0.00000E+00 -0.18080E+00  0.40284E+00  0.38715E+00
  0.96998E-01  0.16272E+03    0.97000E-01 -0.46187E-01 -0.50813E-01  0.00000E+00  0.00000E+00  0.00000E+00    0.16271E+03  0.00000E+00  0.00000E+00 -0.17865E+00  0.40640E+00  0.38814E+00
  0.97998E-01  0.16315E+03    0.98000E-01 -0.46662E-01 -0.51338E-01  0.00000E+00  0.00000E+00  0.00000E+00    0.16315E+03  0.00000E+00  0.00000E+00 -0.17648E+00  0.40998E+00  0.38914E+00
  0.98998E-01  0.16358E+03    0.99000E-01 -0.47137E-01 -0.51863E-01  0.00000E+00  0.00000E+00  0.00000E+00    0.16358E+03  0.00000E+00  0.00000E+00 -0.17428E+00  0.41358E+00  0.39016E+00
  0.99998E-01  0.16401E+03    0.10000E+00 -0.47611E-01 -0.52389E-01  0.00000E+00  0.00000E+00  0.00000E+00    0.16401E+03  0.00000E+00  0.00000E+00 -0.17207E+00  0.41720E+00  0.39120E+00
