          Evm          Svm            E11          E22          E33          E23          E13          E12         SCAU11       SCAU22       SCAU33       SCAU23       SCAU13       SCAU12      TEMP
  0.00000E+00  0.10650E+03    0.00000E+00  0.00000E+00  0.00000E+00  0.00000E+00  0.00000E+00  0.00000E+00    0.10650E+03  0.00000E+00  0.00000E+00 -0.24701E+00  0.15314E+00  0.29428E+00
  0.99998E-03  0.10721E+03    0.10000E-02 -0.47967E-03 -0.52033E-03  0.00000E+00  0.00000E+00  0.00000E+00    0.10721E+03  0.00000E+00  0.00000E+00 -0.25260E+00  0.15685E+00  0.29823E+00
  0.20000E-02  0.10788E+03    0.20000E-02 -0.95784E-03 -0.10422E-02  0.00000E+00  0.00000E+00  0.00000E+00    0.10788E+03  0.00000E+00  0.00000E+00 -0.25304E+00  0.15815E+00  0.30087E+00
  0.29999E-02  0.10862E+03    0.30000E-02 -0.14356E-02 -0.15644E-02  0.00000E+00  0.00000E+00  0.00000E+00    0.10862E+03  0.00000E+00  0.00000E+00 -0.25443E+00  0.15958E+00  0.30270E+00
  0.39999E-02  0.10935E+03    0.40000E-02 -0.19132E-02 -0.20868E-02  0.00000E+00  0.00000E+00  0.00000E+00    0.10935E+03  0.00000E+00  0.00000E+00 -0.25563E+00  0.16103E+00  0.30422E+00
  0.49999E-02  0.11007E+03    0.50000E-02 -0.23906E-02 -0.26094E-02  0.00000E+00  0.00000E+00  0.00000E+00    0.11007E+03  0.00000E+00  0.00000E+00 -0.25436E+00  0.16356E+00  0.30562E+00
  0.59999E-02  0.11081E+03    0.60000E-02 -0.28678E-02 -0.31322E-02  0.00000E+00  0.00000E+00  0.00000E+00    0.11081E+03  0.00000E+00  0.00000E+00 -0.25547E+00  0.16525E+00  0.30699E+00
  0.69998E-02  0.11153E+03    0.70000E-02 -0.33451E-02 -0.36549E-02  0.00000E+00  0.00000E+00  0.00000E+00    0.11153E+03  0.00000E+00  0.00000E+00 -0.25650E+00  0.16683E+00  0.30825E+00
  0.79998E-02  0.11225E+03    0.80000E-02 -0.38222E-02 -0.41778E-02  0.00000E+00  0.00000E+00  0.00000E+00    0.11225E+03  0.00000E+00  0.00000E+00 -0.25748E+00  0.16843E+00  0.30947E+00
  0.89998E-02  0.11296E+03    0.90000E-02 -0.42994E-02 -0.47006E-02  0.00000E+00  0.00000E+00  0.00000E+00    0.11296E+03  0.00000E+00  0.00000E+00 -0.25839E+00  0.17005E+00  0.31066E+00
  0.99998E-02  0.11367E+03    0.10000E-01 -0.47764E-02 -0.52236E-02  0.00000E+00  0.00000E+00  0.00000E+00    0.11367E+03  0.00000E+00  0.00000E+00 -0.25926E+00  0.17171E+00  0.31183E+00
  0.11000E-01  0.11438E+03    0.11000E-01 -0.52535E-02 -0.57465E-02  0.00000E+00  0.00000E+00  0.00000E+00    0.11437E+03  0.00000E+00  0.00000E+00 -0.26007E+00  0.17339E+00  0.31297E+00
  0.12000E-01  0.11508E+03    0.12000E-01 -0.57305E-02 -0.62695E-02  0.00000E+00  0.00000E+00  0.00000E+00    0.11507E+03  0.00000E+00  0.00000E+00 -0.26083E+00  0.17510E+00  0.31409E+00
  0.13000E-01  0.11577E+03    0.13000E-01 -0.62075E-02 -0.67925E-02  0.00000E+00  0.00000E+00  0.00000E+00    0.11577E+03  0.00000E+00  0.00000E+00 -0.26154E+00  0.17684E+00  0.31520E+00
  0.14000E-01  0.11647E+03    0.14000E-01 -0.66845E-02 -0.73155E-02  0.00000E+00  0.00000E+00  0.00000E+00    0.11646E+03  0.00000E+00  0.00000E+00 -0.26220E+00  0.17860E+00  0.31628E+00
  0.15000E-01  0.11715E+03    0.15000E-01 -0.71615E-02 -0.78385E-02  0.00000E+00  0.00000E+00  0.00000E+00    0.11715E+03  0.00000E+00  0.00000E+00 -0.26281E+00  0.18039E+00  0.31736E+00
  0.16000E-01  0.11784E+03    0.16000E-01 -0.76384E-02 -0.83616E-02  0.00000E+00  0.00000E+00  0.00000E+00    0.11783E+03  0.00000E+00  0.00000E+00 -0.26336E+00  0.18222E+00  0.31841E+00
  0.17000E-01  0.11852E+03    0.17000E-01 -0.81153E-02 -0.88847E-02  0.00000E+00  0.00000E+00  0.00000E+00    0.11851E+03  0.00000E+00  0.00000E+00 -0.26387E+00  0.18406E+00  0.31945E+00
  0.18000E-01  0.11919E+03    0.18000E-01 -0.85922E-02 -0.94078E-02  0.00000E+00  0.00000E+00  0.00000E+00    0.11919E+03  0.00000E+00  0.00000E+00 -0.26432E+00  0.18594E+00  0.32048E+00
  0.19000E-01  0.11986E+03    0.19000E-01 -0.90691E-02 -0.99309E-02  0.00000E+00  0.00000E+00  0.00000E+00    0.11986E+03  0.00000E+00  0.00000E+00 -0.26473E+00  0.18784E+00  0.32149E+00
  0.20000E-01  0.12053E+03    0.20000E-01 -0.95459E-02 -0.10454E-01  0.00000E+00  0.00000E+00  0.00000E+00    0.12053E+03  0.00000E+00  0.00000E+00 -0.26509E+00  0.18976E+00  0.32250E+00
  0.21000E-01  0.12119E+03    0.21000E-01 -0.10023E-01 -0.10977E-01  0.00000E+00  0.00000E+00  0.00000E+00    0.12119E+03  0.00000E+00  0.00000E+00 -0.26540E+00  0.19172E+00  0.32349E+00
  0.22000E-01  0.12185E+03    0.22000E-01 -0.10500E-01 -0.11500E-01  0.00000E+00  0.00000E+00  0.00000E+00    0.12185E+03  0.00000E+00  0.00000E+00 -0.26567E+00  0.19370E+00  0.32446E+00
  0.22999E-01  0.12251E+03    0.23000E-01 -0.10976E-01 -0.12024E-01  0.00000E+00  0.00000E+00  0.00000E+00    0.12250E+03  0.00000E+00  0.00000E+00 -0.26588E+00  0.19570E+00  0.32543E+00
  0.23999E-01  0.12316E+03    0.24000E-01 -0.11453E-01 -0.12547E-01  0.00000E+00  0.00000E+00  0.00000E+00    0.12315E+03  0.00000E+00  0.00000E+00 -0.26605E+00  0.19773E+00  0.32638E+00
  0.24999E-01  0.12380E+03    0.25000E-01 -0.11930E-01 -0.13070E-01  0.00000E+00  0.00000E+00  0.00000E+00    0.12380E+03  0.00000E+00  0.00000E+00 -0.26617E+00  0.19979E+00  0.32732E+00
  0.25999E-01  0.12445E+03    0.26000E-01 -0.12406E-01 -0.13594E-01  0.00000E+00  0.00000E+00  0.00000E+00    0.12445E+03  0.00000E+00  0.00000E+00 -0.26625E+00  0.20187E+00  0.32825E+00
  0.26999E-01  0.12509E+03    0.27000E-01 -0.12883E-01 -0.14117E-01  0.00000E+00  0.00000E+00  0.00000E+00    0.12509E+03  0.00000E+00  0.00000E+00 -0.26628E+00  0.20398E+00  0.32918E+00
  0.27999E-01  0.12572E+03    0.28000E-01 -0.13360E-01 -0.14640E-01  0.00000E+00  0.00000E+00  0.00000E+00    0.12572E+03  0.00000E+00  0.00000E+00 -0.26627E+00  0.20611E+00  0.33009E+00
  0.28999E-01  0.12636E+03    0.29000E-01 -0.13836E-01 -0.15164E-01  0.00000E+00  0.00000E+00  0.00000E+00    0.12635E+03  0.00000E+00  0.00000E+00 -0.26621E+00  0.20827E+00  0.33099E+00
  0.29999E-01  0.12698E+03    0.30000E-01 -0.14313E-01 -0.15687E-01  0.00000E+00  0.00000E+00  0.00000E+00    0.12698E+03  0.00000E+00  0.00000E+00 -0.26611E+00  0.21045E+00  0.33188E+00
  0.30999E-01  0.12761E+03    0.31000E-01 -0.14790E-01 -0.16210E-01  0.00000E+00  0.00000E+00  0.00000E+00    0.12761E+03  0.00000E+00  0.00000E+00 -0.26596E+00  0.21266E+00  0.33276E+00
  0.31999E-01  0.12823E+03    0.32000E-01 -0.15266E-01 -0.16734E-01  0.00000E+00  0.00000E+00  0.00000E+00    0.12823E+03  0.00000E+00  0.00000E+00 -0.26577E+00  0.21489E+00  0.33364E+00
  0.32999E-01  0.12885E+03    0.33000E-01 -0.15743E-01 -0.17257E-01  0.00000E+00  0.00000E+00  0.00000E+00    0.12884E+03  0.00000E+00  0.00000E+00 -0.26554E+00  0.21714E+00  0.33450E+00
  0.33999E-01  0.12946E+03    0.34000E-01 -0.16219E-01 -0.17781E-01  0.00000E+00  0.00000E+00  0.00000E+00    0.12946E+03  0.00000E+00  0.00000E+00 -0.26527E+00  0.21942E+00  0.33536E+00
  0.34999E-01  0.13007E+03    0.35000E-01 -0.16696E-01 -0.18304E-01  0.00000E+00  0.00000E+00  0.00000E+00    0.13007E+03  0.00000E+00  0.00000E+00 -0.26496E+00  0.22172E+00  0.33621E+00
  0.35999E-01  0.13068E+03    0.36000E-01 -0.17172E-01 -0.18828E-01  0.00000E+00  0.00000E+00  0.00000E+00    0.13068E+03  0.00000E+00  0.00000E+00 -0.26461E+00  0.22404E+00  0.33705E+00
  0.36999E-01  0.13128E+03    0.37000E-01 -0.17649E-01 -0.19351E-01  0.00000E+00  0.00000E+00  0.00000E+00    0.13128E+03  0.00000E+00  0.00000E+00 -0.26421E+00  0.22639E+00  0.33789E+00
  0.37999E-01  0.13188E+03    0.38000E-01 -0.18125E-01 -0.19875E-01  0.00000E+00  0.00000E+00  0.00000E+00    0.13188E+03  0.00000E+00  0.00000E+00 -0.26378E+00  0.22876E+00  0.33871E+00
  0.38999E-01  0.13248E+03    0.39000E-01 -0.18601E-01 -0.20399E-01  0.00000E+00  0.00000E+00  0.00000E+00    0.13247E+03  0.00000E+00  0.00000E+00 -0.26330E+00  0.23115E+00  0.33953E+00
  0.39999E-01  0.13307E+03    0.40000E-01 -0.19078E-01 -0.20922E-01  0.00000E+00  0.00000E+00  0.00000E+00    0.13307E+03  0.00000E+00  0.00000E+00 -0.26279E+00  0.23356E+00  0.34035E+00
  0.40999E-01  0.13366E+03    0.41000E-01 -0.19554E-01 -0.21446E-01  0.00000E+00  0.00000E+00  0.00000E+00    0.13366E+03  0.00000E+00  0.00000E+00 -0.26224E+00  0.23600E+00  0.34115E+00
  0.41999E-01  0.13424E+03    0.42000E-01 -0.20030E-01 -0.21970E-01  0.00000E+00  0.00000E+00  0.00000E+00    0.13424E+03  0.00000E+00  0.00000E+00 -0.26165E+00  0.23846E+00  0.34195E+00
  0.42999E-01  0.13478E+03    0.43000E-01 -0.20507E-01 -0.22493E-01  0.00000E+00  0.00000E+00  0.00000E+00    0.13478E+03  0.00000E+00  0.00000E+00 -0.26484E+00  0.23898E+00  0.34276E+00
  0.43999E-01  0.13540E+03    0.44000E-01 -0.20983E-01 -0.23017E-01  0.00000E+00  0.00000E+00  0.00000E+00    0.13540E+03  0.00000E+00  0.00000E+00 -0.26062E+00  0.24326E+00  0.34350E+00
  0.44999E-01  0.13594E+03    0.45000E-01 -0.21459E-01 -0.23541E-01  0.00000E+00  0.00000E+00  0.00000E+00    0.13594E+03  0.00000E+00  0.00000E+00 -0.26349E+00  0.24393E+00  0.34435E+00
  0.45999E-01  0.13651E+03    0.46000E-01 -0.21935E-01 -0.24065E-01  0.00000E+00  0.00000E+00  0.00000E+00    0.13651E+03  0.00000E+00  0.00000E+00 -0.26285E+00  0.24635E+00  0.34513E+00
  0.46999E-01  0.13708E+03    0.47000E-01 -0.22412E-01 -0.24588E-01  0.00000E+00  0.00000E+00  0.00000E+00    0.13708E+03  0.00000E+00  0.00000E+00 -0.26209E+00  0.24888E+00  0.34592E+00
  0.47999E-01  0.13765E+03    0.48000E-01 -0.22888E-01 -0.25112E-01  0.00000E+00  0.00000E+00  0.00000E+00    0.13765E+03  0.00000E+00  0.00000E+00 -0.26129E+00  0.25144E+00  0.34670E+00
  0.48999E-01  0.13821E+03    0.49000E-01 -0.23364E-01 -0.25636E-01  0.00000E+00  0.00000E+00  0.00000E+00    0.13821E+03  0.00000E+00  0.00000E+00 -0.26045E+00  0.25402E+00  0.34747E+00
  0.49999E-01  0.13877E+03    0.50000E-01 -0.23840E-01 -0.26160E-01  0.00000E+00  0.00000E+00  0.00000E+00    0.13877E+03  0.00000E+00  0.00000E+00 -0.25957E+00  0.25661E+00  0.34824E+00
  0.50999E-01  0.13933E+03    0.51000E-01 -0.24316E-01 -0.26684E-01  0.00000E+00  0.00000E+00  0.00000E+00    0.13933E+03  0.00000E+00  0.00000E+00 -0.25866E+00  0.25922E+00  0.34901E+00
  0.51999E-01  0.13988E+03    0.52000E-01 -0.24792E-01 -0.27208E-01  0.00000E+00  0.00000E+00  0.00000E+00    0.13988E+03  0.00000E+00  0.00000E+00 -0.25772E+00  0.26186E+00  0.34978E+00
  0.52999E-01  0.14045E+03    0.53000E-01 -0.25268E-01 -0.27732E-01  0.00000E+00  0.00000E+00  0.00000E+00    0.14045E+03  0.00000E+00  0.00000E+00 -0.25311E+00  0.26651E+00  0.35038E+00
  0.53999E-01  0.14098E+03    0.54000E-01 -0.25744E-01 -0.28256E-01  0.00000E+00  0.00000E+00  0.00000E+00    0.14097E+03  0.00000E+00  0.00000E+00 -0.25566E+00  0.26728E+00  0.35130E+00
  0.54999E-01  0.14155E+03    0.55000E-01 -0.26220E-01 -0.28780E-01  0.00000E+00  0.00000E+00  0.00000E+00    0.14154E+03  0.00000E+00  0.00000E+00 -0.25107E+00  0.27192E+00  0.35189E+00
  0.55999E-01  0.14206E+03    0.56000E-01 -0.26696E-01 -0.29304E-01  0.00000E+00  0.00000E+00  0.00000E+00    0.14206E+03  0.00000E+00  0.00000E+00 -0.25354E+00  0.27269E+00  0.35281E+00
  0.56999E-01  0.14263E+03    0.57000E-01 -0.27172E-01 -0.29828E-01  0.00000E+00  0.00000E+00  0.00000E+00    0.14262E+03  0.00000E+00  0.00000E+00 -0.24889E+00  0.27741E+00  0.35338E+00
  0.57999E-01  0.14314E+03    0.58000E-01 -0.27648E-01 -0.30352E-01  0.00000E+00  0.00000E+00  0.00000E+00    0.14313E+03  0.00000E+00  0.00000E+00 -0.25129E+00  0.27818E+00  0.35431E+00
  0.58999E-01  0.14366E+03    0.59000E-01 -0.28124E-01 -0.30876E-01  0.00000E+00  0.00000E+00  0.00000E+00    0.14365E+03  0.00000E+00  0.00000E+00 -0.25063E+00  0.28066E+00  0.35504E+00
  0.59999E-01  0.14420E+03    0.60000E-01 -0.28600E-01 -0.31400E-01  0.00000E+00  0.00000E+00  0.00000E+00    0.14420E+03  0.00000E+00  0.00000E+00 -0.24901E+00  0.28363E+00  0.35581E+00
  0.60999E-01  0.14471E+03    0.61000E-01 -0.29075E-01 -0.31925E-01  0.00000E+00  0.00000E+00  0.00000E+00    0.14471E+03  0.00000E+00  0.00000E+00 -0.24819E+00  0.28624E+00  0.35654E+00
  0.61999E-01  0.14525E+03    0.62000E-01 -0.29551E-01 -0.32449E-01  0.00000E+00  0.00000E+00  0.00000E+00    0.14525E+03  0.00000E+00  0.00000E+00 -0.24651E+00  0.28926E+00  0.35730E+00
  0.62999E-01  0.14576E+03    0.63000E-01 -0.30027E-01 -0.32973E-01  0.00000E+00  0.00000E+00  0.00000E+00    0.14575E+03  0.00000E+00  0.00000E+00 -0.24563E+00  0.29191E+00  0.35804E+00
  0.63999E-01  0.14629E+03    0.64000E-01 -0.30503E-01 -0.33497E-01  0.00000E+00  0.00000E+00  0.00000E+00    0.14629E+03  0.00000E+00  0.00000E+00 -0.24389E+00  0.29496E+00  0.35880E+00
  0.64999E-01  0.14679E+03    0.65000E-01 -0.30978E-01 -0.34022E-01  0.00000E+00  0.00000E+00  0.00000E+00    0.14679E+03  0.00000E+00  0.00000E+00 -0.24295E+00  0.29764E+00  0.35953E+00
  0.65999E-01  0.14732E+03    0.66000E-01 -0.31454E-01 -0.34546E-01  0.00000E+00  0.00000E+00  0.00000E+00    0.14731E+03  0.00000E+00  0.00000E+00 -0.24115E+00  0.30074E+00  0.36029E+00
  0.66999E-01  0.14781E+03    0.67000E-01 -0.31930E-01 -0.35070E-01  0.00000E+00  0.00000E+00  0.00000E+00    0.14781E+03  0.00000E+00  0.00000E+00 -0.24016E+00  0.30346E+00  0.36104E+00
  0.67999E-01  0.14832E+03    0.68000E-01 -0.32405E-01 -0.35595E-01  0.00000E+00  0.00000E+00  0.00000E+00    0.14831E+03  0.00000E+00  0.00000E+00 -0.23880E+00  0.30636E+00  0.36179E+00
  0.68999E-01  0.14884E+03    0.69000E-01 -0.32881E-01 -0.36119E-01  0.00000E+00  0.00000E+00  0.00000E+00    0.14883E+03  0.00000E+00  0.00000E+00 -0.23683E+00  0.30954E+00  0.36255E+00
  0.69999E-01  0.14932E+03    0.70000E-01 -0.33357E-01 -0.36643E-01  0.00000E+00  0.00000E+00  0.00000E+00    0.14932E+03  0.00000E+00  0.00000E+00 -0.23575E+00  0.31231E+00  0.36330E+00
  0.70999E-01  0.14982E+03    0.71000E-01 -0.33832E-01 -0.37168E-01  0.00000E+00  0.00000E+00  0.00000E+00    0.14982E+03  0.00000E+00  0.00000E+00 -0.23430E+00  0.31526E+00  0.36405E+00
  0.71999E-01  0.15032E+03    0.72000E-01 -0.34308E-01 -0.37692E-01  0.00000E+00  0.00000E+00  0.00000E+00    0.15031E+03  0.00000E+00  0.00000E+00 -0.23276E+00  0.31827E+00  0.36482E+00
  0.72998E-01  0.15081E+03    0.73000E-01 -0.34783E-01 -0.38217E-01  0.00000E+00  0.00000E+00  0.00000E+00    0.15081E+03  0.00000E+00  0.00000E+00 -0.23118E+00  0.32129E+00  0.36558E+00
  0.73998E-01  0.15130E+03    0.74000E-01 -0.35259E-01 -0.38741E-01  0.00000E+00  0.00000E+00  0.00000E+00    0.15130E+03  0.00000E+00  0.00000E+00 -0.22957E+00  0.32433E+00  0.36635E+00
  0.74998E-01  0.15179E+03    0.75000E-01 -0.35734E-01 -0.39266E-01  0.00000E+00  0.00000E+00  0.00000E+00    0.15179E+03  0.00000E+00  0.00000E+00 -0.22794E+00  0.32739E+00  0.36712E+00
  0.75998E-01  0.15227E+03    0.76000E-01 -0.36209E-01 -0.39791E-01  0.00000E+00  0.00000E+00  0.00000E+00    0.15227E+03  0.00000E+00  0.00000E+00 -0.22628E+00  0.33047E+00  0.36790E+00
  0.76998E-01  0.15276E+03    0.77000E-01 -0.36685E-01 -0.40315E-01  0.00000E+00  0.00000E+00  0.00000E+00    0.15275E+03  0.00000E+00  0.00000E+00 -0.22460E+00  0.33357E+00  0.36868E+00
  0.77998E-01  0.15324E+03    0.78000E-01 -0.37160E-01 -0.40840E-01  0.00000E+00  0.00000E+00  0.00000E+00    0.15323E+03  0.00000E+00  0.00000E+00 -0.22289E+00  0.33669E+00  0.36947E+00
  0.78998E-01  0.15371E+03    0.79000E-01 -0.37636E-01 -0.41364E-01  0.00000E+00  0.00000E+00  0.00000E+00    0.15371E+03  0.00000E+00  0.00000E+00 -0.22115E+00  0.33983E+00  0.37026E+00
  0.79998E-01  0.15419E+03    0.80000E-01 -0.38111E-01 -0.41889E-01  0.00000E+00  0.00000E+00  0.00000E+00    0.15419E+03  0.00000E+00  0.00000E+00 -0.21939E+00  0.34298E+00  0.37107E+00
  0.80998E-01  0.15466E+03    0.81000E-01 -0.38586E-01 -0.42414E-01  0.00000E+00  0.00000E+00  0.00000E+00    0.15466E+03  0.00000E+00  0.00000E+00 -0.21760E+00  0.34616E+00  0.37187E+00
  0.81998E-01  0.15513E+03    0.82000E-01 -0.39061E-01 -0.42939E-01  0.00000E+00  0.00000E+00  0.00000E+00    0.15513E+03  0.00000E+00  0.00000E+00 -0.21579E+00  0.34935E+00  0.37269E+00
  0.82998E-01  0.15560E+03    0.83000E-01 -0.39537E-01 -0.43463E-01  0.00000E+00  0.00000E+00  0.00000E+00    0.15560E+03  0.00000E+00  0.00000E+00 -0.20541E+00  0.35656E+00  0.37355E+00
  0.83998E-01  0.15604E+03    0.84000E-01 -0.40012E-01 -0.43988E-01  0.00000E+00  0.00000E+00  0.00000E+00    0.15603E+03  0.00000E+00  0.00000E+00 -0.20578E+00  0.35931E+00  0.37451E+00
  0.84998E-01  0.15649E+03    0.85000E-01 -0.40487E-01 -0.44513E-01  0.00000E+00  0.00000E+00  0.00000E+00    0.15649E+03  0.00000E+00  0.00000E+00 -0.20356E+00  0.36268E+00  0.37538E+00
  0.85998E-01  0.15695E+03    0.86000E-01 -0.40962E-01 -0.45038E-01  0.00000E+00  0.00000E+00  0.00000E+00    0.15695E+03  0.00000E+00  0.00000E+00 -0.20165E+00  0.36599E+00  0.37624E+00
  0.86998E-01  0.15741E+03    0.87000E-01 -0.41437E-01 -0.45563E-01  0.00000E+00  0.00000E+00  0.00000E+00    0.15741E+03  0.00000E+00  0.00000E+00 -0.19972E+00  0.36931E+00  0.37711E+00
  0.87998E-01  0.15787E+03    0.88000E-01 -0.41912E-01 -0.46088E-01  0.00000E+00  0.00000E+00  0.00000E+00    0.15786E+03  0.00000E+00  0.00000E+00 -0.19777E+00  0.37266E+00  0.37798E+00
  0.88998E-01  0.15838E+03    0.89000E-01 -0.42387E-01 -0.46613E-01  0.00000E+00  0.00000E+00  0.00000E+00    0.15838E+03  0.00000E+00  0.00000E+00 -0.19384E+00  0.37684E+00  0.37876E+00
  0.89998E-01  0.15884E+03    0.90000E-01 -0.42862E-01 -0.47138E-01  0.00000E+00  0.00000E+00  0.00000E+00    0.15884E+03  0.00000E+00  0.00000E+00 -0.19234E+00  0.38011E+00  0.37962E+00
  0.90998E-01  0.15929E+03    0.91000E-01 -0.43337E-01 -0.47663E-01  0.00000E+00  0.00000E+00  0.00000E+00    0.15929E+03  0.00000E+00  0.00000E+00 -0.19032E+00  0.38352E+00  0.38053E+00
  0.91998E-01  0.15974E+03    0.92000E-01 -0.43812E-01 -0.48188E-01  0.00000E+00  0.00000E+00  0.00000E+00    0.15973E+03  0.00000E+00  0.00000E+00 -0.18828E+00  0.38696E+00  0.38145E+00
  0.92998E-01  0.16018E+03    0.93000E-01 -0.44287E-01 -0.48713E-01  0.00000E+00  0.00000E+00  0.00000E+00    0.16018E+03  0.00000E+00  0.00000E+00 -0.18621E+00  0.39042E+00  0.38238E+00
  0.93998E-01  0.16062E+03    0.94000E-01 -0.44762E-01 -0.49238E-01  0.00000E+00  0.00000E+00  0.00000E+00    0.16062E+03  0.00000E+00  0.00000E+00 -0.18413E+00  0.39389E+00  0.38332E+00
  0.94998E-01  0.16106E+03    0.95000E-01 -0.45237E-01 -0.49763E-01  0.00000E+00  0.00000E+00  0.00000E+00    0.16106E+03  0.00000E+00  0.00000E+00 -0.18203E+00  0.39739E+00  0.38429E+00
  0.95998E-01  0.16150E+03    0.96000E-01 -0.45712E-01 -0.50288E-01  0.00000E+00  0.00000E+00  0.00000E+00    0.16150E+03  0.00000E+00  0.00000E+00 -0.17991E+00  0.40092E+00  0.38526E+00
  0.96998E-01  0.16194E+03    0.97000E-01 -0.46187E-01 -0.50813E-01  0.00000E+00  0.00000E+00  0.00000E+00    0.16193E+03  0.00000E+00  0.00000E+00 -0.17777E+00  0.40446E+00  0.38625E+00
  0.97998E-01  0.16237E+03    0.98000E-01 -0.46662E-01 -0.51338E-01  0.00000E+00  0.00000E+00  0.00000E+00    0.16237E+03  0.00000E+00  0.00000E+00 -0.17561E+00  0.40803E+00  0.38725E+00
  0.98998E-01  0.16280E+03    0.99000E-01 -0.47137E-01 -0.51863E-01  0.00000E+00  0.00000E+00  0.00000E+00    0.16280E+03  0.00000E+00  0.00000E+00 -0.17343E+00  0.41162E+00  0.38827E+00
  0.99998E-01  0.16323E+03    0.10000E+00 -0.47611E-01 -0.52389E-01  0.00000E+00  0.00000E+00  0.00000E+00    0.16323E+03  0.00000E+00  0.00000E+00 -0.17123E+00  0.41523E+00  0.38931E+00
