          Evm          Svm            E11          E22          E33          E23          E13          E12         SCAU11       SCAU22       SCAU33       SCAU23       SCAU13       SCAU12      TEMP
  0.00000E+00  0.10581E+03    0.00000E+00  0.00000E+00  0.00000E+00  0.00000E+00  0.00000E+00  0.00000E+00    0.10580E+03  0.00000E+00  0.00000E+00 -0.24540E+00  0.15214E+00  0.29236E+00
  0.99998E-03  0.10652E+03    0.10000E-02 -0.47967E-03 -0.52033E-03  0.00000E+00  0.00000E+00  0.00000E+00    0.10651E+03  0.00000E+00  0.00000E+00 -0.25098E+00  0.15583E+00  0.29629E+00
  0.20000E-02  0.10718E+03    0.20000E-02 -0.95784E-03 -0.10422E-02  0.00000E+00  0.00000E+00  0.00000E+00    0.10718E+03  0.00000E+00  0.00000E+00 -0.25143E+00  0.15713E+00  0.29892E+00
  0.29999E-02  0.10792E+03    0.30000E-02 -0.14356E-02 -0.15644E-02  0.00000E+00  0.00000E+00  0.00000E+00    0.10792E+03  0.00000E+00  0.00000E+00 -0.25282E+00  0.15855E+00  0.30075E+00
  0.39999E-02  0.10866E+03    0.40000E-02 -0.19132E-02 -0.20868E-02  0.00000E+00  0.00000E+00  0.00000E+00    0.10866E+03  0.00000E+00  0.00000E+00 -0.25403E+00  0.16001E+00  0.30228E+00
  0.49999E-02  0.10939E+03    0.50000E-02 -0.23906E-02 -0.26094E-02  0.00000E+00  0.00000E+00  0.00000E+00    0.10939E+03  0.00000E+00  0.00000E+00 -0.25519E+00  0.16150E+00  0.30367E+00
  0.59999E-02  0.11010E+03    0.60000E-02 -0.28678E-02 -0.31322E-02  0.00000E+00  0.00000E+00  0.00000E+00    0.11010E+03  0.00000E+00  0.00000E+00 -0.25385E+00  0.16405E+00  0.30502E+00
  0.69998E-02  0.11083E+03    0.70000E-02 -0.33451E-02 -0.36549E-02  0.00000E+00  0.00000E+00  0.00000E+00    0.11083E+03  0.00000E+00  0.00000E+00 -0.25491E+00  0.16577E+00  0.30632E+00
  0.79998E-02  0.11155E+03    0.80000E-02 -0.38222E-02 -0.41778E-02  0.00000E+00  0.00000E+00  0.00000E+00    0.11155E+03  0.00000E+00  0.00000E+00 -0.25590E+00  0.16738E+00  0.30754E+00
  0.89998E-02  0.11227E+03    0.90000E-02 -0.42993E-02 -0.47007E-02  0.00000E+00  0.00000E+00  0.00000E+00    0.11226E+03  0.00000E+00  0.00000E+00 -0.25682E+00  0.16900E+00  0.30874E+00
  0.99998E-02  0.11298E+03    0.10000E-01 -0.47764E-02 -0.52236E-02  0.00000E+00  0.00000E+00  0.00000E+00    0.11297E+03  0.00000E+00  0.00000E+00 -0.25769E+00  0.17065E+00  0.30991E+00
  0.11000E-01  0.11368E+03    0.11000E-01 -0.52535E-02 -0.57465E-02  0.00000E+00  0.00000E+00  0.00000E+00    0.11368E+03  0.00000E+00  0.00000E+00 -0.25851E+00  0.17233E+00  0.31105E+00
  0.12000E-01  0.11438E+03    0.12000E-01 -0.57305E-02 -0.62695E-02  0.00000E+00  0.00000E+00  0.00000E+00    0.11438E+03  0.00000E+00  0.00000E+00 -0.25928E+00  0.17403E+00  0.31218E+00
  0.13000E-01  0.11508E+03    0.13000E-01 -0.62075E-02 -0.67925E-02  0.00000E+00  0.00000E+00  0.00000E+00    0.11507E+03  0.00000E+00  0.00000E+00 -0.26000E+00  0.17576E+00  0.31328E+00
  0.14000E-01  0.11577E+03    0.14000E-01 -0.66845E-02 -0.73155E-02  0.00000E+00  0.00000E+00  0.00000E+00    0.11577E+03  0.00000E+00  0.00000E+00 -0.26066E+00  0.17752E+00  0.31438E+00
  0.15000E-01  0.11646E+03    0.15000E-01 -0.71614E-02 -0.78386E-02  0.00000E+00  0.00000E+00  0.00000E+00    0.11645E+03  0.00000E+00  0.00000E+00 -0.26127E+00  0.17931E+00  0.31545E+00
  0.16000E-01  0.11714E+03    0.16000E-01 -0.76384E-02 -0.83616E-02  0.00000E+00  0.00000E+00  0.00000E+00    0.11714E+03  0.00000E+00  0.00000E+00 -0.26184E+00  0.18113E+00  0.31651E+00
  0.17000E-01  0.11782E+03    0.17000E-01 -0.81153E-02 -0.88847E-02  0.00000E+00  0.00000E+00  0.00000E+00    0.11782E+03  0.00000E+00  0.00000E+00 -0.26235E+00  0.18297E+00  0.31756E+00
  0.18000E-01  0.11849E+03    0.18000E-01 -0.85922E-02 -0.94078E-02  0.00000E+00  0.00000E+00  0.00000E+00    0.11849E+03  0.00000E+00  0.00000E+00 -0.26281E+00  0.18484E+00  0.31859E+00
  0.19000E-01  0.11916E+03    0.19000E-01 -0.90690E-02 -0.99310E-02  0.00000E+00  0.00000E+00  0.00000E+00    0.11916E+03  0.00000E+00  0.00000E+00 -0.26322E+00  0.18673E+00  0.31961E+00
  0.20000E-01  0.11983E+03    0.20000E-01 -0.95459E-02 -0.10454E-01  0.00000E+00  0.00000E+00  0.00000E+00    0.11983E+03  0.00000E+00  0.00000E+00 -0.26359E+00  0.18865E+00  0.32061E+00
  0.21000E-01  0.12049E+03    0.21000E-01 -0.10023E-01 -0.10977E-01  0.00000E+00  0.00000E+00  0.00000E+00    0.12049E+03  0.00000E+00  0.00000E+00 -0.26391E+00  0.19060E+00  0.32160E+00
  0.22000E-01  0.12115E+03    0.22000E-01 -0.10500E-01 -0.11500E-01  0.00000E+00  0.00000E+00  0.00000E+00    0.12115E+03  0.00000E+00  0.00000E+00 -0.26418E+00  0.19258E+00  0.32259E+00
  0.22999E-01  0.12181E+03    0.23000E-01 -0.10976E-01 -0.12024E-01  0.00000E+00  0.00000E+00  0.00000E+00    0.12181E+03  0.00000E+00  0.00000E+00 -0.26440E+00  0.19457E+00  0.32355E+00
  0.23999E-01  0.12246E+03    0.24000E-01 -0.11453E-01 -0.12547E-01  0.00000E+00  0.00000E+00  0.00000E+00    0.12246E+03  0.00000E+00  0.00000E+00 -0.26458E+00  0.19660E+00  0.32451E+00
  0.24999E-01  0.12311E+03    0.25000E-01 -0.11930E-01 -0.13070E-01  0.00000E+00  0.00000E+00  0.00000E+00    0.12310E+03  0.00000E+00  0.00000E+00 -0.26471E+00  0.19865E+00  0.32545E+00
  0.25999E-01  0.12375E+03    0.26000E-01 -0.12406E-01 -0.13594E-01  0.00000E+00  0.00000E+00  0.00000E+00    0.12375E+03  0.00000E+00  0.00000E+00 -0.26480E+00  0.20073E+00  0.32639E+00
  0.26999E-01  0.12439E+03    0.27000E-01 -0.12883E-01 -0.14117E-01  0.00000E+00  0.00000E+00  0.00000E+00    0.12439E+03  0.00000E+00  0.00000E+00 -0.26484E+00  0.20283E+00  0.32732E+00
  0.27999E-01  0.12503E+03    0.28000E-01 -0.13360E-01 -0.14640E-01  0.00000E+00  0.00000E+00  0.00000E+00    0.12502E+03  0.00000E+00  0.00000E+00 -0.26483E+00  0.20496E+00  0.32823E+00
  0.28999E-01  0.12566E+03    0.29000E-01 -0.13836E-01 -0.15164E-01  0.00000E+00  0.00000E+00  0.00000E+00    0.12566E+03  0.00000E+00  0.00000E+00 -0.26478E+00  0.20711E+00  0.32914E+00
  0.29999E-01  0.12629E+03    0.30000E-01 -0.14313E-01 -0.15687E-01  0.00000E+00  0.00000E+00  0.00000E+00    0.12628E+03  0.00000E+00  0.00000E+00 -0.26469E+00  0.20928E+00  0.33003E+00
  0.30999E-01  0.12691E+03    0.31000E-01 -0.14790E-01 -0.16210E-01  0.00000E+00  0.00000E+00  0.00000E+00    0.12691E+03  0.00000E+00  0.00000E+00 -0.26455E+00  0.21148E+00  0.33092E+00
  0.31999E-01  0.12753E+03    0.32000E-01 -0.15266E-01 -0.16734E-01  0.00000E+00  0.00000E+00  0.00000E+00    0.12753E+03  0.00000E+00  0.00000E+00 -0.26436E+00  0.21370E+00  0.33180E+00
  0.32999E-01  0.12815E+03    0.33000E-01 -0.15743E-01 -0.17257E-01  0.00000E+00  0.00000E+00  0.00000E+00    0.12815E+03  0.00000E+00  0.00000E+00 -0.26414E+00  0.21595E+00  0.33267E+00
  0.33999E-01  0.12876E+03    0.34000E-01 -0.16219E-01 -0.17781E-01  0.00000E+00  0.00000E+00  0.00000E+00    0.12876E+03  0.00000E+00  0.00000E+00 -0.26388E+00  0.21822E+00  0.33353E+00
  0.34999E-01  0.12937E+03    0.35000E-01 -0.16696E-01 -0.18304E-01  0.00000E+00  0.00000E+00  0.00000E+00    0.12937E+03  0.00000E+00  0.00000E+00 -0.26358E+00  0.22051E+00  0.33438E+00
  0.35999E-01  0.12998E+03    0.36000E-01 -0.17172E-01 -0.18828E-01  0.00000E+00  0.00000E+00  0.00000E+00    0.12998E+03  0.00000E+00  0.00000E+00 -0.26323E+00  0.22283E+00  0.33523E+00
  0.36999E-01  0.13058E+03    0.37000E-01 -0.17649E-01 -0.19351E-01  0.00000E+00  0.00000E+00  0.00000E+00    0.13058E+03  0.00000E+00  0.00000E+00 -0.26285E+00  0.22517E+00  0.33607E+00
  0.37999E-01  0.13118E+03    0.38000E-01 -0.18125E-01 -0.19875E-01  0.00000E+00  0.00000E+00  0.00000E+00    0.13118E+03  0.00000E+00  0.00000E+00 -0.26242E+00  0.22753E+00  0.33690E+00
  0.38999E-01  0.13178E+03    0.39000E-01 -0.18601E-01 -0.20399E-01  0.00000E+00  0.00000E+00  0.00000E+00    0.13178E+03  0.00000E+00  0.00000E+00 -0.26196E+00  0.22992E+00  0.33772E+00
  0.39999E-01  0.13237E+03    0.40000E-01 -0.19078E-01 -0.20922E-01  0.00000E+00  0.00000E+00  0.00000E+00    0.13237E+03  0.00000E+00  0.00000E+00 -0.26145E+00  0.23233E+00  0.33854E+00
  0.40999E-01  0.13296E+03    0.41000E-01 -0.19554E-01 -0.21446E-01  0.00000E+00  0.00000E+00  0.00000E+00    0.13296E+03  0.00000E+00  0.00000E+00 -0.26091E+00  0.23475E+00  0.33935E+00
  0.41999E-01  0.13355E+03    0.42000E-01 -0.20030E-01 -0.21970E-01  0.00000E+00  0.00000E+00  0.00000E+00    0.13354E+03  0.00000E+00  0.00000E+00 -0.26033E+00  0.23721E+00  0.34015E+00
  0.42999E-01  0.13413E+03    0.43000E-01 -0.20507E-01 -0.22493E-01  0.00000E+00  0.00000E+00  0.00000E+00    0.13413E+03  0.00000E+00  0.00000E+00 -0.25971E+00  0.23968E+00  0.34095E+00
  0.43999E-01  0.13467E+03    0.44000E-01 -0.20983E-01 -0.23017E-01  0.00000E+00  0.00000E+00  0.00000E+00    0.13466E+03  0.00000E+00  0.00000E+00 -0.26287E+00  0.24019E+00  0.34176E+00
  0.44999E-01  0.13528E+03    0.45000E-01 -0.21459E-01 -0.23541E-01  0.00000E+00  0.00000E+00  0.00000E+00    0.13528E+03  0.00000E+00  0.00000E+00 -0.25862E+00  0.24450E+00  0.34249E+00
  0.45999E-01  0.13581E+03    0.46000E-01 -0.21935E-01 -0.24065E-01  0.00000E+00  0.00000E+00  0.00000E+00    0.13581E+03  0.00000E+00  0.00000E+00 -0.26147E+00  0.24517E+00  0.34334E+00
  0.46999E-01  0.13638E+03    0.47000E-01 -0.22412E-01 -0.24588E-01  0.00000E+00  0.00000E+00  0.00000E+00    0.13638E+03  0.00000E+00  0.00000E+00 -0.26080E+00  0.24760E+00  0.34413E+00
  0.47999E-01  0.13695E+03    0.48000E-01 -0.22888E-01 -0.25112E-01  0.00000E+00  0.00000E+00  0.00000E+00    0.13695E+03  0.00000E+00  0.00000E+00 -0.26001E+00  0.25015E+00  0.34491E+00
  0.48999E-01  0.13751E+03    0.49000E-01 -0.23364E-01 -0.25636E-01  0.00000E+00  0.00000E+00  0.00000E+00    0.13751E+03  0.00000E+00  0.00000E+00 -0.25918E+00  0.25272E+00  0.34569E+00
  0.49999E-01  0.13807E+03    0.50000E-01 -0.23840E-01 -0.26160E-01  0.00000E+00  0.00000E+00  0.00000E+00    0.13807E+03  0.00000E+00  0.00000E+00 -0.25832E+00  0.25530E+00  0.34646E+00
  0.50999E-01  0.13863E+03    0.51000E-01 -0.24316E-01 -0.26684E-01  0.00000E+00  0.00000E+00  0.00000E+00    0.13863E+03  0.00000E+00  0.00000E+00 -0.25741E+00  0.25791E+00  0.34723E+00
  0.51999E-01  0.13918E+03    0.52000E-01 -0.24792E-01 -0.27208E-01  0.00000E+00  0.00000E+00  0.00000E+00    0.13918E+03  0.00000E+00  0.00000E+00 -0.25648E+00  0.26054E+00  0.34800E+00
  0.52999E-01  0.13973E+03    0.53000E-01 -0.25268E-01 -0.27732E-01  0.00000E+00  0.00000E+00  0.00000E+00    0.13973E+03  0.00000E+00  0.00000E+00 -0.25551E+00  0.26318E+00  0.34877E+00
  0.53999E-01  0.14030E+03    0.54000E-01 -0.25744E-01 -0.28256E-01  0.00000E+00  0.00000E+00  0.00000E+00    0.14030E+03  0.00000E+00  0.00000E+00 -0.25089E+00  0.26786E+00  0.34937E+00
  0.54999E-01  0.14082E+03    0.55000E-01 -0.26220E-01 -0.28780E-01  0.00000E+00  0.00000E+00  0.00000E+00    0.14082E+03  0.00000E+00  0.00000E+00 -0.25341E+00  0.26863E+00  0.35030E+00
  0.55999E-01  0.14139E+03    0.56000E-01 -0.26696E-01 -0.29304E-01  0.00000E+00  0.00000E+00  0.00000E+00    0.14139E+03  0.00000E+00  0.00000E+00 -0.24880E+00  0.27329E+00  0.35088E+00
  0.56999E-01  0.14190E+03    0.57000E-01 -0.27172E-01 -0.29828E-01  0.00000E+00  0.00000E+00  0.00000E+00    0.14190E+03  0.00000E+00  0.00000E+00 -0.25124E+00  0.27406E+00  0.35181E+00
  0.57999E-01  0.14243E+03    0.58000E-01 -0.27648E-01 -0.30352E-01  0.00000E+00  0.00000E+00  0.00000E+00    0.14242E+03  0.00000E+00  0.00000E+00 -0.25062E+00  0.27652E+00  0.35253E+00
  0.58999E-01  0.14297E+03    0.59000E-01 -0.28124E-01 -0.30876E-01  0.00000E+00  0.00000E+00  0.00000E+00    0.14297E+03  0.00000E+00  0.00000E+00 -0.24905E+00  0.27946E+00  0.35331E+00
  0.59999E-01  0.14349E+03    0.60000E-01 -0.28600E-01 -0.31400E-01  0.00000E+00  0.00000E+00  0.00000E+00    0.14348E+03  0.00000E+00  0.00000E+00 -0.24827E+00  0.28205E+00  0.35403E+00
  0.60999E-01  0.14403E+03    0.61000E-01 -0.29075E-01 -0.31925E-01  0.00000E+00  0.00000E+00  0.00000E+00    0.14403E+03  0.00000E+00  0.00000E+00 -0.24663E+00  0.28503E+00  0.35480E+00
  0.61999E-01  0.14454E+03    0.62000E-01 -0.29551E-01 -0.32449E-01  0.00000E+00  0.00000E+00  0.00000E+00    0.14453E+03  0.00000E+00  0.00000E+00 -0.24579E+00  0.28766E+00  0.35554E+00
  0.62999E-01  0.14507E+03    0.63000E-01 -0.30027E-01 -0.32973E-01  0.00000E+00  0.00000E+00  0.00000E+00    0.14507E+03  0.00000E+00  0.00000E+00 -0.24408E+00  0.29069E+00  0.35630E+00
  0.63999E-01  0.14558E+03    0.64000E-01 -0.30503E-01 -0.33497E-01  0.00000E+00  0.00000E+00  0.00000E+00    0.14557E+03  0.00000E+00  0.00000E+00 -0.24319E+00  0.29334E+00  0.35704E+00
  0.64999E-01  0.14611E+03    0.65000E-01 -0.30978E-01 -0.34022E-01  0.00000E+00  0.00000E+00  0.00000E+00    0.14610E+03  0.00000E+00  0.00000E+00 -0.24142E+00  0.29641E+00  0.35780E+00
  0.65999E-01  0.14660E+03    0.66000E-01 -0.31454E-01 -0.34546E-01  0.00000E+00  0.00000E+00  0.00000E+00    0.14660E+03  0.00000E+00  0.00000E+00 -0.24047E+00  0.29910E+00  0.35854E+00
  0.66999E-01  0.14713E+03    0.67000E-01 -0.31930E-01 -0.35070E-01  0.00000E+00  0.00000E+00  0.00000E+00    0.14712E+03  0.00000E+00  0.00000E+00 -0.23865E+00  0.30220E+00  0.35930E+00
  0.67999E-01  0.14762E+03    0.68000E-01 -0.32405E-01 -0.35595E-01  0.00000E+00  0.00000E+00  0.00000E+00    0.14762E+03  0.00000E+00  0.00000E+00 -0.23763E+00  0.30493E+00  0.36005E+00
  0.68999E-01  0.14812E+03    0.69000E-01 -0.32881E-01 -0.36119E-01  0.00000E+00  0.00000E+00  0.00000E+00    0.14812E+03  0.00000E+00  0.00000E+00 -0.23625E+00  0.30784E+00  0.36081E+00
  0.69999E-01  0.14862E+03    0.70000E-01 -0.33357E-01 -0.36643E-01  0.00000E+00  0.00000E+00  0.00000E+00    0.14862E+03  0.00000E+00  0.00000E+00 -0.23477E+00  0.31080E+00  0.36157E+00
  0.70999E-01  0.14912E+03    0.71000E-01 -0.33832E-01 -0.37168E-01  0.00000E+00  0.00000E+00  0.00000E+00    0.14912E+03  0.00000E+00  0.00000E+00 -0.23326E+00  0.31377E+00  0.36233E+00
  0.71999E-01  0.14962E+03    0.72000E-01 -0.34308E-01 -0.37692E-01  0.00000E+00  0.00000E+00  0.00000E+00    0.14961E+03  0.00000E+00  0.00000E+00 -0.23172E+00  0.31677E+00  0.36309E+00
  0.72998E-01  0.15011E+03    0.73000E-01 -0.34783E-01 -0.38217E-01  0.00000E+00  0.00000E+00  0.00000E+00    0.15011E+03  0.00000E+00  0.00000E+00 -0.23015E+00  0.31979E+00  0.36385E+00
  0.73998E-01  0.15060E+03    0.74000E-01 -0.35259E-01 -0.38741E-01  0.00000E+00  0.00000E+00  0.00000E+00    0.15060E+03  0.00000E+00  0.00000E+00 -0.22855E+00  0.32282E+00  0.36463E+00
  0.74998E-01  0.15109E+03    0.75000E-01 -0.35734E-01 -0.39266E-01  0.00000E+00  0.00000E+00  0.00000E+00    0.15109E+03  0.00000E+00  0.00000E+00 -0.22693E+00  0.32587E+00  0.36540E+00
  0.75998E-01  0.15157E+03    0.76000E-01 -0.36209E-01 -0.39791E-01  0.00000E+00  0.00000E+00  0.00000E+00    0.15157E+03  0.00000E+00  0.00000E+00 -0.22528E+00  0.32894E+00  0.36618E+00
  0.76998E-01  0.15206E+03    0.77000E-01 -0.36685E-01 -0.40315E-01  0.00000E+00  0.00000E+00  0.00000E+00    0.15205E+03  0.00000E+00  0.00000E+00 -0.22361E+00  0.33203E+00  0.36696E+00
  0.77998E-01  0.15254E+03    0.78000E-01 -0.37160E-01 -0.40840E-01  0.00000E+00  0.00000E+00  0.00000E+00    0.15253E+03  0.00000E+00  0.00000E+00 -0.22191E+00  0.33514E+00  0.36775E+00
  0.78998E-01  0.15301E+03    0.79000E-01 -0.37636E-01 -0.41364E-01  0.00000E+00  0.00000E+00  0.00000E+00    0.15301E+03  0.00000E+00  0.00000E+00 -0.22018E+00  0.33827E+00  0.36855E+00
  0.79998E-01  0.15349E+03    0.80000E-01 -0.38111E-01 -0.41889E-01  0.00000E+00  0.00000E+00  0.00000E+00    0.15349E+03  0.00000E+00  0.00000E+00 -0.21843E+00  0.34141E+00  0.36935E+00
  0.80998E-01  0.15396E+03    0.81000E-01 -0.38586E-01 -0.42414E-01  0.00000E+00  0.00000E+00  0.00000E+00    0.15396E+03  0.00000E+00  0.00000E+00 -0.21665E+00  0.34458E+00  0.37016E+00
  0.81998E-01  0.15443E+03    0.82000E-01 -0.39061E-01 -0.42939E-01  0.00000E+00  0.00000E+00  0.00000E+00    0.15443E+03  0.00000E+00  0.00000E+00 -0.21485E+00  0.34776E+00  0.37098E+00
  0.82998E-01  0.15490E+03    0.83000E-01 -0.39537E-01 -0.43463E-01  0.00000E+00  0.00000E+00  0.00000E+00    0.15490E+03  0.00000E+00  0.00000E+00 -0.21303E+00  0.35097E+00  0.37180E+00
  0.83998E-01  0.15537E+03    0.84000E-01 -0.40012E-01 -0.43988E-01  0.00000E+00  0.00000E+00  0.00000E+00    0.15536E+03  0.00000E+00  0.00000E+00 -0.20264E+00  0.35822E+00  0.37268E+00
  0.84998E-01  0.15580E+03    0.85000E-01 -0.40487E-01 -0.44513E-01  0.00000E+00  0.00000E+00  0.00000E+00    0.15580E+03  0.00000E+00  0.00000E+00 -0.20300E+00  0.36097E+00  0.37364E+00
  0.85998E-01  0.15625E+03    0.86000E-01 -0.40962E-01 -0.45038E-01  0.00000E+00  0.00000E+00  0.00000E+00    0.15625E+03  0.00000E+00  0.00000E+00 -0.20076E+00  0.36435E+00  0.37452E+00
  0.86998E-01  0.15671E+03    0.87000E-01 -0.41437E-01 -0.45563E-01  0.00000E+00  0.00000E+00  0.00000E+00    0.15671E+03  0.00000E+00  0.00000E+00 -0.19884E+00  0.36767E+00  0.37540E+00
  0.87998E-01  0.15717E+03    0.88000E-01 -0.41912E-01 -0.46088E-01  0.00000E+00  0.00000E+00  0.00000E+00    0.15716E+03  0.00000E+00  0.00000E+00 -0.19690E+00  0.37100E+00  0.37628E+00
  0.88998E-01  0.15768E+03    0.89000E-01 -0.42387E-01 -0.46613E-01  0.00000E+00  0.00000E+00  0.00000E+00    0.15768E+03  0.00000E+00  0.00000E+00 -0.19298E+00  0.37517E+00  0.37705E+00
  0.89998E-01  0.15814E+03    0.90000E-01 -0.42862E-01 -0.47138E-01  0.00000E+00  0.00000E+00  0.00000E+00    0.15814E+03  0.00000E+00  0.00000E+00 -0.19149E+00  0.37844E+00  0.37792E+00
  0.90998E-01  0.15859E+03    0.91000E-01 -0.43337E-01 -0.47663E-01  0.00000E+00  0.00000E+00  0.00000E+00    0.15859E+03  0.00000E+00  0.00000E+00 -0.18948E+00  0.38184E+00  0.37882E+00
  0.91998E-01  0.15904E+03    0.92000E-01 -0.43812E-01 -0.48188E-01  0.00000E+00  0.00000E+00  0.00000E+00    0.15903E+03  0.00000E+00  0.00000E+00 -0.18745E+00  0.38527E+00  0.37974E+00
  0.92998E-01  0.15948E+03    0.93000E-01 -0.44287E-01 -0.48713E-01  0.00000E+00  0.00000E+00  0.00000E+00    0.15948E+03  0.00000E+00  0.00000E+00 -0.18540E+00  0.38871E+00  0.38068E+00
  0.93998E-01  0.15992E+03    0.94000E-01 -0.44762E-01 -0.49238E-01  0.00000E+00  0.00000E+00  0.00000E+00    0.15992E+03  0.00000E+00  0.00000E+00 -0.18332E+00  0.39218E+00  0.38162E+00
  0.94998E-01  0.16036E+03    0.95000E-01 -0.45237E-01 -0.49763E-01  0.00000E+00  0.00000E+00  0.00000E+00    0.16036E+03  0.00000E+00  0.00000E+00 -0.18123E+00  0.39567E+00  0.38258E+00
  0.95998E-01  0.16080E+03    0.96000E-01 -0.45712E-01 -0.50288E-01  0.00000E+00  0.00000E+00  0.00000E+00    0.16080E+03  0.00000E+00  0.00000E+00 -0.17912E+00  0.39918E+00  0.38356E+00
  0.96998E-01  0.16124E+03    0.97000E-01 -0.46187E-01 -0.50813E-01  0.00000E+00  0.00000E+00  0.00000E+00    0.16123E+03  0.00000E+00  0.00000E+00 -0.17699E+00  0.40272E+00  0.38455E+00
  0.97998E-01  0.16167E+03    0.98000E-01 -0.46662E-01 -0.51338E-01  0.00000E+00  0.00000E+00  0.00000E+00    0.16167E+03  0.00000E+00  0.00000E+00 -0.17484E+00  0.40627E+00  0.38555E+00
  0.98998E-01  0.16210E+03    0.99000E-01 -0.47137E-01 -0.51863E-01  0.00000E+00  0.00000E+00  0.00000E+00    0.16210E+03  0.00000E+00  0.00000E+00 -0.17267E+00  0.40985E+00  0.38657E+00
  0.99998E-01  0.16253E+03    0.10000E+00 -0.47611E-01 -0.52389E-01  0.00000E+00  0.00000E+00  0.00000E+00    0.16253E+03  0.00000E+00  0.00000E+00 -0.17049E+00  0.41346E+00  0.38761E+00
