          Evm          Svm            E11          E22          E33          E23          E13          E12         SCAU11       SCAU22       SCAU33       SCAU23       SCAU13       SCAU12      TEMP
  0.00000E+00  0.10518E+03    0.00000E+00  0.00000E+00  0.00000E+00  0.00000E+00  0.00000E+00  0.00000E+00    0.10517E+03  0.00000E+00  0.00000E+00 -0.24394E+00  0.15123E+00  0.29062E+00
  0.99998E-03  0.10589E+03    0.10000E-02 -0.47967E-03 -0.52033E-03  0.00000E+00  0.00000E+00  0.00000E+00    0.10588E+03  0.00000E+00  0.00000E+00 -0.24952E+00  0.15491E+00  0.29454E+00
  0.20000E-02  0.10655E+03    0.20000E-02 -0.95784E-03 -0.10422E-02  0.00000E+00  0.00000E+00  0.00000E+00    0.10655E+03  0.00000E+00  0.00000E+00 -0.24997E+00  0.15621E+00  0.29716E+00
  0.29999E-02  0.10729E+03    0.30000E-02 -0.14356E-02 -0.15644E-02  0.00000E+00  0.00000E+00  0.00000E+00    0.10729E+03  0.00000E+00  0.00000E+00 -0.25136E+00  0.15763E+00  0.29899E+00
  0.39999E-02  0.10803E+03    0.40000E-02 -0.19132E-02 -0.20868E-02  0.00000E+00  0.00000E+00  0.00000E+00    0.10803E+03  0.00000E+00  0.00000E+00 -0.25258E+00  0.15908E+00  0.30052E+00
  0.49999E-02  0.10876E+03    0.50000E-02 -0.23906E-02 -0.26094E-02  0.00000E+00  0.00000E+00  0.00000E+00    0.10876E+03  0.00000E+00  0.00000E+00 -0.25374E+00  0.16057E+00  0.30192E+00
  0.59999E-02  0.10947E+03    0.60000E-02 -0.28678E-02 -0.31322E-02  0.00000E+00  0.00000E+00  0.00000E+00    0.10947E+03  0.00000E+00  0.00000E+00 -0.25242E+00  0.16311E+00  0.30327E+00
  0.69998E-02  0.11020E+03    0.70000E-02 -0.33451E-02 -0.36549E-02  0.00000E+00  0.00000E+00  0.00000E+00    0.11020E+03  0.00000E+00  0.00000E+00 -0.25348E+00  0.16483E+00  0.30457E+00
  0.79998E-02  0.11092E+03    0.80000E-02 -0.38222E-02 -0.41778E-02  0.00000E+00  0.00000E+00  0.00000E+00    0.11092E+03  0.00000E+00  0.00000E+00 -0.25447E+00  0.16643E+00  0.30580E+00
  0.89998E-02  0.11164E+03    0.90000E-02 -0.42993E-02 -0.47007E-02  0.00000E+00  0.00000E+00  0.00000E+00    0.11163E+03  0.00000E+00  0.00000E+00 -0.25540E+00  0.16805E+00  0.30699E+00
  0.99998E-02  0.11234E+03    0.10000E-01 -0.47764E-02 -0.52236E-02  0.00000E+00  0.00000E+00  0.00000E+00    0.11234E+03  0.00000E+00  0.00000E+00 -0.25628E+00  0.16969E+00  0.30817E+00
  0.11000E-01  0.11305E+03    0.11000E-01 -0.52535E-02 -0.57465E-02  0.00000E+00  0.00000E+00  0.00000E+00    0.11305E+03  0.00000E+00  0.00000E+00 -0.25710E+00  0.17137E+00  0.30932E+00
  0.12000E-01  0.11375E+03    0.12000E-01 -0.57305E-02 -0.62695E-02  0.00000E+00  0.00000E+00  0.00000E+00    0.11375E+03  0.00000E+00  0.00000E+00 -0.25787E+00  0.17307E+00  0.31044E+00
  0.13000E-01  0.11445E+03    0.13000E-01 -0.62075E-02 -0.67925E-02  0.00000E+00  0.00000E+00  0.00000E+00    0.11444E+03  0.00000E+00  0.00000E+00 -0.25860E+00  0.17480E+00  0.31156E+00
  0.14000E-01  0.11514E+03    0.14000E-01 -0.66845E-02 -0.73155E-02  0.00000E+00  0.00000E+00  0.00000E+00    0.11513E+03  0.00000E+00  0.00000E+00 -0.25927E+00  0.17655E+00  0.31265E+00
  0.15000E-01  0.11582E+03    0.15000E-01 -0.71614E-02 -0.78386E-02  0.00000E+00  0.00000E+00  0.00000E+00    0.11582E+03  0.00000E+00  0.00000E+00 -0.25988E+00  0.17834E+00  0.31373E+00
  0.16000E-01  0.11651E+03    0.16000E-01 -0.76384E-02 -0.83616E-02  0.00000E+00  0.00000E+00  0.00000E+00    0.11651E+03  0.00000E+00  0.00000E+00 -0.26045E+00  0.18014E+00  0.31480E+00
  0.17000E-01  0.11719E+03    0.17000E-01 -0.81153E-02 -0.88847E-02  0.00000E+00  0.00000E+00  0.00000E+00    0.11718E+03  0.00000E+00  0.00000E+00 -0.26097E+00  0.18198E+00  0.31585E+00
  0.18000E-01  0.11786E+03    0.18000E-01 -0.85922E-02 -0.94078E-02  0.00000E+00  0.00000E+00  0.00000E+00    0.11786E+03  0.00000E+00  0.00000E+00 -0.26144E+00  0.18384E+00  0.31688E+00
  0.19000E-01  0.11853E+03    0.19000E-01 -0.90690E-02 -0.99310E-02  0.00000E+00  0.00000E+00  0.00000E+00    0.11853E+03  0.00000E+00  0.00000E+00 -0.26186E+00  0.18574E+00  0.31790E+00
  0.20000E-01  0.11920E+03    0.20000E-01 -0.95459E-02 -0.10454E-01  0.00000E+00  0.00000E+00  0.00000E+00    0.11920E+03  0.00000E+00  0.00000E+00 -0.26223E+00  0.18765E+00  0.31891E+00
  0.21000E-01  0.11986E+03    0.21000E-01 -0.10023E-01 -0.10977E-01  0.00000E+00  0.00000E+00  0.00000E+00    0.11986E+03  0.00000E+00  0.00000E+00 -0.26256E+00  0.18959E+00  0.31991E+00
  0.22000E-01  0.12052E+03    0.22000E-01 -0.10500E-01 -0.11500E-01  0.00000E+00  0.00000E+00  0.00000E+00    0.12052E+03  0.00000E+00  0.00000E+00 -0.26283E+00  0.19156E+00  0.32089E+00
  0.22999E-01  0.12118E+03    0.23000E-01 -0.10976E-01 -0.12024E-01  0.00000E+00  0.00000E+00  0.00000E+00    0.12118E+03  0.00000E+00  0.00000E+00 -0.26307E+00  0.19356E+00  0.32186E+00
  0.23999E-01  0.12183E+03    0.24000E-01 -0.11453E-01 -0.12547E-01  0.00000E+00  0.00000E+00  0.00000E+00    0.12183E+03  0.00000E+00  0.00000E+00 -0.26325E+00  0.19558E+00  0.32282E+00
  0.24999E-01  0.12248E+03    0.25000E-01 -0.11930E-01 -0.13070E-01  0.00000E+00  0.00000E+00  0.00000E+00    0.12247E+03  0.00000E+00  0.00000E+00 -0.26339E+00  0.19762E+00  0.32377E+00
  0.25999E-01  0.12312E+03    0.26000E-01 -0.12406E-01 -0.13594E-01  0.00000E+00  0.00000E+00  0.00000E+00    0.12312E+03  0.00000E+00  0.00000E+00 -0.26348E+00  0.19970E+00  0.32471E+00
  0.26999E-01  0.12376E+03    0.27000E-01 -0.12883E-01 -0.14117E-01  0.00000E+00  0.00000E+00  0.00000E+00    0.12376E+03  0.00000E+00  0.00000E+00 -0.26352E+00  0.20179E+00  0.32564E+00
  0.27999E-01  0.12440E+03    0.28000E-01 -0.13360E-01 -0.14640E-01  0.00000E+00  0.00000E+00  0.00000E+00    0.12439E+03  0.00000E+00  0.00000E+00 -0.26353E+00  0.20391E+00  0.32656E+00
  0.28999E-01  0.12503E+03    0.29000E-01 -0.13836E-01 -0.15164E-01  0.00000E+00  0.00000E+00  0.00000E+00    0.12502E+03  0.00000E+00  0.00000E+00 -0.26348E+00  0.20605E+00  0.32747E+00
  0.29999E-01  0.12566E+03    0.30000E-01 -0.14313E-01 -0.15687E-01  0.00000E+00  0.00000E+00  0.00000E+00    0.12565E+03  0.00000E+00  0.00000E+00 -0.26340E+00  0.20823E+00  0.32836E+00
  0.30999E-01  0.12628E+03    0.31000E-01 -0.14790E-01 -0.16210E-01  0.00000E+00  0.00000E+00  0.00000E+00    0.12628E+03  0.00000E+00  0.00000E+00 -0.26327E+00  0.21041E+00  0.32925E+00
  0.31999E-01  0.12690E+03    0.32000E-01 -0.15266E-01 -0.16734E-01  0.00000E+00  0.00000E+00  0.00000E+00    0.12690E+03  0.00000E+00  0.00000E+00 -0.26309E+00  0.21263E+00  0.33014E+00
  0.32999E-01  0.12752E+03    0.33000E-01 -0.15743E-01 -0.17257E-01  0.00000E+00  0.00000E+00  0.00000E+00    0.12752E+03  0.00000E+00  0.00000E+00 -0.26288E+00  0.21488E+00  0.33101E+00
  0.33999E-01  0.12813E+03    0.34000E-01 -0.16219E-01 -0.17781E-01  0.00000E+00  0.00000E+00  0.00000E+00    0.12813E+03  0.00000E+00  0.00000E+00 -0.26262E+00  0.21714E+00  0.33187E+00
  0.34999E-01  0.12874E+03    0.35000E-01 -0.16696E-01 -0.18304E-01  0.00000E+00  0.00000E+00  0.00000E+00    0.12874E+03  0.00000E+00  0.00000E+00 -0.26232E+00  0.21943E+00  0.33273E+00
  0.35999E-01  0.12935E+03    0.36000E-01 -0.17172E-01 -0.18828E-01  0.00000E+00  0.00000E+00  0.00000E+00    0.12935E+03  0.00000E+00  0.00000E+00 -0.26199E+00  0.22174E+00  0.33358E+00
  0.36999E-01  0.12995E+03    0.37000E-01 -0.17649E-01 -0.19351E-01  0.00000E+00  0.00000E+00  0.00000E+00    0.12995E+03  0.00000E+00  0.00000E+00 -0.26161E+00  0.22407E+00  0.33442E+00
  0.37999E-01  0.13055E+03    0.38000E-01 -0.18125E-01 -0.19875E-01  0.00000E+00  0.00000E+00  0.00000E+00    0.13055E+03  0.00000E+00  0.00000E+00 -0.26119E+00  0.22643E+00  0.33525E+00
  0.38999E-01  0.13115E+03    0.39000E-01 -0.18601E-01 -0.20399E-01  0.00000E+00  0.00000E+00  0.00000E+00    0.13114E+03  0.00000E+00  0.00000E+00 -0.26073E+00  0.22880E+00  0.33608E+00
  0.39999E-01  0.13174E+03    0.40000E-01 -0.19078E-01 -0.20922E-01  0.00000E+00  0.00000E+00  0.00000E+00    0.13174E+03  0.00000E+00  0.00000E+00 -0.26024E+00  0.23121E+00  0.33690E+00
  0.40999E-01  0.13233E+03    0.41000E-01 -0.19554E-01 -0.21446E-01  0.00000E+00  0.00000E+00  0.00000E+00    0.13233E+03  0.00000E+00  0.00000E+00 -0.25970E+00  0.23363E+00  0.33772E+00
  0.41999E-01  0.13292E+03    0.42000E-01 -0.20030E-01 -0.21970E-01  0.00000E+00  0.00000E+00  0.00000E+00    0.13291E+03  0.00000E+00  0.00000E+00 -0.25913E+00  0.23607E+00  0.33852E+00
  0.42999E-01  0.13350E+03    0.43000E-01 -0.20507E-01 -0.22493E-01  0.00000E+00  0.00000E+00  0.00000E+00    0.13349E+03  0.00000E+00  0.00000E+00 -0.25851E+00  0.23854E+00  0.33932E+00
  0.43999E-01  0.13403E+03    0.44000E-01 -0.20983E-01 -0.23017E-01  0.00000E+00  0.00000E+00  0.00000E+00    0.13403E+03  0.00000E+00  0.00000E+00 -0.26169E+00  0.23904E+00  0.34013E+00
  0.44999E-01  0.13465E+03    0.45000E-01 -0.21459E-01 -0.23541E-01  0.00000E+00  0.00000E+00  0.00000E+00    0.13464E+03  0.00000E+00  0.00000E+00 -0.25744E+00  0.24335E+00  0.34087E+00
  0.45999E-01  0.13518E+03    0.46000E-01 -0.21935E-01 -0.24065E-01  0.00000E+00  0.00000E+00  0.00000E+00    0.13518E+03  0.00000E+00  0.00000E+00 -0.26030E+00  0.24402E+00  0.34172E+00
  0.46999E-01  0.13575E+03    0.47000E-01 -0.22412E-01 -0.24588E-01  0.00000E+00  0.00000E+00  0.00000E+00    0.13575E+03  0.00000E+00  0.00000E+00 -0.25964E+00  0.24644E+00  0.34251E+00
  0.47999E-01  0.13632E+03    0.48000E-01 -0.22888E-01 -0.25112E-01  0.00000E+00  0.00000E+00  0.00000E+00    0.13632E+03  0.00000E+00  0.00000E+00 -0.25886E+00  0.24898E+00  0.34329E+00
  0.48999E-01  0.13688E+03    0.49000E-01 -0.23364E-01 -0.25636E-01  0.00000E+00  0.00000E+00  0.00000E+00    0.13688E+03  0.00000E+00  0.00000E+00 -0.25804E+00  0.25154E+00  0.34407E+00
  0.49999E-01  0.13744E+03    0.50000E-01 -0.23840E-01 -0.26160E-01  0.00000E+00  0.00000E+00  0.00000E+00    0.13744E+03  0.00000E+00  0.00000E+00 -0.25718E+00  0.25412E+00  0.34485E+00
  0.50999E-01  0.13800E+03    0.51000E-01 -0.24316E-01 -0.26684E-01  0.00000E+00  0.00000E+00  0.00000E+00    0.13800E+03  0.00000E+00  0.00000E+00 -0.25629E+00  0.25672E+00  0.34562E+00
  0.51999E-01  0.13855E+03    0.52000E-01 -0.24792E-01 -0.27208E-01  0.00000E+00  0.00000E+00  0.00000E+00    0.13855E+03  0.00000E+00  0.00000E+00 -0.25536E+00  0.25934E+00  0.34640E+00
  0.52999E-01  0.13910E+03    0.53000E-01 -0.25268E-01 -0.27732E-01  0.00000E+00  0.00000E+00  0.00000E+00    0.13910E+03  0.00000E+00  0.00000E+00 -0.25440E+00  0.26198E+00  0.34716E+00
  0.53999E-01  0.13965E+03    0.54000E-01 -0.25744E-01 -0.28256E-01  0.00000E+00  0.00000E+00  0.00000E+00    0.13965E+03  0.00000E+00  0.00000E+00 -0.25341E+00  0.26464E+00  0.34793E+00
  0.54999E-01  0.14022E+03    0.55000E-01 -0.26220E-01 -0.28780E-01  0.00000E+00  0.00000E+00  0.00000E+00    0.14021E+03  0.00000E+00  0.00000E+00 -0.24876E+00  0.26935E+00  0.34852E+00
  0.55999E-01  0.14073E+03    0.56000E-01 -0.26696E-01 -0.29304E-01  0.00000E+00  0.00000E+00  0.00000E+00    0.14073E+03  0.00000E+00  0.00000E+00 -0.25126E+00  0.27011E+00  0.34946E+00
  0.56999E-01  0.14130E+03    0.57000E-01 -0.27172E-01 -0.29828E-01  0.00000E+00  0.00000E+00  0.00000E+00    0.14129E+03  0.00000E+00  0.00000E+00 -0.24663E+00  0.27480E+00  0.35003E+00
  0.57999E-01  0.14181E+03    0.58000E-01 -0.27648E-01 -0.30352E-01  0.00000E+00  0.00000E+00  0.00000E+00    0.14180E+03  0.00000E+00  0.00000E+00 -0.24905E+00  0.27557E+00  0.35096E+00
  0.58999E-01  0.14233E+03    0.59000E-01 -0.28124E-01 -0.30876E-01  0.00000E+00  0.00000E+00  0.00000E+00    0.14232E+03  0.00000E+00  0.00000E+00 -0.24840E+00  0.27803E+00  0.35169E+00
  0.59999E-01  0.14287E+03    0.60000E-01 -0.28600E-01 -0.31400E-01  0.00000E+00  0.00000E+00  0.00000E+00    0.14287E+03  0.00000E+00  0.00000E+00 -0.24680E+00  0.28098E+00  0.35247E+00
  0.60999E-01  0.14338E+03    0.61000E-01 -0.29075E-01 -0.31925E-01  0.00000E+00  0.00000E+00  0.00000E+00    0.14338E+03  0.00000E+00  0.00000E+00 -0.24600E+00  0.28358E+00  0.35320E+00
  0.61999E-01  0.14392E+03    0.62000E-01 -0.29551E-01 -0.32449E-01  0.00000E+00  0.00000E+00  0.00000E+00    0.14392E+03  0.00000E+00  0.00000E+00 -0.24434E+00  0.28658E+00  0.35397E+00
  0.62999E-01  0.14443E+03    0.63000E-01 -0.30027E-01 -0.32973E-01  0.00000E+00  0.00000E+00  0.00000E+00    0.14442E+03  0.00000E+00  0.00000E+00 -0.24348E+00  0.28921E+00  0.35471E+00
  0.63999E-01  0.14496E+03    0.64000E-01 -0.30503E-01 -0.33497E-01  0.00000E+00  0.00000E+00  0.00000E+00    0.14496E+03  0.00000E+00  0.00000E+00 -0.24175E+00  0.29225E+00  0.35548E+00
  0.64999E-01  0.14546E+03    0.65000E-01 -0.30978E-01 -0.34022E-01  0.00000E+00  0.00000E+00  0.00000E+00    0.14546E+03  0.00000E+00  0.00000E+00 -0.24084E+00  0.29491E+00  0.35622E+00
  0.65999E-01  0.14599E+03    0.66000E-01 -0.31454E-01 -0.34546E-01  0.00000E+00  0.00000E+00  0.00000E+00    0.14598E+03  0.00000E+00  0.00000E+00 -0.23905E+00  0.29799E+00  0.35698E+00
  0.66999E-01  0.14648E+03    0.67000E-01 -0.31930E-01 -0.35070E-01  0.00000E+00  0.00000E+00  0.00000E+00    0.14648E+03  0.00000E+00  0.00000E+00 -0.23808E+00  0.30069E+00  0.35773E+00
  0.67999E-01  0.14700E+03    0.68000E-01 -0.32405E-01 -0.35595E-01  0.00000E+00  0.00000E+00  0.00000E+00    0.14700E+03  0.00000E+00  0.00000E+00 -0.23624E+00  0.30381E+00  0.35849E+00
  0.68999E-01  0.14749E+03    0.69000E-01 -0.32881E-01 -0.36119E-01  0.00000E+00  0.00000E+00  0.00000E+00    0.14749E+03  0.00000E+00  0.00000E+00 -0.23520E+00  0.30655E+00  0.35924E+00
  0.69999E-01  0.14799E+03    0.70000E-01 -0.33357E-01 -0.36643E-01  0.00000E+00  0.00000E+00  0.00000E+00    0.14799E+03  0.00000E+00  0.00000E+00 -0.23380E+00  0.30947E+00  0.36000E+00
  0.70999E-01  0.14849E+03    0.71000E-01 -0.33832E-01 -0.37168E-01  0.00000E+00  0.00000E+00  0.00000E+00    0.14849E+03  0.00000E+00  0.00000E+00 -0.23231E+00  0.31243E+00  0.36076E+00
  0.71999E-01  0.14898E+03    0.72000E-01 -0.34308E-01 -0.37692E-01  0.00000E+00  0.00000E+00  0.00000E+00    0.14898E+03  0.00000E+00  0.00000E+00 -0.23078E+00  0.31542E+00  0.36153E+00
  0.72998E-01  0.14948E+03    0.73000E-01 -0.34783E-01 -0.38217E-01  0.00000E+00  0.00000E+00  0.00000E+00    0.14947E+03  0.00000E+00  0.00000E+00 -0.22922E+00  0.31843E+00  0.36230E+00
  0.73998E-01  0.14997E+03    0.74000E-01 -0.35259E-01 -0.38741E-01  0.00000E+00  0.00000E+00  0.00000E+00    0.14997E+03  0.00000E+00  0.00000E+00 -0.22763E+00  0.32145E+00  0.36307E+00
  0.74998E-01  0.15046E+03    0.75000E-01 -0.35734E-01 -0.39266E-01  0.00000E+00  0.00000E+00  0.00000E+00    0.15045E+03  0.00000E+00  0.00000E+00 -0.22601E+00  0.32450E+00  0.36384E+00
  0.75998E-01  0.15094E+03    0.76000E-01 -0.36210E-01 -0.39790E-01  0.00000E+00  0.00000E+00  0.00000E+00    0.15094E+03  0.00000E+00  0.00000E+00 -0.22437E+00  0.32756E+00  0.36463E+00
  0.76998E-01  0.15142E+03    0.77000E-01 -0.36685E-01 -0.40315E-01  0.00000E+00  0.00000E+00  0.00000E+00    0.15142E+03  0.00000E+00  0.00000E+00 -0.22271E+00  0.33064E+00  0.36541E+00
  0.77998E-01  0.15190E+03    0.78000E-01 -0.37160E-01 -0.40840E-01  0.00000E+00  0.00000E+00  0.00000E+00    0.15190E+03  0.00000E+00  0.00000E+00 -0.22102E+00  0.33374E+00  0.36620E+00
  0.78998E-01  0.15238E+03    0.79000E-01 -0.37636E-01 -0.41364E-01  0.00000E+00  0.00000E+00  0.00000E+00    0.15238E+03  0.00000E+00  0.00000E+00 -0.21930E+00  0.33686E+00  0.36700E+00
  0.79998E-01  0.15286E+03    0.80000E-01 -0.38111E-01 -0.41889E-01  0.00000E+00  0.00000E+00  0.00000E+00    0.15285E+03  0.00000E+00  0.00000E+00 -0.21756E+00  0.34000E+00  0.36780E+00
  0.80998E-01  0.15333E+03    0.81000E-01 -0.38586E-01 -0.42414E-01  0.00000E+00  0.00000E+00  0.00000E+00    0.15333E+03  0.00000E+00  0.00000E+00 -0.21579E+00  0.34315E+00  0.36861E+00
  0.81998E-01  0.15380E+03    0.82000E-01 -0.39061E-01 -0.42939E-01  0.00000E+00  0.00000E+00  0.00000E+00    0.15380E+03  0.00000E+00  0.00000E+00 -0.21400E+00  0.34633E+00  0.36943E+00
  0.82998E-01  0.15427E+03    0.83000E-01 -0.39537E-01 -0.43463E-01  0.00000E+00  0.00000E+00  0.00000E+00    0.15427E+03  0.00000E+00  0.00000E+00 -0.21219E+00  0.34953E+00  0.37026E+00
  0.83998E-01  0.15473E+03    0.84000E-01 -0.40012E-01 -0.43988E-01  0.00000E+00  0.00000E+00  0.00000E+00    0.15473E+03  0.00000E+00  0.00000E+00 -0.20181E+00  0.35676E+00  0.37113E+00
  0.84998E-01  0.15517E+03    0.85000E-01 -0.40487E-01 -0.44513E-01  0.00000E+00  0.00000E+00  0.00000E+00    0.15516E+03  0.00000E+00  0.00000E+00 -0.20217E+00  0.35950E+00  0.37210E+00
  0.85998E-01  0.15562E+03    0.86000E-01 -0.40962E-01 -0.45038E-01  0.00000E+00  0.00000E+00  0.00000E+00    0.15562E+03  0.00000E+00  0.00000E+00 -0.19995E+00  0.36288E+00  0.37298E+00
  0.86998E-01  0.15608E+03    0.87000E-01 -0.41437E-01 -0.45563E-01  0.00000E+00  0.00000E+00  0.00000E+00    0.15607E+03  0.00000E+00  0.00000E+00 -0.19803E+00  0.36619E+00  0.37386E+00
  0.87998E-01  0.15653E+03    0.88000E-01 -0.41912E-01 -0.46088E-01  0.00000E+00  0.00000E+00  0.00000E+00    0.15653E+03  0.00000E+00  0.00000E+00 -0.19610E+00  0.36951E+00  0.37474E+00
  0.88998E-01  0.15699E+03    0.89000E-01 -0.42387E-01 -0.46613E-01  0.00000E+00  0.00000E+00  0.00000E+00    0.15698E+03  0.00000E+00  0.00000E+00 -0.19415E+00  0.37286E+00  0.37562E+00
  0.89998E-01  0.15750E+03    0.90000E-01 -0.42863E-01 -0.47137E-01  0.00000E+00  0.00000E+00  0.00000E+00    0.15749E+03  0.00000E+00  0.00000E+00 -0.19022E+00  0.37705E+00  0.37641E+00
  0.90998E-01  0.15796E+03    0.91000E-01 -0.43338E-01 -0.47662E-01  0.00000E+00  0.00000E+00  0.00000E+00    0.15795E+03  0.00000E+00  0.00000E+00 -0.18871E+00  0.38032E+00  0.37729E+00
  0.91998E-01  0.15840E+03    0.92000E-01 -0.43813E-01 -0.48187E-01  0.00000E+00  0.00000E+00  0.00000E+00    0.15840E+03  0.00000E+00  0.00000E+00 -0.18670E+00  0.38373E+00  0.37821E+00
  0.92998E-01  0.15885E+03    0.93000E-01 -0.44287E-01 -0.48713E-01  0.00000E+00  0.00000E+00  0.00000E+00    0.15884E+03  0.00000E+00  0.00000E+00 -0.18465E+00  0.38717E+00  0.37914E+00
  0.93998E-01  0.15929E+03    0.94000E-01 -0.44762E-01 -0.49238E-01  0.00000E+00  0.00000E+00  0.00000E+00    0.15929E+03  0.00000E+00  0.00000E+00 -0.18259E+00  0.39063E+00  0.38009E+00
  0.94998E-01  0.15973E+03    0.95000E-01 -0.45237E-01 -0.49763E-01  0.00000E+00  0.00000E+00  0.00000E+00    0.15973E+03  0.00000E+00  0.00000E+00 -0.18050E+00  0.39411E+00  0.38105E+00
  0.95998E-01  0.16017E+03    0.96000E-01 -0.45712E-01 -0.50288E-01  0.00000E+00  0.00000E+00  0.00000E+00    0.16016E+03  0.00000E+00  0.00000E+00 -0.17840E+00  0.39762E+00  0.38202E+00
  0.96998E-01  0.16060E+03    0.97000E-01 -0.46187E-01 -0.50813E-01  0.00000E+00  0.00000E+00  0.00000E+00    0.16060E+03  0.00000E+00  0.00000E+00 -0.17628E+00  0.40114E+00  0.38301E+00
  0.97998E-01  0.16103E+03    0.98000E-01 -0.46662E-01 -0.51338E-01  0.00000E+00  0.00000E+00  0.00000E+00    0.16103E+03  0.00000E+00  0.00000E+00 -0.17414E+00  0.40469E+00  0.38402E+00
  0.98998E-01  0.16147E+03    0.99000E-01 -0.47137E-01 -0.51863E-01  0.00000E+00  0.00000E+00  0.00000E+00    0.16146E+03  0.00000E+00  0.00000E+00 -0.17198E+00  0.40826E+00  0.38504E+00
  0.99998E-01  0.16189E+03    0.10000E+00 -0.47611E-01 -0.52389E-01  0.00000E+00  0.00000E+00  0.00000E+00    0.16189E+03  0.00000E+00  0.00000E+00 -0.16981E+00  0.41185E+00  0.38608E+00
