          Evm          Svm            E11          E22          E33          E23          E13          E12         SCAU11       SCAU22       SCAU33       SCAU23       SCAU13       SCAU12      TEMP
  0.00000E+00  0.10359E+03    0.00000E+00  0.00000E+00  0.00000E+00  0.00000E+00  0.00000E+00  0.00000E+00    0.10359E+03  0.00000E+00  0.00000E+00 -0.24027E+00  0.14896E+00  0.28624E+00
  0.99998E-03  0.10430E+03    0.10000E-02 -0.47967E-03 -0.52033E-03  0.00000E+00  0.00000E+00  0.00000E+00    0.10430E+03  0.00000E+00  0.00000E+00 -0.24584E+00  0.15259E+00  0.29013E+00
  0.20000E-02  0.10497E+03    0.20000E-02 -0.95784E-03 -0.10422E-02  0.00000E+00  0.00000E+00  0.00000E+00    0.10497E+03  0.00000E+00  0.00000E+00 -0.24631E+00  0.15388E+00  0.29275E+00
  0.29999E-02  0.10571E+03    0.30000E-02 -0.14356E-02 -0.15644E-02  0.00000E+00  0.00000E+00  0.00000E+00    0.10571E+03  0.00000E+00  0.00000E+00 -0.24772E+00  0.15530E+00  0.29457E+00
  0.39999E-02  0.10645E+03    0.40000E-02 -0.19132E-02 -0.20868E-02  0.00000E+00  0.00000E+00  0.00000E+00    0.10644E+03  0.00000E+00  0.00000E+00 -0.24894E+00  0.15674E+00  0.29610E+00
  0.49999E-02  0.10718E+03    0.50000E-02 -0.23905E-02 -0.26095E-02  0.00000E+00  0.00000E+00  0.00000E+00    0.10717E+03  0.00000E+00  0.00000E+00 -0.25012E+00  0.15822E+00  0.29751E+00
  0.59999E-02  0.10790E+03    0.60000E-02 -0.28678E-02 -0.31322E-02  0.00000E+00  0.00000E+00  0.00000E+00    0.10790E+03  0.00000E+00  0.00000E+00 -0.25124E+00  0.15974E+00  0.29883E+00
  0.69998E-02  0.10861E+03    0.70000E-02 -0.33451E-02 -0.36549E-02  0.00000E+00  0.00000E+00  0.00000E+00    0.10861E+03  0.00000E+00  0.00000E+00 -0.24986E+00  0.16229E+00  0.30016E+00
  0.79998E-02  0.10934E+03    0.80000E-02 -0.38222E-02 -0.41778E-02  0.00000E+00  0.00000E+00  0.00000E+00    0.10934E+03  0.00000E+00  0.00000E+00 -0.25088E+00  0.16404E+00  0.30141E+00
  0.89998E-02  0.11005E+03    0.90000E-02 -0.42993E-02 -0.47007E-02  0.00000E+00  0.00000E+00  0.00000E+00    0.11005E+03  0.00000E+00  0.00000E+00 -0.25183E+00  0.16566E+00  0.30262E+00
  0.99998E-02  0.11076E+03    0.10000E-01 -0.47764E-02 -0.52236E-02  0.00000E+00  0.00000E+00  0.00000E+00    0.11076E+03  0.00000E+00  0.00000E+00 -0.25272E+00  0.16729E+00  0.30380E+00
  0.11000E-01  0.11147E+03    0.11000E-01 -0.52535E-02 -0.57465E-02  0.00000E+00  0.00000E+00  0.00000E+00    0.11146E+03  0.00000E+00  0.00000E+00 -0.25356E+00  0.16896E+00  0.30496E+00
  0.12000E-01  0.11217E+03    0.12000E-01 -0.57305E-02 -0.62695E-02  0.00000E+00  0.00000E+00  0.00000E+00    0.11216E+03  0.00000E+00  0.00000E+00 -0.25434E+00  0.17065E+00  0.30610E+00
  0.13000E-01  0.11286E+03    0.13000E-01 -0.62075E-02 -0.67925E-02  0.00000E+00  0.00000E+00  0.00000E+00    0.11286E+03  0.00000E+00  0.00000E+00 -0.25508E+00  0.17237E+00  0.30722E+00
  0.14000E-01  0.11355E+03    0.14000E-01 -0.66845E-02 -0.73155E-02  0.00000E+00  0.00000E+00  0.00000E+00    0.11355E+03  0.00000E+00  0.00000E+00 -0.25577E+00  0.17411E+00  0.30832E+00
  0.15000E-01  0.11424E+03    0.15000E-01 -0.71614E-02 -0.78386E-02  0.00000E+00  0.00000E+00  0.00000E+00    0.11424E+03  0.00000E+00  0.00000E+00 -0.25640E+00  0.17588E+00  0.30941E+00
  0.16000E-01  0.11492E+03    0.16000E-01 -0.76384E-02 -0.83616E-02  0.00000E+00  0.00000E+00  0.00000E+00    0.11492E+03  0.00000E+00  0.00000E+00 -0.25698E+00  0.17768E+00  0.31048E+00
  0.17000E-01  0.11560E+03    0.17000E-01 -0.81153E-02 -0.88847E-02  0.00000E+00  0.00000E+00  0.00000E+00    0.11560E+03  0.00000E+00  0.00000E+00 -0.25752E+00  0.17950E+00  0.31154E+00
  0.18000E-01  0.11628E+03    0.18000E-01 -0.85922E-02 -0.94078E-02  0.00000E+00  0.00000E+00  0.00000E+00    0.11628E+03  0.00000E+00  0.00000E+00 -0.25800E+00  0.18135E+00  0.31258E+00
  0.19000E-01  0.11695E+03    0.19000E-01 -0.90690E-02 -0.99310E-02  0.00000E+00  0.00000E+00  0.00000E+00    0.11695E+03  0.00000E+00  0.00000E+00 -0.25844E+00  0.18323E+00  0.31362E+00
  0.20000E-01  0.11762E+03    0.20000E-01 -0.95459E-02 -0.10454E-01  0.00000E+00  0.00000E+00  0.00000E+00    0.11761E+03  0.00000E+00  0.00000E+00 -0.25882E+00  0.18513E+00  0.31464E+00
  0.21000E-01  0.11828E+03    0.21000E-01 -0.10023E-01 -0.10977E-01  0.00000E+00  0.00000E+00  0.00000E+00    0.11828E+03  0.00000E+00  0.00000E+00 -0.25916E+00  0.18706E+00  0.31564E+00
  0.22000E-01  0.11894E+03    0.22000E-01 -0.10500E-01 -0.11500E-01  0.00000E+00  0.00000E+00  0.00000E+00    0.11894E+03  0.00000E+00  0.00000E+00 -0.25946E+00  0.18902E+00  0.31663E+00
  0.22999E-01  0.11959E+03    0.23000E-01 -0.10976E-01 -0.12024E-01  0.00000E+00  0.00000E+00  0.00000E+00    0.11959E+03  0.00000E+00  0.00000E+00 -0.25970E+00  0.19100E+00  0.31761E+00
  0.23999E-01  0.12024E+03    0.24000E-01 -0.11453E-01 -0.12547E-01  0.00000E+00  0.00000E+00  0.00000E+00    0.12024E+03  0.00000E+00  0.00000E+00 -0.25991E+00  0.19300E+00  0.31858E+00
  0.24999E-01  0.12089E+03    0.25000E-01 -0.11930E-01 -0.13070E-01  0.00000E+00  0.00000E+00  0.00000E+00    0.12089E+03  0.00000E+00  0.00000E+00 -0.26006E+00  0.19503E+00  0.31954E+00
  0.25999E-01  0.12154E+03    0.26000E-01 -0.12406E-01 -0.13594E-01  0.00000E+00  0.00000E+00  0.00000E+00    0.12153E+03  0.00000E+00  0.00000E+00 -0.26017E+00  0.19709E+00  0.32048E+00
  0.26999E-01  0.12218E+03    0.27000E-01 -0.12883E-01 -0.14117E-01  0.00000E+00  0.00000E+00  0.00000E+00    0.12217E+03  0.00000E+00  0.00000E+00 -0.26023E+00  0.19918E+00  0.32142E+00
  0.27999E-01  0.12281E+03    0.28000E-01 -0.13360E-01 -0.14640E-01  0.00000E+00  0.00000E+00  0.00000E+00    0.12281E+03  0.00000E+00  0.00000E+00 -0.26025E+00  0.20128E+00  0.32235E+00
  0.28999E-01  0.12344E+03    0.29000E-01 -0.13836E-01 -0.15164E-01  0.00000E+00  0.00000E+00  0.00000E+00    0.12344E+03  0.00000E+00  0.00000E+00 -0.26023E+00  0.20341E+00  0.32327E+00
  0.29999E-01  0.12407E+03    0.30000E-01 -0.14313E-01 -0.15687E-01  0.00000E+00  0.00000E+00  0.00000E+00    0.12407E+03  0.00000E+00  0.00000E+00 -0.26016E+00  0.20557E+00  0.32417E+00
  0.30999E-01  0.12470E+03    0.31000E-01 -0.14790E-01 -0.16210E-01  0.00000E+00  0.00000E+00  0.00000E+00    0.12469E+03  0.00000E+00  0.00000E+00 -0.26005E+00  0.20775E+00  0.32507E+00
  0.31999E-01  0.12532E+03    0.32000E-01 -0.15266E-01 -0.16734E-01  0.00000E+00  0.00000E+00  0.00000E+00    0.12531E+03  0.00000E+00  0.00000E+00 -0.25990E+00  0.20995E+00  0.32596E+00
  0.32999E-01  0.12593E+03    0.33000E-01 -0.15743E-01 -0.17257E-01  0.00000E+00  0.00000E+00  0.00000E+00    0.12593E+03  0.00000E+00  0.00000E+00 -0.25969E+00  0.21217E+00  0.32684E+00
  0.33999E-01  0.12655E+03    0.34000E-01 -0.16219E-01 -0.17781E-01  0.00000E+00  0.00000E+00  0.00000E+00    0.12654E+03  0.00000E+00  0.00000E+00 -0.25946E+00  0.21442E+00  0.32771E+00
  0.34999E-01  0.12716E+03    0.35000E-01 -0.16696E-01 -0.18304E-01  0.00000E+00  0.00000E+00  0.00000E+00    0.12716E+03  0.00000E+00  0.00000E+00 -0.25918E+00  0.21670E+00  0.32858E+00
  0.35999E-01  0.12776E+03    0.36000E-01 -0.17172E-01 -0.18828E-01  0.00000E+00  0.00000E+00  0.00000E+00    0.12776E+03  0.00000E+00  0.00000E+00 -0.25886E+00  0.21899E+00  0.32944E+00
  0.36999E-01  0.12837E+03    0.37000E-01 -0.17649E-01 -0.19351E-01  0.00000E+00  0.00000E+00  0.00000E+00    0.12836E+03  0.00000E+00  0.00000E+00 -0.25850E+00  0.22131E+00  0.33028E+00
  0.37999E-01  0.12897E+03    0.38000E-01 -0.18125E-01 -0.19875E-01  0.00000E+00  0.00000E+00  0.00000E+00    0.12896E+03  0.00000E+00  0.00000E+00 -0.25810E+00  0.22365E+00  0.33113E+00
  0.38999E-01  0.12956E+03    0.39000E-01 -0.18601E-01 -0.20399E-01  0.00000E+00  0.00000E+00  0.00000E+00    0.12956E+03  0.00000E+00  0.00000E+00 -0.25766E+00  0.22601E+00  0.33196E+00
  0.39999E-01  0.13016E+03    0.40000E-01 -0.19078E-01 -0.20922E-01  0.00000E+00  0.00000E+00  0.00000E+00    0.13015E+03  0.00000E+00  0.00000E+00 -0.25719E+00  0.22839E+00  0.33279E+00
  0.40999E-01  0.13074E+03    0.41000E-01 -0.19554E-01 -0.21446E-01  0.00000E+00  0.00000E+00  0.00000E+00    0.13074E+03  0.00000E+00  0.00000E+00 -0.25667E+00  0.23080E+00  0.33361E+00
  0.41999E-01  0.13133E+03    0.42000E-01 -0.20030E-01 -0.21970E-01  0.00000E+00  0.00000E+00  0.00000E+00    0.13133E+03  0.00000E+00  0.00000E+00 -0.25612E+00  0.23323E+00  0.33443E+00
  0.42999E-01  0.13191E+03    0.43000E-01 -0.20507E-01 -0.22493E-01  0.00000E+00  0.00000E+00  0.00000E+00    0.13191E+03  0.00000E+00  0.00000E+00 -0.25553E+00  0.23568E+00  0.33524E+00
  0.43999E-01  0.13249E+03    0.44000E-01 -0.20983E-01 -0.23017E-01  0.00000E+00  0.00000E+00  0.00000E+00    0.13249E+03  0.00000E+00  0.00000E+00 -0.25490E+00  0.23815E+00  0.33604E+00
  0.44999E-01  0.13307E+03    0.45000E-01 -0.21459E-01 -0.23541E-01  0.00000E+00  0.00000E+00  0.00000E+00    0.13306E+03  0.00000E+00  0.00000E+00 -0.25423E+00  0.24064E+00  0.33684E+00
  0.45999E-01  0.13360E+03    0.46000E-01 -0.21935E-01 -0.24065E-01  0.00000E+00  0.00000E+00  0.00000E+00    0.13360E+03  0.00000E+00  0.00000E+00 -0.25735E+00  0.24113E+00  0.33766E+00
  0.46999E-01  0.13420E+03    0.47000E-01 -0.22412E-01 -0.24588E-01  0.00000E+00  0.00000E+00  0.00000E+00    0.13420E+03  0.00000E+00  0.00000E+00 -0.25306E+00  0.24549E+00  0.33838E+00
  0.47999E-01  0.13473E+03    0.48000E-01 -0.22888E-01 -0.25112E-01  0.00000E+00  0.00000E+00  0.00000E+00    0.13473E+03  0.00000E+00  0.00000E+00 -0.25587E+00  0.24615E+00  0.33924E+00
  0.48999E-01  0.13530E+03    0.49000E-01 -0.23364E-01 -0.25636E-01  0.00000E+00  0.00000E+00  0.00000E+00    0.13530E+03  0.00000E+00  0.00000E+00 -0.25516E+00  0.24859E+00  0.34003E+00
  0.49999E-01  0.13586E+03    0.50000E-01 -0.23840E-01 -0.26160E-01  0.00000E+00  0.00000E+00  0.00000E+00    0.13585E+03  0.00000E+00  0.00000E+00 -0.25432E+00  0.25115E+00  0.34081E+00
  0.50999E-01  0.13641E+03    0.51000E-01 -0.24316E-01 -0.26684E-01  0.00000E+00  0.00000E+00  0.00000E+00    0.13641E+03  0.00000E+00  0.00000E+00 -0.25345E+00  0.25373E+00  0.34159E+00
  0.51999E-01  0.13697E+03    0.52000E-01 -0.24792E-01 -0.27208E-01  0.00000E+00  0.00000E+00  0.00000E+00    0.13696E+03  0.00000E+00  0.00000E+00 -0.25254E+00  0.25634E+00  0.34237E+00
  0.52999E-01  0.13752E+03    0.53000E-01 -0.25268E-01 -0.27732E-01  0.00000E+00  0.00000E+00  0.00000E+00    0.13751E+03  0.00000E+00  0.00000E+00 -0.25161E+00  0.25896E+00  0.34314E+00
  0.53999E-01  0.13806E+03    0.54000E-01 -0.25744E-01 -0.28256E-01  0.00000E+00  0.00000E+00  0.00000E+00    0.13806E+03  0.00000E+00  0.00000E+00 -0.25063E+00  0.26160E+00  0.34391E+00
  0.54999E-01  0.13861E+03    0.55000E-01 -0.26220E-01 -0.28780E-01  0.00000E+00  0.00000E+00  0.00000E+00    0.13861E+03  0.00000E+00  0.00000E+00 -0.24963E+00  0.26426E+00  0.34469E+00
  0.55999E-01  0.13917E+03    0.56000E-01 -0.26696E-01 -0.29304E-01  0.00000E+00  0.00000E+00  0.00000E+00    0.13917E+03  0.00000E+00  0.00000E+00 -0.24498E+00  0.26898E+00  0.34528E+00
  0.56999E-01  0.13969E+03    0.57000E-01 -0.27172E-01 -0.29828E-01  0.00000E+00  0.00000E+00  0.00000E+00    0.13968E+03  0.00000E+00  0.00000E+00 -0.24747E+00  0.26973E+00  0.34622E+00
  0.57999E-01  0.14024E+03    0.58000E-01 -0.27648E-01 -0.30352E-01  0.00000E+00  0.00000E+00  0.00000E+00    0.14024E+03  0.00000E+00  0.00000E+00 -0.24282E+00  0.27443E+00  0.34679E+00
  0.58999E-01  0.14075E+03    0.59000E-01 -0.28124E-01 -0.30876E-01  0.00000E+00  0.00000E+00  0.00000E+00    0.14075E+03  0.00000E+00  0.00000E+00 -0.24523E+00  0.27519E+00  0.34774E+00
  0.59999E-01  0.14127E+03    0.60000E-01 -0.28600E-01 -0.31400E-01  0.00000E+00  0.00000E+00  0.00000E+00    0.14127E+03  0.00000E+00  0.00000E+00 -0.24457E+00  0.27764E+00  0.34847E+00
  0.60999E-01  0.14181E+03    0.61000E-01 -0.29075E-01 -0.31925E-01  0.00000E+00  0.00000E+00  0.00000E+00    0.14181E+03  0.00000E+00  0.00000E+00 -0.24296E+00  0.28060E+00  0.34925E+00
  0.61999E-01  0.14232E+03    0.62000E-01 -0.29551E-01 -0.32449E-01  0.00000E+00  0.00000E+00  0.00000E+00    0.14232E+03  0.00000E+00  0.00000E+00 -0.24215E+00  0.28320E+00  0.34999E+00
  0.62999E-01  0.14285E+03    0.63000E-01 -0.30027E-01 -0.32973E-01  0.00000E+00  0.00000E+00  0.00000E+00    0.14285E+03  0.00000E+00  0.00000E+00 -0.24048E+00  0.28620E+00  0.35076E+00
  0.63999E-01  0.14336E+03    0.64000E-01 -0.30503E-01 -0.33497E-01  0.00000E+00  0.00000E+00  0.00000E+00    0.14336E+03  0.00000E+00  0.00000E+00 -0.23962E+00  0.28883E+00  0.35151E+00
  0.64999E-01  0.14389E+03    0.65000E-01 -0.30979E-01 -0.34021E-01  0.00000E+00  0.00000E+00  0.00000E+00    0.14388E+03  0.00000E+00  0.00000E+00 -0.23788E+00  0.29187E+00  0.35228E+00
  0.65999E-01  0.14438E+03    0.66000E-01 -0.31454E-01 -0.34546E-01  0.00000E+00  0.00000E+00  0.00000E+00    0.14438E+03  0.00000E+00  0.00000E+00 -0.23696E+00  0.29453E+00  0.35303E+00
  0.66999E-01  0.14491E+03    0.67000E-01 -0.31930E-01 -0.35070E-01  0.00000E+00  0.00000E+00  0.00000E+00    0.14491E+03  0.00000E+00  0.00000E+00 -0.23517E+00  0.29761E+00  0.35380E+00
  0.67999E-01  0.14540E+03    0.68000E-01 -0.32405E-01 -0.35595E-01  0.00000E+00  0.00000E+00  0.00000E+00    0.14540E+03  0.00000E+00  0.00000E+00 -0.23419E+00  0.30030E+00  0.35455E+00
  0.68999E-01  0.14592E+03    0.69000E-01 -0.32881E-01 -0.36119E-01  0.00000E+00  0.00000E+00  0.00000E+00    0.14592E+03  0.00000E+00  0.00000E+00 -0.23234E+00  0.30342E+00  0.35532E+00
  0.69999E-01  0.14641E+03    0.70000E-01 -0.33357E-01 -0.36643E-01  0.00000E+00  0.00000E+00  0.00000E+00    0.14640E+03  0.00000E+00  0.00000E+00 -0.23130E+00  0.30615E+00  0.35608E+00
  0.70999E-01  0.14690E+03    0.71000E-01 -0.33832E-01 -0.37168E-01  0.00000E+00  0.00000E+00  0.00000E+00    0.14690E+03  0.00000E+00  0.00000E+00 -0.22989E+00  0.30907E+00  0.35685E+00
  0.71999E-01  0.14740E+03    0.72000E-01 -0.34308E-01 -0.37692E-01  0.00000E+00  0.00000E+00  0.00000E+00    0.14739E+03  0.00000E+00  0.00000E+00 -0.22840E+00  0.31203E+00  0.35761E+00
  0.72998E-01  0.14789E+03    0.73000E-01 -0.34783E-01 -0.38217E-01  0.00000E+00  0.00000E+00  0.00000E+00    0.14789E+03  0.00000E+00  0.00000E+00 -0.22686E+00  0.31502E+00  0.35838E+00
  0.73998E-01  0.14838E+03    0.74000E-01 -0.35259E-01 -0.38741E-01  0.00000E+00  0.00000E+00  0.00000E+00    0.14838E+03  0.00000E+00  0.00000E+00 -0.22530E+00  0.31802E+00  0.35916E+00
  0.74998E-01  0.14887E+03    0.75000E-01 -0.35734E-01 -0.39266E-01  0.00000E+00  0.00000E+00  0.00000E+00    0.14887E+03  0.00000E+00  0.00000E+00 -0.22371E+00  0.32105E+00  0.35994E+00
  0.75998E-01  0.14935E+03    0.76000E-01 -0.36210E-01 -0.39790E-01  0.00000E+00  0.00000E+00  0.00000E+00    0.14935E+03  0.00000E+00  0.00000E+00 -0.22209E+00  0.32409E+00  0.36073E+00
  0.76998E-01  0.14984E+03    0.77000E-01 -0.36685E-01 -0.40315E-01  0.00000E+00  0.00000E+00  0.00000E+00    0.14983E+03  0.00000E+00  0.00000E+00 -0.22045E+00  0.32715E+00  0.36151E+00
  0.77998E-01  0.15032E+03    0.78000E-01 -0.37160E-01 -0.40840E-01  0.00000E+00  0.00000E+00  0.00000E+00    0.15031E+03  0.00000E+00  0.00000E+00 -0.21878E+00  0.33023E+00  0.36230E+00
  0.78998E-01  0.15079E+03    0.79000E-01 -0.37636E-01 -0.41364E-01  0.00000E+00  0.00000E+00  0.00000E+00    0.15079E+03  0.00000E+00  0.00000E+00 -0.21709E+00  0.33332E+00  0.36311E+00
  0.79998E-01  0.15127E+03    0.80000E-01 -0.38111E-01 -0.41889E-01  0.00000E+00  0.00000E+00  0.00000E+00    0.15127E+03  0.00000E+00  0.00000E+00 -0.21537E+00  0.33644E+00  0.36392E+00
  0.80998E-01  0.15174E+03    0.81000E-01 -0.38586E-01 -0.42414E-01  0.00000E+00  0.00000E+00  0.00000E+00    0.15174E+03  0.00000E+00  0.00000E+00 -0.21362E+00  0.33958E+00  0.36473E+00
  0.81998E-01  0.15221E+03    0.82000E-01 -0.39062E-01 -0.42938E-01  0.00000E+00  0.00000E+00  0.00000E+00    0.15221E+03  0.00000E+00  0.00000E+00 -0.21185E+00  0.34273E+00  0.36555E+00
  0.82998E-01  0.15268E+03    0.83000E-01 -0.39537E-01 -0.43463E-01  0.00000E+00  0.00000E+00  0.00000E+00    0.15268E+03  0.00000E+00  0.00000E+00 -0.21006E+00  0.34591E+00  0.36638E+00
  0.83998E-01  0.15315E+03    0.84000E-01 -0.40012E-01 -0.43988E-01  0.00000E+00  0.00000E+00  0.00000E+00    0.15314E+03  0.00000E+00  0.00000E+00 -0.20825E+00  0.34910E+00  0.36722E+00
  0.84998E-01  0.15361E+03    0.85000E-01 -0.40487E-01 -0.44513E-01  0.00000E+00  0.00000E+00  0.00000E+00    0.15361E+03  0.00000E+00  0.00000E+00 -0.19787E+00  0.35636E+00  0.36810E+00
  0.85998E-01  0.15404E+03    0.86000E-01 -0.40962E-01 -0.45038E-01  0.00000E+00  0.00000E+00  0.00000E+00    0.15404E+03  0.00000E+00  0.00000E+00 -0.19824E+00  0.35909E+00  0.36909E+00
  0.86998E-01  0.15449E+03    0.87000E-01 -0.41437E-01 -0.45563E-01  0.00000E+00  0.00000E+00  0.00000E+00    0.15449E+03  0.00000E+00  0.00000E+00 -0.19602E+00  0.36246E+00  0.36998E+00
  0.87998E-01  0.15494E+03    0.88000E-01 -0.41913E-01 -0.46087E-01  0.00000E+00  0.00000E+00  0.00000E+00    0.15494E+03  0.00000E+00  0.00000E+00 -0.19410E+00  0.36577E+00  0.37087E+00
  0.88998E-01  0.15540E+03    0.89000E-01 -0.42388E-01 -0.46612E-01  0.00000E+00  0.00000E+00  0.00000E+00    0.15539E+03  0.00000E+00  0.00000E+00 -0.19218E+00  0.36909E+00  0.37176E+00
  0.89998E-01  0.15585E+03    0.90000E-01 -0.42863E-01 -0.47137E-01  0.00000E+00  0.00000E+00  0.00000E+00    0.15585E+03  0.00000E+00  0.00000E+00 -0.19022E+00  0.37244E+00  0.37266E+00
  0.90998E-01  0.15636E+03    0.91000E-01 -0.43338E-01 -0.47662E-01  0.00000E+00  0.00000E+00  0.00000E+00    0.15635E+03  0.00000E+00  0.00000E+00 -0.18629E+00  0.37663E+00  0.37346E+00
  0.91998E-01  0.15681E+03    0.92000E-01 -0.43813E-01 -0.48187E-01  0.00000E+00  0.00000E+00  0.00000E+00    0.15681E+03  0.00000E+00  0.00000E+00 -0.18479E+00  0.37990E+00  0.37435E+00
  0.92998E-01  0.15726E+03    0.93000E-01 -0.44288E-01 -0.48712E-01  0.00000E+00  0.00000E+00  0.00000E+00    0.15725E+03  0.00000E+00  0.00000E+00 -0.18277E+00  0.38331E+00  0.37528E+00
  0.93998E-01  0.15770E+03    0.94000E-01 -0.44762E-01 -0.49238E-01  0.00000E+00  0.00000E+00  0.00000E+00    0.15770E+03  0.00000E+00  0.00000E+00 -0.18073E+00  0.38675E+00  0.37623E+00
  0.94998E-01  0.15814E+03    0.95000E-01 -0.45237E-01 -0.49763E-01  0.00000E+00  0.00000E+00  0.00000E+00    0.15814E+03  0.00000E+00  0.00000E+00 -0.17867E+00  0.39021E+00  0.37719E+00
  0.95998E-01  0.15858E+03    0.96000E-01 -0.45712E-01 -0.50288E-01  0.00000E+00  0.00000E+00  0.00000E+00    0.15857E+03  0.00000E+00  0.00000E+00 -0.17659E+00  0.39369E+00  0.37817E+00
  0.96998E-01  0.15901E+03    0.97000E-01 -0.46187E-01 -0.50813E-01  0.00000E+00  0.00000E+00  0.00000E+00    0.15901E+03  0.00000E+00  0.00000E+00 -0.17450E+00  0.39719E+00  0.37916E+00
  0.97998E-01  0.15944E+03    0.98000E-01 -0.46662E-01 -0.51338E-01  0.00000E+00  0.00000E+00  0.00000E+00    0.15944E+03  0.00000E+00  0.00000E+00 -0.17238E+00  0.40071E+00  0.38016E+00
  0.98998E-01  0.15988E+03    0.99000E-01 -0.47137E-01 -0.51863E-01  0.00000E+00  0.00000E+00  0.00000E+00    0.15987E+03  0.00000E+00  0.00000E+00 -0.17025E+00  0.40426E+00  0.38119E+00
  0.99998E-01  0.16030E+03    0.10000E+00 -0.47612E-01 -0.52388E-01  0.00000E+00  0.00000E+00  0.00000E+00    0.16030E+03  0.00000E+00  0.00000E+00 -0.16809E+00  0.40783E+00  0.38222E+00
